210,6/23/2025 6:15:04 PM,Microsoft-Windows-Winlogon,4,6000,The winlogon notification subscriber <SessionEnv> was unavailable to handle a notification event.
211,6/23/2025 6:15:05 PM,ESENT,4,102,"SearchIndexer (5588,P,98) Windows: The database engine (10.00.18362.0000) is starting a new instance (0)."
212,6/23/2025 6:15:05 PM,ESENT,4,300,"SearchIndexer (5588,R,98) Windows: The database engine is initiating recovery steps."
213,6/23/2025 6:15:05 PM,ESENT,4,330,"SearchIndexer (5588,R,98) Windows: The database [C:\ProgramData\Microsoft\Search\Data\Applications\Windows\Windows.edb] format version is being held back to 8920 (0x22d8) due to application parameter setting of 0x410022D8 (8920 | JET_efvAllowHigherPersistedFormat). Current default engine version: 9100 (0x238c)."
214,6/23/2025 6:15:05 PM,ESENT,4,301,"SearchIndexer (5588,R,98) Windows: The database engine has finished replaying logfile C:\ProgramData\Microsoft\Search\Data\Applications\Windows\edb.jtx.    Processing Stats:  [1] 0.008582 -0.003444 (36) CM -0.000317 (5) WT +J(CM:36, PgRf:252, Rd:0/36, Dy:36/482, Lg:668683/1365) +M(C:0K, Fs:749, WS:1912K # 1828K, PF:1896K # 1800K, P:1896K).  Log record of type 'Commit   ' was seen most frequently (313 times)"
215,6/23/2025 6:15:05 PM,ESENT,4,302,"SearchIndexer (5588,U,98) Windows: The database engine has successfully completed recovery steps."
216,6/23/2025 6:15:05 PM,ESENT,4,105,"SearchIndexer (5588,D,0) Windows: The database engine started a new instance (0). (Time=0 seconds)    Additional Data:  lgposV2[] = 00000011:0067:0000 - 00000011:00A6:037E - 00000011:00A7:0000 - 00000011:00A7:0000 (00000000:0000:0000) cReInits = 3     Internal Timing Sequence:  [1] 0.000612 +J(0) +M(C:0K, Fs:279, WS:1080K # 1080K, PF:5552K # 5552K, P:5552K) [2] 0.000190 +J(0) +M(C:0K, Fs:204, WS:816K # 816K, PF:444K # 444K, P:444K) [3] 0.000110 +J(0) +M(C:0K, Fs:11, WS:36K # 36K, PF:72K # 72K, P:72K) [4] 0.000060 +J(0) +M(C:0K, Fs:29, WS:116K # 116K, PF:368K # 368K, P:368K) [5] 0.000383 +J(0) +M(C:0K, Fs:6, WS:24K # 24K, PF:24K # 32K, P:24K) [6] 0.004346 +J(0) +M(C:0K, Fs:16, WS:64K # 64K, PF:12K # 4K, P:12K) [7] 0.005081 -0.001158 (2) WT +J(0) +M(C:0K, Fs:279, WS:1112K # 1112K, PF:1028K # 1028K, P:1028K) [8] 0.020059 -0.003444 (36) CM -0.000426 (7) WT +J(CM:36, PgRf:252, Rd:0/36, Dy:36/482, Lg:668683/1365) +M(C:0K, Fs:1063, WS:3060K # 3060K, PF:2796K # 2796K, P:2796K) [9] 0.000271 +J(0) +M(C:0K, Fs:4, WS:16K # 16K, PF:0K # 0K, P:0K) [10] 0.000307 +J(0) +M(C:0K, Fs:0, WS:-1020K # 0K, PF:-1020K # 0K, P:-1020K) [11] 0.000027 +J(CM:0, PgRf:2, Rd:0/0, Dy:0/4, Lg:291/6) +M(C:0K, Fs:6, WS:24K # 0K, PF:0K # 0K, P:0K) [12] 0.036378 -0.000002 (36) CM -0.035919 (4) WT +J(CM:36, PgRf:0, Rd:0/36, Dy:0/0, Lg:0/0) +M(C:0K, Fs:168, WS:20K # 0K, PF:0K # 0K, P:0K) [13] 0.028744 -0.000093 (2) CM -0.015871 (20) WT +J(CM:2, PgRf:2, Rd:0/2, Dy:0/0, Lg:8517/5) +M(C:0K, Fs:305, WS:-1972K # 0K, PF:-1260K # 0K, P:-1260K) [14] 0.000014 +J(0) [15] 0.000019 +J(0) [16] 0.000103 +J(0) +M(C:0K, Fs:2, WS:0K # 0K, PF:0K # 0K, P:0K)."
217,6/23/2025 6:15:05 PM,ESENT,4,330,"SearchIndexer (5588,D,50) Windows: The database [C:\ProgramData\Microsoft\Search\Data\Applications\Windows\Windows.edb] format version is being held back to 8920 (0x22d8) due to application parameter setting of 0x410022D8 (8920 | JET_efvAllowHigherPersistedFormat). Current default engine version: 9100 (0x238c)."
218,6/23/2025 6:15:05 PM,ESENT,4,641,"SearchIndexer (5588,D,50) Windows: The log format feature version 8940 (0x22ec - 8.6.20) could not be used due to the current log format 8.5.16, controlled by the parameter 0x410022D8 (8920 | JET_efvAllowHigherPersistedFormat)."
219,6/23/2025 6:15:05 PM,ESENT,4,326,"SearchIndexer (5588,D,50) Windows: The database engine attached a database (1, C:\ProgramData\Microsoft\Search\Data\Applications\Windows\Windows.edb). (Time=0 seconds)    Saved Cache: 0 0  Additional Data: lgposAttach = 00000011:00A9:0268, dbv = 1568.20.0    Internal Timing Sequence:  [1] 0.000001 +J(0) [2] 0.000213 +J(0) +M(C:0K, Fs:24, WS:32K # 0K, PF:32K # 0K, P:32K) [3] 0.001301 -0.000275 (5) WT +J(CM:0, PgRf:0, Rd:0/0, Dy:0/0, Lg:3480/2) +M(C:0K, Fs:17, WS:36K # 0K, PF:36K # 0K, P:36K) [4] 0.000066 +J(0) [5] - [6] - [7] - [8] 0.000839 -0.000283 (2) CM +J(CM:2, PgRf:2, Rd:14/2, Dy:0/0, Lg:0/0) +M(C:0K, Fs:27, WS:108K # 0K, PF:540K # 0K, P:540K) [9] 0.020860 -0.000167 (5) CM -0.020557 (1) WT +J(CM:5, PgRf:23, Rd:0/5, Dy:0/0, Lg:0/0) +M(C:0K, Fs:63, WS:252K # 0K, PF:224K # 0K, P:224K) [10] 0.000096 -0.000039 (1) CM +J(CM:1, PgRf:40, Rd:0/1, Dy:0/0, Lg:0/0) +M(C:0K, Fs:8, WS:32K # 0K, PF:32K # 0K, P:32K) [11] 0.000009 +J(CM:0, PgRf:1, Rd:0/0, Dy:0/0, Lg:0/0) +M(C:0K, Fs:1, WS:4K # 0K, PF:0K # 0K, P:0K) [12] 0.000034 +J(CM:0, PgRf:42, Rd:0/0, Dy:0/0, Lg:0/0) +M(C:0K, Fs:3, WS:12K # 0K, PF:0K # 0K, P:0K) [13] 0.0 +J(0) [14] 0.0 +J(0) [15] 0.000004 +J(CM:0, PgRf:1, Rd:0/0, Dy:0/0, Lg:0/0)."
220,6/23/2025 6:15:05 PM,Microsoft-Windows-Search,4,1003,The Windows Search Service started. 
222,6/23/2025 6:23:16 PM,Microsoft-Windows-User Profiles Service,4,1531,The User Profile Service has started successfully.   
223,6/23/2025 6:23:16 PM,Microsoft-Windows-WMI,4,5615,Windows Management Instrumentation Service started sucessfully
221,6/23/2025 6:23:16 PM,Microsoft-Windows-EventSystem,4,4625,The EventSystem sub system is suppressing duplicate event log entries for a duration of 86400 seconds.  The suppression timeout can be controlled by a REG_DWORD value named SuppressDuplicateDuration under the following registry key: HKLM\Software\Microsoft\EventSystem\EventLog.
224,6/23/2025 6:23:16 PM,Microsoft-Windows-WMI,4,5617,Windows Management Instrumentation Service subsystems initialized successfully
225,6/23/2025 6:23:17 PM,Microsoft-Windows-Winlogon,4,6003,The winlogon notification subscriber <SessionEnv> was unavailable to handle a critical notification event.
226,6/23/2025 6:23:17 PM,Microsoft-Windows-Winlogon,4,6000,The winlogon notification subscriber <SessionEnv> was unavailable to handle a notification event.
227,6/23/2025 6:24:19 PM,Microsoft-Windows-Winlogon,4,6000,The winlogon notification subscriber <WSearch> was unavailable to handle a notification event.
228,6/23/2025 6:24:19 PM,Microsoft-Windows-Winlogon,4,6000,The winlogon notification subscriber <SessionEnv> was unavailable to handle a notification event.
229,6/23/2025 6:24:19 PM,Microsoft-Windows-User Profiles Service,4,1532,The User Profile Service has stopped.   
232,6/23/2025 6:25:18 PM,Microsoft-Windows-User Profiles Service,4,1531,The User Profile Service has started successfully.   
233,6/23/2025 6:25:18 PM,Microsoft-Windows-WMI,4,5615,Windows Management Instrumentation Service started sucessfully
230,6/23/2025 6:25:18 PM,Microsoft-Windows-EventSystem,4,4625,The EventSystem sub system is suppressing duplicate event log entries for a duration of 86400 seconds.  The suppression timeout can be controlled by a REG_DWORD value named SuppressDuplicateDuration under the following registry key: HKLM\Software\Microsoft\EventSystem\EventLog.
234,6/23/2025 6:25:19 PM,Microsoft-Windows-WMI,4,5617,Windows Management Instrumentation Service subsystems initialized successfully
231,6/23/2025 6:25:19 PM,Microsoft-Windows-Winlogon,4,6003,The winlogon notification subscriber <SessionEnv> was unavailable to handle a critical notification event.
235,6/23/2025 6:25:19 PM,Microsoft-Windows-Winlogon,4,6000,The winlogon notification subscriber <SessionEnv> was unavailable to handle a notification event.
