RecordId,Time,Provider,Level,EventId,Message
223,6/23/2025 1:43:27 PM,Windows-ApplicationModel-Store-SDK,2,2004,"ChkHr(HRESULT_FROM_WIN32(::RegOpenKeyExW(root, subKey, 0, ((((0x00020000L)) | (0x0001) | (0x0008) | (0x0010)) & (~(0x00100000L))), &hKey))) Error: The system cannot find the file specified. Function: RegistryHelper::GetStringValue Source: onecoreuap\enduser\winstore\licensing\winrt\lib\registryhelper.cpp (87)"
383,6/23/2025 6:15:55 PM,Windows-ApplicationModel-Store-SDK,2,2004,"ChkHr(HRESULT_FROM_WIN32(::RegOpenKeyExW(root, subKey, 0, ((((0x00020000L)) | (0x0001) | (0x0008) | (0x0010)) & (~(0x00100000L))), &hKey))) Error: The system cannot find the file specified. Function: RegistryHelper::GetStringValue Source: onecoreuap\enduser\winstore\licensing\winrt\lib\registryhelper.cpp (87)"
128,6/23/2025 1:10:09 AM,Windows-ApplicationModel-Store-SDK,2,2004,"ChkHr(HRESULT_FROM_WIN32(::RegOpenKeyExW(root, subKey, 0, ((((0x00020000L)) | (0x0001) | (0x0008) | (0x0010)) & (~(0x00100000L))), &hKey))) Error: The system cannot find the file specified. Function: RegistryHelper::GetStringValue Source: onecoreuap\enduser\winstore\licensing\winrt\lib\registryhelper.cpp (87)"
320,6/23/2025 1:59:31 PM,Windows-ApplicationModel-Store-SDK,2,2004,"ChkHr(HRESULT_FROM_WIN32(::RegOpenKeyExW(root, subKey, 0, ((((0x00020000L)) | (0x0001) | (0x0008) | (0x0010)) & (~(0x00100000L))), &hKey))) Error: The system cannot find the file specified. Function: RegistryHelper::GetStringValue Source: onecoreuap\enduser\winstore\licensing\winrt\lib\registryhelper.cpp (87)"
353,6/23/2025 6:12:17 PM,Windows-ApplicationModel-Store-SDK,2,2004,"ChkHr(HRESULT_FROM_WIN32(::RegOpenKeyExW(root, subKey, 0, ((((0x00020000L)) | (0x0001) | (0x0008) | (0x0010)) & (~(0x00100000L))), &hKey))) Error: The system cannot find the file specified. Function: RegistryHelper::GetStringValue Source: onecoreuap\enduser\winstore\licensing\winrt\lib\registryhelper.cpp (87)"
411,6/23/2025 6:24:07 PM,Windows-ApplicationModel-Store-SDK,2,2004,"ChkHr(HRESULT_FROM_WIN32(::RegOpenKeyExW(root, subKey, 0, ((((0x00020000L)) | (0x0001) | (0x0008) | (0x0010)) & (~(0x00100000L))), &hKey))) Error: The system cannot find the file specified. Function: RegistryHelper::GetStringValue Source: onecoreuap\enduser\winstore\licensing\winrt\lib\registryhelper.cpp (87)"
161,6/23/2025 1:12:19 AM,Windows-ApplicationModel-Store-SDK,2,2004,"ChkHr(HRESULT_FROM_WIN32(::RegOpenKeyExW(root, subKey, 0, ((((0x00020000L)) | (0x0001) | (0x0008) | (0x0010)) & (~(0x00100000L))), &hKey))) Error: The system cannot find the file specified. Function: RegistryHelper::GetStringValue Source: onecoreuap\enduser\winstore\licensing\winrt\lib\registryhelper.cpp (87)"
288,6/23/2025 1:49:46 PM,Windows-ApplicationModel-Store-SDK,2,2004,"ChkHr(HRESULT_FROM_WIN32(::RegOpenKeyExW(root, subKey, 0, ((((0x00020000L)) | (0x0001) | (0x0008) | (0x0010)) & (~(0x00100000L))), &hKey))) Error: The system cannot find the file specified. Function: RegistryHelper::GetStringValue Source: onecoreuap\enduser\winstore\licensing\winrt\lib\registryhelper.cpp (87)"
447,6/23/2025 6:26:10 PM,Windows-ApplicationModel-Store-SDK,2,2004,"ChkHr(HRESULT_FROM_WIN32(::RegOpenKeyExW(root, subKey, 0, ((((0x00020000L)) | (0x0001) | (0x0008) | (0x0010)) & (~(0x00100000L))), &hKey))) Error: The system cannot find the file specified. Function: RegistryHelper::GetStringValue Source: onecoreuap\enduser\winstore\licensing\winrt\lib\registryhelper.cpp (87)"
253,6/23/2025 1:46:29 PM,Windows-ApplicationModel-Store-SDK,2,2004,"ChkHr(HRESULT_FROM_WIN32(::RegOpenKeyExW(root, subKey, 0, ((((0x00020000L)) | (0x0001) | (0x0008) | (0x0010)) & (~(0x00100000L))), &hKey))) Error: The system cannot find the file specified. Function: RegistryHelper::GetStringValue Source: onecoreuap\enduser\winstore\licensing\winrt\lib\registryhelper.cpp (87)"
225,6/23/2025 1:43:27 PM,Windows-ApplicationModel-Store-SDK,3,2,Error intializing identities. Returning NULL. Exception Details: WinStore.Identity.AuthenticationException Function: InitializeDefaultStoreAccount Source: C:\BA\21\s\src\Core\Identity\StoreUserProfileManager.cs (1852)
224,6/23/2025 1:43:27 PM,Windows-ApplicationModel-Store-SDK,3,2,No default store user found in registry Exception Details: WinStore.Identity.AuthenticationException Function: GetDefaultStoreUserAsync Source: C:\BA\21\s\src\Core\Identity\TokenBrokerIdentityProvider.cs (685)
243,6/23/2025 1:46:29 PM,Windows-ApplicationModel-Store-SDK,3,2,Caught authentication exception Exception Details: WinStore.Identity.AuthenticationException Function: UpdateStoreSessionUser Source: C:\BA\21\s\src\Core\Identity\StoreUserProfileManager.cs (1404)
250,6/23/2025 1:46:29 PM,Windows-ApplicationModel-Store-SDK,3,2,Error intializing default system account. Returning NULL. Exception Details: WinStore.Identity.AuthenticationException Function: InitializeDefaultSystemAccount Source: C:\BA\21\s\src\Core\Identity\StoreUserProfileManager.cs (1799)
220,6/23/2025 1:43:26 PM,Windows-ApplicationModel-Store-SDK,3,2,Error intializing default system account. Returning NULL. Exception Details: WinStore.Identity.AuthenticationException Function: InitializeDefaultSystemAccount Source: C:\BA\21\s\src\Core\Identity\StoreUserProfileManager.cs (1799)
219,6/23/2025 1:43:26 PM,Windows-ApplicationModel-Store-SDK,3,2,"Exception_WasThrown, WinStore.Identity.AuthenticationException. For more information, visit http://go.microsoft.com/fwlink/?LinkId=623485 Exception Details: WinStore.Identity.AuthenticationException Function: GetDefaultSystemUserAsync Source: C:\BA\21\s\src\Core\Identity\TokenBrokerIdentityProvider.cs (607)"
213,6/23/2025 1:43:26 PM,Windows-ApplicationModel-Store-SDK,3,2,Caught authentication exception Exception Details: WinStore.Identity.AuthenticationException Function: UpdateStoreSessionUser Source: C:\BA\21\s\src\Core\Identity\StoreUserProfileManager.cs (1404)
212,6/23/2025 1:43:26 PM,Windows-ApplicationModel-Store-SDK,3,2,"Exception_WasThrown, WinStore.Identity.AuthenticationException. For more information, visit http://go.microsoft.com/fwlink/?LinkId=623485 Exception Details: WinStore.Identity.AuthenticationException Function: CreateUserIdentityFromSystemUserAndWebProviderInfo Source: C:\BA\21\s\src\Core\Identity\TokenBrokerIdentityProvider.cs (665)"
163,6/23/2025 1:12:19 AM,Windows-ApplicationModel-Store-SDK,3,2,Error intializing identities. Returning NULL. Exception Details: WinStore.Identity.AuthenticationException Function: InitializeDefaultStoreAccount Source: C:\BA\21\s\src\Core\Identity\StoreUserProfileManager.cs (1852)
162,6/23/2025 1:12:19 AM,Windows-ApplicationModel-Store-SDK,3,2,No default store user found in registry Exception Details: WinStore.Identity.AuthenticationException Function: GetDefaultStoreUserAsync Source: C:\BA\21\s\src\Core\Identity\TokenBrokerIdentityProvider.cs (685)
242,6/23/2025 1:46:29 PM,Windows-ApplicationModel-Store-SDK,3,2,"Exception_WasThrown, WinStore.Identity.AuthenticationException. For more information, visit http://go.microsoft.com/fwlink/?LinkId=623485 Exception Details: WinStore.Identity.AuthenticationException Function: CreateUserIdentityFromSystemUserAndWebProviderInfo Source: C:\BA\21\s\src\Core\Identity\TokenBrokerIdentityProvider.cs (665)"
449,6/23/2025 6:26:10 PM,Windows-ApplicationModel-Store-SDK,3,2,Error intializing identities. Returning NULL. Exception Details: WinStore.Identity.AuthenticationException Function: InitializeDefaultStoreAccount Source: C:\BA\21\s\src\Core\Identity\StoreUserProfileManager.cs (1852)
157,6/23/2025 1:12:19 AM,Windows-ApplicationModel-Store-SDK,3,2,"Exception_WasThrown, WinStore.Identity.AuthenticationException. For more information, visit http://go.microsoft.com/fwlink/?LinkId=623485 Exception Details: WinStore.Identity.AuthenticationException Function: GetDefaultSystemUserAsync Source: C:\BA\21\s\src\Core\Identity\TokenBrokerIdentityProvider.cs (607)"
254,6/23/2025 1:46:29 PM,Windows-ApplicationModel-Store-SDK,3,2,No default store user found in registry Exception Details: WinStore.Identity.AuthenticationException Function: GetDefaultStoreUserAsync Source: C:\BA\21\s\src\Core\Identity\TokenBrokerIdentityProvider.cs (685)
36,6/23/2025 1:04:12 AM,Microsoft-Windows-Store,3,8002,hr: 0x800704cf Function: SingleUserStoredIdentitySnapshot::CaptureIdentity Source: onecoreuap\enduser\winstore\licensemanager\lib\identity.cpp (372)
38,6/23/2025 1:04:12 AM,Microsoft-Windows-Store,3,8002,hr: 0x800704cf Function: SingleUserStoredIdentitySnapshot::Wait Source: onecoreuap\enduser\winstore\licensemanager\lib\identity.cpp (460)
40,6/23/2025 1:04:12 AM,Microsoft-Windows-Store,3,8002,hr: 0x800704cf Function: LicenseManagerCore::RequestLicenseForContentWithId Source: onecoreuap\enduser\winstore\licensemanager\lib\managercore.cpp (1817)
45,6/23/2025 1:04:12 AM,Microsoft-Windows-Store,3,8002,hr: 0x800704cf Function: LicenseCallback::WaitForComplete Source: onecoreuap\enduser\winstore\licensemanager\lib\managercore.cpp (171)
49,6/23/2025 1:04:12 AM,Microsoft-Windows-Store,3,8002,hr: 0x800704cf Function: ApplicationLicenseManager::ActivateLicenseForContent Source: onecoreuap\enduser\winstore\licensemanager\lib\applicensemanager.cpp (380)
88,6/23/2025 1:05:18 AM,Windows-ApplicationModel-Store-SDK,3,2,PreInstallRegisterTask threw internally. Exception Details: System.Collections.Generic.KeyNotFoundException Function: RunInternal Source: C:\BA\21\s\src\Tasks\WinStoreTasks\PreInstallRegisterTask.cs (91)
158,6/23/2025 1:12:19 AM,Windows-ApplicationModel-Store-SDK,3,2,Error intializing default system account. Returning NULL. Exception Details: WinStore.Identity.AuthenticationException Function: InitializeDefaultSystemAccount Source: C:\BA\21\s\src\Core\Identity\StoreUserProfileManager.cs (1799)
119,6/23/2025 1:10:09 AM,Windows-ApplicationModel-Store-SDK,3,2,"Exception_WasThrown, WinStore.Identity.AuthenticationException. For more information, visit http://go.microsoft.com/fwlink/?LinkId=623485 Exception Details: WinStore.Identity.AuthenticationException Function: CreateUserIdentityFromSystemUserAndWebProviderInfo Source: C:\BA\21\s\src\Core\Identity\TokenBrokerIdentityProvider.cs (665)"
126,6/23/2025 1:10:09 AM,Windows-ApplicationModel-Store-SDK,3,2,"Exception_WasThrown, WinStore.Identity.AuthenticationException. For more information, visit http://go.microsoft.com/fwlink/?LinkId=623485 Exception Details: WinStore.Identity.AuthenticationException Function: GetDefaultSystemUserAsync Source: C:\BA\21\s\src\Core\Identity\TokenBrokerIdentityProvider.cs (607)"
127,6/23/2025 1:10:09 AM,Windows-ApplicationModel-Store-SDK,3,2,Error intializing default system account. Returning NULL. Exception Details: WinStore.Identity.AuthenticationException Function: InitializeDefaultSystemAccount Source: C:\BA\21\s\src\Core\Identity\StoreUserProfileManager.cs (1799)
131,6/23/2025 1:10:09 AM,Windows-ApplicationModel-Store-SDK,3,2,No default store user found in registry Exception Details: WinStore.Identity.AuthenticationException Function: GetDefaultStoreUserAsync Source: C:\BA\21\s\src\Core\Identity\TokenBrokerIdentityProvider.cs (685)
132,6/23/2025 1:10:09 AM,Windows-ApplicationModel-Store-SDK,3,2,Error intializing identities. Returning NULL. Exception Details: WinStore.Identity.AuthenticationException Function: InitializeDefaultStoreAccount Source: C:\BA\21\s\src\Core\Identity\StoreUserProfileManager.cs (1852)
150,6/23/2025 1:12:19 AM,Windows-ApplicationModel-Store-SDK,3,2,"Exception_WasThrown, WinStore.Identity.AuthenticationException. For more information, visit http://go.microsoft.com/fwlink/?LinkId=623485 Exception Details: WinStore.Identity.AuthenticationException Function: CreateUserIdentityFromSystemUserAndWebProviderInfo Source: C:\BA\21\s\src\Core\Identity\TokenBrokerIdentityProvider.cs (665)"
151,6/23/2025 1:12:19 AM,Windows-ApplicationModel-Store-SDK,3,2,Caught authentication exception Exception Details: WinStore.Identity.AuthenticationException Function: UpdateStoreSessionUser Source: C:\BA\21\s\src\Core\Identity\StoreUserProfileManager.cs (1404)
120,6/23/2025 1:10:09 AM,Windows-ApplicationModel-Store-SDK,3,2,Caught authentication exception Exception Details: WinStore.Identity.AuthenticationException Function: UpdateStoreSessionUser Source: C:\BA\21\s\src\Core\Identity\StoreUserProfileManager.cs (1404)
255,6/23/2025 1:46:29 PM,Windows-ApplicationModel-Store-SDK,3,2,Error intializing identities. Returning NULL. Exception Details: WinStore.Identity.AuthenticationException Function: InitializeDefaultStoreAccount Source: C:\BA\21\s\src\Core\Identity\StoreUserProfileManager.cs (1852)
249,6/23/2025 1:46:29 PM,Windows-ApplicationModel-Store-SDK,3,2,"Exception_WasThrown, WinStore.Identity.AuthenticationException. For more information, visit http://go.microsoft.com/fwlink/?LinkId=623485 Exception Details: WinStore.Identity.AuthenticationException Function: GetDefaultSystemUserAsync Source: C:\BA\21\s\src\Core\Identity\TokenBrokerIdentityProvider.cs (607)"
278,6/23/2025 1:49:46 PM,Windows-ApplicationModel-Store-SDK,3,2,Caught authentication exception Exception Details: WinStore.Identity.AuthenticationException Function: UpdateStoreSessionUser Source: C:\BA\21\s\src\Core\Identity\StoreUserProfileManager.cs (1404)
355,6/23/2025 6:12:17 PM,Windows-ApplicationModel-Store-SDK,3,2,Error intializing identities. Returning NULL. Exception Details: WinStore.Identity.AuthenticationException Function: InitializeDefaultStoreAccount Source: C:\BA\21\s\src\Core\Identity\StoreUserProfileManager.cs (1852)
372,6/23/2025 6:15:55 PM,Windows-ApplicationModel-Store-SDK,3,2,"Exception_WasThrown, WinStore.Identity.AuthenticationException. For more information, visit http://go.microsoft.com/fwlink/?LinkId=623485 Exception Details: WinStore.Identity.AuthenticationException Function: CreateUserIdentityFromSystemUserAndWebProviderInfo Source: C:\BA\21\s\src\Core\Identity\TokenBrokerIdentityProvider.cs (665)"
277,6/23/2025 1:49:46 PM,Windows-ApplicationModel-Store-SDK,3,2,"Exception_WasThrown, WinStore.Identity.AuthenticationException. For more information, visit http://go.microsoft.com/fwlink/?LinkId=623485 Exception Details: WinStore.Identity.AuthenticationException Function: CreateUserIdentityFromSystemUserAndWebProviderInfo Source: C:\BA\21\s\src\Core\Identity\TokenBrokerIdentityProvider.cs (665)"
379,6/23/2025 6:15:55 PM,Windows-ApplicationModel-Store-SDK,3,2,"Exception_WasThrown, WinStore.Identity.AuthenticationException. For more information, visit http://go.microsoft.com/fwlink/?LinkId=623485 Exception Details: WinStore.Identity.AuthenticationException Function: GetDefaultSystemUserAsync Source: C:\BA\21\s\src\Core\Identity\TokenBrokerIdentityProvider.cs (607)"
380,6/23/2025 6:15:55 PM,Windows-ApplicationModel-Store-SDK,3,2,Error intializing default system account. Returning NULL. Exception Details: WinStore.Identity.AuthenticationException Function: InitializeDefaultSystemAccount Source: C:\BA\21\s\src\Core\Identity\StoreUserProfileManager.cs (1799)
384,6/23/2025 6:15:55 PM,Windows-ApplicationModel-Store-SDK,3,2,No default store user found in registry Exception Details: WinStore.Identity.AuthenticationException Function: GetDefaultStoreUserAsync Source: C:\BA\21\s\src\Core\Identity\TokenBrokerIdentityProvider.cs (685)
400,6/23/2025 6:24:07 PM,Windows-ApplicationModel-Store-SDK,3,2,"Exception_WasThrown, WinStore.Identity.AuthenticationException. For more information, visit http://go.microsoft.com/fwlink/?LinkId=623485 Exception Details: WinStore.Identity.AuthenticationException Function: CreateUserIdentityFromSystemUserAndWebProviderInfo Source: C:\BA\21\s\src\Core\Identity\TokenBrokerIdentityProvider.cs (665)"
401,6/23/2025 6:24:07 PM,Windows-ApplicationModel-Store-SDK,3,2,Caught authentication exception Exception Details: WinStore.Identity.AuthenticationException Function: UpdateStoreSessionUser Source: C:\BA\21\s\src\Core\Identity\StoreUserProfileManager.cs (1404)
407,6/23/2025 6:24:07 PM,Windows-ApplicationModel-Store-SDK,3,2,"Exception_WasThrown, WinStore.Identity.AuthenticationException. For more information, visit http://go.microsoft.com/fwlink/?LinkId=623485 Exception Details: WinStore.Identity.AuthenticationException Function: GetDefaultSystemUserAsync Source: C:\BA\21\s\src\Core\Identity\TokenBrokerIdentityProvider.cs (607)"
408,6/23/2025 6:24:07 PM,Windows-ApplicationModel-Store-SDK,3,2,Error intializing default system account. Returning NULL. Exception Details: WinStore.Identity.AuthenticationException Function: InitializeDefaultSystemAccount Source: C:\BA\21\s\src\Core\Identity\StoreUserProfileManager.cs (1799)
412,6/23/2025 6:24:07 PM,Windows-ApplicationModel-Store-SDK,3,2,No default store user found in registry Exception Details: WinStore.Identity.AuthenticationException Function: GetDefaultStoreUserAsync Source: C:\BA\21\s\src\Core\Identity\TokenBrokerIdentityProvider.cs (685)
413,6/23/2025 6:24:07 PM,Windows-ApplicationModel-Store-SDK,3,2,Error intializing identities. Returning NULL. Exception Details: WinStore.Identity.AuthenticationException Function: InitializeDefaultStoreAccount Source: C:\BA\21\s\src\Core\Identity\StoreUserProfileManager.cs (1852)
436,6/23/2025 6:26:10 PM,Windows-ApplicationModel-Store-SDK,3,2,"Exception_WasThrown, WinStore.Identity.AuthenticationException. For more information, visit http://go.microsoft.com/fwlink/?LinkId=623485 Exception Details: WinStore.Identity.AuthenticationException Function: CreateUserIdentityFromSystemUserAndWebProviderInfo Source: C:\BA\21\s\src\Core\Identity\TokenBrokerIdentityProvider.cs (665)"
437,6/23/2025 6:26:10 PM,Windows-ApplicationModel-Store-SDK,3,2,Caught authentication exception Exception Details: WinStore.Identity.AuthenticationException Function: UpdateStoreSessionUser Source: C:\BA\21\s\src\Core\Identity\StoreUserProfileManager.cs (1404)
443,6/23/2025 6:26:10 PM,Windows-ApplicationModel-Store-SDK,3,2,"Exception_WasThrown, WinStore.Identity.AuthenticationException. For more information, visit http://go.microsoft.com/fwlink/?LinkId=623485 Exception Details: WinStore.Identity.AuthenticationException Function: GetDefaultSystemUserAsync Source: C:\BA\21\s\src\Core\Identity\TokenBrokerIdentityProvider.cs (607)"
444,6/23/2025 6:26:10 PM,Windows-ApplicationModel-Store-SDK,3,2,Error intializing default system account. Returning NULL. Exception Details: WinStore.Identity.AuthenticationException Function: InitializeDefaultSystemAccount Source: C:\BA\21\s\src\Core\Identity\StoreUserProfileManager.cs (1799)
448,6/23/2025 6:26:10 PM,Windows-ApplicationModel-Store-SDK,3,2,No default store user found in registry Exception Details: WinStore.Identity.AuthenticationException Function: GetDefaultStoreUserAsync Source: C:\BA\21\s\src\Core\Identity\TokenBrokerIdentityProvider.cs (685)
354,6/23/2025 6:12:17 PM,Windows-ApplicationModel-Store-SDK,3,2,No default store user found in registry Exception Details: WinStore.Identity.AuthenticationException Function: GetDefaultStoreUserAsync Source: C:\BA\21\s\src\Core\Identity\TokenBrokerIdentityProvider.cs (685)
350,6/23/2025 6:12:17 PM,Windows-ApplicationModel-Store-SDK,3,2,Error intializing default system account. Returning NULL. Exception Details: WinStore.Identity.AuthenticationException Function: InitializeDefaultSystemAccount Source: C:\BA\21\s\src\Core\Identity\StoreUserProfileManager.cs (1799)
373,6/23/2025 6:15:55 PM,Windows-ApplicationModel-Store-SDK,3,2,Caught authentication exception Exception Details: WinStore.Identity.AuthenticationException Function: UpdateStoreSessionUser Source: C:\BA\21\s\src\Core\Identity\StoreUserProfileManager.cs (1404)
290,6/23/2025 1:49:46 PM,Windows-ApplicationModel-Store-SDK,3,2,Error intializing identities. Returning NULL. Exception Details: WinStore.Identity.AuthenticationException Function: InitializeDefaultStoreAccount Source: C:\BA\21\s\src\Core\Identity\StoreUserProfileManager.cs (1852)
284,6/23/2025 1:49:46 PM,Windows-ApplicationModel-Store-SDK,3,2,"Exception_WasThrown, WinStore.Identity.AuthenticationException. For more information, visit http://go.microsoft.com/fwlink/?LinkId=623485 Exception Details: WinStore.Identity.AuthenticationException Function: GetDefaultSystemUserAsync Source: C:\BA\21\s\src\Core\Identity\TokenBrokerIdentityProvider.cs (607)"
285,6/23/2025 1:49:46 PM,Windows-ApplicationModel-Store-SDK,3,2,Error intializing default system account. Returning NULL. Exception Details: WinStore.Identity.AuthenticationException Function: InitializeDefaultSystemAccount Source: C:\BA\21\s\src\Core\Identity\StoreUserProfileManager.cs (1799)
289,6/23/2025 1:49:46 PM,Windows-ApplicationModel-Store-SDK,3,2,No default store user found in registry Exception Details: WinStore.Identity.AuthenticationException Function: GetDefaultStoreUserAsync Source: C:\BA\21\s\src\Core\Identity\TokenBrokerIdentityProvider.cs (685)
349,6/23/2025 6:12:17 PM,Windows-ApplicationModel-Store-SDK,3,2,"Exception_WasThrown, WinStore.Identity.AuthenticationException. For more information, visit http://go.microsoft.com/fwlink/?LinkId=623485 Exception Details: WinStore.Identity.AuthenticationException Function: GetDefaultSystemUserAsync Source: C:\BA\21\s\src\Core\Identity\TokenBrokerIdentityProvider.cs (607)"
309,6/23/2025 1:59:31 PM,Windows-ApplicationModel-Store-SDK,3,2,"Exception_WasThrown, WinStore.Identity.AuthenticationException. For more information, visit http://go.microsoft.com/fwlink/?LinkId=623485 Exception Details: WinStore.Identity.AuthenticationException Function: CreateUserIdentityFromSystemUserAndWebProviderInfo Source: C:\BA\21\s\src\Core\Identity\TokenBrokerIdentityProvider.cs (665)"
310,6/23/2025 1:59:31 PM,Windows-ApplicationModel-Store-SDK,3,2,Caught authentication exception Exception Details: WinStore.Identity.AuthenticationException Function: UpdateStoreSessionUser Source: C:\BA\21\s\src\Core\Identity\StoreUserProfileManager.cs (1404)
316,6/23/2025 1:59:31 PM,Windows-ApplicationModel-Store-SDK,3,2,"Exception_WasThrown, WinStore.Identity.AuthenticationException. For more information, visit http://go.microsoft.com/fwlink/?LinkId=623485 Exception Details: WinStore.Identity.AuthenticationException Function: GetDefaultSystemUserAsync Source: C:\BA\21\s\src\Core\Identity\TokenBrokerIdentityProvider.cs (607)"
317,6/23/2025 1:59:31 PM,Windows-ApplicationModel-Store-SDK,3,2,Error intializing default system account. Returning NULL. Exception Details: WinStore.Identity.AuthenticationException Function: InitializeDefaultSystemAccount Source: C:\BA\21\s\src\Core\Identity\StoreUserProfileManager.cs (1799)
15,6/23/2025 1:04:11 AM,Microsoft-Windows-Store,3,8002,"Capturing identity for LocalSystem, this probably isn't intended Function: StoredIdentity::StoredIdentity Source: onecoreuap\enduser\winstore\licensemanager\lib\identity.cpp (545)"
322,6/23/2025 1:59:31 PM,Windows-ApplicationModel-Store-SDK,3,2,Error intializing identities. Returning NULL. Exception Details: WinStore.Identity.AuthenticationException Function: InitializeDefaultStoreAccount Source: C:\BA\21\s\src\Core\Identity\StoreUserProfileManager.cs (1852)
342,6/23/2025 6:12:17 PM,Windows-ApplicationModel-Store-SDK,3,2,"Exception_WasThrown, WinStore.Identity.AuthenticationException. For more information, visit http://go.microsoft.com/fwlink/?LinkId=623485 Exception Details: WinStore.Identity.AuthenticationException Function: CreateUserIdentityFromSystemUserAndWebProviderInfo Source: C:\BA\21\s\src\Core\Identity\TokenBrokerIdentityProvider.cs (665)"
343,6/23/2025 6:12:17 PM,Windows-ApplicationModel-Store-SDK,3,2,Caught authentication exception Exception Details: WinStore.Identity.AuthenticationException Function: UpdateStoreSessionUser Source: C:\BA\21\s\src\Core\Identity\StoreUserProfileManager.cs (1404)
321,6/23/2025 1:59:31 PM,Windows-ApplicationModel-Store-SDK,3,2,No default store user found in registry Exception Details: WinStore.Identity.AuthenticationException Function: GetDefaultStoreUserAsync Source: C:\BA\21\s\src\Core\Identity\TokenBrokerIdentityProvider.cs (685)
18,6/23/2025 1:04:11 AM,Microsoft-Windows-Store,5,8011,0x1f7f1853900: 3220: 168b880d-693f-de5e-d378-cd7f9072c51b: Dispatch: Key:Activate => Key:Initial
20,6/23/2025 1:04:11 AM,Microsoft-Windows-Store,5,8012,0x1f7f1853900: 3220: Key:Initial Change: Key:NegotiatingUnleased => 168b880d-693f-de5e-d378-cd7f9072c51b
22,6/23/2025 1:04:11 AM,Microsoft-Windows-Store,5,8012,0x1f7f182fee8: 3184: Root:Initial Change: Root:Negotiating => RootMachine
23,6/23/2025 1:04:11 AM,Microsoft-Windows-Store,5,8011,0x1f7f182fee8: 3184: RootMachine: Dispatch: Root:@LicenseDone => Root:Negotiating
24,6/23/2025 1:04:11 AM,Microsoft-Windows-Store,5,8012,0x1f7f182fee8: 3184: Root:Negotiating Change: Root:Valid => RootMachine
186,6/23/2025 3:47:15 AM,Microsoft-Windows-Store,5,8012,0x2b699629ed8: 3172: Root:Initial Change: Root:Negotiating => RootMachine
187,6/23/2025 3:47:15 AM,Microsoft-Windows-Store,5,8011,0x2b699654b70: 3172: E6D3B497-80AF-7F14-F9E6-9606EE369FC3: Dispatch: Key:Activate => Key:Initial
42,6/23/2025 1:04:12 AM,Microsoft-Windows-Store,5,8011,0x1f7f1853900: 3220: 168b880d-693f-de5e-d378-cd7f9072c51b: Dispatch: Key:@LicenseDone => Key:NegotiatingUnleased
44,6/23/2025 1:04:12 AM,Microsoft-Windows-Store,5,8012,0x1f7f1853900: 3220: Key:NegotiatingUnleased Change: Key:Initial => 168b880d-693f-de5e-d378-cd7f9072c51b
17,6/23/2025 1:04:11 AM,Microsoft-Windows-Store,5,8011,0x1f7f182fee8: 3184: RootMachine: Dispatch: Root:Connect => Root:Initial
46,6/23/2025 1:04:12 AM,Microsoft-Windows-Store,5,8011,0x1f7f1853900: 3220: 168b880d-693f-de5e-d378-cd7f9072c51b: Dispatch: Key:Unregistered => Key:Initial
47,6/23/2025 1:04:12 AM,Microsoft-Windows-Store,5,8012,0x1f7f1853900: 3220: Key:Initial Change: Key:Invalid => 168b880d-693f-de5e-d378-cd7f9072c51b
190,6/23/2025 3:47:15 AM,Microsoft-Windows-Store,5,8011,0x2b699629ed8: 3176: RootMachine: Dispatch: Root:@LicenseDone => Root:Negotiating
191,6/23/2025 3:47:15 AM,Microsoft-Windows-Store,5,8012,0x2b699629ed8: 3176: Root:Negotiating Change: Root:Valid => RootMachine
189,6/23/2025 3:47:15 AM,Microsoft-Windows-Store,5,8012,0x2b699654b70: 3172: Key:Initial Change: Key:NegotiatingUnleased => E6D3B497-80AF-7F14-F9E6-9606EE369FC3
184,6/23/2025 3:47:15 AM,Microsoft-Windows-Store,5,8011,0x2b699629ed8: 3172: RootMachine: Dispatch: Root:Connect => Root:Initial
