266,6/23/2025 1:05:13 AM,Microsoft-Windows-AppReadiness,4,241,"Task 'install::Microsoft.XboxApp_8wekyb3d8bbwe' is removed for S-1-5-21-1283774291-1801764544-247059453-500, tasks: 8"
267,6/23/2025 1:05:13 AM,Microsoft-Windows-AppReadiness,4,213,'Microsoft.XboxApp_8wekyb3d8bbwe' install succeeded for S-1-5-21-1283774291-1801764544-247059453-500. (0.4531535 seconds)
268,6/23/2025 1:05:13 AM,Microsoft-Windows-AppReadiness,4,241,"Task 'install::Microsoft.XboxGameOverlay_8wekyb3d8bbwe' is removed for S-1-5-21-1283774291-1801764544-247059453-500, tasks: 7"
269,6/23/2025 1:05:13 AM,Microsoft-Windows-AppReadiness,4,213,'Microsoft.XboxGameOverlay_8wekyb3d8bbwe' install succeeded for S-1-5-21-1283774291-1801764544-247059453-500. (0.4210268 seconds)
270,6/23/2025 1:05:13 AM,Microsoft-Windows-AppReadiness,4,241,"Task 'install::Microsoft.XboxGamingOverlay_8wekyb3d8bbwe' is removed for S-1-5-21-1283774291-1801764544-247059453-500, tasks: 6"
271,6/23/2025 1:05:13 AM,Microsoft-Windows-AppReadiness,4,213,'Microsoft.XboxGamingOverlay_8wekyb3d8bbwe' install succeeded for S-1-5-21-1283774291-1801764544-247059453-500. (0.5156501 seconds)
272,6/23/2025 1:05:14 AM,Microsoft-Windows-AppReadiness,4,241,"Task 'install::Microsoft.XboxSpeechToTextOverlay_8wekyb3d8bbwe' is removed for S-1-5-21-1283774291-1801764544-247059453-500, tasks: 5"
273,6/23/2025 1:05:14 AM,Microsoft-Windows-AppReadiness,4,213,'Microsoft.XboxSpeechToTextOverlay_8wekyb3d8bbwe' install succeeded for S-1-5-21-1283774291-1801764544-247059453-500. (0.4219031 seconds)
274,6/23/2025 1:05:14 AM,Microsoft-Windows-AppReadiness,4,241,"Task 'install::Microsoft.XboxIdentityProvider_8wekyb3d8bbwe' is removed for S-1-5-21-1283774291-1801764544-247059453-500, tasks: 4"
275,6/23/2025 1:05:14 AM,Microsoft-Windows-AppReadiness,4,213,'Microsoft.XboxIdentityProvider_8wekyb3d8bbwe' install succeeded for S-1-5-21-1283774291-1801764544-247059453-500. (0.5625469 seconds)
276,6/23/2025 1:05:14 AM,Microsoft-Windows-AppReadiness,4,241,"Task 'install::Microsoft.YourPhone_8wekyb3d8bbwe' is removed for S-1-5-21-1283774291-1801764544-247059453-500, tasks: 3"
277,6/23/2025 1:05:14 AM,Microsoft-Windows-AppReadiness,4,213,'Microsoft.YourPhone_8wekyb3d8bbwe' install succeeded for S-1-5-21-1283774291-1801764544-247059453-500. (0.4687837 seconds)
278,6/23/2025 1:05:14 AM,Microsoft-Windows-AppReadiness,4,241,"Task 'install::Microsoft.ZuneMusic_8wekyb3d8bbwe' is removed for S-1-5-21-1283774291-1801764544-247059453-500, tasks: 2"
279,6/23/2025 1:05:14 AM,Microsoft-Windows-AppReadiness,4,213,'Microsoft.ZuneMusic_8wekyb3d8bbwe' install succeeded for S-1-5-21-1283774291-1801764544-247059453-500. (0.4687825 seconds)
280,6/23/2025 1:05:14 AM,Microsoft-Windows-AppReadiness,4,241,"Task 'install::Microsoft.ZuneVideo_8wekyb3d8bbwe' is removed for S-1-5-21-1283774291-1801764544-247059453-500, tasks: 1"
281,6/23/2025 1:05:14 AM,Microsoft-Windows-AppReadiness,4,213,'Microsoft.ZuneVideo_8wekyb3d8bbwe' install succeeded for S-1-5-21-1283774291-1801764544-247059453-500. (0.4687727 seconds)
282,6/23/2025 1:05:14 AM,Microsoft-Windows-AppReadiness,4,216,Activity for 'S-1-5-21-1283774291-1801764544-247059453-500' has been suspended and will resume at ‎2025‎-‎06‎-‎23T01:05:44.649000000Z.
283,6/23/2025 1:05:14 AM,Microsoft-Windows-AppReadiness,4,241,"Task 'ART:UserFirstLogon' is removed for S-1-5-21-1283774291-1801764544-247059453-500, tasks: 0"
284,6/23/2025 1:05:14 AM,Microsoft-Windows-AppReadiness,4,220,'ART:UserFirstLogon' succeeded for S-1-5-21-1283774291-1801764544-247059453-500. (9.9225427 seconds)
285,6/23/2025 1:05:14 AM,Microsoft-Windows-AppReadiness,4,240,"Task 'ART:OemFirstRun' is added for S-1-5-21-1283774291-1801764544-247059453-500, tasks: 1"
286,6/23/2025 1:05:14 AM,Microsoft-Windows-AppReadiness,4,241,"Task 'ART:OemFirstRun' is removed for S-1-5-21-1283774291-1801764544-247059453-500, tasks: 0"
287,6/23/2025 1:05:14 AM,Microsoft-Windows-AppReadiness,4,220,'ART:OemFirstRun' succeeded for S-1-5-21-1283774291-1801764544-247059453-500. (0.0461948 seconds)
288,6/23/2025 1:05:14 AM,Microsoft-Windows-AppReadiness,4,209,For 'S-1-5-21-1283774291-1801764544-247059453-500' has changed mode from 'FirstLogon' to 'AfterLogon'
289,6/23/2025 1:05:14 AM,Microsoft-Windows-AppReadiness,4,234,FWClosePolicyStore returns 0x0.
290,6/23/2025 1:05:14 AM,Microsoft-Windows-AppReadiness,4,211,App Readiness service has completed tasks for S-1-5-21-1283774291-1801764544-247059453-500.
291,6/23/2025 1:08:27 AM,Microsoft-Windows-AppReadiness,4,100,App Readiness service has started.
292,6/23/2025 1:08:27 AM,Microsoft-Windows-AppReadiness,4,240,"Task 'ART:OemFirstRun' is added for S-1-5-21-1283774291-1801764544-247059453-500, tasks: 1"
293,6/23/2025 1:08:27 AM,Microsoft-Windows-AppReadiness,4,209,For 'S-1-5-21-1283774291-1801764544-247059453-500' has changed mode from 'AfterLogon' to 'FirstLogon'
294,6/23/2025 1:08:27 AM,Microsoft-Windows-AppReadiness,4,232,FWOpenPolicyStore returns 0x0.
295,6/23/2025 1:08:27 AM,Microsoft-Windows-AppReadiness,4,210,App Readiness service has found new tasks for S-1-5-21-1283774291-1801764544-247059453-500.
296,6/23/2025 1:08:27 AM,Microsoft-Windows-AppReadiness,4,241,"Task 'ART:OemFirstRun' is removed for S-1-5-21-1283774291-1801764544-247059453-500, tasks: 0"
297,6/23/2025 1:08:27 AM,Microsoft-Windows-AppReadiness,4,220,'ART:OemFirstRun' succeeded for S-1-5-21-1283774291-1801764544-247059453-500. (0.0468781 seconds)
298,6/23/2025 1:08:45 AM,Microsoft-Windows-AppReadiness,4,209,For 'S-1-5-21-1283774291-1801764544-247059453-500' has changed mode from 'FirstLogon' to 'LoggingOff'
299,6/23/2025 1:08:45 AM,Microsoft-Windows-AppReadiness,4,234,FWClosePolicyStore returns 0x0.
300,6/23/2025 1:08:45 AM,Microsoft-Windows-AppReadiness,4,101,App Readiness service has stopped.
301,6/23/2025 1:09:20 AM,Microsoft-Windows-AppReadiness,4,100,App Readiness service has started.
302,6/23/2025 1:09:21 AM,Microsoft-Windows-AppReadiness,4,240,"Task 'ART:OemFirstRun' is added for S-1-5-21-1283774291-1801764544-247059453-500, tasks: 1"
303,6/23/2025 1:09:21 AM,Microsoft-Windows-AppReadiness,4,209,For 'S-1-5-21-1283774291-1801764544-247059453-500' has changed mode from 'AfterLogon' to 'FirstLogon'
304,6/23/2025 1:09:21 AM,Microsoft-Windows-AppReadiness,4,232,FWOpenPolicyStore returns 0x0.
305,6/23/2025 1:09:21 AM,Microsoft-Windows-AppReadiness,4,241,"Task 'ART:OemFirstRun' is removed for S-1-5-21-1283774291-1801764544-247059453-500, tasks: 0"
306,6/23/2025 1:09:21 AM,Microsoft-Windows-AppReadiness,4,220,'ART:OemFirstRun' succeeded for S-1-5-21-1283774291-1801764544-247059453-500. (0 seconds)
307,6/23/2025 1:10:54 AM,Microsoft-Windows-AppReadiness,4,209,For 'S-1-5-21-1283774291-1801764544-247059453-500' has changed mode from 'FirstLogon' to 'LoggingOff'
308,6/23/2025 1:10:54 AM,Microsoft-Windows-AppReadiness,4,234,FWClosePolicyStore returns 0x0.
309,6/23/2025 1:10:54 AM,Microsoft-Windows-AppReadiness,4,101,App Readiness service has stopped.
310,6/23/2025 1:11:33 AM,Microsoft-Windows-AppReadiness,4,100,App Readiness service has started.
311,6/23/2025 1:11:33 AM,Microsoft-Windows-AppReadiness,4,240,"Task 'ART:OemFirstRun' is added for S-1-5-21-1283774291-1801764544-247059453-500, tasks: 1"
312,6/23/2025 1:11:33 AM,Microsoft-Windows-AppReadiness,4,209,For 'S-1-5-21-1283774291-1801764544-247059453-500' has changed mode from 'AfterLogon' to 'FirstLogon'
313,6/23/2025 1:11:33 AM,Microsoft-Windows-AppReadiness,4,232,FWOpenPolicyStore returns 0x0.
314,6/23/2025 1:11:33 AM,Microsoft-Windows-AppReadiness,4,241,"Task 'ART:OemFirstRun' is removed for S-1-5-21-1283774291-1801764544-247059453-500, tasks: 0"
315,6/23/2025 1:11:33 AM,Microsoft-Windows-AppReadiness,4,220,'ART:OemFirstRun' succeeded for S-1-5-21-1283774291-1801764544-247059453-500. (0 seconds)
316,6/23/2025 1:42:37 PM,Microsoft-Windows-AppReadiness,4,100,App Readiness service has started.
317,6/23/2025 1:42:37 PM,Microsoft-Windows-AppReadiness,4,240,"Task 'ART:OemFirstRun' is added for S-1-5-21-1283774291-1801764544-247059453-500, tasks: 1"
318,6/23/2025 1:42:37 PM,Microsoft-Windows-AppReadiness,4,209,For 'S-1-5-21-1283774291-1801764544-247059453-500' has changed mode from 'AfterLogon' to 'FirstLogon'
319,6/23/2025 1:42:37 PM,Microsoft-Windows-AppReadiness,4,232,FWOpenPolicyStore returns 0x0.
320,6/23/2025 1:42:37 PM,Microsoft-Windows-AppReadiness,4,241,"Task 'ART:OemFirstRun' is removed for S-1-5-21-1283774291-1801764544-247059453-500, tasks: 0"
321,6/23/2025 1:42:37 PM,Microsoft-Windows-AppReadiness,4,220,'ART:OemFirstRun' succeeded for S-1-5-21-1283774291-1801764544-247059453-500. (0.0156257 seconds)
322,6/23/2025 1:45:39 PM,Microsoft-Windows-AppReadiness,4,100,App Readiness service has started.
323,6/23/2025 1:45:39 PM,Microsoft-Windows-AppReadiness,4,240,"Task 'ART:OemFirstRun' is added for S-1-5-21-1283774291-1801764544-247059453-500, tasks: 1"
324,6/23/2025 1:45:39 PM,Microsoft-Windows-AppReadiness,4,209,For 'S-1-5-21-1283774291-1801764544-247059453-500' has changed mode from 'AfterLogon' to 'FirstLogon'
325,6/23/2025 1:45:39 PM,Microsoft-Windows-AppReadiness,4,232,FWOpenPolicyStore returns 0x0.
326,6/23/2025 1:45:39 PM,Microsoft-Windows-AppReadiness,4,241,"Task 'ART:OemFirstRun' is removed for S-1-5-21-1283774291-1801764544-247059453-500, tasks: 0"
327,6/23/2025 1:45:39 PM,Microsoft-Windows-AppReadiness,4,220,'ART:OemFirstRun' succeeded for S-1-5-21-1283774291-1801764544-247059453-500. (0 seconds)
328,6/23/2025 1:46:30 PM,Microsoft-Windows-AppReadiness,4,209,For 'S-1-5-21-1283774291-1801764544-247059453-500' has changed mode from 'FirstLogon' to 'LoggingOff'
329,6/23/2025 1:46:30 PM,Microsoft-Windows-AppReadiness,4,234,FWClosePolicyStore returns 0x0.
330,6/23/2025 1:46:30 PM,Microsoft-Windows-AppReadiness,4,101,App Readiness service has stopped.
331,6/23/2025 1:48:56 PM,Microsoft-Windows-AppReadiness,4,100,App Readiness service has started.
332,6/23/2025 1:48:56 PM,Microsoft-Windows-AppReadiness,4,240,"Task 'ART:OemFirstRun' is added for S-1-5-21-1283774291-1801764544-247059453-500, tasks: 1"
333,6/23/2025 1:48:56 PM,Microsoft-Windows-AppReadiness,4,209,For 'S-1-5-21-1283774291-1801764544-247059453-500' has changed mode from 'AfterLogon' to 'FirstLogon'
334,6/23/2025 1:48:56 PM,Microsoft-Windows-AppReadiness,4,232,FWOpenPolicyStore returns 0x0.
335,6/23/2025 1:48:56 PM,Microsoft-Windows-AppReadiness,4,241,"Task 'ART:OemFirstRun' is removed for S-1-5-21-1283774291-1801764544-247059453-500, tasks: 0"
336,6/23/2025 1:48:56 PM,Microsoft-Windows-AppReadiness,4,220,'ART:OemFirstRun' succeeded for S-1-5-21-1283774291-1801764544-247059453-500. (0.0156263 seconds)
337,6/23/2025 1:58:41 PM,Microsoft-Windows-AppReadiness,4,100,App Readiness service has started.
338,6/23/2025 1:58:41 PM,Microsoft-Windows-AppReadiness,4,240,"Task 'ART:OemFirstRun' is added for S-1-5-21-1283774291-1801764544-247059453-500, tasks: 1"
339,6/23/2025 1:58:41 PM,Microsoft-Windows-AppReadiness,4,209,For 'S-1-5-21-1283774291-1801764544-247059453-500' has changed mode from 'AfterLogon' to 'FirstLogon'
340,6/23/2025 1:58:41 PM,Microsoft-Windows-AppReadiness,4,232,FWOpenPolicyStore returns 0x0.
341,6/23/2025 1:58:41 PM,Microsoft-Windows-AppReadiness,4,241,"Task 'ART:OemFirstRun' is removed for S-1-5-21-1283774291-1801764544-247059453-500, tasks: 0"
342,6/23/2025 1:58:41 PM,Microsoft-Windows-AppReadiness,4,220,'ART:OemFirstRun' succeeded for S-1-5-21-1283774291-1801764544-247059453-500. (0 seconds)
343,6/23/2025 6:11:27 PM,Microsoft-Windows-AppReadiness,4,100,App Readiness service has started.
344,6/23/2025 6:11:27 PM,Microsoft-Windows-AppReadiness,4,240,"Task 'ART:OemFirstRun' is added for S-1-5-21-1283774291-1801764544-247059453-500, tasks: 1"
345,6/23/2025 6:11:27 PM,Microsoft-Windows-AppReadiness,4,209,For 'S-1-5-21-1283774291-1801764544-247059453-500' has changed mode from 'AfterLogon' to 'FirstLogon'
346,6/23/2025 6:11:27 PM,Microsoft-Windows-AppReadiness,4,232,FWOpenPolicyStore returns 0x0.
347,6/23/2025 6:11:27 PM,Microsoft-Windows-AppReadiness,4,241,"Task 'ART:OemFirstRun' is removed for S-1-5-21-1283774291-1801764544-247059453-500, tasks: 0"
348,6/23/2025 6:11:27 PM,Microsoft-Windows-AppReadiness,4,220,'ART:OemFirstRun' succeeded for S-1-5-21-1283774291-1801764544-247059453-500. (0 seconds)
349,6/23/2025 6:15:05 PM,Microsoft-Windows-AppReadiness,4,100,App Readiness service has started.
350,6/23/2025 6:15:05 PM,Microsoft-Windows-AppReadiness,4,240,"Task 'ART:OemFirstRun' is added for S-1-5-21-1283774291-1801764544-247059453-500, tasks: 1"
351,6/23/2025 6:15:05 PM,Microsoft-Windows-AppReadiness,4,209,For 'S-1-5-21-1283774291-1801764544-247059453-500' has changed mode from 'AfterLogon' to 'FirstLogon'
352,6/23/2025 6:15:05 PM,Microsoft-Windows-AppReadiness,4,232,FWOpenPolicyStore returns 0x0.
353,6/23/2025 6:15:05 PM,Microsoft-Windows-AppReadiness,4,241,"Task 'ART:OemFirstRun' is removed for S-1-5-21-1283774291-1801764544-247059453-500, tasks: 0"
354,6/23/2025 6:15:05 PM,Microsoft-Windows-AppReadiness,4,220,'ART:OemFirstRun' succeeded for S-1-5-21-1283774291-1801764544-247059453-500. (0.0156255 seconds)
355,6/23/2025 6:20:00 PM,Microsoft-Windows-AppReadiness,4,100,App Readiness service has started.
356,6/23/2025 6:20:00 PM,Microsoft-Windows-AppReadiness,4,240,"Task 'ART:OemFirstRun' is added for S-1-5-21-1283774291-1801764544-247059453-500, tasks: 1"
357,6/23/2025 6:20:00 PM,Microsoft-Windows-AppReadiness,4,209,For 'S-1-5-21-1283774291-1801764544-247059453-500' has changed mode from 'AfterLogon' to 'FirstLogon'
358,6/23/2025 6:20:00 PM,Microsoft-Windows-AppReadiness,4,232,FWOpenPolicyStore returns 0x0.
359,6/23/2025 6:20:00 PM,Microsoft-Windows-AppReadiness,4,241,"Task 'ART:OemFirstRun' is removed for S-1-5-21-1283774291-1801764544-247059453-500, tasks: 0"
360,6/23/2025 6:20:00 PM,Microsoft-Windows-AppReadiness,4,220,'ART:OemFirstRun' succeeded for S-1-5-21-1283774291-1801764544-247059453-500. (0.0156263 seconds)
361,6/23/2025 6:23:17 PM,Microsoft-Windows-AppReadiness,4,100,App Readiness service has started.
362,6/23/2025 6:23:17 PM,Microsoft-Windows-AppReadiness,4,240,"Task 'ART:OemFirstRun' is added for S-1-5-21-1283774291-1801764544-247059453-500, tasks: 1"
363,6/23/2025 6:23:17 PM,Microsoft-Windows-AppReadiness,4,209,For 'S-1-5-21-1283774291-1801764544-247059453-500' has changed mode from 'AfterLogon' to 'FirstLogon'
364,6/23/2025 6:23:17 PM,Microsoft-Windows-AppReadiness,4,232,FWOpenPolicyStore returns 0x0.
365,6/23/2025 6:23:17 PM,Microsoft-Windows-AppReadiness,4,241,"Task 'ART:OemFirstRun' is removed for S-1-5-21-1283774291-1801764544-247059453-500, tasks: 0"
366,6/23/2025 6:23:17 PM,Microsoft-Windows-AppReadiness,4,220,'ART:OemFirstRun' succeeded for S-1-5-21-1283774291-1801764544-247059453-500. (0 seconds)
367,6/23/2025 6:24:19 PM,Microsoft-Windows-AppReadiness,4,209,For 'S-1-5-21-1283774291-1801764544-247059453-500' has changed mode from 'FirstLogon' to 'LoggingOff'
368,6/23/2025 6:24:19 PM,Microsoft-Windows-AppReadiness,4,234,FWClosePolicyStore returns 0x0.
369,6/23/2025 6:24:19 PM,Microsoft-Windows-AppReadiness,4,101,App Readiness service has stopped.
370,6/23/2025 6:25:20 PM,Microsoft-Windows-AppReadiness,4,100,App Readiness service has started.
371,6/23/2025 6:25:20 PM,Microsoft-Windows-AppReadiness,4,240,"Task 'ART:OemFirstRun' is added for S-1-5-21-1283774291-1801764544-247059453-500, tasks: 1"
372,6/23/2025 6:25:20 PM,Microsoft-Windows-AppReadiness,4,209,For 'S-1-5-21-1283774291-1801764544-247059453-500' has changed mode from 'AfterLogon' to 'FirstLogon'
373,6/23/2025 6:25:20 PM,Microsoft-Windows-AppReadiness,4,232,FWOpenPolicyStore returns 0x0.
374,6/23/2025 6:25:20 PM,Microsoft-Windows-AppReadiness,4,241,"Task 'ART:OemFirstRun' is removed for S-1-5-21-1283774291-1801764544-247059453-500, tasks: 0"
375,6/23/2025 6:25:20 PM,Microsoft-Windows-AppReadiness,4,220,'ART:OemFirstRun' succeeded for S-1-5-21-1283774291-1801764544-247059453-500. (0 seconds)
