RecordId,Time,Provider,Level,EventId,Message
1,6/23/2025 1:04:12 AM,Microsoft-Windows-AppReadiness,4,100,App Readiness service has started.
2,6/23/2025 1:04:12 AM,Microsoft-Windows-AppReadiness,4,240,"Task 'ART:AppxPreRegistration' is added for S-1-5-18, tasks: 1"
3,6/23/2025 1:04:12 AM,Microsoft-Windows-AppReadiness,4,211,App Readiness service has completed tasks for S-1-5-18.
4,6/23/2025 1:04:12 AM,Microsoft-Windows-AppReadiness,4,241,"Task 'ART:AppxPreRegistration' is removed for S-1-5-18, tasks: 0"
5,6/23/2025 1:04:12 AM,Microsoft-Windows-AppReadiness,4,220,'ART:AppxPreRegistration' succeeded for S-1-5-18. (0.2074748 seconds)
6,6/23/2025 1:04:17 AM,Microsoft-Windows-AppReadiness,4,209,For 'S-1-5-21-1283774291-1801764544-247059453-1000' has changed mode from 'AfterLogon' to 'BeforeLogon'
7,6/23/2025 1:04:17 AM,Microsoft-Windows-AppReadiness,4,232,FWOpenPolicyStore returns 0x0.
8,6/23/2025 1:04:18 AM,Microsoft-Windows-AppReadiness,4,240,"Task 'install::Microsoft.Windows.StartMenuExperienceHost_cw5n1h2txyewy' is added for S-1-5-21-1283774291-1801764544-247059453-1000, tasks: 1"
9,6/23/2025 1:04:18 AM,Microsoft-Windows-AppReadiness,4,240,"Task 'install::Microsoft.Windows.ShellExperienceHost_cw5n1h2txyewy' is added for S-1-5-21-1283774291-1801764544-247059453-1000, tasks: 2"
10,6/23/2025 1:04:18 AM,Microsoft-Windows-AppReadiness,4,240,"Task 'install::Microsoft.AAD.BrokerPlugin_cw5n1h2txyewy' is added for S-1-5-21-1283774291-1801764544-247059453-1000, tasks: 3"
11,6/23/2025 1:04:18 AM,Microsoft-Windows-AppReadiness,4,240,"Task 'install::Microsoft.BioEnrollment_cw5n1h2txyewy' is added for S-1-5-21-1283774291-1801764544-247059453-1000, tasks: 4"
12,6/23/2025 1:04:18 AM,Microsoft-Windows-AppReadiness,4,240,"Task 'install::Microsoft.Windows.CloudExperienceHost_cw5n1h2txyewy' is added for S-1-5-21-1283774291-1801764544-247059453-1000, tasks: 5"
13,6/23/2025 1:04:18 AM,Microsoft-Windows-AppReadiness,4,240,"Task 'install::Microsoft.Windows.ContentDeliveryManager_cw5n1h2txyewy' is added for S-1-5-21-1283774291-1801764544-247059453-1000, tasks: 6"
14,6/23/2025 1:04:18 AM,Microsoft-Windows-AppReadiness,4,240,"Task 'install::Microsoft.Windows.OOBENetworkCaptivePortal_cw5n1h2txyewy' is added for S-1-5-21-1283774291-1801764544-247059453-1000, tasks: 7"
15,6/23/2025 1:04:18 AM,Microsoft-Windows-AppReadiness,4,240,"Task 'ART:UserLogon' is added for S-1-5-21-1283774291-1801764544-247059453-1000, tasks: 8"
16,6/23/2025 1:04:18 AM,Microsoft-Windows-AppReadiness,2,5044,S-1-5-21-1283774291-1801764544-247059453-1000 : failed determine if tiles are missing. error=Element not found.
17,6/23/2025 1:04:18 AM,Microsoft-Windows-AppReadiness,4,241,"Task 'install::Microsoft.Windows.ShellExperienceHost_cw5n1h2txyewy' is removed for S-1-5-21-1283774291-1801764544-247059453-1000, tasks: 7"
18,6/23/2025 1:04:18 AM,Microsoft-Windows-AppReadiness,4,213,'Microsoft.Windows.ShellExperienceHost_cw5n1h2txyewy' install succeeded for S-1-5-21-1283774291-1801764544-247059453-1000. (0.3436811 seconds)
19,6/23/2025 1:04:18 AM,Microsoft-Windows-AppReadiness,4,241,"Task 'install::Microsoft.Windows.StartMenuExperienceHost_cw5n1h2txyewy' is removed for S-1-5-21-1283774291-1801764544-247059453-1000, tasks: 6"
20,6/23/2025 1:04:18 AM,Microsoft-Windows-AppReadiness,4,213,'Microsoft.Windows.StartMenuExperienceHost_cw5n1h2txyewy' install succeeded for S-1-5-21-1283774291-1801764544-247059453-1000. (0.4843164 seconds)
21,6/23/2025 1:04:18 AM,Microsoft-Windows-AppReadiness,4,241,"Task 'install::Microsoft.BioEnrollment_cw5n1h2txyewy' is removed for S-1-5-21-1283774291-1801764544-247059453-1000, tasks: 5"
22,6/23/2025 1:04:18 AM,Microsoft-Windows-AppReadiness,4,213,'Microsoft.BioEnrollment_cw5n1h2txyewy' install succeeded for S-1-5-21-1283774291-1801764544-247059453-1000. (0 seconds)
23,6/23/2025 1:04:18 AM,Microsoft-Windows-AppReadiness,4,241,"Task 'install::Microsoft.AAD.BrokerPlugin_cw5n1h2txyewy' is removed for S-1-5-21-1283774291-1801764544-247059453-1000, tasks: 4"
24,6/23/2025 1:04:18 AM,Microsoft-Windows-AppReadiness,4,213,'Microsoft.AAD.BrokerPlugin_cw5n1h2txyewy' install succeeded for S-1-5-21-1283774291-1801764544-247059453-1000. (0.1718875 seconds)
25,6/23/2025 1:04:18 AM,Microsoft-Windows-AppReadiness,4,241,"Task 'install::Microsoft.Windows.CloudExperienceHost_cw5n1h2txyewy' is removed for S-1-5-21-1283774291-1801764544-247059453-1000, tasks: 3"
26,6/23/2025 1:04:18 AM,Microsoft-Windows-AppReadiness,4,213,'Microsoft.Windows.CloudExperienceHost_cw5n1h2txyewy' install succeeded for S-1-5-21-1283774291-1801764544-247059453-1000. (0.1406345 seconds)
27,6/23/2025 1:04:18 AM,Microsoft-Windows-AppReadiness,4,241,"Task 'install::Microsoft.Windows.OOBENetworkCaptivePortal_cw5n1h2txyewy' is removed for S-1-5-21-1283774291-1801764544-247059453-1000, tasks: 2"
28,6/23/2025 1:04:18 AM,Microsoft-Windows-AppReadiness,4,213,'Microsoft.Windows.OOBENetworkCaptivePortal_cw5n1h2txyewy' install succeeded for S-1-5-21-1283774291-1801764544-247059453-1000. (0 seconds)
29,6/23/2025 1:04:18 AM,Microsoft-Windows-AppReadiness,4,241,"Task 'install::Microsoft.Windows.ContentDeliveryManager_cw5n1h2txyewy' is removed for S-1-5-21-1283774291-1801764544-247059453-1000, tasks: 1"
30,6/23/2025 1:04:18 AM,Microsoft-Windows-AppReadiness,4,213,'Microsoft.Windows.ContentDeliveryManager_cw5n1h2txyewy' install succeeded for S-1-5-21-1283774291-1801764544-247059453-1000. (0.1562598 seconds)
31,6/23/2025 1:04:18 AM,Microsoft-Windows-AppReadiness,4,241,"Task 'ART:UserLogon' is removed for S-1-5-21-1283774291-1801764544-247059453-1000, tasks: 0"
32,6/23/2025 1:04:18 AM,Microsoft-Windows-AppReadiness,4,220,'ART:UserLogon' succeeded for S-1-5-21-1283774291-1801764544-247059453-1000. (0.6718284 seconds)
33,6/23/2025 1:04:27 AM,Microsoft-Windows-AppReadiness,4,209,For 'S-1-5-21-1283774291-1801764544-247059453-1000' has changed mode from 'BeforeLogon' to 'LoggingOff'
34,6/23/2025 1:04:27 AM,Microsoft-Windows-AppReadiness,4,234,FWClosePolicyStore returns 0x0.
35,6/23/2025 1:04:27 AM,Microsoft-Windows-AppReadiness,4,209,For 'S-1-5-18' has changed mode from 'AfterLogon' to 'LoggingOff'
36,6/23/2025 1:04:27 AM,Microsoft-Windows-AppReadiness,4,101,App Readiness service has stopped.
37,6/23/2025 1:05:02 AM,Microsoft-Windows-AppReadiness,4,100,App Readiness service has started.
38,6/23/2025 1:05:02 AM,Microsoft-Windows-AppReadiness,4,209,For 'S-1-5-21-1283774291-1801764544-247059453-500' has changed mode from 'AfterLogon' to 'BeforeLogon'
39,6/23/2025 1:05:02 AM,Microsoft-Windows-AppReadiness,4,232,FWOpenPolicyStore returns 0x0.
40,6/23/2025 1:05:02 AM,Microsoft-Windows-AppReadiness,4,240,"Task 'install::Microsoft.Windows.StartMenuExperienceHost_cw5n1h2txyewy' is added for S-1-5-21-1283774291-1801764544-247059453-500, tasks: 1"
41,6/23/2025 1:05:02 AM,Microsoft-Windows-AppReadiness,4,240,"Task 'install::Microsoft.Windows.ShellExperienceHost_cw5n1h2txyewy' is added for S-1-5-21-1283774291-1801764544-247059453-500, tasks: 2"
42,6/23/2025 1:05:02 AM,Microsoft-Windows-AppReadiness,4,240,"Task 'install::windows.immersivecontrolpanel_cw5n1h2txyewy' is added for S-1-5-21-1283774291-1801764544-247059453-500, tasks: 3"
43,6/23/2025 1:05:02 AM,Microsoft-Windows-AppReadiness,4,240,"Task 'install::Microsoft.Windows.Cortana_cw5n1h2txyewy' is added for S-1-5-21-1283774291-1801764544-247059453-500, tasks: 4"
44,6/23/2025 1:05:02 AM,Microsoft-Windows-AppReadiness,4,240,"Task 'install::1527c705-839a-4832-9118-54d4Bd6a0c89_cw5n1h2txyewy' is added for S-1-5-21-1283774291-1801764544-247059453-500, tasks: 5"
45,6/23/2025 1:05:02 AM,Microsoft-Windows-AppReadiness,4,240,"Task 'install::c5e2524a-ea46-4f67-841f-6a9465d9d515_cw5n1h2txyewy' is added for S-1-5-21-1283774291-1801764544-247059453-500, tasks: 6"
46,6/23/2025 1:05:02 AM,Microsoft-Windows-AppReadiness,4,240,"Task 'install::E2A4F912-2574-4A75-9BB0-0D023378592B_cw5n1h2txyewy' is added for S-1-5-21-1283774291-1801764544-247059453-500, tasks: 7"
47,6/23/2025 1:05:02 AM,Microsoft-Windows-AppReadiness,4,240,"Task 'install::F46D4000-FD22-4DB4-AC8E-4E1DDDE828FE_cw5n1h2txyewy' is added for S-1-5-21-1283774291-1801764544-247059453-500, tasks: 8"
48,6/23/2025 1:05:02 AM,Microsoft-Windows-AppReadiness,4,240,"Task 'install::InputApp_cw5n1h2txyewy' is added for S-1-5-21-1283774291-1801764544-247059453-500, tasks: 9"
49,6/23/2025 1:05:02 AM,Microsoft-Windows-AppReadiness,4,240,"Task 'install::Microsoft.AAD.BrokerPlugin_cw5n1h2txyewy' is added for S-1-5-21-1283774291-1801764544-247059453-500, tasks: 10"
50,6/23/2025 1:05:02 AM,Microsoft-Windows-AppReadiness,4,240,"Task 'install::Microsoft.AccountsControl_cw5n1h2txyewy' is added for S-1-5-21-1283774291-1801764544-247059453-500, tasks: 11"
51,6/23/2025 1:05:02 AM,Microsoft-Windows-AppReadiness,4,240,"Task 'install::Microsoft.AsyncTextService_8wekyb3d8bbwe' is added for S-1-5-21-1283774291-1801764544-247059453-500, tasks: 12"
52,6/23/2025 1:05:02 AM,Microsoft-Windows-AppReadiness,4,240,"Task 'install::Microsoft.BioEnrollment_cw5n1h2txyewy' is added for S-1-5-21-1283774291-1801764544-247059453-500, tasks: 13"
53,6/23/2025 1:05:02 AM,Microsoft-Windows-AppReadiness,4,240,"Task 'install::Microsoft.CredDialogHost_cw5n1h2txyewy' is added for S-1-5-21-1283774291-1801764544-247059453-500, tasks: 14"
54,6/23/2025 1:05:02 AM,Microsoft-Windows-AppReadiness,4,240,"Task 'install::Microsoft.ECApp_8wekyb3d8bbwe' is added for S-1-5-21-1283774291-1801764544-247059453-500, tasks: 15"
55,6/23/2025 1:05:02 AM,Microsoft-Windows-AppReadiness,4,240,"Task 'install::Microsoft.LockApp_cw5n1h2txyewy' is added for S-1-5-21-1283774291-1801764544-247059453-500, tasks: 16"
56,6/23/2025 1:05:02 AM,Microsoft-Windows-AppReadiness,4,240,"Task 'install::Microsoft.MicrosoftEdgeDevToolsClient_8wekyb3d8bbwe' is added for S-1-5-21-1283774291-1801764544-247059453-500, tasks: 17"
57,6/23/2025 1:05:02 AM,Microsoft-Windows-AppReadiness,4,240,"Task 'install::Microsoft.MicrosoftEdge_8wekyb3d8bbwe' is added for S-1-5-21-1283774291-1801764544-247059453-500, tasks: 18"
58,6/23/2025 1:05:02 AM,Microsoft-Windows-AppReadiness,4,240,"Task 'install::Microsoft.PPIProjection_cw5n1h2txyewy' is added for S-1-5-21-1283774291-1801764544-247059453-500, tasks: 19"
59,6/23/2025 1:05:02 AM,Microsoft-Windows-AppReadiness,4,240,"Task 'install::Microsoft.Win32WebViewHost_cw5n1h2txyewy' is added for S-1-5-21-1283774291-1801764544-247059453-500, tasks: 20"
60,6/23/2025 1:05:02 AM,Microsoft-Windows-AppReadiness,4,240,"Task 'install::Microsoft.Windows.AppRep.ChxApp_cw5n1h2txyewy' is added for S-1-5-21-1283774291-1801764544-247059453-500, tasks: 21"
61,6/23/2025 1:05:02 AM,Microsoft-Windows-AppReadiness,4,240,"Task 'install::Microsoft.Windows.CallingShellApp_cw5n1h2txyewy' is added for S-1-5-21-1283774291-1801764544-247059453-500, tasks: 22"
62,6/23/2025 1:05:02 AM,Microsoft-Windows-AppReadiness,4,240,"Task 'install::Microsoft.Windows.CapturePicker_cw5n1h2txyewy' is added for S-1-5-21-1283774291-1801764544-247059453-500, tasks: 23"
63,6/23/2025 1:05:02 AM,Microsoft-Windows-AppReadiness,4,240,"Task 'install::Microsoft.Windows.CloudExperienceHost_cw5n1h2txyewy' is added for S-1-5-21-1283774291-1801764544-247059453-500, tasks: 24"
64,6/23/2025 1:05:02 AM,Microsoft-Windows-AppReadiness,4,240,"Task 'install::Microsoft.Windows.ContentDeliveryManager_cw5n1h2txyewy' is added for S-1-5-21-1283774291-1801764544-247059453-500, tasks: 25"
65,6/23/2025 1:05:02 AM,Microsoft-Windows-AppReadiness,4,240,"Task 'install::Microsoft.Windows.NarratorQuickStart_8wekyb3d8bbwe' is added for S-1-5-21-1283774291-1801764544-247059453-500, tasks: 26"
66,6/23/2025 1:05:02 AM,Microsoft-Windows-AppReadiness,4,240,"Task 'install::Microsoft.Windows.OOBENetworkCaptivePortal_cw5n1h2txyewy' is added for S-1-5-21-1283774291-1801764544-247059453-500, tasks: 27"
67,6/23/2025 1:05:02 AM,Microsoft-Windows-AppReadiness,4,240,"Task 'install::Microsoft.Windows.OOBENetworkConnectionFlow_cw5n1h2txyewy' is added for S-1-5-21-1283774291-1801764544-247059453-500, tasks: 28"
68,6/23/2025 1:05:02 AM,Microsoft-Windows-AppReadiness,4,240,"Task 'install::Microsoft.Windows.ParentalControls_cw5n1h2txyewy' is added for S-1-5-21-1283774291-1801764544-247059453-500, tasks: 29"
69,6/23/2025 1:05:02 AM,Microsoft-Windows-AppReadiness,4,240,"Task 'install::Microsoft.Windows.PeopleExperienceHost_cw5n1h2txyewy' is added for S-1-5-21-1283774291-1801764544-247059453-500, tasks: 30"
70,6/23/2025 1:05:02 AM,Microsoft-Windows-AppReadiness,4,240,"Task 'install::Microsoft.Windows.PinningConfirmationDialog_cw5n1h2txyewy' is added for S-1-5-21-1283774291-1801764544-247059453-500, tasks: 31"
71,6/23/2025 1:05:02 AM,Microsoft-Windows-AppReadiness,4,240,"Task 'install::Microsoft.Windows.SecHealthUI_cw5n1h2txyewy' is added for S-1-5-21-1283774291-1801764544-247059453-500, tasks: 32"
72,6/23/2025 1:05:02 AM,Microsoft-Windows-AppReadiness,4,240,"Task 'install::Microsoft.Windows.XGpuEjectDialog_cw5n1h2txyewy' is added for S-1-5-21-1283774291-1801764544-247059453-500, tasks: 33"
73,6/23/2025 1:05:02 AM,Microsoft-Windows-AppReadiness,4,240,"Task 'install::Microsoft.XboxGameCallableUI_cw5n1h2txyewy' is added for S-1-5-21-1283774291-1801764544-247059453-500, tasks: 34"
74,6/23/2025 1:05:02 AM,Microsoft-Windows-AppReadiness,4,240,"Task 'install::Windows.CBSPreview_cw5n1h2txyewy' is added for S-1-5-21-1283774291-1801764544-247059453-500, tasks: 35"
75,6/23/2025 1:05:02 AM,Microsoft-Windows-AppReadiness,4,240,"Task 'install::Windows.PrintDialog_cw5n1h2txyewy' is added for S-1-5-21-1283774291-1801764544-247059453-500, tasks: 36"
76,6/23/2025 1:05:02 AM,Microsoft-Windows-AppReadiness,4,240,"Task 'install::Microsoft.BingWeather_8wekyb3d8bbwe' is added for S-1-5-21-1283774291-1801764544-247059453-500, tasks: 37"
77,6/23/2025 1:05:02 AM,Microsoft-Windows-AppReadiness,4,240,"Task 'PreviewTiles' is added for S-1-5-21-1283774291-1801764544-247059453-500, tasks: 38"
78,6/23/2025 1:05:02 AM,Microsoft-Windows-AppReadiness,4,240,"Task 'install::Microsoft.DesktopAppInstaller_8wekyb3d8bbwe' is added for S-1-5-21-1283774291-1801764544-247059453-500, tasks: 39"
79,6/23/2025 1:05:02 AM,Microsoft-Windows-AppReadiness,4,240,"Task 'install::Microsoft.GetHelp_8wekyb3d8bbwe' is added for S-1-5-21-1283774291-1801764544-247059453-500, tasks: 40"
80,6/23/2025 1:05:02 AM,Microsoft-Windows-AppReadiness,4,240,"Task 'install::Microsoft.Getstarted_8wekyb3d8bbwe' is added for S-1-5-21-1283774291-1801764544-247059453-500, tasks: 41"
81,6/23/2025 1:05:02 AM,Microsoft-Windows-AppReadiness,4,240,"Task 'install::Microsoft.HEIFImageExtension_8wekyb3d8bbwe' is added for S-1-5-21-1283774291-1801764544-247059453-500, tasks: 42"
82,6/23/2025 1:05:02 AM,Microsoft-Windows-AppReadiness,4,240,"Task 'install::Microsoft.Messaging_8wekyb3d8bbwe' is added for S-1-5-21-1283774291-1801764544-247059453-500, tasks: 43"
83,6/23/2025 1:05:02 AM,Microsoft-Windows-AppReadiness,4,240,"Task 'install::Microsoft.Microsoft3DViewer_8wekyb3d8bbwe' is added for S-1-5-21-1283774291-1801764544-247059453-500, tasks: 44"
84,6/23/2025 1:05:02 AM,Microsoft-Windows-AppReadiness,4,240,"Task 'install::Microsoft.MicrosoftOfficeHub_8wekyb3d8bbwe' is added for S-1-5-21-1283774291-1801764544-247059453-500, tasks: 45"
85,6/23/2025 1:05:02 AM,Microsoft-Windows-AppReadiness,4,240,"Task 'install::Microsoft.MicrosoftSolitaireCollection_8wekyb3d8bbwe' is added for S-1-5-21-1283774291-1801764544-247059453-500, tasks: 46"
86,6/23/2025 1:05:02 AM,Microsoft-Windows-AppReadiness,4,240,"Task 'install::Microsoft.MicrosoftStickyNotes_8wekyb3d8bbwe' is added for S-1-5-21-1283774291-1801764544-247059453-500, tasks: 47"
87,6/23/2025 1:05:02 AM,Microsoft-Windows-AppReadiness,4,240,"Task 'install::Microsoft.MixedReality.Portal_8wekyb3d8bbwe' is added for S-1-5-21-1283774291-1801764544-247059453-500, tasks: 48"
88,6/23/2025 1:05:02 AM,Microsoft-Windows-AppReadiness,4,240,"Task 'install::Microsoft.MSPaint_8wekyb3d8bbwe' is added for S-1-5-21-1283774291-1801764544-247059453-500, tasks: 49"
89,6/23/2025 1:05:02 AM,Microsoft-Windows-AppReadiness,4,240,"Task 'install::Microsoft.Office.OneNote_8wekyb3d8bbwe' is added for S-1-5-21-1283774291-1801764544-247059453-500, tasks: 50"
90,6/23/2025 1:05:02 AM,Microsoft-Windows-AppReadiness,4,240,"Task 'install::Microsoft.OneConnect_8wekyb3d8bbwe' is added for S-1-5-21-1283774291-1801764544-247059453-500, tasks: 51"
91,6/23/2025 1:05:02 AM,Microsoft-Windows-AppReadiness,4,240,"Task 'install::Microsoft.People_8wekyb3d8bbwe' is added for S-1-5-21-1283774291-1801764544-247059453-500, tasks: 52"
92,6/23/2025 1:05:02 AM,Microsoft-Windows-AppReadiness,4,240,"Task 'install::Microsoft.Print3D_8wekyb3d8bbwe' is added for S-1-5-21-1283774291-1801764544-247059453-500, tasks: 53"
93,6/23/2025 1:05:02 AM,Microsoft-Windows-AppReadiness,4,240,"Task 'install::Microsoft.ScreenSketch_8wekyb3d8bbwe' is added for S-1-5-21-1283774291-1801764544-247059453-500, tasks: 54"
94,6/23/2025 1:05:02 AM,Microsoft-Windows-AppReadiness,4,240,"Task 'install::Microsoft.SkypeApp_kzf8qxf38zg5c' is added for S-1-5-21-1283774291-1801764544-247059453-500, tasks: 55"
95,6/23/2025 1:05:02 AM,Microsoft-Windows-AppReadiness,4,240,"Task 'install::Microsoft.StorePurchaseApp_8wekyb3d8bbwe' is added for S-1-5-21-1283774291-1801764544-247059453-500, tasks: 56"
96,6/23/2025 1:05:02 AM,Microsoft-Windows-AppReadiness,4,240,"Task 'install::Microsoft.VP9VideoExtensions_8wekyb3d8bbwe' is added for S-1-5-21-1283774291-1801764544-247059453-500, tasks: 57"
97,6/23/2025 1:05:02 AM,Microsoft-Windows-AppReadiness,4,240,"Task 'install::Microsoft.Wallet_8wekyb3d8bbwe' is added for S-1-5-21-1283774291-1801764544-247059453-500, tasks: 58"
98,6/23/2025 1:05:02 AM,Microsoft-Windows-AppReadiness,4,240,"Task 'install::Microsoft.WebMediaExtensions_8wekyb3d8bbwe' is added for S-1-5-21-1283774291-1801764544-247059453-500, tasks: 59"
99,6/23/2025 1:05:02 AM,Microsoft-Windows-AppReadiness,4,240,"Task 'install::Microsoft.WebpImageExtension_8wekyb3d8bbwe' is added for S-1-5-21-1283774291-1801764544-247059453-500, tasks: 60"
100,6/23/2025 1:05:02 AM,Microsoft-Windows-AppReadiness,4,240,"Task 'install::Microsoft.Windows.Photos_8wekyb3d8bbwe' is added for S-1-5-21-1283774291-1801764544-247059453-500, tasks: 61"
101,6/23/2025 1:05:02 AM,Microsoft-Windows-AppReadiness,4,240,"Task 'install::Microsoft.WindowsAlarms_8wekyb3d8bbwe' is added for S-1-5-21-1283774291-1801764544-247059453-500, tasks: 62"
102,6/23/2025 1:05:02 AM,Microsoft-Windows-AppReadiness,4,240,"Task 'install::Microsoft.WindowsCalculator_8wekyb3d8bbwe' is added for S-1-5-21-1283774291-1801764544-247059453-500, tasks: 63"
103,6/23/2025 1:05:02 AM,Microsoft-Windows-AppReadiness,4,240,"Task 'install::Microsoft.WindowsCamera_8wekyb3d8bbwe' is added for S-1-5-21-1283774291-1801764544-247059453-500, tasks: 64"
104,6/23/2025 1:05:02 AM,Microsoft-Windows-AppReadiness,4,240,"Task 'install::microsoft.windowscommunicationsapps_8wekyb3d8bbwe' is added for S-1-5-21-1283774291-1801764544-247059453-500, tasks: 65"
105,6/23/2025 1:05:02 AM,Microsoft-Windows-AppReadiness,4,240,"Task 'install::Microsoft.WindowsFeedbackHub_8wekyb3d8bbwe' is added for S-1-5-21-1283774291-1801764544-247059453-500, tasks: 66"
106,6/23/2025 1:05:02 AM,Microsoft-Windows-AppReadiness,4,240,"Task 'install::Microsoft.WindowsMaps_8wekyb3d8bbwe' is added for S-1-5-21-1283774291-1801764544-247059453-500, tasks: 67"
107,6/23/2025 1:05:02 AM,Microsoft-Windows-AppReadiness,4,240,"Task 'install::Microsoft.WindowsSoundRecorder_8wekyb3d8bbwe' is added for S-1-5-21-1283774291-1801764544-247059453-500, tasks: 68"
108,6/23/2025 1:05:02 AM,Microsoft-Windows-AppReadiness,4,240,"Task 'install::Microsoft.WindowsStore_8wekyb3d8bbwe' is added for S-1-5-21-1283774291-1801764544-247059453-500, tasks: 69"
109,6/23/2025 1:05:02 AM,Microsoft-Windows-AppReadiness,4,240,"Task 'install::Microsoft.Xbox.TCUI_8wekyb3d8bbwe' is added for S-1-5-21-1283774291-1801764544-247059453-500, tasks: 70"
110,6/23/2025 1:05:02 AM,Microsoft-Windows-AppReadiness,4,240,"Task 'install::Microsoft.XboxApp_8wekyb3d8bbwe' is added for S-1-5-21-1283774291-1801764544-247059453-500, tasks: 71"
111,6/23/2025 1:05:02 AM,Microsoft-Windows-AppReadiness,4,240,"Task 'install::Microsoft.XboxGameOverlay_8wekyb3d8bbwe' is added for S-1-5-21-1283774291-1801764544-247059453-500, tasks: 72"
112,6/23/2025 1:05:02 AM,Microsoft-Windows-AppReadiness,4,240,"Task 'install::Microsoft.XboxGamingOverlay_8wekyb3d8bbwe' is added for S-1-5-21-1283774291-1801764544-247059453-500, tasks: 73"
113,6/23/2025 1:05:02 AM,Microsoft-Windows-AppReadiness,4,240,"Task 'install::Microsoft.XboxIdentityProvider_8wekyb3d8bbwe' is added for S-1-5-21-1283774291-1801764544-247059453-500, tasks: 74"
114,6/23/2025 1:05:02 AM,Microsoft-Windows-AppReadiness,4,240,"Task 'install::Microsoft.XboxSpeechToTextOverlay_8wekyb3d8bbwe' is added for S-1-5-21-1283774291-1801764544-247059453-500, tasks: 75"
115,6/23/2025 1:05:02 AM,Microsoft-Windows-AppReadiness,4,240,"Task 'install::Microsoft.YourPhone_8wekyb3d8bbwe' is added for S-1-5-21-1283774291-1801764544-247059453-500, tasks: 76"
116,6/23/2025 1:05:02 AM,Microsoft-Windows-AppReadiness,4,240,"Task 'install::Microsoft.ZuneMusic_8wekyb3d8bbwe' is added for S-1-5-21-1283774291-1801764544-247059453-500, tasks: 77"
117,6/23/2025 1:05:02 AM,Microsoft-Windows-AppReadiness,4,240,"Task 'install::Microsoft.ZuneVideo_8wekyb3d8bbwe' is added for S-1-5-21-1283774291-1801764544-247059453-500, tasks: 78"
118,6/23/2025 1:05:02 AM,Microsoft-Windows-AppReadiness,4,240,"Task 'ART:PreRoamingGroup' is added for S-1-5-21-1283774291-1801764544-247059453-500, tasks: 79"
119,6/23/2025 1:05:02 AM,Microsoft-Windows-AppReadiness,4,240,"Task 'ART:UserLogon' is added for S-1-5-21-1283774291-1801764544-247059453-500, tasks: 80"
120,6/23/2025 1:05:03 AM,Microsoft-Windows-AppReadiness,4,241,"Task 'install::Microsoft.Windows.CloudExperienceHost_cw5n1h2txyewy' is removed for S-1-5-21-1283774291-1801764544-247059453-500, tasks: 79"
121,6/23/2025 1:05:03 AM,Microsoft-Windows-AppReadiness,4,213,'Microsoft.Windows.CloudExperienceHost_cw5n1h2txyewy' install succeeded for S-1-5-21-1283774291-1801764544-247059453-500. (0.9531811 seconds)
122,6/23/2025 1:05:03 AM,Microsoft-Windows-AppReadiness,4,241,"Task 'install::Microsoft.AAD.BrokerPlugin_cw5n1h2txyewy' is removed for S-1-5-21-1283774291-1801764544-247059453-500, tasks: 78"
123,6/23/2025 1:05:03 AM,Microsoft-Windows-AppReadiness,4,241,"Task 'ART:PreRoamingGroup' is removed for S-1-5-21-1283774291-1801764544-247059453-500, tasks: 77"
124,6/23/2025 1:05:03 AM,Microsoft-Windows-AppReadiness,4,213,'Microsoft.AAD.BrokerPlugin_cw5n1h2txyewy' install succeeded for S-1-5-21-1283774291-1801764544-247059453-500. (0.9844925 seconds)
125,6/23/2025 1:05:03 AM,Microsoft-Windows-AppReadiness,4,220,'ART:PreRoamingGroup' succeeded for S-1-5-21-1283774291-1801764544-247059453-500. (0.9844925 seconds)
126,6/23/2025 1:05:03 AM,Microsoft-Windows-AppReadiness,4,241,"Task 'install::Microsoft.Windows.StartMenuExperienceHost_cw5n1h2txyewy' is removed for S-1-5-21-1283774291-1801764544-247059453-500, tasks: 76"
127,6/23/2025 1:05:03 AM,Microsoft-Windows-AppReadiness,4,213,'Microsoft.Windows.StartMenuExperienceHost_cw5n1h2txyewy' install succeeded for S-1-5-21-1283774291-1801764544-247059453-500. (0.3776332 seconds)
128,6/23/2025 1:05:03 AM,Microsoft-Windows-AppReadiness,4,241,"Task 'install::Microsoft.Windows.ShellExperienceHost_cw5n1h2txyewy' is removed for S-1-5-21-1283774291-1801764544-247059453-500, tasks: 75"
129,6/23/2025 1:05:03 AM,Microsoft-Windows-AppReadiness,4,213,'Microsoft.Windows.ShellExperienceHost_cw5n1h2txyewy' install succeeded for S-1-5-21-1283774291-1801764544-247059453-500. (0.3437731 seconds)
130,6/23/2025 1:05:04 AM,Microsoft-Windows-AppReadiness,4,241,"Task 'install::windows.immersivecontrolpanel_cw5n1h2txyewy' is removed for S-1-5-21-1283774291-1801764544-247059453-500, tasks: 74"
131,6/23/2025 1:05:04 AM,Microsoft-Windows-AppReadiness,4,213,'windows.immersivecontrolpanel_cw5n1h2txyewy' install succeeded for S-1-5-21-1283774291-1801764544-247059453-500. (0.250016 seconds)
132,6/23/2025 1:05:04 AM,Microsoft-Windows-AppReadiness,4,241,"Task 'install::Microsoft.Windows.Cortana_cw5n1h2txyewy' is removed for S-1-5-21-1283774291-1801764544-247059453-500, tasks: 73"
133,6/23/2025 1:05:04 AM,Microsoft-Windows-AppReadiness,4,213,'Microsoft.Windows.Cortana_cw5n1h2txyewy' install succeeded for S-1-5-21-1283774291-1801764544-247059453-500. (0.2656438 seconds)
134,6/23/2025 1:05:04 AM,Microsoft-Windows-AppReadiness,4,241,"Task 'PreviewTiles' is removed for S-1-5-21-1283774291-1801764544-247059453-500, tasks: 72"
135,6/23/2025 1:05:04 AM,Microsoft-Windows-AppReadiness,4,220,'PreviewTiles' succeeded for S-1-5-21-1283774291-1801764544-247059453-500. (1.2838584 seconds)
136,6/23/2025 1:05:04 AM,Microsoft-Windows-AppReadiness,4,241,"Task 'install::Microsoft.Windows.ContentDeliveryManager_cw5n1h2txyewy' is removed for S-1-5-21-1283774291-1801764544-247059453-500, tasks: 71"
137,6/23/2025 1:05:04 AM,Microsoft-Windows-AppReadiness,4,213,'Microsoft.Windows.ContentDeliveryManager_cw5n1h2txyewy' install succeeded for S-1-5-21-1283774291-1801764544-247059453-500. (0.1406376 seconds)
138,6/23/2025 1:05:04 AM,Microsoft-Windows-AppReadiness,4,241,"Task 'install::Microsoft.MicrosoftEdge_8wekyb3d8bbwe' is removed for S-1-5-21-1283774291-1801764544-247059453-500, tasks: 70"
139,6/23/2025 1:05:04 AM,Microsoft-Windows-AppReadiness,4,241,"Task 'ART:UserLogon' is removed for S-1-5-21-1283774291-1801764544-247059453-500, tasks: 69"
140,6/23/2025 1:05:04 AM,Microsoft-Windows-AppReadiness,4,213,'Microsoft.MicrosoftEdge_8wekyb3d8bbwe' install succeeded for S-1-5-21-1283774291-1801764544-247059453-500. (0.203138 seconds)
141,6/23/2025 1:05:04 AM,Microsoft-Windows-AppReadiness,4,220,'ART:UserLogon' succeeded for S-1-5-21-1283774291-1801764544-247059453-500. (1.4557444 seconds)
142,6/23/2025 1:05:04 AM,Microsoft-Windows-AppReadiness,4,240,"Task 'ART:UserFirstLogon' is added for S-1-5-21-1283774291-1801764544-247059453-500, tasks: 70"
143,6/23/2025 1:05:04 AM,Microsoft-Windows-AppReadiness,4,209,For 'S-1-5-21-1283774291-1801764544-247059453-500' has changed mode from 'BeforeLogon' to 'FirstLogon'
144,6/23/2025 1:05:04 AM,Microsoft-Windows-AppReadiness,4,241,"Task 'install::1527c705-839a-4832-9118-54d4Bd6a0c89_cw5n1h2txyewy' is removed for S-1-5-21-1283774291-1801764544-247059453-500, tasks: 69"
145,6/23/2025 1:05:04 AM,Microsoft-Windows-AppReadiness,4,213,'1527c705-839a-4832-9118-54d4Bd6a0c89_cw5n1h2txyewy' install succeeded for S-1-5-21-1283774291-1801764544-247059453-500. (0.1406751 seconds)
146,6/23/2025 1:05:05 AM,Microsoft-Windows-AppReadiness,4,241,"Task 'install::E2A4F912-2574-4A75-9BB0-0D023378592B_cw5n1h2txyewy' is removed for S-1-5-21-1283774291-1801764544-247059453-500, tasks: 68"
147,6/23/2025 1:05:05 AM,Microsoft-Windows-AppReadiness,4,213,'E2A4F912-2574-4A75-9BB0-0D023378592B_cw5n1h2txyewy' install succeeded for S-1-5-21-1283774291-1801764544-247059453-500. (0.406277 seconds)
148,6/23/2025 1:05:05 AM,Microsoft-Windows-AppReadiness,4,241,"Task 'install::c5e2524a-ea46-4f67-841f-6a9465d9d515_cw5n1h2txyewy' is removed for S-1-5-21-1283774291-1801764544-247059453-500, tasks: 67"
149,6/23/2025 1:05:05 AM,Microsoft-Windows-AppReadiness,4,213,'c5e2524a-ea46-4f67-841f-6a9465d9d515_cw5n1h2txyewy' install succeeded for S-1-5-21-1283774291-1801764544-247059453-500. (0.484473 seconds)
150,6/23/2025 1:05:05 AM,Microsoft-Windows-AppReadiness,4,241,"Task 'install::F46D4000-FD22-4DB4-AC8E-4E1DDDE828FE_cw5n1h2txyewy' is removed for S-1-5-21-1283774291-1801764544-247059453-500, tasks: 66"
151,6/23/2025 1:05:05 AM,Microsoft-Windows-AppReadiness,4,213,'F46D4000-FD22-4DB4-AC8E-4E1DDDE828FE_cw5n1h2txyewy' install succeeded for S-1-5-21-1283774291-1801764544-247059453-500. (0.4687409 seconds)
152,6/23/2025 1:05:05 AM,Microsoft-Windows-AppReadiness,4,241,"Task 'install::Microsoft.AccountsControl_cw5n1h2txyewy' is removed for S-1-5-21-1283774291-1801764544-247059453-500, tasks: 65"
153,6/23/2025 1:05:05 AM,Microsoft-Windows-AppReadiness,4,213,'Microsoft.AccountsControl_cw5n1h2txyewy' install succeeded for S-1-5-21-1283774291-1801764544-247059453-500. (0.2499509 seconds)
154,6/23/2025 1:05:05 AM,Microsoft-Windows-AppReadiness,4,241,"Task 'install::InputApp_cw5n1h2txyewy' is removed for S-1-5-21-1283774291-1801764544-247059453-500, tasks: 64"
155,6/23/2025 1:05:05 AM,Microsoft-Windows-AppReadiness,4,213,'InputApp_cw5n1h2txyewy' install succeeded for S-1-5-21-1283774291-1801764544-247059453-500. (0.4062781 seconds)
156,6/23/2025 1:05:05 AM,Microsoft-Windows-AppReadiness,4,241,"Task 'install::Microsoft.BioEnrollment_cw5n1h2txyewy' is removed for S-1-5-21-1283774291-1801764544-247059453-500, tasks: 63"
157,6/23/2025 1:05:05 AM,Microsoft-Windows-AppReadiness,4,213,'Microsoft.BioEnrollment_cw5n1h2txyewy' install succeeded for S-1-5-21-1283774291-1801764544-247059453-500. (0.2343909 seconds)
158,6/23/2025 1:05:05 AM,Microsoft-Windows-AppReadiness,4,241,"Task 'install::Microsoft.AsyncTextService_8wekyb3d8bbwe' is removed for S-1-5-21-1283774291-1801764544-247059453-500, tasks: 62"
159,6/23/2025 1:05:05 AM,Microsoft-Windows-AppReadiness,4,213,'Microsoft.AsyncTextService_8wekyb3d8bbwe' install succeeded for S-1-5-21-1283774291-1801764544-247059453-500. (0.421903 seconds)
160,6/23/2025 1:05:05 AM,Microsoft-Windows-AppReadiness,4,241,"Task 'install::Microsoft.CredDialogHost_cw5n1h2txyewy' is removed for S-1-5-21-1283774291-1801764544-247059453-500, tasks: 61"
161,6/23/2025 1:05:05 AM,Microsoft-Windows-AppReadiness,4,213,'Microsoft.CredDialogHost_cw5n1h2txyewy' install succeeded for S-1-5-21-1283774291-1801764544-247059453-500. (0.3125206 seconds)
162,6/23/2025 1:05:05 AM,Microsoft-Windows-AppReadiness,4,241,"Task 'install::Microsoft.ECApp_8wekyb3d8bbwe' is removed for S-1-5-21-1283774291-1801764544-247059453-500, tasks: 60"
163,6/23/2025 1:05:05 AM,Microsoft-Windows-AppReadiness,4,213,'Microsoft.ECApp_8wekyb3d8bbwe' install succeeded for S-1-5-21-1283774291-1801764544-247059453-500. (0.2188269 seconds)
164,6/23/2025 1:05:06 AM,Microsoft-Windows-AppReadiness,4,241,"Task 'install::Microsoft.LockApp_cw5n1h2txyewy' is removed for S-1-5-21-1283774291-1801764544-247059453-500, tasks: 59"
165,6/23/2025 1:05:06 AM,Microsoft-Windows-AppReadiness,4,213,'Microsoft.LockApp_cw5n1h2txyewy' install succeeded for S-1-5-21-1283774291-1801764544-247059453-500. (0.2500168 seconds)
166,6/23/2025 1:05:06 AM,Microsoft-Windows-AppReadiness,4,241,"Task 'install::Microsoft.MicrosoftEdgeDevToolsClient_8wekyb3d8bbwe' is removed for S-1-5-21-1283774291-1801764544-247059453-500, tasks: 58"
167,6/23/2025 1:05:06 AM,Microsoft-Windows-AppReadiness,4,213,'Microsoft.MicrosoftEdgeDevToolsClient_8wekyb3d8bbwe' install succeeded for S-1-5-21-1283774291-1801764544-247059453-500. (0.2500168 seconds)
168,6/23/2025 1:05:06 AM,Microsoft-Windows-AppReadiness,4,241,"Task 'install::Microsoft.PPIProjection_cw5n1h2txyewy' is removed for S-1-5-21-1283774291-1801764544-247059453-500, tasks: 57"
169,6/23/2025 1:05:06 AM,Microsoft-Windows-AppReadiness,4,213,'Microsoft.PPIProjection_cw5n1h2txyewy' install succeeded for S-1-5-21-1283774291-1801764544-247059453-500. (0.3124597 seconds)
170,6/23/2025 1:05:06 AM,Microsoft-Windows-AppReadiness,4,241,"Task 'install::Microsoft.Win32WebViewHost_cw5n1h2txyewy' is removed for S-1-5-21-1283774291-1801764544-247059453-500, tasks: 56"
171,6/23/2025 1:05:06 AM,Microsoft-Windows-AppReadiness,4,213,'Microsoft.Win32WebViewHost_cw5n1h2txyewy' install succeeded for S-1-5-21-1283774291-1801764544-247059453-500. (0.2343916 seconds)
172,6/23/2025 1:05:06 AM,Microsoft-Windows-AppReadiness,4,241,"Task 'install::Microsoft.Windows.AppRep.ChxApp_cw5n1h2txyewy' is removed for S-1-5-21-1283774291-1801764544-247059453-500, tasks: 55"
173,6/23/2025 1:05:06 AM,Microsoft-Windows-AppReadiness,4,213,'Microsoft.Windows.AppRep.ChxApp_cw5n1h2txyewy' install succeeded for S-1-5-21-1283774291-1801764544-247059453-500. (0.2656427 seconds)
174,6/23/2025 1:05:06 AM,Microsoft-Windows-AppReadiness,4,241,"Task 'install::Microsoft.Windows.CallingShellApp_cw5n1h2txyewy' is removed for S-1-5-21-1283774291-1801764544-247059453-500, tasks: 54"
175,6/23/2025 1:05:06 AM,Microsoft-Windows-AppReadiness,4,213,'Microsoft.Windows.CallingShellApp_cw5n1h2txyewy' install succeeded for S-1-5-21-1283774291-1801764544-247059453-500. (0.2968942 seconds)
176,6/23/2025 1:05:06 AM,Microsoft-Windows-AppReadiness,4,241,"Task 'install::Microsoft.Windows.NarratorQuickStart_8wekyb3d8bbwe' is removed for S-1-5-21-1283774291-1801764544-247059453-500, tasks: 53"
177,6/23/2025 1:05:06 AM,Microsoft-Windows-AppReadiness,4,213,'Microsoft.Windows.NarratorQuickStart_8wekyb3d8bbwe' install succeeded for S-1-5-21-1283774291-1801764544-247059453-500. (0.1875128 seconds)
178,6/23/2025 1:05:06 AM,Microsoft-Windows-AppReadiness,4,241,"Task 'install::Microsoft.Windows.CapturePicker_cw5n1h2txyewy' is removed for S-1-5-21-1283774291-1801764544-247059453-500, tasks: 52"
179,6/23/2025 1:05:06 AM,Microsoft-Windows-AppReadiness,4,213,'Microsoft.Windows.CapturePicker_cw5n1h2txyewy' install succeeded for S-1-5-21-1283774291-1801764544-247059453-500. (0.3125206 seconds)
180,6/23/2025 1:05:06 AM,Microsoft-Windows-AppReadiness,4,241,"Task 'install::Microsoft.Windows.OOBENetworkCaptivePortal_cw5n1h2txyewy' is removed for S-1-5-21-1283774291-1801764544-247059453-500, tasks: 51"
181,6/23/2025 1:05:06 AM,Microsoft-Windows-AppReadiness,4,213,'Microsoft.Windows.OOBENetworkCaptivePortal_cw5n1h2txyewy' install succeeded for S-1-5-21-1283774291-1801764544-247059453-500. (0.2031386 seconds)
182,6/23/2025 1:05:06 AM,Microsoft-Windows-AppReadiness,4,241,"Task 'install::Microsoft.Windows.OOBENetworkConnectionFlow_cw5n1h2txyewy' is removed for S-1-5-21-1283774291-1801764544-247059453-500, tasks: 50"
183,6/23/2025 1:05:06 AM,Microsoft-Windows-AppReadiness,4,213,'Microsoft.Windows.OOBENetworkConnectionFlow_cw5n1h2txyewy' install succeeded for S-1-5-21-1283774291-1801764544-247059453-500. (0.2343909 seconds)
184,6/23/2025 1:05:06 AM,Microsoft-Windows-AppReadiness,4,241,"Task 'install::Microsoft.Windows.ParentalControls_cw5n1h2txyewy' is removed for S-1-5-21-1283774291-1801764544-247059453-500, tasks: 49"
185,6/23/2025 1:05:06 AM,Microsoft-Windows-AppReadiness,4,213,'Microsoft.Windows.ParentalControls_cw5n1h2txyewy' install succeeded for S-1-5-21-1283774291-1801764544-247059453-500. (0.3437729 seconds)
186,6/23/2025 1:05:07 AM,Microsoft-Windows-AppReadiness,4,241,"Task 'install::Microsoft.Windows.PinningConfirmationDialog_cw5n1h2txyewy' is removed for S-1-5-21-1283774291-1801764544-247059453-500, tasks: 48"
187,6/23/2025 1:05:07 AM,Microsoft-Windows-AppReadiness,4,213,'Microsoft.Windows.PinningConfirmationDialog_cw5n1h2txyewy' install succeeded for S-1-5-21-1283774291-1801764544-247059453-500. (0.2187645 seconds)
188,6/23/2025 1:05:07 AM,Microsoft-Windows-AppReadiness,4,241,"Task 'install::Microsoft.Windows.SecHealthUI_cw5n1h2txyewy' is removed for S-1-5-21-1283774291-1801764544-247059453-500, tasks: 47"
189,6/23/2025 1:05:07 AM,Microsoft-Windows-AppReadiness,4,213,'Microsoft.Windows.SecHealthUI_cw5n1h2txyewy' install succeeded for S-1-5-21-1283774291-1801764544-247059453-500. (0.1875118 seconds)
190,6/23/2025 1:05:07 AM,Microsoft-Windows-AppReadiness,4,241,"Task 'install::Microsoft.Windows.XGpuEjectDialog_cw5n1h2txyewy' is removed for S-1-5-21-1283774291-1801764544-247059453-500, tasks: 46"
191,6/23/2025 1:05:07 AM,Microsoft-Windows-AppReadiness,4,213,'Microsoft.Windows.XGpuEjectDialog_cw5n1h2txyewy' install succeeded for S-1-5-21-1283774291-1801764544-247059453-500. (0.171886 seconds)
192,6/23/2025 1:05:07 AM,Microsoft-Windows-AppReadiness,4,241,"Task 'install::Microsoft.Windows.PeopleExperienceHost_cw5n1h2txyewy' is removed for S-1-5-21-1283774291-1801764544-247059453-500, tasks: 45"
193,6/23/2025 1:05:07 AM,Microsoft-Windows-AppReadiness,4,213,'Microsoft.Windows.PeopleExperienceHost_cw5n1h2txyewy' install succeeded for S-1-5-21-1283774291-1801764544-247059453-500. (0.5312876 seconds)
194,6/23/2025 1:05:07 AM,Microsoft-Windows-AppReadiness,4,241,"Task 'install::Microsoft.XboxGameCallableUI_cw5n1h2txyewy' is removed for S-1-5-21-1283774291-1801764544-247059453-500, tasks: 44"
195,6/23/2025 1:05:07 AM,Microsoft-Windows-AppReadiness,4,213,'Microsoft.XboxGameCallableUI_cw5n1h2txyewy' install succeeded for S-1-5-21-1283774291-1801764544-247059453-500. (0.2968957 seconds)
196,6/23/2025 1:05:07 AM,Microsoft-Windows-AppReadiness,4,241,"Task 'install::Windows.PrintDialog_cw5n1h2txyewy' is removed for S-1-5-21-1283774291-1801764544-247059453-500, tasks: 43"
197,6/23/2025 1:05:07 AM,Microsoft-Windows-AppReadiness,4,213,'Windows.PrintDialog_cw5n1h2txyewy' install succeeded for S-1-5-21-1283774291-1801764544-247059453-500. (0.1562588 seconds)
198,6/23/2025 1:05:07 AM,Microsoft-Windows-AppReadiness,4,241,"Task 'install::Windows.CBSPreview_cw5n1h2txyewy' is removed for S-1-5-21-1283774291-1801764544-247059453-500, tasks: 42"
199,6/23/2025 1:05:07 AM,Microsoft-Windows-AppReadiness,4,213,'Windows.CBSPreview_cw5n1h2txyewy' install succeeded for S-1-5-21-1283774291-1801764544-247059453-500. (0.4062858 seconds)
200,6/23/2025 1:05:07 AM,Microsoft-Windows-AppReadiness,4,241,"Task 'install::Microsoft.WindowsAlarms_8wekyb3d8bbwe' is removed for S-1-5-21-1283774291-1801764544-247059453-500, tasks: 41"
201,6/23/2025 1:05:07 AM,Microsoft-Windows-AppReadiness,4,213,'Microsoft.WindowsAlarms_8wekyb3d8bbwe' install succeeded for S-1-5-21-1283774291-1801764544-247059453-500. (0.3750245 seconds)
202,6/23/2025 1:05:08 AM,Microsoft-Windows-AppReadiness,4,241,"Task 'install::microsoft.windowscommunicationsapps_8wekyb3d8bbwe' is removed for S-1-5-21-1283774291-1801764544-247059453-500, tasks: 40"
203,6/23/2025 1:05:08 AM,Microsoft-Windows-AppReadiness,4,213,'microsoft.windowscommunicationsapps_8wekyb3d8bbwe' install succeeded for S-1-5-21-1283774291-1801764544-247059453-500. (0.453146 seconds)
204,6/23/2025 1:05:08 AM,Microsoft-Windows-AppReadiness,4,241,"Task 'install::Microsoft.BingWeather_8wekyb3d8bbwe' is removed for S-1-5-21-1283774291-1801764544-247059453-500, tasks: 39"
205,6/23/2025 1:05:08 AM,Microsoft-Windows-AppReadiness,4,213,'Microsoft.BingWeather_8wekyb3d8bbwe' install succeeded for S-1-5-21-1283774291-1801764544-247059453-500. (0.5156595 seconds)
206,6/23/2025 1:05:08 AM,Microsoft-Windows-AppReadiness,4,241,"Task 'install::Microsoft.DesktopAppInstaller_8wekyb3d8bbwe' is removed for S-1-5-21-1283774291-1801764544-247059453-500, tasks: 38"
207,6/23/2025 1:05:08 AM,Microsoft-Windows-AppReadiness,4,213,'Microsoft.DesktopAppInstaller_8wekyb3d8bbwe' install succeeded for S-1-5-21-1283774291-1801764544-247059453-500. (0.5156603 seconds)
208,6/23/2025 1:05:08 AM,Microsoft-Windows-AppReadiness,4,241,"Task 'install::Microsoft.GetHelp_8wekyb3d8bbwe' is removed for S-1-5-21-1283774291-1801764544-247059453-500, tasks: 37"
209,6/23/2025 1:05:08 AM,Microsoft-Windows-AppReadiness,4,213,'Microsoft.GetHelp_8wekyb3d8bbwe' install succeeded for S-1-5-21-1283774291-1801764544-247059453-500. (0.5312857 seconds)
210,6/23/2025 1:05:09 AM,Microsoft-Windows-AppReadiness,4,241,"Task 'install::Microsoft.Getstarted_8wekyb3d8bbwe' is removed for S-1-5-21-1283774291-1801764544-247059453-500, tasks: 36"
211,6/23/2025 1:05:09 AM,Microsoft-Windows-AppReadiness,4,213,'Microsoft.Getstarted_8wekyb3d8bbwe' install succeeded for S-1-5-21-1283774291-1801764544-247059453-500. (0.4844079 seconds)
212,6/23/2025 1:05:09 AM,Microsoft-Windows-AppReadiness,4,241,"Task 'install::Microsoft.HEIFImageExtension_8wekyb3d8bbwe' is removed for S-1-5-21-1283774291-1801764544-247059453-500, tasks: 35"
213,6/23/2025 1:05:09 AM,Microsoft-Windows-AppReadiness,4,213,'Microsoft.HEIFImageExtension_8wekyb3d8bbwe' install succeeded for S-1-5-21-1283774291-1801764544-247059453-500. (0.4062777 seconds)
214,6/23/2025 1:05:09 AM,Microsoft-Windows-AppReadiness,4,241,"Task 'install::Microsoft.SkypeApp_kzf8qxf38zg5c' is removed for S-1-5-21-1283774291-1801764544-247059453-500, tasks: 34"
215,6/23/2025 1:05:09 AM,Microsoft-Windows-AppReadiness,4,213,'Microsoft.SkypeApp_kzf8qxf38zg5c' install succeeded for S-1-5-21-1283774291-1801764544-247059453-500. (1.9688901 seconds)
216,6/23/2025 1:05:09 AM,Microsoft-Windows-AppReadiness,4,241,"Task 'install::Microsoft.Messaging_8wekyb3d8bbwe' is removed for S-1-5-21-1283774291-1801764544-247059453-500, tasks: 33"
217,6/23/2025 1:05:09 AM,Microsoft-Windows-AppReadiness,4,213,'Microsoft.Messaging_8wekyb3d8bbwe' install succeeded for S-1-5-21-1283774291-1801764544-247059453-500. (0.5156599 seconds)
218,6/23/2025 1:05:09 AM,Microsoft-Windows-AppReadiness,4,241,"Task 'install::Microsoft.Microsoft3DViewer_8wekyb3d8bbwe' is removed for S-1-5-21-1283774291-1801764544-247059453-500, tasks: 32"
219,6/23/2025 1:05:09 AM,Microsoft-Windows-AppReadiness,4,213,'Microsoft.Microsoft3DViewer_8wekyb3d8bbwe' install succeeded for S-1-5-21-1283774291-1801764544-247059453-500. (0.3906593 seconds)
220,6/23/2025 1:05:09 AM,Microsoft-Windows-AppReadiness,4,241,"Task 'install::Microsoft.MicrosoftSolitaireCollection_8wekyb3d8bbwe' is removed for S-1-5-21-1283774291-1801764544-247059453-500, tasks: 31"
221,6/23/2025 1:05:09 AM,Microsoft-Windows-AppReadiness,4,213,'Microsoft.MicrosoftSolitaireCollection_8wekyb3d8bbwe' install succeeded for S-1-5-21-1283774291-1801764544-247059453-500. (0.312521 seconds)
222,6/23/2025 1:05:10 AM,Microsoft-Windows-AppReadiness,4,241,"Task 'install::Microsoft.MicrosoftStickyNotes_8wekyb3d8bbwe' is removed for S-1-5-21-1283774291-1801764544-247059453-500, tasks: 30"
223,6/23/2025 1:05:10 AM,Microsoft-Windows-AppReadiness,4,213,'Microsoft.MicrosoftStickyNotes_8wekyb3d8bbwe' install succeeded for S-1-5-21-1283774291-1801764544-247059453-500. (0.4843993 seconds)
224,6/23/2025 1:05:10 AM,Microsoft-Windows-AppReadiness,4,241,"Task 'install::Microsoft.MicrosoftOfficeHub_8wekyb3d8bbwe' is removed for S-1-5-21-1283774291-1801764544-247059453-500, tasks: 29"
225,6/23/2025 1:05:10 AM,Microsoft-Windows-AppReadiness,4,213,'Microsoft.MicrosoftOfficeHub_8wekyb3d8bbwe' install succeeded for S-1-5-21-1283774291-1801764544-247059453-500. (0.8750516 seconds)
226,6/23/2025 1:05:10 AM,Microsoft-Windows-AppReadiness,4,241,"Task 'install::Microsoft.MixedReality.Portal_8wekyb3d8bbwe' is removed for S-1-5-21-1283774291-1801764544-247059453-500, tasks: 28"
227,6/23/2025 1:05:10 AM,Microsoft-Windows-AppReadiness,4,213,'Microsoft.MixedReality.Portal_8wekyb3d8bbwe' install succeeded for S-1-5-21-1283774291-1801764544-247059453-500. (0.5156595 seconds)
228,6/23/2025 1:05:10 AM,Microsoft-Windows-AppReadiness,4,241,"Task 'install::Microsoft.Office.OneNote_8wekyb3d8bbwe' is removed for S-1-5-21-1283774291-1801764544-247059453-500, tasks: 27"
229,6/23/2025 1:05:10 AM,Microsoft-Windows-AppReadiness,4,213,'Microsoft.Office.OneNote_8wekyb3d8bbwe' install succeeded for S-1-5-21-1283774291-1801764544-247059453-500. (0.2818786 seconds)
230,6/23/2025 1:05:10 AM,Microsoft-Windows-AppReadiness,4,241,"Task 'install::Microsoft.OneConnect_8wekyb3d8bbwe' is removed for S-1-5-21-1283774291-1801764544-247059453-500, tasks: 26"
231,6/23/2025 1:05:10 AM,Microsoft-Windows-AppReadiness,4,213,'Microsoft.OneConnect_8wekyb3d8bbwe' install succeeded for S-1-5-21-1283774291-1801764544-247059453-500. (0.4062763 seconds)
232,6/23/2025 1:05:10 AM,Microsoft-Windows-AppReadiness,4,241,"Task 'install::Microsoft.MSPaint_8wekyb3d8bbwe' is removed for S-1-5-21-1283774291-1801764544-247059453-500, tasks: 25"
233,6/23/2025 1:05:10 AM,Microsoft-Windows-AppReadiness,4,213,'Microsoft.MSPaint_8wekyb3d8bbwe' install succeeded for S-1-5-21-1283774291-1801764544-247059453-500. (0.7813106 seconds)
234,6/23/2025 1:05:10 AM,Microsoft-Windows-AppReadiness,4,241,"Task 'install::Microsoft.People_8wekyb3d8bbwe' is removed for S-1-5-21-1283774291-1801764544-247059453-500, tasks: 24"
235,6/23/2025 1:05:10 AM,Microsoft-Windows-AppReadiness,4,213,'Microsoft.People_8wekyb3d8bbwe' install succeeded for S-1-5-21-1283774291-1801764544-247059453-500. (0.4056683 seconds)
236,6/23/2025 1:05:11 AM,Microsoft-Windows-AppReadiness,4,241,"Task 'install::Microsoft.Print3D_8wekyb3d8bbwe' is removed for S-1-5-21-1283774291-1801764544-247059453-500, tasks: 23"
237,6/23/2025 1:05:11 AM,Microsoft-Windows-AppReadiness,4,213,'Microsoft.Print3D_8wekyb3d8bbwe' install succeeded for S-1-5-21-1283774291-1801764544-247059453-500. (0.3750347 seconds)
238,6/23/2025 1:05:11 AM,Microsoft-Windows-AppReadiness,4,241,"Task 'install::Microsoft.ScreenSketch_8wekyb3d8bbwe' is removed for S-1-5-21-1283774291-1801764544-247059453-500, tasks: 22"
239,6/23/2025 1:05:11 AM,Microsoft-Windows-AppReadiness,4,213,'Microsoft.ScreenSketch_8wekyb3d8bbwe' install succeeded for S-1-5-21-1283774291-1801764544-247059453-500. (0.4375224 seconds)
240,6/23/2025 1:05:11 AM,Microsoft-Windows-AppReadiness,4,241,"Task 'install::Microsoft.VP9VideoExtensions_8wekyb3d8bbwe' is removed for S-1-5-21-1283774291-1801764544-247059453-500, tasks: 21"
241,6/23/2025 1:05:11 AM,Microsoft-Windows-AppReadiness,4,213,'Microsoft.VP9VideoExtensions_8wekyb3d8bbwe' install succeeded for S-1-5-21-1283774291-1801764544-247059453-500. (0.3906418 seconds)
242,6/23/2025 1:05:11 AM,Microsoft-Windows-AppReadiness,4,241,"Task 'install::Microsoft.StorePurchaseApp_8wekyb3d8bbwe' is removed for S-1-5-21-1283774291-1801764544-247059453-500, tasks: 20"
243,6/23/2025 1:05:11 AM,Microsoft-Windows-AppReadiness,4,213,'Microsoft.StorePurchaseApp_8wekyb3d8bbwe' install succeeded for S-1-5-21-1283774291-1801764544-247059453-500. (0.7187968 seconds)
244,6/23/2025 1:05:11 AM,Microsoft-Windows-AppReadiness,4,241,"Task 'install::Microsoft.Wallet_8wekyb3d8bbwe' is removed for S-1-5-21-1283774291-1801764544-247059453-500, tasks: 19"
245,6/23/2025 1:05:11 AM,Microsoft-Windows-AppReadiness,4,213,'Microsoft.Wallet_8wekyb3d8bbwe' install succeeded for S-1-5-21-1283774291-1801764544-247059453-500. (0.4375282 seconds)
246,6/23/2025 1:05:11 AM,Microsoft-Windows-AppReadiness,4,241,"Task 'install::Microsoft.WebMediaExtensions_8wekyb3d8bbwe' is removed for S-1-5-21-1283774291-1801764544-247059453-500, tasks: 18"
247,6/23/2025 1:05:11 AM,Microsoft-Windows-AppReadiness,4,213,'Microsoft.WebMediaExtensions_8wekyb3d8bbwe' install succeeded for S-1-5-21-1283774291-1801764544-247059453-500. (0.3750257 seconds)
248,6/23/2025 1:05:12 AM,Microsoft-Windows-AppReadiness,4,241,"Task 'install::Microsoft.Windows.Photos_8wekyb3d8bbwe' is removed for S-1-5-21-1283774291-1801764544-247059453-500, tasks: 17"
249,6/23/2025 1:05:12 AM,Microsoft-Windows-AppReadiness,4,213,'Microsoft.Windows.Photos_8wekyb3d8bbwe' install succeeded for S-1-5-21-1283774291-1801764544-247059453-500. (0.3750259 seconds)
250,6/23/2025 1:05:12 AM,Microsoft-Windows-AppReadiness,4,241,"Task 'install::Microsoft.WebpImageExtension_8wekyb3d8bbwe' is removed for S-1-5-21-1283774291-1801764544-247059453-500, tasks: 16"
251,6/23/2025 1:05:12 AM,Microsoft-Windows-AppReadiness,4,213,'Microsoft.WebpImageExtension_8wekyb3d8bbwe' install succeeded for S-1-5-21-1283774291-1801764544-247059453-500. (0.6094238 seconds)
252,6/23/2025 1:05:12 AM,Microsoft-Windows-AppReadiness,4,241,"Task 'install::Microsoft.WindowsCalculator_8wekyb3d8bbwe' is removed for S-1-5-21-1283774291-1801764544-247059453-500, tasks: 15"
253,6/23/2025 1:05:12 AM,Microsoft-Windows-AppReadiness,4,213,'Microsoft.WindowsCalculator_8wekyb3d8bbwe' install succeeded for S-1-5-21-1283774291-1801764544-247059453-500. (0.4375301 seconds)
254,6/23/2025 1:05:12 AM,Microsoft-Windows-AppReadiness,4,241,"Task 'install::Microsoft.WindowsCamera_8wekyb3d8bbwe' is removed for S-1-5-21-1283774291-1801764544-247059453-500, tasks: 14"
255,6/23/2025 1:05:12 AM,Microsoft-Windows-AppReadiness,4,213,'Microsoft.WindowsCamera_8wekyb3d8bbwe' install succeeded for S-1-5-21-1283774291-1801764544-247059453-500. (0.3906505 seconds)
256,6/23/2025 1:05:12 AM,Microsoft-Windows-AppReadiness,4,241,"Task 'install::Microsoft.WindowsMaps_8wekyb3d8bbwe' is removed for S-1-5-21-1283774291-1801764544-247059453-500, tasks: 13"
257,6/23/2025 1:05:12 AM,Microsoft-Windows-AppReadiness,4,213,'Microsoft.WindowsMaps_8wekyb3d8bbwe' install succeeded for S-1-5-21-1283774291-1801764544-247059453-500. (0.4219107 seconds)
258,6/23/2025 1:05:12 AM,Microsoft-Windows-AppReadiness,4,241,"Task 'install::Microsoft.WindowsSoundRecorder_8wekyb3d8bbwe' is removed for S-1-5-21-1283774291-1801764544-247059453-500, tasks: 12"
259,6/23/2025 1:05:12 AM,Microsoft-Windows-AppReadiness,4,213,'Microsoft.WindowsSoundRecorder_8wekyb3d8bbwe' install succeeded for S-1-5-21-1283774291-1801764544-247059453-500. (0.3750252 seconds)
260,6/23/2025 1:05:13 AM,Microsoft-Windows-AppReadiness,4,241,"Task 'install::Microsoft.WindowsFeedbackHub_8wekyb3d8bbwe' is removed for S-1-5-21-1283774291-1801764544-247059453-500, tasks: 11"
261,6/23/2025 1:05:13 AM,Microsoft-Windows-AppReadiness,4,213,'Microsoft.WindowsFeedbackHub_8wekyb3d8bbwe' install succeeded for S-1-5-21-1283774291-1801764544-247059453-500. (0.8750516 seconds)
262,6/23/2025 1:05:13 AM,Microsoft-Windows-AppReadiness,4,241,"Task 'install::Microsoft.WindowsStore_8wekyb3d8bbwe' is removed for S-1-5-21-1283774291-1801764544-247059453-500, tasks: 10"
263,6/23/2025 1:05:13 AM,Microsoft-Windows-AppReadiness,4,213,'Microsoft.WindowsStore_8wekyb3d8bbwe' install succeeded for S-1-5-21-1283774291-1801764544-247059453-500. (0.3602668 seconds)
264,6/23/2025 1:05:13 AM,Microsoft-Windows-AppReadiness,4,241,"Task 'install::Microsoft.Xbox.TCUI_8wekyb3d8bbwe' is removed for S-1-5-21-1283774291-1801764544-247059453-500, tasks: 9"
265,6/23/2025 1:05:13 AM,Microsoft-Windows-AppReadiness,4,213,'Microsoft.Xbox.TCUI_8wekyb3d8bbwe' install succeeded for S-1-5-21-1283774291-1801764544-247059453-500. (0.4375377 seconds)
