123,6/23/2025 6:20:06 PM,Microsoft-Windows-PowerShell,3,4104,"Creating Scriptblock text (3 of 4): Task' -Alias '*'          function Set-ClusteredScheduledTask {     [CmdletBinding(PositionalBinding=$false)]          [OutputType([Microsoft.Management.Infrastructure.CimInstance])][OutputType('Microsoft.Management.Infrastructure.CimInstance#MSFT_ClusteredScheduledTask')][OutputType([Microsoft.Management.Infrastructure.CimInstance])][OutputType('Microsoft.Management.Infrastructure.CimInstance#MSFT_ClusteredScheduledTask')][OutputType([Microsoft.Management.Infrastructure.CimInstance])][OutputType('Microsoft.Management.Infrastructure.CimInstance#MSFT_ClusteredScheduledTask')]     param(          [Parameter(ParameterSetName='Object', Mandatory=$true, Position=0)]     [Parameter(ParameterSetName='Params', Mandatory=$true, Position=0)]     [Parameter(ParameterSetName='Xml', Mandatory=$true, Position=0)]     [ValidateNotNull()]     [ValidateNotNullOrEmpty()]     [string]     ${TaskName},     [Parameter(ParameterSetName='Object', Position=2)]     [Parameter(ParameterSetName='Params', Position=5)]     [Parameter(ParameterSetName='Xml', Position=2)]     [ValidateNotNull()]     [ValidateNotNullOrEmpty()]     [string]     ${Cluster},     [Parameter(ParameterSetName='Object', Mandatory=$true, Position=1, ValueFromPipeline=$true)]     [PSTypeName('Microsoft.Management.Infrastructure.CimInstance#MSFT_ScheduledTask')]     [ValidateNotNull()]     [ValidateNotNullOrEmpty()]     [ciminstance]     ${InputObject},     [Parameter(ParameterSetName='Params', Position=1)]     [PSTypeName('Microsoft.Management.Infrastructure.CimInstance#MSFT_TaskAction')]     [ValidateNotNull()]     [ValidateNotNullOrEmpty()]     [ciminstance[]]     ${Action},     [Parameter(ParameterSetName='Params', Position=3)]     [PSTypeName('Microsoft.Management.Infrastructure.CimInstance#MSFT_TaskSettings')]     [ValidateNotNull()]     [ValidateNotNullOrEmpty()]     [ciminstance]     ${Settings},     [Parameter(ParameterSetName='Params', Position=2)]     [PSTypeName('Microsoft.Management.Infrastructure.CimInstance#MSFT_TaskTrigger')]     [ValidateNotNull()]     [ValidateNotNullOrEmpty()]     [ciminstance[]]     ${Trigger},     [Parameter(ParameterSetName='Params', Position=4)]     [ValidateNotNull()]     [ValidateNotNullOrEmpty()]     [string]     ${Description},     [Parameter(ParameterSetName='Xml', Mandatory=$true, Position=1, ValueFromPipeline=$true)]     [ValidateNotNull()]     [ValidateNotNullOrEmpty()]     [string]     ${Xml},     [Parameter(ParameterSetName='Object')]     [Parameter(ParameterSetName='Params')]     [Parameter(ParameterSetName='Xml')]     [Alias('Session')]     [ValidateNotNullOrEmpty()]     [CimSession[]]     ${CimSession},     [Parameter(ParameterSetName='Object')]     [Parameter(ParameterSetName='Params')]     [Parameter(ParameterSetName='Xml')]     [int]     ${ThrottleLimit},     [Parameter(ParameterSetName='Object')]     [Parameter(ParameterSetName='Params')]     [Parameter(ParameterSetName='Xml')]     [switch]     ${AsJob})     DynamicParam {         try          {             if (-not $__cmdletization_exceptionHasBeenThrown)             {                 $__cmdletization_objectModelWrapper = $script:ObjectModelWrapper::new()                 $__cmdletization_objectModelWrapper.Initialize($PSCmdlet, $script:ClassName, $script:ClassVersion, $script:ModuleVersion, $script:PrivateData)                 if ($__cmdletization_objectModelWrapper -is [System.Management.Automation.IDynamicParameters])                 {                     ([System.Management.Automation.IDynamicParameters]$__cmdletization_objectModelWrapper).GetDynamicParameters()                 }             }         }         catch         {             $__cmdletization_exceptionHasBeenThrown = $true             throw         }     }     Begin {         $__cmdletization_exceptionHasBeenThrown = $false         try          {             __cmdletization_BindCommonParameters $__cmdletization_objectModelWrapper $PSBoundParameters             $__cmdletization_objectModelWrapper.BeginProcessing()         }         catch         {             $__cmdletization_exceptionHasBeenThrown = $true             throw         }     }              Process {         try          {             if (-not $__cmdletization_exceptionHasBeenThrown)             {       $__cmdletization_methodParameters = [System.Collections.Generic.List[Microsoft.PowerShell.Cmdletization.MethodParameter]]::new()       switch -exact ($PSCmdlet.ParameterSetName) {          { @('Object') -contains $_ } {         [object]$__cmdletization_defaultValue = $null         [object]$__cmdletization_defaultValueIsPresent = $false         if ($PSBoundParameters.ContainsKey('TaskName')) {           [object]$__cmdletization_value = ${TaskName}           $__cmdletization_methodParameter = [Microsoft.PowerShell.Cmdletization.MethodParameter]@{Name = 'TaskName'; ParameterType = 'System.String'; Bindings = 'In'; Value = $__cmdletization_value; IsValuePresent = $true}         } else {           $__cmdletization_methodParameter = [Microsoft.PowerShell.Cmdletization.MethodParameter]@{Name = 'TaskName'; ParameterType = 'System.String'; Bindings = 'In'; Value = $__cmdletization_defaultValue; IsValuePresent = $__cmdletization_defaultValueIsPresent}         }         $__cmdletization_methodParameters.Add($__cmdletization_methodParameter)         [object]$__cmdletization_defaultValue = $null         [object]$__cmdletization_defaultValueIsPresent = $false         if ($PSBoundParameters.ContainsKey('Cluster')) {           [object]$__cmdletization_value = ${Cluster}           $__cmdletization_methodParameter = [Microsoft.PowerShell.Cmdletization.MethodParameter]@{Name = 'Cluster'; ParameterType = 'System.String'; Bindings = 'In'; Value = $__cmdletization_value; IsValuePresent = $true}         } else {           $__cmdletization_methodParameter = [Microsoft.PowerShell.Cmdletization.MethodParameter]@{Name = 'Cluster'; ParameterType = 'System.String'; Bindings = 'In'; Value = $__cmdletization_defaultValue; IsValuePresent = $__cmdletization_defaultValueIsPresent}         }         $__cmdletization_methodParameters.Add($__cmdletization_methodParameter)         [object]$__cmdletization_defaultValue = $null         [object]$__cmdletization_defaultValueIsPresent = $false         if ($PSBoundParameters.ContainsKey('InputObject')) {           [object]$__cmdletization_value = ${InputObject}           $__cmdletization_methodParameter = [Microsoft.PowerShell.Cmdletization.MethodParameter]@{Name = 'InputObject'; ParameterType = 'Microsoft.Management.Infrastructure.CimInstance'; Bindings = 'In'; Value = $__cmdletization_value; IsValuePresent = $true}         } else {           $__cmdletization_methodParameter = [Microsoft.PowerShell.Cmdletization.MethodParameter]@{Name = 'InputObject'; ParameterType = 'Microsoft.Management.Infrastructure.CimInstance'; Bindings = 'In'; Value = $__cmdletization_defaultValue; IsValuePresent = $__cmdletization_defaultValueIsPresent}         }         $__cmdletization_methodParameter.ParameterTypeName = 'Microsoft.Management.Infrastructure.CimInstance#MSFT_ScheduledTask'         $__cmdletization_methodParameters.Add($__cmdletization_methodParameter)         [object]$__cmdletization_defaultValue = $null         [object]$__cmdletization_defaultValueIsPresent = $false           $__cmdletization_methodParameter = [Microsoft.PowerShell.Cmdletization.MethodParameter]@{Name = 'CmdletOutput'; ParameterType = 'Microsoft.Management.Infrastructure.CimInstance'; Bindings = 'Out'; Value = $__cmdletization_defaultValue; IsValuePresent = $__cmdletization_defaultValueIsPresent}         $__cmdletization_methodParameter.ParameterTypeName = 'Microsoft.Management.Infrastructure.CimInstance#MSFT_ClusteredScheduledTask'         $__cmdletization_methodParameters.Add($__cmdletization_methodParameter)       $__cmdletization_returnValue = [Microsoft.PowerShell.Cmdletization.MethodParameter]@{ Name = 'ReturnValue'; ParameterType = 'System.Int32'; Bindings = 'Error'; Value = $null; IsValuePresent = $false }       $__cmdletization_methodInvocationInfo = [Microsoft.PowerShell.Cmdletization.MethodInvocationInfo]::new('SetByObject', $__cmdletization_methodParameters, $__cmdletization_returnValue)       $__cmdletization_objectModelWrapper.ProcessRecord($__cmdletization_methodInvocationInfo)         }         { @('Params') -contains $_ } {         [object]$__cmdletization_defaultValue = $null         [object]$__cmdletization_defaultValueIsPresent = $false         if ($PSBoundParameters.ContainsKey('Action')) {           [object]$__cmdletization_value = ${Action}           $__cmdletization_methodParameter = [Microsoft.PowerShell.Cmdletization.MethodParameter]@{Name = 'Action'; ParameterType = 'Microsoft.Management.Infrastructure.CimInstance[]'; Bindings = 'In'; Value = $__cmdletization_value; IsValuePresent = $true}         } else {           $__cmdletization_methodParameter = [Microsoft.PowerShell.Cmdletization.MethodParameter]@{Name = 'Action'; ParameterType = 'Microsoft.Management.Infrastructure.CimInstance[]'; Bindings = 'In'; Value = $__cmdletization_defaultValue; IsValuePresent = $__cmdletization_defaultValueIsPresent}         }         $__cmdletization_methodParameter.ParameterTypeName = 'Microsoft.Management.Infrastructure.CimInstance#MSFT_TaskAction'         $__cmdletization_methodParameters.Add($__cmdletization_methodParameter)         [object]$__cmdletization_defaultValue = $null         [object]$__cmdletization_defaultValueIsPresent = $false         if ($PSBoundParameters.ContainsKey('Settings')) {           [object]$__cmdletization_value = ${Settings}           $__cmdletization_methodParameter = [Microsoft.PowerShell.Cmdletization.MethodParameter]@{Name = 'Settings'; ParameterType = 'Microsoft.Management.Infrastructure.CimInstance'; Bindings = 'In'; Value = $__cmdletization_value; IsValuePresent = $true}         } else {           $__cmdletization_methodParameter = [Microsoft.PowerShell.Cmdletization.MethodParameter]@{Name = 'Settings'; ParameterType = 'Microsoft.Management.Infrastructure.CimInstance'; Bindings = 'In'; Value = $__cmdletization_defaultValue; IsValuePresent = $__cmdletization_defaultValueIsPresent}         }         $__cmdletization_methodParameter.ParameterTypeName = 'Microsoft.Management.Infrastructure.CimInstance#MSFT_TaskSettings'         $__cmdletization_methodParameters.Add($__cmdletization_methodParameter)         [object]$__cmdletization_defaultValue = $null         [object]$__cmdletization_defaultValueIsPresent = $false         if ($PSBoundParameters.ContainsKey('Cluster')) {           [object]$__cmdletization_value = ${Cluster}           $__cmdletization_methodParameter = [Microsoft.PowerShell.Cmdletization.MethodParameter]@{Name = 'Cluster'; ParameterType = 'System.String'; Bindings = 'In'; Value = $__cmdletization_value; IsValuePresent = $true}         } else {           $__cmdletization_methodParameter = [Microsoft.PowerShell.Cmdletization.MethodParameter]@{Name = 'Cluster'; ParameterType = 'System.String'; Bindings = 'In'; Value = $__cmdletization_defaultValue; IsValuePresent = $__cmdletization_defaultValueIsPresent}         }         $__cmdletization_methodParameters.Add($__cmdletization_methodParameter)         [object]$__cmdletization_defaultValue = $null         [object]$__cmdletization_defaultValueIsPresent = $false         if ($PSBoundParameters.ContainsKey('TaskName')) {           [object]$__cmdletization_value = ${TaskName}           $__cmdletization_methodParameter = [Microsoft.PowerShell.Cmdletization.MethodParameter]@{Name = 'TaskName'; ParameterType = 'System.String'; Bindings = 'In'; Value = $__cmdletization_value; IsValuePresent = $true}         } else {           $__cmdletization_methodParameter = [Microsoft.PowerShell.Cmdletization.MethodParameter]@{Name = 'TaskName'; ParameterType = 'System.String'; Bindings = 'In'; Value = $__cmdletization_defaultValue; IsValuePresent = $__cmdletization_defaultValueIsPresent}         }         $__cmdletization_methodParameters.Add($__cmdletization_methodParameter)         [object]$__cmdletization_defaultValue = $null         [object]$__cmdletization_defaultValueIsPresent = $false         if ($PSBoundParameters.ContainsKey('Trigger')) {           [object]$__cmdletization_value = ${Trigger}           $__cmdletization_methodParameter = [Microsoft.PowerShell.Cmdletization.MethodParameter]@{Name = 'Trigger'; ParameterType = 'Microsoft.Management.Infrastructure.CimInstance[]'; Bindings = 'In'; Value = $__cmdletization_value; IsValuePresent = $true}         } else {           $__cmdletization_methodParameter = [Microsoft.PowerShell.Cmdletization.MethodParameter]@{Name = 'Trigger'; ParameterType = 'Microsoft.Management.Infrastructure.CimInstance[]'; Bindings = 'In'; Value = $__cmdletization_defaultValue; IsValuePresent = $__cmdletization_defaultValueIsPresent}         }         $__cmdletization_methodParameter.ParameterTypeName = 'Microsoft.Management.Infrastructure.CimInstance#MSFT_TaskTrigger'         $__cmdletization_methodParameters.Add($__cmdletization_methodParameter)         [object]$__cmdletization_defaultValue = $null         [object]$__cmdletization_defaultValueIsPresent = $false         if ($PSBoundParameters.ContainsKey('Description')) {           [object]$__cmdletization_value = ${Description}           $__cmdletization_methodParameter = [Microsoft.PowerShell.Cmdletization.MethodParameter]@{Name = 'Description'; ParameterType = 'System.String'; Bindings = 'In'; Value = $__cmdletization_value; IsValuePresent = $true}         } else {           $__cmdletization_methodParameter = [Microsoft.PowerShell.Cmdletization.MethodParameter]@{Name = 'Description'; ParameterType = 'System.String'; Bindings = 'In'; Value = $__cmdletization_defaultValue; IsValuePresent = $__cmdletization_defaultValueIsPresent}         }         $__cmdletization_methodParameters.Add($__cmdletization_methodParameter)         [object]$__cmdletization_defaultValue = $null         [object]$__cmdletization_defaultValueIsPresent = $false           $__cmdletization_methodParameter = [Microsoft.PowerShell.Cmdletization.MethodParameter]@{Name = 'CmdletOutput'; ParameterType = 'Microsoft.Management.Infrastructure.CimInstance'; Bindings = 'Out'; Value = $__cmdletization_defaultValue; IsValuePresent = $__cmdletization_defaultValueIsPresent}         $__cmdletization_methodParameter.ParameterTypeName = 'Microsoft.Management.Infrastructure.CimInstance#MSFT_ClusteredScheduledTask'         $__cmdletization_methodParameters.Add($__cmdletization_methodParameter)       $__cmdletization_returnValue = [Microsoft.PowerShell.Cmdletization.MethodParameter]@{ Name = 'ReturnValue'; ParameterType = 'System.Int32'; Bindings = 'Error'; Value = $null; IsValuePresent = $false }       $__cmdletization_methodInvocationInfo = [Microsoft.PowerShell.Cmdletization.MethodInvocationInfo]::new('SetByParams', $__cmdletization_methodParameters, $__cmdletization_returnValue)       $__cmdletization_objectModelWrapper.ProcessRecord($__cmdletization_methodInvocationInfo)         }         { @('Xml') -contains $_ } {         [object]$__cmdletization_defaultValue = $null         [object]$__cmdletization_defaultValueIsPresent = $false         if ($PSBoundParameters.ContainsKey('Xml')) {           [object]$__cmdletization_value = ${Xml}           $__cmdletization_methodParameter = [Microsoft.PowerShell.Cmdletization.MethodParameter]@{Name = 'Xml'; ParameterType = 'System.String'; Bindings = 'In'; Value = $__cmdletization_value; IsValuePresent = $true}         } else {           $__cmdletization_methodParameter = [Microsoft.PowerShell.Cmdletization.MethodParameter]@{Name = 'Xml'; ParameterType = 'System.String'; Bindings = 'In'; Value = $__cmdletization_defaultValue; IsValuePresent = $__cmdletization_defaultValueIsPresent}         }         $__cmdletization_methodParameters.Add($__cmdletization_methodParameter)         [object]$__cmdletization_defaultValue = $null         [object]$__cmdletization_defaultValueIsPresent = $false         if ($PSBoundParameters.ContainsKey('Cluster')) {           [object]$__cmdletization_value = ${Cluster}           $__cmdletization_methodParameter = [Microsoft.PowerShell.Cmdletization.MethodParameter]@{Name = 'Cluster'; ParameterType = 'System.String'; Bindings = 'In'; Value = $__cmdletization_value; IsValuePresent = $true}         } else {           $__cmdletization_methodParameter = [Microsoft.PowerShell.Cmdletization.MethodParameter]@{Name = 'Cluster'; ParameterType = 'System.String'; Bindings = 'In'; Value = $__cmdletization_defaultValue; IsValuePresent = $__cmdletization_defaultValueIsPresent}         }         $__cmdletization_methodParameters.Add($__cmdletization_methodParameter)     ScriptBlock ID: 6d51ca22-9f8d-4470-81b1-ce3ed080181c Path: "
124,6/23/2025 6:20:06 PM,Microsoft-Windows-PowerShell,3,4104,"Creating Scriptblock text (4 of 4):      [object]$__cmdletization_defaultValue = $null         [object]$__cmdletization_defaultValueIsPresent = $false         if ($PSBoundParameters.ContainsKey('TaskName')) {           [object]$__cmdletization_value = ${TaskName}           $__cmdletization_methodParameter = [Microsoft.PowerShell.Cmdletization.MethodParameter]@{Name = 'TaskName'; ParameterType = 'System.String'; Bindings = 'In'; Value = $__cmdletization_value; IsValuePresent = $true}         } else {           $__cmdletization_methodParameter = [Microsoft.PowerShell.Cmdletization.MethodParameter]@{Name = 'TaskName'; ParameterType = 'System.String'; Bindings = 'In'; Value = $__cmdletization_defaultValue; IsValuePresent = $__cmdletization_defaultValueIsPresent}         }         $__cmdletization_methodParameters.Add($__cmdletization_methodParameter)         [object]$__cmdletization_defaultValue = $null         [object]$__cmdletization_defaultValueIsPresent = $false           $__cmdletization_methodParameter = [Microsoft.PowerShell.Cmdletization.MethodParameter]@{Name = 'CmdletOutput'; ParameterType = 'Microsoft.Management.Infrastructure.CimInstance'; Bindings = 'Out'; Value = $__cmdletization_defaultValue; IsValuePresent = $__cmdletization_defaultValueIsPresent}         $__cmdletization_methodParameter.ParameterTypeName = 'Microsoft.Management.Infrastructure.CimInstance#MSFT_ClusteredScheduledTask'         $__cmdletization_methodParameters.Add($__cmdletization_methodParameter)       $__cmdletization_returnValue = [Microsoft.PowerShell.Cmdletization.MethodParameter]@{ Name = 'ReturnValue'; ParameterType = 'System.Int32'; Bindings = 'Error'; Value = $null; IsValuePresent = $false }       $__cmdletization_methodInvocationInfo = [Microsoft.PowerShell.Cmdletization.MethodInvocationInfo]::new('SetByXml', $__cmdletization_methodParameters, $__cmdletization_returnValue)       $__cmdletization_objectModelWrapper.ProcessRecord($__cmdletization_methodInvocationInfo)         }     }             }         }         catch         {             $__cmdletization_exceptionHasBeenThrown = $true             throw         }     }              End {         try         {             if (-not $__cmdletization_exceptionHasBeenThrown)             {                 $__cmdletization_objectModelWrapper.EndProcessing()             }         }         catch         {             throw         }     }     # .EXTERNALHELP PS_ClusteredScheduledTask_v1.0.cdxml-Help.xml } Microsoft.PowerShell.Core\Export-ModuleMember -Function 'Set-ClusteredScheduledTask' -Alias '*'          function Unregister-ClusteredScheduledTask {     [CmdletBinding(PositionalBinding=$false)]               param(          [Parameter(ParameterSetName='Name', Position=1)]     [ValidateNotNull()]     [ValidateNotNullOrEmpty()]     [string]     ${Cluster},     [Parameter(ParameterSetName='Name', Mandatory=$true, Position=0)]     [ValidateNotNull()]     [ValidateNotNullOrEmpty()]     [string]     ${TaskName},     [Parameter(ParameterSetName='Object', Position=0, ValueFromPipeline=$true)]     [PSTypeName('Microsoft.Management.Infrastructure.CimInstance#MSFT_ClusteredScheduledTask')]     [ValidateNotNull()]     [ValidateNotNullOrEmpty()]     [ciminstance]     ${InputObject},     [Parameter(ParameterSetName='Name')]     [Parameter(ParameterSetName='Object')]     [Alias('Session')]     [ValidateNotNullOrEmpty()]     [CimSession[]]     ${CimSession},     [Parameter(ParameterSetName='Name')]     [Parameter(ParameterSetName='Object')]     [int]     ${ThrottleLimit},     [Parameter(ParameterSetName='Name')]     [Parameter(ParameterSetName='Object')]     [switch]     ${AsJob})     DynamicParam {         try          {             if (-not $__cmdletization_exceptionHasBeenThrown)             {                 $__cmdletization_objectModelWrapper = $script:ObjectModelWrapper::new()                 $__cmdletization_objectModelWrapper.Initialize($PSCmdlet, $script:ClassName, $script:ClassVersion, $script:ModuleVersion, $script:PrivateData)                 if ($__cmdletization_objectModelWrapper -is [System.Management.Automation.IDynamicParameters])                 {                     ([System.Management.Automation.IDynamicParameters]$__cmdletization_objectModelWrapper).GetDynamicParameters()                 }             }         }         catch         {             $__cmdletization_exceptionHasBeenThrown = $true             throw         }     }     Begin {         $__cmdletization_exceptionHasBeenThrown = $false         try          {             __cmdletization_BindCommonParameters $__cmdletization_objectModelWrapper $PSBoundParameters             $__cmdletization_objectModelWrapper.BeginProcessing()         }         catch         {             $__cmdletization_exceptionHasBeenThrown = $true             throw         }     }              Process {         try          {             if (-not $__cmdletization_exceptionHasBeenThrown)             {       $__cmdletization_methodParameters = [System.Collections.Generic.List[Microsoft.PowerShell.Cmdletization.MethodParameter]]::new()       switch -exact ($PSCmdlet.ParameterSetName) {          { @('Name') -contains $_ } {         [object]$__cmdletization_defaultValue = $null         [object]$__cmdletization_defaultValueIsPresent = $false         if ($PSBoundParameters.ContainsKey('Cluster')) {           [object]$__cmdletization_value = ${Cluster}           $__cmdletization_methodParameter = [Microsoft.PowerShell.Cmdletization.MethodParameter]@{Name = 'Cluster'; ParameterType = 'System.String'; Bindings = 'In'; Value = $__cmdletization_value; IsValuePresent = $true}         } else {           $__cmdletization_methodParameter = [Microsoft.PowerShell.Cmdletization.MethodParameter]@{Name = 'Cluster'; ParameterType = 'System.String'; Bindings = 'In'; Value = $__cmdletization_defaultValue; IsValuePresent = $__cmdletization_defaultValueIsPresent}         }         $__cmdletization_methodParameters.Add($__cmdletization_methodParameter)         [object]$__cmdletization_defaultValue = $null         [object]$__cmdletization_defaultValueIsPresent = $false         if ($PSBoundParameters.ContainsKey('TaskName')) {           [object]$__cmdletization_value = ${TaskName}           $__cmdletization_methodParameter = [Microsoft.PowerShell.Cmdletization.MethodParameter]@{Name = 'TaskName'; ParameterType = 'System.String'; Bindings = 'In'; Value = $__cmdletization_value; IsValuePresent = $true}         } else {           $__cmdletization_methodParameter = [Microsoft.PowerShell.Cmdletization.MethodParameter]@{Name = 'TaskName'; ParameterType = 'System.String'; Bindings = 'In'; Value = $__cmdletization_defaultValue; IsValuePresent = $__cmdletization_defaultValueIsPresent}         }         $__cmdletization_methodParameters.Add($__cmdletization_methodParameter)       $__cmdletization_returnValue = [Microsoft.PowerShell.Cmdletization.MethodParameter]@{ Name = 'ReturnValue'; ParameterType = 'System.Int32'; Bindings = 'Error'; Value = $null; IsValuePresent = $false }       $__cmdletization_methodInvocationInfo = [Microsoft.PowerShell.Cmdletization.MethodInvocationInfo]::new('UnregisterByName', $__cmdletization_methodParameters, $__cmdletization_returnValue)       $__cmdletization_objectModelWrapper.ProcessRecord($__cmdletization_methodInvocationInfo)         }         { @('Object') -contains $_ } {         [object]$__cmdletization_defaultValue = $null         [object]$__cmdletization_defaultValueIsPresent = $false         if ($PSBoundParameters.ContainsKey('InputObject')) {           [object]$__cmdletization_value = ${InputObject}           $__cmdletization_methodParameter = [Microsoft.PowerShell.Cmdletization.MethodParameter]@{Name = 'InputObject'; ParameterType = 'Microsoft.Management.Infrastructure.CimInstance'; Bindings = 'In'; Value = $__cmdletization_value; IsValuePresent = $true}         } else {           $__cmdletization_methodParameter = [Microsoft.PowerShell.Cmdletization.MethodParameter]@{Name = 'InputObject'; ParameterType = 'Microsoft.Management.Infrastructure.CimInstance'; Bindings = 'In'; Value = $__cmdletization_defaultValue; IsValuePresent = $__cmdletization_defaultValueIsPresent}         }         $__cmdletization_methodParameter.ParameterTypeName = 'Microsoft.Management.Infrastructure.CimInstance#MSFT_ClusteredScheduledTask'         $__cmdletization_methodParameters.Add($__cmdletization_methodParameter)       $__cmdletization_returnValue = [Microsoft.PowerShell.Cmdletization.MethodParameter]@{ Name = 'ReturnValue'; ParameterType = 'System.Int32'; Bindings = 'Error'; Value = $null; IsValuePresent = $false }       $__cmdletization_methodInvocationInfo = [Microsoft.PowerShell.Cmdletization.MethodInvocationInfo]::new('UnregisterByObject', $__cmdletization_methodParameters, $__cmdletization_returnValue)       $__cmdletization_objectModelWrapper.ProcessRecord($__cmdletization_methodInvocationInfo)         }     }             }         }         catch         {             $__cmdletization_exceptionHasBeenThrown = $true             throw         }     }              End {         try         {             if (-not $__cmdletization_exceptionHasBeenThrown)             {                 $__cmdletization_objectModelWrapper.EndProcessing()             }         }         catch         {             throw         }     }     # .EXTERNALHELP PS_ClusteredScheduledTask_v1.0.cdxml-Help.xml } Microsoft.PowerShell.Core\Export-ModuleMember -Function 'Unregister-ClusteredScheduledTask' -Alias '*'          ScriptBlock ID: 6d51ca22-9f8d-4470-81b1-ce3ed080181c Path: "
125,6/23/2025 6:20:06 PM,Microsoft-Windows-PowerShell,3,4100,"Error Message = Could not find a part of the path 'C:\Users\Administrator\Desktop\log\!-first-disable-scheduled-task.log'. Fully Qualified Error ID = FileOpenFailure,Microsoft.PowerShell.Commands.OutFileCommand Context:         Severity = Warning         Host Name = ConsoleHost         Host Version = 5.1.18362.145         Host ID = 2590effd-030e-492f-8e0e-786007dade1b         Host Application = C:\Windows\System32\WindowsPowerShell\v1.0\powershell.exe -ExecutionPolicy Bypass -File C:\Users\Administrator\Desktop\.ps1\!-first-disable-scheduled-task.ps1         Engine Version = 5.1.18362.145         Runspace ID = 6b5a9a62-fdf2-4fd7-8d4e-3dffde353345         Pipeline ID = 1         Command Name = Out-File         Command Type = Cmdlet         Script Name = C:\Users\Administrator\Desktop\.ps1\!-first-disable-scheduled-task.ps1         Command Path =          Sequence Number = 18         User = DESKTOP-CJNBGDQ\Administrator         Connected User =          Shell ID = Microsoft.PowerShell User Data: "
130,6/23/2025 6:20:30 PM,Microsoft-Windows-PowerShell,3,4104,Creating Scriptblock text (1 of 1): if((Get-ExecutionPolicy ) -ne 'AllSigned') { Set-ExecutionPolicy -Scope Process Bypass }; & 'C:\Users\Administrator\Desktop\RescueKit\disable-services.ps1' ScriptBlock ID: f36f1514-952d-4e03-9a6f-696823bb94c3 Path: 
134,6/23/2025 6:23:32 PM,Microsoft-Windows-PowerShell,3,4104,"Creating Scriptblock text (1 of 1): # Dispatcher: RescueKit-Audit $basePath = Split-Path -Parent $MyInvocation.MyCommand.Definition $log      = ""$basePath\logs\first-run.log"" $state    = ""$basePath\state"" $flagFirst = ""$state\first-run.flag"" $flagIdle  = ""$state\idling.flag"" $flagDone  = ""$state\intervention-complete.flag"" $json      = ""$state\disabled-services.json"" New-Item $log -ItemType File -Force | Out-Null ""[$(Get-Date)] RescueKit: Starting dispatcher"" | Out-File $log -Append # Exit early if already completed if (Test-Path $flagDone) {     ""Intervention previously marked complete."" | Out-File $log -Append     exit } # Resume idle state if flagged if (Test-Path $flagIdle) {     ""Detected idling flag. Resuming after-intervention."" | Out-File $log -Append     & ""$basePath\after-intervention.ps1""     exit } # Execution Policy Check $policy = Get-ExecutionPolicy if ($policy -notin 'RemoteSigned', 'Bypass') {     ""Execution policy is $policy. Relaunching with Bypass."" | Out-File $log -Append     Start-Process powershell.exe -ArgumentList ""-ExecutionPolicy Bypass -File `""$PSCommandPath`"""" -Verb RunAs     exit } # Driver policy checks try {     $driverReg = ""HKLM:\SOFTWARE\Microsoft\Windows\CurrentVersion\DriverSearching""     if ((Get-ItemProperty -Path $driverReg).SearchOrderConfig -ne 0) {         Set-ItemProperty -Path $driverReg -Name SearchOrderConfig -Value 0         ""Driver search disabled."" | Out-File $log -Append     } } catch { ""Driver policy check failed: $_"" | Out-File $log -Append } try {     $wuReg = ""HKLM:\SOFTWARE\Policies\Microsoft\Windows\WindowsUpdate\AU""     if ((Get-ItemProperty -Path $wuReg -ErrorAction SilentlyContinue).AUOptions -ne 2) {         New-Item -Path $wuReg -Force | Out-Null         Set-ItemProperty -Path $wuReg -Name AUOptions -Value 2 -Type DWord         ""Windows Update set to notify only."" | Out-File $log -Append     } } catch { ""WU policy check failed: $_"" | Out-File $log -Append } # Audit mode verification (optional redundancy) try {     $ini = Get-Content ""C:\Windows\Setup\State\State.ini"" -ErrorAction SilentlyContinue     if (-not ($ini -match ""RESEAL_TO_AUDIT"")) {         ""WARNING: System may not be in Audit Mode."" | Out-File $log -Append     } } catch {} # Check Driver Staging $driverPath = ""C:\Drivers"" if (-not (Test-Path $driverPath) -or -not (Get-ChildItem $driverPath -Recurse -Include *.inf -ErrorAction SilentlyContinue)) {     Write-Host ""`n[!] Driver staging folder missing or empty: $driverPath""     $response = Read-Host ""Type 'manual' to pause and populate, or 'skip' to continue without staging""     ""Driver staging response: $response"" | Out-File $log -Append     if ($response.ToLower() -eq ""manual"") {         Read-Host ""`nPaused. Populate driver folder and press Enter to continue...""     } elseif ($response.ToLower() -ne ""skip"") {         ""Aborted by admin due to invalid input."" | Out-File $log -Append         exit     } } # Proceed with disable New-Item $flagFirst -ItemType File -Force | Out-Null ""Launching disable-services.ps1"" | Out-File $log -Append & ""$basePath\disable-services.ps1"" ""Launching after-intervention.ps1"" | Out-File $log -Append & ""$basePath\after-intervention.ps1"" ScriptBlock ID: 501fbe34-4a18-4af0-9f8a-06d4173f85ae Path: C:\Users\Administrator\Desktop\RescueKit\first-run.ps1"
138,6/23/2025 6:23:46 PM,Microsoft-Windows-PowerShell,3,4104,Creating Scriptblock text (1 of 1): if((Get-ExecutionPolicy ) -ne 'AllSigned') { Set-ExecutionPolicy -Scope Process Bypass }; & 'C:\Users\Administrator\Desktop\RescueKit\first-run.ps1' ScriptBlock ID: 79606e3b-9205-4557-a3e9-fe4c16d5cbdb Path: 
139,6/23/2025 6:23:46 PM,Microsoft-Windows-PowerShell,3,4104,"Creating Scriptblock text (1 of 1): # Dispatcher: RescueKit-Audit $basePath = Split-Path -Parent $MyInvocation.MyCommand.Definition $log      = ""$basePath\logs\first-run.log"" $state    = ""$basePath\state"" $flagFirst = ""$state\first-run.flag"" $flagIdle  = ""$state\idling.flag"" $flagDone  = ""$state\intervention-complete.flag"" $json      = ""$state\disabled-services.json"" New-Item $log -ItemType File -Force | Out-Null ""[$(Get-Date)] RescueKit: Starting dispatcher"" | Out-File $log -Append # Exit early if already completed if (Test-Path $flagDone) {     ""Intervention previously marked complete."" | Out-File $log -Append     exit } # Resume idle state if flagged if (Test-Path $flagIdle) {     ""Detected idling flag. Resuming after-intervention."" | Out-File $log -Append     & ""$basePath\after-intervention.ps1""     exit } # Execution Policy Check $policy = Get-ExecutionPolicy if ($policy -notin 'RemoteSigned', 'Bypass') {     ""Execution policy is $policy. Relaunching with Bypass."" | Out-File $log -Append     Start-Process powershell.exe -ArgumentList ""-ExecutionPolicy Bypass -File `""$PSCommandPath`"""" -Verb RunAs     exit } # Driver policy checks try {     $driverReg = ""HKLM:\SOFTWARE\Microsoft\Windows\CurrentVersion\DriverSearching""     if ((Get-ItemProperty -Path $driverReg).SearchOrderConfig -ne 0) {         Set-ItemProperty -Path $driverReg -Name SearchOrderConfig -Value 0         ""Driver search disabled."" | Out-File $log -Append     } } catch { ""Driver policy check failed: $_"" | Out-File $log -Append } try {     $wuReg = ""HKLM:\SOFTWARE\Policies\Microsoft\Windows\WindowsUpdate\AU""     if ((Get-ItemProperty -Path $wuReg -ErrorAction SilentlyContinue).AUOptions -ne 2) {         New-Item -Path $wuReg -Force | Out-Null         Set-ItemProperty -Path $wuReg -Name AUOptions -Value 2 -Type DWord         ""Windows Update set to notify only."" | Out-File $log -Append     } } catch { ""WU policy check failed: $_"" | Out-File $log -Append } # Audit mode verification (optional redundancy) try {     $ini = Get-Content ""C:\Windows\Setup\State\State.ini"" -ErrorAction SilentlyContinue     if (-not ($ini -match ""RESEAL_TO_AUDIT"")) {         ""WARNING: System may not be in Audit Mode."" | Out-File $log -Append     } } catch {} # Check Driver Staging $driverPath = ""C:\Drivers"" if (-not (Test-Path $driverPath) -or -not (Get-ChildItem $driverPath -Recurse -Include *.inf -ErrorAction SilentlyContinue)) {     Write-Host ""`n[!] Driver staging folder missing or empty: $driverPath""     $response = Read-Host ""Type 'manual' to pause and populate, or 'skip' to continue without staging""     ""Driver staging response: $response"" | Out-File $log -Append     if ($response.ToLower() -eq ""manual"") {         Read-Host ""`nPaused. Populate driver folder and press Enter to continue...""     } elseif ($response.ToLower() -ne ""skip"") {         ""Aborted by admin due to invalid input."" | Out-File $log -Append         exit     } } # Proceed with disable New-Item $flagFirst -ItemType File -Force | Out-Null ""Launching disable-services.ps1"" | Out-File $log -Append & ""$basePath\disable-services.ps1"" ""Launching after-intervention.ps1"" | Out-File $log -Append & ""$basePath\after-intervention.ps1"" ScriptBlock ID: 8f254532-9bfa-4156-a833-1952c2470de5 Path: C:\Users\Administrator\Desktop\RescueKit\first-run.ps1"
