RecordId,Time,Provider,Level,EventId,Message
131,6/23/2025 6:27:21 PM,Microsoft-Windows-WMI-Activity,2,5858,Id = {00000000-0000-0000-0000-000000000000}; ClientMachine = DESKTOP-CJNBGDQ; User = NT AUTHORITY\SYSTEM; ClientProcessId = 3800; Component = Unknown; Operation = Start IWbemServices::DeleteInstance - root\SecurityCenter : AntiVirusProduct.instanceGuid=""{77BDAF73-B396-481F-9042-AD358843EC25}""; ResultCode = 0x80041002; PossibleCause = Unknown
43,6/23/2025 1:45:47 PM,Microsoft-Windows-WMI-Activity,2,5858,Id = {7F0095FF-7A96-43B7-B7CC-99D1E3E6E515}; ClientMachine = DESKTOP-CJNBGDQ; User = DESKTOP-CJNBGDQ\Administrator; ClientProcessId = 7724; Component = Provider; Operation = Start IWbemServices::ExecMethod - Root\Microsoft\Windows\TaskScheduler : PS_ScheduledTask::DisableByObject; ResultCode = 0x80041001; PossibleCause = Unknown
44,6/23/2025 1:45:47 PM,Microsoft-Windows-WMI-Activity,2,5858,Id = {4DC4CAAB-753F-43C3-9B04-79526E5F13E9}; ClientMachine = DESKTOP-CJNBGDQ; User = DESKTOP-CJNBGDQ\Administrator; ClientProcessId = 7724; Component = Provider; Operation = Start IWbemServices::ExecMethod - Root\Microsoft\Windows\TaskScheduler : PS_ScheduledTask::DisableByObject; ResultCode = 0x80041001; PossibleCause = Unknown
45,6/23/2025 1:45:47 PM,Microsoft-Windows-WMI-Activity,2,5858,Id = {B9B6DD2D-8F28-4FF2-85C8-A51EEA6BF9EE}; ClientMachine = DESKTOP-CJNBGDQ; User = DESKTOP-CJNBGDQ\Administrator; ClientProcessId = 7724; Component = Provider; Operation = Start IWbemServices::ExecMethod - Root\Microsoft\Windows\TaskScheduler : PS_ScheduledTask::DisableByObject; ResultCode = 0x80041001; PossibleCause = Unknown
46,6/23/2025 1:45:47 PM,Microsoft-Windows-WMI-Activity,2,5858,Id = {7C06192E-0B8B-4013-9464-6E5DBB58C858}; ClientMachine = DESKTOP-CJNBGDQ; User = DESKTOP-CJNBGDQ\Administrator; ClientProcessId = 7724; Component = Provider; Operation = Start IWbemServices::ExecMethod - Root\Microsoft\Windows\TaskScheduler : PS_ScheduledTask::DisableByObject; ResultCode = 0x80041001; PossibleCause = Unknown
47,6/23/2025 1:45:47 PM,Microsoft-Windows-WMI-Activity,2,5858,Id = {B4682517-D178-4F34-B080-CEA4A6C9B242}; ClientMachine = DESKTOP-CJNBGDQ; User = DESKTOP-CJNBGDQ\Administrator; ClientProcessId = 7724; Component = Provider; Operation = Start IWbemServices::ExecMethod - Root\Microsoft\Windows\TaskScheduler : PS_ScheduledTask::DisableByObject; ResultCode = 0x80041001; PossibleCause = Unknown
48,6/23/2025 1:45:47 PM,Microsoft-Windows-WMI-Activity,2,5858,Id = {BFDCE607-14F2-4BE4-9DF3-5E8FD783219F}; ClientMachine = DESKTOP-CJNBGDQ; User = DESKTOP-CJNBGDQ\Administrator; ClientProcessId = 7724; Component = Provider; Operation = Start IWbemServices::ExecMethod - Root\Microsoft\Windows\TaskScheduler : PS_ScheduledTask::DisableByObject; ResultCode = 0x80041001; PossibleCause = Unknown
49,6/23/2025 1:45:47 PM,Microsoft-Windows-WMI-Activity,2,5858,Id = {A5313B41-67D9-454A-AFA9-198B69E1AE75}; ClientMachine = DESKTOP-CJNBGDQ; User = DESKTOP-CJNBGDQ\Administrator; ClientProcessId = 7724; Component = Provider; Operation = Start IWbemServices::ExecMethod - Root\Microsoft\Windows\TaskScheduler : PS_ScheduledTask::DisableByObject; ResultCode = 0x80041001; PossibleCause = Unknown
50,6/23/2025 1:45:47 PM,Microsoft-Windows-WMI-Activity,2,5858,Id = {8C15DF95-A01F-4263-BC7C-701896DED628}; ClientMachine = DESKTOP-CJNBGDQ; User = DESKTOP-CJNBGDQ\Administrator; ClientProcessId = 7724; Component = Provider; Operation = Start IWbemServices::ExecMethod - Root\Microsoft\Windows\TaskScheduler : PS_ScheduledTask::DisableByObject; ResultCode = 0x80041001; PossibleCause = Unknown
51,6/23/2025 1:45:47 PM,Microsoft-Windows-WMI-Activity,2,5858,Id = {5343E162-322F-4743-97AC-D38AE9170C4B}; ClientMachine = DESKTOP-CJNBGDQ; User = DESKTOP-CJNBGDQ\Administrator; ClientProcessId = 7724; Component = Provider; Operation = Start IWbemServices::ExecMethod - Root\Microsoft\Windows\TaskScheduler : PS_ScheduledTask::DisableByObject; ResultCode = 0x80041001; PossibleCause = Unknown
52,6/23/2025 1:45:47 PM,Microsoft-Windows-WMI-Activity,2,5858,Id = {317CFFA3-DF33-4AF2-B15D-0DEF5B84FA23}; ClientMachine = DESKTOP-CJNBGDQ; User = DESKTOP-CJNBGDQ\Administrator; ClientProcessId = 7724; Component = Provider; Operation = Start IWbemServices::ExecMethod - Root\Microsoft\Windows\TaskScheduler : PS_ScheduledTask::DisableByObject; ResultCode = 0x80041001; PossibleCause = Unknown
53,6/23/2025 1:45:47 PM,Microsoft-Windows-WMI-Activity,2,5858,Id = {84FBCFCC-90F1-4581-B92D-B6FFAD00372C}; ClientMachine = DESKTOP-CJNBGDQ; User = DESKTOP-CJNBGDQ\Administrator; ClientProcessId = 7724; Component = Provider; Operation = Start IWbemServices::ExecMethod - Root\Microsoft\Windows\TaskScheduler : PS_ScheduledTask::DisableByObject; ResultCode = 0x80041001; PossibleCause = Unknown
54,6/23/2025 1:45:47 PM,Microsoft-Windows-WMI-Activity,2,5858,Id = {02805582-B6A6-43E7-9E1D-3606137C7389}; ClientMachine = DESKTOP-CJNBGDQ; User = DESKTOP-CJNBGDQ\Administrator; ClientProcessId = 7724; Component = Provider; Operation = Start IWbemServices::ExecMethod - Root\Microsoft\Windows\TaskScheduler : PS_ScheduledTask::DisableByObject; ResultCode = 0x80041001; PossibleCause = Unknown
55,6/23/2025 1:45:48 PM,Microsoft-Windows-WMI-Activity,2,5858,Id = {435710B9-9DB9-4CF0-8A81-B9C2A1CA67D6}; ClientMachine = DESKTOP-CJNBGDQ; User = DESKTOP-CJNBGDQ\Administrator; ClientProcessId = 7724; Component = Provider; Operation = Start IWbemServices::ExecMethod - Root\Microsoft\Windows\TaskScheduler : PS_ScheduledTask::DisableByObject; ResultCode = 0x80041001; PossibleCause = Unknown
56,6/23/2025 1:45:48 PM,Microsoft-Windows-WMI-Activity,2,5858,Id = {9BED9194-17D8-46A1-BEA6-9EBDA5D50498}; ClientMachine = DESKTOP-CJNBGDQ; User = DESKTOP-CJNBGDQ\Administrator; ClientProcessId = 7724; Component = Provider; Operation = Start IWbemServices::ExecMethod - Root\Microsoft\Windows\TaskScheduler : PS_ScheduledTask::DisableByObject; ResultCode = 0x80041001; PossibleCause = Unknown
57,6/23/2025 1:45:48 PM,Microsoft-Windows-WMI-Activity,2,5858,Id = {82C22D39-7234-455E-9BB3-74641C4B02A0}; ClientMachine = DESKTOP-CJNBGDQ; User = DESKTOP-CJNBGDQ\Administrator; ClientProcessId = 7724; Component = Provider; Operation = Start IWbemServices::ExecMethod - Root\Microsoft\Windows\TaskScheduler : PS_ScheduledTask::DisableByObject; ResultCode = 0x80041001; PossibleCause = Unknown
58,6/23/2025 1:45:48 PM,Microsoft-Windows-WMI-Activity,2,5858,Id = {58F388BB-2091-4C1F-825D-AD50972F334C}; ClientMachine = DESKTOP-CJNBGDQ; User = DESKTOP-CJNBGDQ\Administrator; ClientProcessId = 7724; Component = Provider; Operation = Start IWbemServices::ExecMethod - Root\Microsoft\Windows\TaskScheduler : PS_ScheduledTask::DisableByObject; ResultCode = 0x80041001; PossibleCause = Unknown
59,6/23/2025 1:45:48 PM,Microsoft-Windows-WMI-Activity,2,5858,Id = {7B1F81D4-AF0B-4A20-8D27-4295A78F9744}; ClientMachine = DESKTOP-CJNBGDQ; User = DESKTOP-CJNBGDQ\Administrator; ClientProcessId = 7724; Component = Provider; Operation = Start IWbemServices::ExecMethod - Root\Microsoft\Windows\TaskScheduler : PS_ScheduledTask::DisableByObject; ResultCode = 0x80041001; PossibleCause = Unknown
61,6/23/2025 1:48:55 PM,Microsoft-Windows-WMI-Activity,2,5858,Id = {00000000-0000-0000-0000-000000000000}; ClientMachine = DESKTOP-CJNBGDQ; User = NT AUTHORITY\SYSTEM; ClientProcessId = 2284; Component = Unknown; Operation = Start IWbemServices::ExecQuery - root\wmi : Select * from NvWmiBrightness; ResultCode = 0x8004100C; PossibleCause = Unknown
62,6/23/2025 1:48:55 PM,Microsoft-Windows-WMI-Activity,2,5858,Id = {00000000-0000-0000-0000-000000000000}; ClientMachine = DESKTOP-CJNBGDQ; User = NT AUTHORITY\SYSTEM; ClientProcessId = 2284; Component = Unknown; Operation = Start IWbemServices::ExecQuery - root\wmi : Select * from NvWmiBrightness; ResultCode = 0x8004100C; PossibleCause = Unknown
64,6/23/2025 1:49:04 PM,Microsoft-Windows-WMI-Activity,2,5858,Id = {E08D41A3-AF4E-4627-948B-9359A69ECC16}; ClientMachine = DESKTOP-CJNBGDQ; User = DESKTOP-CJNBGDQ\Administrator; ClientProcessId = 7528; Component = Provider; Operation = Start IWbemServices::ExecMethod - Root\Microsoft\Windows\TaskScheduler : PS_ScheduledTask::DisableByObject; ResultCode = 0x80041001; PossibleCause = Unknown
65,6/23/2025 1:49:04 PM,Microsoft-Windows-WMI-Activity,2,5858,Id = {D16CD9E7-0BF0-4A53-8F08-07FC2CFF2A22}; ClientMachine = DESKTOP-CJNBGDQ; User = DESKTOP-CJNBGDQ\Administrator; ClientProcessId = 7528; Component = Provider; Operation = Start IWbemServices::ExecMethod - Root\Microsoft\Windows\TaskScheduler : PS_ScheduledTask::DisableByObject; ResultCode = 0x80041001; PossibleCause = Unknown
66,6/23/2025 1:49:04 PM,Microsoft-Windows-WMI-Activity,2,5858,Id = {688EFBCC-84BB-4B54-B54A-62FE61E7AB65}; ClientMachine = DESKTOP-CJNBGDQ; User = DESKTOP-CJNBGDQ\Administrator; ClientProcessId = 7528; Component = Provider; Operation = Start IWbemServices::ExecMethod - Root\Microsoft\Windows\TaskScheduler : PS_ScheduledTask::DisableByObject; ResultCode = 0x80041001; PossibleCause = Unknown
67,6/23/2025 1:49:04 PM,Microsoft-Windows-WMI-Activity,2,5858,Id = {57485BDB-A3CF-4FF9-9C6F-5BF82C097BA0}; ClientMachine = DESKTOP-CJNBGDQ; User = DESKTOP-CJNBGDQ\Administrator; ClientProcessId = 7528; Component = Provider; Operation = Start IWbemServices::ExecMethod - Root\Microsoft\Windows\TaskScheduler : PS_ScheduledTask::DisableByObject; ResultCode = 0x80041001; PossibleCause = Unknown
42,6/23/2025 1:45:47 PM,Microsoft-Windows-WMI-Activity,2,5858,Id = {F397E853-4916-43A2-A43B-0B3F4387B9E1}; ClientMachine = DESKTOP-CJNBGDQ; User = DESKTOP-CJNBGDQ\Administrator; ClientProcessId = 7724; Component = Provider; Operation = Start IWbemServices::ExecMethod - Root\Microsoft\Windows\TaskScheduler : PS_ScheduledTask::DisableByObject; ResultCode = 0x80041001; PossibleCause = Unknown
68,6/23/2025 1:49:04 PM,Microsoft-Windows-WMI-Activity,2,5858,Id = {577169AA-3EED-4F61-AD0E-C426FEF3F29C}; ClientMachine = DESKTOP-CJNBGDQ; User = DESKTOP-CJNBGDQ\Administrator; ClientProcessId = 7528; Component = Provider; Operation = Start IWbemServices::ExecMethod - Root\Microsoft\Windows\TaskScheduler : PS_ScheduledTask::DisableByObject; ResultCode = 0x80041001; PossibleCause = Unknown
41,6/23/2025 1:45:47 PM,Microsoft-Windows-WMI-Activity,2,5858,Id = {CED25092-51C6-4B82-A9EC-85416074DF18}; ClientMachine = DESKTOP-CJNBGDQ; User = DESKTOP-CJNBGDQ\Administrator; ClientProcessId = 7724; Component = Provider; Operation = Start IWbemServices::ExecMethod - Root\Microsoft\Windows\TaskScheduler : PS_ScheduledTask::DisableByObject; ResultCode = 0x80041001; PossibleCause = Unknown
39,6/23/2025 1:45:47 PM,Microsoft-Windows-WMI-Activity,2,5858,Id = {72C9EB92-8255-456C-B525-E59A1BC10928}; ClientMachine = DESKTOP-CJNBGDQ; User = DESKTOP-CJNBGDQ\Administrator; ClientProcessId = 7724; Component = Provider; Operation = Start IWbemServices::ExecMethod - Root\Microsoft\Windows\TaskScheduler : PS_ScheduledTask::DisableByObject; ResultCode = 0x80041001; PossibleCause = Unknown
6,6/23/2025 1:04:15 AM,Microsoft-Windows-WMI-Activity,2,5858,Id = {00000000-0000-0000-0000-000000000000}; ClientMachine = DESKTOP-CJNBGDQ; User = NT AUTHORITY\SYSTEM; ClientProcessId = 4436; Component = Unknown; Operation = Start IWbemServices::ExecQuery - ROOT\CIMV2 : select ChassisTypes from Win32_SystemEnclosure; ResultCode = 0x80041032; PossibleCause = Unknown
8,6/23/2025 1:04:15 AM,Microsoft-Windows-WMI-Activity,2,5858,Id = {00000000-0000-0000-0000-000000000000}; ClientMachine = DESKTOP-CJNBGDQ; User = NT AUTHORITY\SYSTEM; ClientProcessId = 4436; Component = Unknown; Operation = Start IWbemServices::ExecQuery - root\CIMV2\security\microsofttpm : SELECT ManufacturerIdTxt FROM win32_tpm; ResultCode = 0x80041032; PossibleCause = Unknown
10,6/23/2025 1:04:15 AM,Microsoft-Windows-WMI-Activity,2,5858,Id = {00000000-0000-0000-0000-000000000000}; ClientMachine = DESKTOP-CJNBGDQ; User = NT AUTHORITY\SYSTEM; ClientProcessId = 4436; Component = Unknown; Operation = Start IWbemServices::ExecQuery - root\Microsoft\Windows\DeviceGuard : SELECT SecurityServicesRunning FROM Win32_DeviceGuard ; ResultCode = 0x80041032; PossibleCause = Unknown
11,6/23/2025 1:04:15 AM,Microsoft-Windows-WMI-Activity,2,5858,Id = {00000000-0000-0000-0000-000000000000}; ClientMachine = DESKTOP-CJNBGDQ; User = NT AUTHORITY\SYSTEM; ClientProcessId = 4436; Component = Unknown; Operation = Start IWbemServices::ExecQuery - root\Microsoft\Windows\DeviceGuard : SELECT RequiredSecurityProperties FROM Win32_DeviceGuard ; ResultCode = 0x80041032; PossibleCause = Unknown
12,6/23/2025 1:04:15 AM,Microsoft-Windows-WMI-Activity,2,5858,Id = {00000000-0000-0000-0000-000000000000}; ClientMachine = DESKTOP-CJNBGDQ; User = NT AUTHORITY\SYSTEM; ClientProcessId = 4436; Component = Unknown; Operation = Start IWbemServices::ExecQuery - root\Microsoft\Windows\DeviceGuard : SELECT AvailableSecurityProperties FROM Win32_DeviceGuard ; ResultCode = 0x80041032; PossibleCause = Unknown
13,6/23/2025 1:04:15 AM,Microsoft-Windows-WMI-Activity,2,5858,Id = {00000000-0000-0000-0000-000000000000}; ClientMachine = DESKTOP-CJNBGDQ; User = NT AUTHORITY\SYSTEM; ClientProcessId = 4436; Component = Unknown; Operation = Start IWbemServices::ExecQuery - root\Microsoft\Windows\DeviceGuard : SELECT SecurityServicesRunning FROM Win32_DeviceGuard ; ResultCode = 0x80041032; PossibleCause = Unknown
14,6/23/2025 1:04:15 AM,Microsoft-Windows-WMI-Activity,2,5858,Id = {00000000-0000-0000-0000-000000000000}; ClientMachine = DESKTOP-CJNBGDQ; User = NT AUTHORITY\SYSTEM; ClientProcessId = 4436; Component = Unknown; Operation = Start IWbemServices::ExecQuery - root\Microsoft\Windows\DeviceGuard : SELECT SecurityServicesRunning FROM Win32_DeviceGuard ; ResultCode = 0x80041032; PossibleCause = Unknown
15,6/23/2025 1:04:15 AM,Microsoft-Windows-WMI-Activity,2,5858,Id = {00000000-0000-0000-0000-000000000000}; ClientMachine = DESKTOP-CJNBGDQ; User = NT AUTHORITY\SYSTEM; ClientProcessId = 4436; Component = Unknown; Operation = Start IWbemServices::ExecQuery - root\Microsoft\Windows\DeviceGuard : SELECT SecurityServicesConfigured FROM Win32_DeviceGuard ; ResultCode = 0x80041032; PossibleCause = Unknown
16,6/23/2025 1:04:15 AM,Microsoft-Windows-WMI-Activity,2,5858,Id = {00000000-0000-0000-0000-000000000000}; ClientMachine = DESKTOP-CJNBGDQ; User = NT AUTHORITY\SYSTEM; ClientProcessId = 4436; Component = Unknown; Operation = Start IWbemServices::ExecQuery - root\Microsoft\Windows\DeviceGuard : SELECT RequiredSecurityProperties FROM Win32_DeviceGuard ; ResultCode = 0x80041032; PossibleCause = Unknown
17,6/23/2025 1:04:15 AM,Microsoft-Windows-WMI-Activity,2,5858,Id = {00000000-0000-0000-0000-000000000000}; ClientMachine = DESKTOP-CJNBGDQ; User = NT AUTHORITY\SYSTEM; ClientProcessId = 4436; Component = Unknown; Operation = Start IWbemServices::ExecQuery - root\Microsoft\Windows\DeviceGuard : SELECT AvailableSecurityProperties FROM Win32_DeviceGuard ; ResultCode = 0x80041032; PossibleCause = Unknown
18,6/23/2025 1:04:15 AM,Microsoft-Windows-WMI-Activity,2,5858,Id = {00000000-0000-0000-0000-000000000000}; ClientMachine = DESKTOP-CJNBGDQ; User = NT AUTHORITY\SYSTEM; ClientProcessId = 4436; Component = Unknown; Operation = Start IWbemServices::ExecQuery - root\CIMV2 : SELECT SMBIOSAssetTag FROM Win32_SystemEnclosure ; ResultCode = 0x80041032; PossibleCause = Unknown
19,6/23/2025 1:04:17 AM,Microsoft-Windows-WMI-Activity,2,5858,Id = {7780690D-A5F3-4F63-8039-F4E46941D31C}; ClientMachine = DESKTOP-CJNBGDQ; User = NT AUTHORITY\SYSTEM; ClientProcessId = 2712; Component = Unknown; Operation = Start IWbemServices::DeleteInstance - Root\Rsop\Computer : RSOP_ExtensionStatus.extensionGuid=""{35378EAC-683F-11D2-A89A-00C04FBBCFA2}""; ResultCode = 0x80041002; PossibleCause = Unknown
20,6/23/2025 1:04:17 AM,Microsoft-Windows-WMI-Activity,2,5858,Id = {DF508752-6200-4464-A545-6D5D2143112E}; ClientMachine = DESKTOP-CJNBGDQ; User = NT AUTHORITY\SYSTEM; ClientProcessId = 2712; Component = Unknown; Operation = Start IWbemServices::DeleteInstance - Root\Rsop\User\S_1_5_21_1283774291_1801764544_247059453_1000 : RSOP_ExtensionStatus.extensionGuid=""{35378EAC-683F-11D2-A89A-00C04FBBCFA2}""; ResultCode = 0x80041002; PossibleCause = Unknown
22,6/23/2025 1:05:01 AM,Microsoft-Windows-WMI-Activity,2,5858,Id = {5685D0C9-6B19-475A-8D33-553C702995FF}; ClientMachine = DESKTOP-CJNBGDQ; User = NT AUTHORITY\SYSTEM; ClientProcessId = 2232; Component = Unknown; Operation = Start IWbemServices::DeleteInstance - Root\Rsop\User\S_1_5_21_1283774291_1801764544_247059453_500 : RSOP_ExtensionStatus.extensionGuid=""{35378EAC-683F-11D2-A89A-00C04FBBCFA2}""; ResultCode = 0x80041002; PossibleCause = Unknown
27,6/23/2025 1:12:45 AM,Microsoft-Windows-WMI-Activity,2,5858,Id = {00000000-0000-0000-0000-000000000000}; ClientMachine = DESKTOP-CJNBGDQ; User = NT AUTHORITY\SYSTEM; ClientProcessId = 5732; Component = Unknown; Operation = Start IWbemServices::ExecQuery - root\wmi : Select * from NvWmiBrightness; ResultCode = 0x80041010; PossibleCause = Unknown
28,6/23/2025 1:12:45 AM,Microsoft-Windows-WMI-Activity,2,5858,Id = {00000000-0000-0000-0000-000000000000}; ClientMachine = DESKTOP-CJNBGDQ; User = NT AUTHORITY\SYSTEM; ClientProcessId = 5732; Component = Unknown; Operation = Start IWbemServices::ExecQuery - root\wmi : Select * from NvWmiBrightness; ResultCode = 0x8004100C; PossibleCause = Unknown
30,6/23/2025 1:42:36 PM,Microsoft-Windows-WMI-Activity,2,5858,Id = {00000000-0000-0000-0000-000000000000}; ClientMachine = DESKTOP-CJNBGDQ; User = NT AUTHORITY\SYSTEM; ClientProcessId = 2260; Component = Unknown; Operation = Start IWbemServices::ExecQuery - root\wmi : Select * from NvWmiBrightness; ResultCode = 0x8004100C; PossibleCause = Unknown
31,6/23/2025 1:42:36 PM,Microsoft-Windows-WMI-Activity,2,5858,Id = {00000000-0000-0000-0000-000000000000}; ClientMachine = DESKTOP-CJNBGDQ; User = NT AUTHORITY\SYSTEM; ClientProcessId = 2260; Component = Unknown; Operation = Start IWbemServices::ExecQuery - root\wmi : Select * from NvWmiBrightness; ResultCode = 0x8004100C; PossibleCause = Unknown
33,6/23/2025 1:45:38 PM,Microsoft-Windows-WMI-Activity,2,5858,Id = {00000000-0000-0000-0000-000000000000}; ClientMachine = DESKTOP-CJNBGDQ; User = NT AUTHORITY\SYSTEM; ClientProcessId = 2280; Component = Unknown; Operation = Start IWbemServices::ExecQuery - root\wmi : Select * from NvWmiBrightness; ResultCode = 0x8004100C; PossibleCause = Unknown
34,6/23/2025 1:45:38 PM,Microsoft-Windows-WMI-Activity,2,5858,Id = {00000000-0000-0000-0000-000000000000}; ClientMachine = DESKTOP-CJNBGDQ; User = NT AUTHORITY\SYSTEM; ClientProcessId = 2280; Component = Unknown; Operation = Start IWbemServices::ExecQuery - root\wmi : Select * from NvWmiBrightness; ResultCode = 0x8004100C; PossibleCause = Unknown
36,6/23/2025 1:45:47 PM,Microsoft-Windows-WMI-Activity,2,5858,Id = {0544DFB2-9687-4151-B21E-0FE6974F96E7}; ClientMachine = DESKTOP-CJNBGDQ; User = DESKTOP-CJNBGDQ\Administrator; ClientProcessId = 7724; Component = Provider; Operation = Start IWbemServices::ExecMethod - Root\Microsoft\Windows\TaskScheduler : PS_ScheduledTask::DisableByObject; ResultCode = 0x80041001; PossibleCause = Unknown
37,6/23/2025 1:45:47 PM,Microsoft-Windows-WMI-Activity,2,5858,Id = {6D219BF9-6070-464B-B171-6CACB2EF3B2F}; ClientMachine = DESKTOP-CJNBGDQ; User = DESKTOP-CJNBGDQ\Administrator; ClientProcessId = 7724; Component = Provider; Operation = Start IWbemServices::ExecMethod - Root\Microsoft\Windows\TaskScheduler : PS_ScheduledTask::DisableByObject; ResultCode = 0x80041001; PossibleCause = Unknown
38,6/23/2025 1:45:47 PM,Microsoft-Windows-WMI-Activity,2,5858,Id = {62DCB0B7-492B-47DA-B861-DE06806B6062}; ClientMachine = DESKTOP-CJNBGDQ; User = DESKTOP-CJNBGDQ\Administrator; ClientProcessId = 7724; Component = Provider; Operation = Start IWbemServices::ExecMethod - Root\Microsoft\Windows\TaskScheduler : PS_ScheduledTask::DisableByObject; ResultCode = 0x80041001; PossibleCause = Unknown
40,6/23/2025 1:45:47 PM,Microsoft-Windows-WMI-Activity,2,5858,Id = {1C8D4DF7-F725-4DB1-9316-C2702F2D41C9}; ClientMachine = DESKTOP-CJNBGDQ; User = DESKTOP-CJNBGDQ\Administrator; ClientProcessId = 7724; Component = Provider; Operation = Start IWbemServices::ExecMethod - Root\Microsoft\Windows\TaskScheduler : PS_ScheduledTask::DisableByObject; ResultCode = 0x80041001; PossibleCause = Unknown
5,6/23/2025 1:04:14 AM,Microsoft-Windows-WMI-Activity,2,5858,Id = {00000000-0000-0000-0000-000000000000}; ClientMachine = DESKTOP-CJNBGDQ; User = NT AUTHORITY\SYSTEM; ClientProcessId = 4436; Component = Unknown; Operation = Start IWbemServices::ExecQuery - root\CIMV2 : SELECT SMBIOSAssetTag FROM Win32_SystemEnclosure ; ResultCode = 0x80041032; PossibleCause = Unknown
69,6/23/2025 1:49:04 PM,Microsoft-Windows-WMI-Activity,2,5858,Id = {D45E01A1-0204-4CCF-AA40-50EFF2E57C09}; ClientMachine = DESKTOP-CJNBGDQ; User = DESKTOP-CJNBGDQ\Administrator; ClientProcessId = 7528; Component = Provider; Operation = Start IWbemServices::ExecMethod - Root\Microsoft\Windows\TaskScheduler : PS_ScheduledTask::DisableByObject; ResultCode = 0x80041001; PossibleCause = Unknown
71,6/23/2025 1:49:04 PM,Microsoft-Windows-WMI-Activity,2,5858,Id = {17547122-D869-422C-91A1-E7CC77C9A34E}; ClientMachine = DESKTOP-CJNBGDQ; User = DESKTOP-CJNBGDQ\Administrator; ClientProcessId = 7528; Component = Provider; Operation = Start IWbemServices::ExecMethod - Root\Microsoft\Windows\TaskScheduler : PS_ScheduledTask::DisableByObject; ResultCode = 0x80041001; PossibleCause = Unknown
102,6/23/2025 1:58:48 PM,Microsoft-Windows-WMI-Activity,2,5858,Id = {556963F1-46BA-42FC-AD0D-345155DD61E3}; ClientMachine = DESKTOP-CJNBGDQ; User = DESKTOP-CJNBGDQ\Administrator; ClientProcessId = 7560; Component = Provider; Operation = Start IWbemServices::ExecMethod - Root\Microsoft\Windows\TaskScheduler : PS_ScheduledTask::DisableByObject; ResultCode = 0x80041001; PossibleCause = Unknown
103,6/23/2025 1:58:48 PM,Microsoft-Windows-WMI-Activity,2,5858,Id = {80975368-BC74-4326-A74F-0C18BEAFC42D}; ClientMachine = DESKTOP-CJNBGDQ; User = DESKTOP-CJNBGDQ\Administrator; ClientProcessId = 7560; Component = Provider; Operation = Start IWbemServices::ExecMethod - Root\Microsoft\Windows\TaskScheduler : PS_ScheduledTask::DisableByObject; ResultCode = 0x80041001; PossibleCause = Unknown
104,6/23/2025 1:58:48 PM,Microsoft-Windows-WMI-Activity,2,5858,Id = {F9BD6299-74E8-4C2C-A25A-854E69DA393D}; ClientMachine = DESKTOP-CJNBGDQ; User = DESKTOP-CJNBGDQ\Administrator; ClientProcessId = 7560; Component = Provider; Operation = Start IWbemServices::ExecMethod - Root\Microsoft\Windows\TaskScheduler : PS_ScheduledTask::DisableByObject; ResultCode = 0x80041001; PossibleCause = Unknown
105,6/23/2025 1:58:48 PM,Microsoft-Windows-WMI-Activity,2,5858,Id = {212505D8-4C66-46C2-BEC8-E99DC051AF0F}; ClientMachine = DESKTOP-CJNBGDQ; User = DESKTOP-CJNBGDQ\Administrator; ClientProcessId = 7560; Component = Provider; Operation = Start IWbemServices::ExecMethod - Root\Microsoft\Windows\TaskScheduler : PS_ScheduledTask::DisableByObject; ResultCode = 0x80041001; PossibleCause = Unknown
106,6/23/2025 1:58:48 PM,Microsoft-Windows-WMI-Activity,2,5858,Id = {DA4D5DD3-0089-4646-B0F3-148704BDEE98}; ClientMachine = DESKTOP-CJNBGDQ; User = DESKTOP-CJNBGDQ\Administrator; ClientProcessId = 7560; Component = Provider; Operation = Start IWbemServices::ExecMethod - Root\Microsoft\Windows\TaskScheduler : PS_ScheduledTask::DisableByObject; ResultCode = 0x80041001; PossibleCause = Unknown
107,6/23/2025 1:58:48 PM,Microsoft-Windows-WMI-Activity,2,5858,Id = {515E1001-85AE-41B2-A333-5A2EE0295840}; ClientMachine = DESKTOP-CJNBGDQ; User = DESKTOP-CJNBGDQ\Administrator; ClientProcessId = 7560; Component = Provider; Operation = Start IWbemServices::ExecMethod - Root\Microsoft\Windows\TaskScheduler : PS_ScheduledTask::DisableByObject; ResultCode = 0x80041001; PossibleCause = Unknown
108,6/23/2025 1:58:48 PM,Microsoft-Windows-WMI-Activity,2,5858,Id = {7C21A134-2907-427E-A7DA-6D508151E56B}; ClientMachine = DESKTOP-CJNBGDQ; User = DESKTOP-CJNBGDQ\Administrator; ClientProcessId = 7560; Component = Provider; Operation = Start IWbemServices::ExecMethod - Root\Microsoft\Windows\TaskScheduler : PS_ScheduledTask::DisableByObject; ResultCode = 0x80041001; PossibleCause = Unknown
109,6/23/2025 1:58:48 PM,Microsoft-Windows-WMI-Activity,2,5858,Id = {6883DCB0-BB72-481A-9A54-1BD1E7D7B468}; ClientMachine = DESKTOP-CJNBGDQ; User = DESKTOP-CJNBGDQ\Administrator; ClientProcessId = 7560; Component = Provider; Operation = Start IWbemServices::ExecMethod - Root\Microsoft\Windows\TaskScheduler : PS_ScheduledTask::DisableByObject; ResultCode = 0x80041001; PossibleCause = Unknown
110,6/23/2025 1:58:48 PM,Microsoft-Windows-WMI-Activity,2,5858,Id = {8539012A-4A9F-41D6-B9B7-3347ACBF0868}; ClientMachine = DESKTOP-CJNBGDQ; User = DESKTOP-CJNBGDQ\Administrator; ClientProcessId = 7560; Component = Provider; Operation = Start IWbemServices::ExecMethod - Root\Microsoft\Windows\TaskScheduler : PS_ScheduledTask::DisableByObject; ResultCode = 0x80041001; PossibleCause = Unknown
111,6/23/2025 1:58:48 PM,Microsoft-Windows-WMI-Activity,2,5858,Id = {DEF147DB-6C2C-42B5-8210-A52ACC8AA0AF}; ClientMachine = DESKTOP-CJNBGDQ; User = DESKTOP-CJNBGDQ\Administrator; ClientProcessId = 7560; Component = Provider; Operation = Start IWbemServices::ExecMethod - Root\Microsoft\Windows\TaskScheduler : PS_ScheduledTask::DisableByObject; ResultCode = 0x80041001; PossibleCause = Unknown
112,6/23/2025 1:58:48 PM,Microsoft-Windows-WMI-Activity,2,5858,Id = {CF387B73-3E26-40E8-9776-57A162E6E01E}; ClientMachine = DESKTOP-CJNBGDQ; User = DESKTOP-CJNBGDQ\Administrator; ClientProcessId = 7560; Component = Provider; Operation = Start IWbemServices::ExecMethod - Root\Microsoft\Windows\TaskScheduler : PS_ScheduledTask::DisableByObject; ResultCode = 0x80041001; PossibleCause = Unknown
113,6/23/2025 1:58:48 PM,Microsoft-Windows-WMI-Activity,2,5858,Id = {3EF3BE6A-27CA-421F-A785-462906EF2556}; ClientMachine = DESKTOP-CJNBGDQ; User = DESKTOP-CJNBGDQ\Administrator; ClientProcessId = 7560; Component = Provider; Operation = Start IWbemServices::ExecMethod - Root\Microsoft\Windows\TaskScheduler : PS_ScheduledTask::DisableByObject; ResultCode = 0x80041001; PossibleCause = Unknown
114,6/23/2025 1:58:48 PM,Microsoft-Windows-WMI-Activity,2,5858,Id = {8438C0A2-7024-4CFF-8DC5-39B6F35CD7F3}; ClientMachine = DESKTOP-CJNBGDQ; User = DESKTOP-CJNBGDQ\Administrator; ClientProcessId = 7560; Component = Provider; Operation = Start IWbemServices::ExecMethod - Root\Microsoft\Windows\TaskScheduler : PS_ScheduledTask::DisableByObject; ResultCode = 0x80041001; PossibleCause = Unknown
115,6/23/2025 1:58:48 PM,Microsoft-Windows-WMI-Activity,2,5858,Id = {E238A0E9-4EAE-4611-8B09-F63BE24A51EE}; ClientMachine = DESKTOP-CJNBGDQ; User = DESKTOP-CJNBGDQ\Administrator; ClientProcessId = 7560; Component = Provider; Operation = Start IWbemServices::ExecMethod - Root\Microsoft\Windows\TaskScheduler : PS_ScheduledTask::DisableByObject; ResultCode = 0x80041001; PossibleCause = Unknown
116,6/23/2025 1:58:48 PM,Microsoft-Windows-WMI-Activity,2,5858,Id = {D656C98B-02E9-405F-910F-34EEFE2BF94A}; ClientMachine = DESKTOP-CJNBGDQ; User = DESKTOP-CJNBGDQ\Administrator; ClientProcessId = 7560; Component = Provider; Operation = Start IWbemServices::ExecMethod - Root\Microsoft\Windows\TaskScheduler : PS_ScheduledTask::DisableByObject; ResultCode = 0x80041001; PossibleCause = Unknown
118,6/23/2025 6:11:26 PM,Microsoft-Windows-WMI-Activity,2,5858,Id = {00000000-0000-0000-0000-000000000000}; ClientMachine = DESKTOP-CJNBGDQ; User = NT AUTHORITY\SYSTEM; ClientProcessId = 2292; Component = Unknown; Operation = Start IWbemServices::ExecQuery - root\wmi : Select * from NvWmiBrightness; ResultCode = 0x8004100C; PossibleCause = Unknown
119,6/23/2025 6:11:26 PM,Microsoft-Windows-WMI-Activity,2,5858,Id = {00000000-0000-0000-0000-000000000000}; ClientMachine = DESKTOP-CJNBGDQ; User = NT AUTHORITY\SYSTEM; ClientProcessId = 2292; Component = Unknown; Operation = Start IWbemServices::ExecQuery - root\wmi : Select * from NvWmiBrightness; ResultCode = 0x8004100C; PossibleCause = Unknown
121,6/23/2025 6:15:04 PM,Microsoft-Windows-WMI-Activity,2,5858,Id = {00000000-0000-0000-0000-000000000000}; ClientMachine = DESKTOP-CJNBGDQ; User = NT AUTHORITY\SYSTEM; ClientProcessId = 2284; Component = Unknown; Operation = Start IWbemServices::ExecQuery - root\wmi : Select * from NvWmiBrightness; ResultCode = 0x8004100C; PossibleCause = Unknown
122,6/23/2025 6:15:04 PM,Microsoft-Windows-WMI-Activity,2,5858,Id = {00000000-0000-0000-0000-000000000000}; ClientMachine = DESKTOP-CJNBGDQ; User = NT AUTHORITY\SYSTEM; ClientProcessId = 2284; Component = Unknown; Operation = Start IWbemServices::ExecQuery - root\wmi : Select * from NvWmiBrightness; ResultCode = 0x8004100C; PossibleCause = Unknown
124,6/23/2025 6:23:16 PM,Microsoft-Windows-WMI-Activity,2,5858,Id = {00000000-0000-0000-0000-000000000000}; ClientMachine = DESKTOP-CJNBGDQ; User = NT AUTHORITY\SYSTEM; ClientProcessId = 2272; Component = Unknown; Operation = Start IWbemServices::ExecQuery - root\wmi : Select * from NvWmiBrightness; ResultCode = 0x8004100C; PossibleCause = Unknown
125,6/23/2025 6:23:16 PM,Microsoft-Windows-WMI-Activity,2,5858,Id = {00000000-0000-0000-0000-000000000000}; ClientMachine = DESKTOP-CJNBGDQ; User = NT AUTHORITY\SYSTEM; ClientProcessId = 2272; Component = Unknown; Operation = Start IWbemServices::ExecQuery - root\wmi : Select * from NvWmiBrightness; ResultCode = 0x8004100C; PossibleCause = Unknown
127,6/23/2025 6:25:19 PM,Microsoft-Windows-WMI-Activity,2,5858,Id = {00000000-0000-0000-0000-000000000000}; ClientMachine = DESKTOP-CJNBGDQ; User = NT AUTHORITY\SYSTEM; ClientProcessId = 2280; Component = Unknown; Operation = Start IWbemServices::ExecQuery - root\wmi : Select * from NvWmiBrightness; ResultCode = 0x8004100C; PossibleCause = Unknown
128,6/23/2025 6:25:19 PM,Microsoft-Windows-WMI-Activity,2,5858,Id = {00000000-0000-0000-0000-000000000000}; ClientMachine = DESKTOP-CJNBGDQ; User = NT AUTHORITY\SYSTEM; ClientProcessId = 2280; Component = Unknown; Operation = Start IWbemServices::ExecQuery - root\wmi : Select * from NvWmiBrightness; ResultCode = 0x8004100C; PossibleCause = Unknown
101,6/23/2025 1:58:48 PM,Microsoft-Windows-WMI-Activity,2,5858,Id = {D668686F-D479-4B81-BDC4-6BDACCAB7B31}; ClientMachine = DESKTOP-CJNBGDQ; User = DESKTOP-CJNBGDQ\Administrator; ClientProcessId = 7560; Component = Provider; Operation = Start IWbemServices::ExecMethod - Root\Microsoft\Windows\TaskScheduler : PS_ScheduledTask::DisableByObject; ResultCode = 0x80041001; PossibleCause = Unknown
70,6/23/2025 1:49:04 PM,Microsoft-Windows-WMI-Activity,2,5858,Id = {F3C943F1-AB13-400F-846C-2EAF461EC4B6}; ClientMachine = DESKTOP-CJNBGDQ; User = DESKTOP-CJNBGDQ\Administrator; ClientProcessId = 7528; Component = Provider; Operation = Start IWbemServices::ExecMethod - Root\Microsoft\Windows\TaskScheduler : PS_ScheduledTask::DisableByObject; ResultCode = 0x80041001; PossibleCause = Unknown
100,6/23/2025 1:58:48 PM,Microsoft-Windows-WMI-Activity,2,5858,Id = {811520F9-22BA-4ACF-9559-F89ECEE180F9}; ClientMachine = DESKTOP-CJNBGDQ; User = DESKTOP-CJNBGDQ\Administrator; ClientProcessId = 7560; Component = Provider; Operation = Start IWbemServices::ExecMethod - Root\Microsoft\Windows\TaskScheduler : PS_ScheduledTask::DisableByObject; ResultCode = 0x80041001; PossibleCause = Unknown
98,6/23/2025 1:58:48 PM,Microsoft-Windows-WMI-Activity,2,5858,Id = {89743FDD-CB1F-48C2-ABCC-65193A02AAA5}; ClientMachine = DESKTOP-CJNBGDQ; User = DESKTOP-CJNBGDQ\Administrator; ClientProcessId = 7560; Component = Provider; Operation = Start IWbemServices::ExecMethod - Root\Microsoft\Windows\TaskScheduler : PS_ScheduledTask::DisableByObject; ResultCode = 0x80041001; PossibleCause = Unknown
72,6/23/2025 1:49:04 PM,Microsoft-Windows-WMI-Activity,2,5858,Id = {AEBFA0A5-05CF-4565-BE1D-D9E7F2486FFC}; ClientMachine = DESKTOP-CJNBGDQ; User = DESKTOP-CJNBGDQ\Administrator; ClientProcessId = 7528; Component = Provider; Operation = Start IWbemServices::ExecMethod - Root\Microsoft\Windows\TaskScheduler : PS_ScheduledTask::DisableByObject; ResultCode = 0x80041001; PossibleCause = Unknown
73,6/23/2025 1:49:04 PM,Microsoft-Windows-WMI-Activity,2,5858,Id = {2C78B3E3-DAD3-43D5-9962-59CDF0164AD6}; ClientMachine = DESKTOP-CJNBGDQ; User = DESKTOP-CJNBGDQ\Administrator; ClientProcessId = 7528; Component = Provider; Operation = Start IWbemServices::ExecMethod - Root\Microsoft\Windows\TaskScheduler : PS_ScheduledTask::DisableByObject; ResultCode = 0x80041001; PossibleCause = Unknown
74,6/23/2025 1:49:04 PM,Microsoft-Windows-WMI-Activity,2,5858,Id = {5F91E17B-D949-4A2C-A812-0EC3E1CCC15C}; ClientMachine = DESKTOP-CJNBGDQ; User = DESKTOP-CJNBGDQ\Administrator; ClientProcessId = 7528; Component = Provider; Operation = Start IWbemServices::ExecMethod - Root\Microsoft\Windows\TaskScheduler : PS_ScheduledTask::DisableByObject; ResultCode = 0x80041001; PossibleCause = Unknown
75,6/23/2025 1:49:04 PM,Microsoft-Windows-WMI-Activity,2,5858,Id = {F29D9FF8-5249-4F1F-86CF-5934B44E1585}; ClientMachine = DESKTOP-CJNBGDQ; User = DESKTOP-CJNBGDQ\Administrator; ClientProcessId = 7528; Component = Provider; Operation = Start IWbemServices::ExecMethod - Root\Microsoft\Windows\TaskScheduler : PS_ScheduledTask::DisableByObject; ResultCode = 0x80041001; PossibleCause = Unknown
76,6/23/2025 1:49:04 PM,Microsoft-Windows-WMI-Activity,2,5858,Id = {510E5548-943B-43DC-B7FB-273AB1F60A1F}; ClientMachine = DESKTOP-CJNBGDQ; User = DESKTOP-CJNBGDQ\Administrator; ClientProcessId = 7528; Component = Provider; Operation = Start IWbemServices::ExecMethod - Root\Microsoft\Windows\TaskScheduler : PS_ScheduledTask::DisableByObject; ResultCode = 0x80041001; PossibleCause = Unknown
77,6/23/2025 1:49:04 PM,Microsoft-Windows-WMI-Activity,2,5858,Id = {2DA8A2D0-DF56-4468-9BEF-AF84A189F135}; ClientMachine = DESKTOP-CJNBGDQ; User = DESKTOP-CJNBGDQ\Administrator; ClientProcessId = 7528; Component = Provider; Operation = Start IWbemServices::ExecMethod - Root\Microsoft\Windows\TaskScheduler : PS_ScheduledTask::DisableByObject; ResultCode = 0x80041001; PossibleCause = Unknown
78,6/23/2025 1:49:04 PM,Microsoft-Windows-WMI-Activity,2,5858,Id = {6988D48E-0E50-4363-BD38-66FD7F2FE8EE}; ClientMachine = DESKTOP-CJNBGDQ; User = DESKTOP-CJNBGDQ\Administrator; ClientProcessId = 7528; Component = Provider; Operation = Start IWbemServices::ExecMethod - Root\Microsoft\Windows\TaskScheduler : PS_ScheduledTask::DisableByObject; ResultCode = 0x80041001; PossibleCause = Unknown
79,6/23/2025 1:49:04 PM,Microsoft-Windows-WMI-Activity,2,5858,Id = {BD54113B-EEFE-445D-9CDD-D07A5616D435}; ClientMachine = DESKTOP-CJNBGDQ; User = DESKTOP-CJNBGDQ\Administrator; ClientProcessId = 7528; Component = Provider; Operation = Start IWbemServices::ExecMethod - Root\Microsoft\Windows\TaskScheduler : PS_ScheduledTask::DisableByObject; ResultCode = 0x80041001; PossibleCause = Unknown
80,6/23/2025 1:49:04 PM,Microsoft-Windows-WMI-Activity,2,5858,Id = {F7921ABA-04A6-425C-B5FA-D3FD175EA854}; ClientMachine = DESKTOP-CJNBGDQ; User = DESKTOP-CJNBGDQ\Administrator; ClientProcessId = 7528; Component = Provider; Operation = Start IWbemServices::ExecMethod - Root\Microsoft\Windows\TaskScheduler : PS_ScheduledTask::DisableByObject; ResultCode = 0x80041001; PossibleCause = Unknown
81,6/23/2025 1:49:04 PM,Microsoft-Windows-WMI-Activity,2,5858,Id = {B48D0836-27B3-44A0-83B3-A8E23F8D8723}; ClientMachine = DESKTOP-CJNBGDQ; User = DESKTOP-CJNBGDQ\Administrator; ClientProcessId = 7528; Component = Provider; Operation = Start IWbemServices::ExecMethod - Root\Microsoft\Windows\TaskScheduler : PS_ScheduledTask::DisableByObject; ResultCode = 0x80041001; PossibleCause = Unknown
82,6/23/2025 1:49:04 PM,Microsoft-Windows-WMI-Activity,2,5858,Id = {B396C0A1-C0D3-49D7-83B5-EDEAC4F7C644}; ClientMachine = DESKTOP-CJNBGDQ; User = DESKTOP-CJNBGDQ\Administrator; ClientProcessId = 7528; Component = Provider; Operation = Start IWbemServices::ExecMethod - Root\Microsoft\Windows\TaskScheduler : PS_ScheduledTask::DisableByObject; ResultCode = 0x80041001; PossibleCause = Unknown
83,6/23/2025 1:49:04 PM,Microsoft-Windows-WMI-Activity,2,5858,Id = {3ACE7F03-F88C-46B5-89A6-ED6709157720}; ClientMachine = DESKTOP-CJNBGDQ; User = DESKTOP-CJNBGDQ\Administrator; ClientProcessId = 7528; Component = Provider; Operation = Start IWbemServices::ExecMethod - Root\Microsoft\Windows\TaskScheduler : PS_ScheduledTask::DisableByObject; ResultCode = 0x80041001; PossibleCause = Unknown
84,6/23/2025 1:49:04 PM,Microsoft-Windows-WMI-Activity,2,5858,Id = {3A345F2A-4DC5-4193-9F5A-381199CC0518}; ClientMachine = DESKTOP-CJNBGDQ; User = DESKTOP-CJNBGDQ\Administrator; ClientProcessId = 7528; Component = Provider; Operation = Start IWbemServices::ExecMethod - Root\Microsoft\Windows\TaskScheduler : PS_ScheduledTask::DisableByObject; ResultCode = 0x80041001; PossibleCause = Unknown
85,6/23/2025 1:49:04 PM,Microsoft-Windows-WMI-Activity,2,5858,Id = {6831F4FA-CB5F-4900-899D-546A6836FEAD}; ClientMachine = DESKTOP-CJNBGDQ; User = DESKTOP-CJNBGDQ\Administrator; ClientProcessId = 7528; Component = Provider; Operation = Start IWbemServices::ExecMethod - Root\Microsoft\Windows\TaskScheduler : PS_ScheduledTask::DisableByObject; ResultCode = 0x80041001; PossibleCause = Unknown
86,6/23/2025 1:49:04 PM,Microsoft-Windows-WMI-Activity,2,5858,Id = {C6FD415F-EC90-474F-B9DF-23DC09493E77}; ClientMachine = DESKTOP-CJNBGDQ; User = DESKTOP-CJNBGDQ\Administrator; ClientProcessId = 7528; Component = Provider; Operation = Start IWbemServices::ExecMethod - Root\Microsoft\Windows\TaskScheduler : PS_ScheduledTask::DisableByObject; ResultCode = 0x80041001; PossibleCause = Unknown
87,6/23/2025 1:49:04 PM,Microsoft-Windows-WMI-Activity,2,5858,Id = {D5F37050-4F81-449A-8A81-2277D99681D4}; ClientMachine = DESKTOP-CJNBGDQ; User = DESKTOP-CJNBGDQ\Administrator; ClientProcessId = 7528; Component = Provider; Operation = Start IWbemServices::ExecMethod - Root\Microsoft\Windows\TaskScheduler : PS_ScheduledTask::DisableByObject; ResultCode = 0x80041001; PossibleCause = Unknown
90,6/23/2025 1:58:40 PM,Microsoft-Windows-WMI-Activity,2,5858,Id = {00000000-0000-0000-0000-000000000000}; ClientMachine = DESKTOP-CJNBGDQ; User = NT AUTHORITY\SYSTEM; ClientProcessId = 2264; Component = Unknown; Operation = Start IWbemServices::ExecQuery - root\wmi : Select * from NvWmiBrightness; ResultCode = 0x8004100C; PossibleCause = Unknown
91,6/23/2025 1:58:40 PM,Microsoft-Windows-WMI-Activity,2,5858,Id = {00000000-0000-0000-0000-000000000000}; ClientMachine = DESKTOP-CJNBGDQ; User = NT AUTHORITY\SYSTEM; ClientProcessId = 2264; Component = Unknown; Operation = Start IWbemServices::ExecQuery - root\wmi : Select * from NvWmiBrightness; ResultCode = 0x8004100C; PossibleCause = Unknown
93,6/23/2025 1:58:48 PM,Microsoft-Windows-WMI-Activity,2,5858,Id = {4A924ACF-823A-45D4-9A90-C31814CC38FE}; ClientMachine = DESKTOP-CJNBGDQ; User = DESKTOP-CJNBGDQ\Administrator; ClientProcessId = 7560; Component = Provider; Operation = Start IWbemServices::ExecMethod - Root\Microsoft\Windows\TaskScheduler : PS_ScheduledTask::DisableByObject; ResultCode = 0x80041001; PossibleCause = Unknown
94,6/23/2025 1:58:48 PM,Microsoft-Windows-WMI-Activity,2,5858,Id = {49466808-4386-4BA8-97FB-0CAFA732A1B9}; ClientMachine = DESKTOP-CJNBGDQ; User = DESKTOP-CJNBGDQ\Administrator; ClientProcessId = 7560; Component = Provider; Operation = Start IWbemServices::ExecMethod - Root\Microsoft\Windows\TaskScheduler : PS_ScheduledTask::DisableByObject; ResultCode = 0x80041001; PossibleCause = Unknown
95,6/23/2025 1:58:48 PM,Microsoft-Windows-WMI-Activity,2,5858,Id = {DAA22D1A-B300-44D6-9354-EAC188F98A3C}; ClientMachine = DESKTOP-CJNBGDQ; User = DESKTOP-CJNBGDQ\Administrator; ClientProcessId = 7560; Component = Provider; Operation = Start IWbemServices::ExecMethod - Root\Microsoft\Windows\TaskScheduler : PS_ScheduledTask::DisableByObject; ResultCode = 0x80041001; PossibleCause = Unknown
96,6/23/2025 1:58:48 PM,Microsoft-Windows-WMI-Activity,2,5858,Id = {77AF2BA0-04F9-47CD-A0EF-05AB8C573E6E}; ClientMachine = DESKTOP-CJNBGDQ; User = DESKTOP-CJNBGDQ\Administrator; ClientProcessId = 7560; Component = Provider; Operation = Start IWbemServices::ExecMethod - Root\Microsoft\Windows\TaskScheduler : PS_ScheduledTask::DisableByObject; ResultCode = 0x80041001; PossibleCause = Unknown
97,6/23/2025 1:58:48 PM,Microsoft-Windows-WMI-Activity,2,5858,Id = {CCBF76FD-8843-4598-8DAE-07B59694B2F8}; ClientMachine = DESKTOP-CJNBGDQ; User = DESKTOP-CJNBGDQ\Administrator; ClientProcessId = 7560; Component = Provider; Operation = Start IWbemServices::ExecMethod - Root\Microsoft\Windows\TaskScheduler : PS_ScheduledTask::DisableByObject; ResultCode = 0x80041001; PossibleCause = Unknown
99,6/23/2025 1:58:48 PM,Microsoft-Windows-WMI-Activity,2,5858,Id = {7D30D19A-E53D-4C67-8BDB-D651866605AE}; ClientMachine = DESKTOP-CJNBGDQ; User = DESKTOP-CJNBGDQ\Administrator; ClientProcessId = 7560; Component = Provider; Operation = Start IWbemServices::ExecMethod - Root\Microsoft\Windows\TaskScheduler : PS_ScheduledTask::DisableByObject; ResultCode = 0x80041001; PossibleCause = Unknown
4,6/23/2025 1:04:14 AM,Microsoft-Windows-WMI-Activity,2,5858,Id = {00000000-0000-0000-0000-000000000000}; ClientMachine = DESKTOP-CJNBGDQ; User = NT AUTHORITY\SYSTEM; ClientProcessId = 4436; Component = Unknown; Operation = Start IWbemServices::ExecQuery - ROOT\CIMV2 : SELECT ID FROM Win32_ServerFeature; ResultCode = 0x80041010; PossibleCause = Unknown
