2868,6/23/2025 6:23:16 PM,Microsoft-Windows-Security-Auditing,0,4738,A user account was changed. Subject: 	Security ID:		S-1-5-18 	Account Name:		DESKTOP-CJNBGDQ$ 	Account Domain:		WORKGROUP 	Logon ID:		0x3E7 Target Account: 	Security ID:		S-1-5-21-1283774291-1801764544-247059453-500 	Account Name:		Administrator 	Account Domain:		DESKTOP-CJNBGDQ Changed Attributes: 	SAM Account Name:	Administrator 	Display Name:		<value not set> 	User Principal Name:	- 	Home Directory:		<value not set> 	Home Drive:		<value not set> 	Script Path:		<value not set> 	Profile Path:		<value not set> 	User Workstations:	<value not set> 	Password Last Set:	<never> 	Account Expires:		<never> 	Primary Group ID:	513 	AllowedToDelegateTo:	- 	Old UAC Value:		0x211 	New UAC Value:		0x211 	User Account Control:	- 	User Parameters:	<value not set> 	SID History:		- 	Logon Hours:		All Additional Information: 	Privileges:		-
2869,6/23/2025 6:23:16 PM,Microsoft-Windows-Security-Auditing,0,4738,A user account was changed. Subject: 	Security ID:		S-1-5-18 	Account Name:		DESKTOP-CJNBGDQ$ 	Account Domain:		WORKGROUP 	Logon ID:		0x3E7 Target Account: 	Security ID:		S-1-5-21-1283774291-1801764544-247059453-501 	Account Name:		Guest 	Account Domain:		DESKTOP-CJNBGDQ Changed Attributes: 	SAM Account Name:	Guest 	Display Name:		<value not set> 	User Principal Name:	- 	Home Directory:		<value not set> 	Home Drive:		<value not set> 	Script Path:		<value not set> 	Profile Path:		<value not set> 	User Workstations:	<value not set> 	Password Last Set:	<never> 	Account Expires:		<never> 	Primary Group ID:	513 	AllowedToDelegateTo:	- 	Old UAC Value:		0x215 	New UAC Value:		0x215 	User Account Control:	- 	User Parameters:	<value not set> 	SID History:		- 	Logon Hours:		All Additional Information: 	Privileges:		-
2870,6/23/2025 6:23:16 PM,Microsoft-Windows-Security-Auditing,0,4738,A user account was changed. Subject: 	Security ID:		S-1-5-18 	Account Name:		DESKTOP-CJNBGDQ$ 	Account Domain:		WORKGROUP 	Logon ID:		0x3E7 Target Account: 	Security ID:		S-1-5-21-1283774291-1801764544-247059453-501 	Account Name:		Guest 	Account Domain:		DESKTOP-CJNBGDQ Changed Attributes: 	SAM Account Name:	Guest 	Display Name:		<value not set> 	User Principal Name:	- 	Home Directory:		<value not set> 	Home Drive:		<value not set> 	Script Path:		<value not set> 	Profile Path:		<value not set> 	User Workstations:	<value not set> 	Password Last Set:	<never> 	Account Expires:		<never> 	Primary Group ID:	513 	AllowedToDelegateTo:	- 	Old UAC Value:		0x215 	New UAC Value:		0x215 	User Account Control:	- 	User Parameters:	<value not set> 	SID History:		- 	Logon Hours:		All Additional Information: 	Privileges:		-
2871,6/23/2025 6:23:16 PM,Microsoft-Windows-Security-Auditing,0,4738,A user account was changed. Subject: 	Security ID:		S-1-5-18 	Account Name:		DESKTOP-CJNBGDQ$ 	Account Domain:		WORKGROUP 	Logon ID:		0x3E7 Target Account: 	Security ID:		S-1-5-21-1283774291-1801764544-247059453-503 	Account Name:		DefaultAccount 	Account Domain:		DESKTOP-CJNBGDQ Changed Attributes: 	SAM Account Name:	DefaultAccount 	Display Name:		<value not set> 	User Principal Name:	- 	Home Directory:		<value not set> 	Home Drive:		<value not set> 	Script Path:		<value not set> 	Profile Path:		<value not set> 	User Workstations:	<value not set> 	Password Last Set:	<never> 	Account Expires:		<never> 	Primary Group ID:	513 	AllowedToDelegateTo:	- 	Old UAC Value:		0x215 	New UAC Value:		0x215 	User Account Control:	- 	User Parameters:	<value not set> 	SID History:		- 	Logon Hours:		All Additional Information: 	Privileges:		-
2872,6/23/2025 6:23:16 PM,Microsoft-Windows-Security-Auditing,0,4738,A user account was changed. Subject: 	Security ID:		S-1-5-18 	Account Name:		DESKTOP-CJNBGDQ$ 	Account Domain:		WORKGROUP 	Logon ID:		0x3E7 Target Account: 	Security ID:		S-1-5-21-1283774291-1801764544-247059453-503 	Account Name:		DefaultAccount 	Account Domain:		DESKTOP-CJNBGDQ Changed Attributes: 	SAM Account Name:	DefaultAccount 	Display Name:		<value not set> 	User Principal Name:	- 	Home Directory:		<value not set> 	Home Drive:		<value not set> 	Script Path:		<value not set> 	Profile Path:		<value not set> 	User Workstations:	<value not set> 	Password Last Set:	<never> 	Account Expires:		<never> 	Primary Group ID:	513 	AllowedToDelegateTo:	- 	Old UAC Value:		0x215 	New UAC Value:		0x215 	User Account Control:	- 	User Parameters:	<value not set> 	SID History:		- 	Logon Hours:		All Additional Information: 	Privileges:		-
2873,6/23/2025 6:23:16 PM,Microsoft-Windows-Security-Auditing,0,4738,A user account was changed. Subject: 	Security ID:		S-1-5-18 	Account Name:		DESKTOP-CJNBGDQ$ 	Account Domain:		WORKGROUP 	Logon ID:		0x3E7 Target Account: 	Security ID:		S-1-5-21-1283774291-1801764544-247059453-504 	Account Name:		WDAGUtilityAccount 	Account Domain:		DESKTOP-CJNBGDQ Changed Attributes: 	SAM Account Name:	WDAGUtilityAccount 	Display Name:		<value not set> 	User Principal Name:	- 	Home Directory:		<value not set> 	Home Drive:		<value not set> 	Script Path:		<value not set> 	Profile Path:		<value not set> 	User Workstations:	<value not set> 	Password Last Set:	6/23/2025 1:02:55 AM 	Account Expires:		<never> 	Primary Group ID:	513 	AllowedToDelegateTo:	- 	Old UAC Value:		0x11 	New UAC Value:		0x11 	User Account Control:	- 	User Parameters:	<value not set> 	SID History:		- 	Logon Hours:		All Additional Information: 	Privileges:		-
2874,6/23/2025 6:23:16 PM,Microsoft-Windows-Security-Auditing,0,4738,A user account was changed. Subject: 	Security ID:		S-1-5-18 	Account Name:		DESKTOP-CJNBGDQ$ 	Account Domain:		WORKGROUP 	Logon ID:		0x3E7 Target Account: 	Security ID:		S-1-5-21-1283774291-1801764544-247059453-504 	Account Name:		WDAGUtilityAccount 	Account Domain:		DESKTOP-CJNBGDQ Changed Attributes: 	SAM Account Name:	WDAGUtilityAccount 	Display Name:		<value not set> 	User Principal Name:	- 	Home Directory:		<value not set> 	Home Drive:		<value not set> 	Script Path:		<value not set> 	Profile Path:		<value not set> 	User Workstations:	<value not set> 	Password Last Set:	6/23/2025 1:02:55 AM 	Account Expires:		<never> 	Primary Group ID:	513 	AllowedToDelegateTo:	- 	Old UAC Value:		0x11 	New UAC Value:		0x11 	User Account Control:	- 	User Parameters:	<value not set> 	SID History:		- 	Logon Hours:		All Additional Information: 	Privileges:		-
2875,6/23/2025 6:23:16 PM,Microsoft-Windows-Security-Auditing,0,4737,A security-enabled global group was changed. Subject: 	Security ID:		S-1-5-18 	Account Name:		DESKTOP-CJNBGDQ$ 	Account Domain:		WORKGROUP 	Logon ID:		0x3E7 Group: 	Security ID:		S-1-5-21-1283774291-1801764544-247059453-513 	Group Name:		None 	Group Domain:		DESKTOP-CJNBGDQ Changed Attributes: 	SAM Account Name:	- 	SID History:		- Additional Information: 	Privileges:		-
2876,6/23/2025 6:23:16 PM,Microsoft-Windows-Security-Auditing,0,4781,The name of an account was changed: Subject: 	Security ID:		S-1-5-18 	Account Name:		DESKTOP-CJNBGDQ$ 	Account Domain:		WORKGROUP 	Logon ID:		0x3E7 Target Account: 	Security ID:		S-1-5-21-1283774291-1801764544-247059453-513 	Account Domain:		DESKTOP-CJNBGDQ 	Old Account Name:	None 	New Account Name:	None Additional Information: 	Privileges:		-
2877,6/23/2025 6:23:16 PM,Microsoft-Windows-Security-Auditing,0,4737,A security-enabled global group was changed. Subject: 	Security ID:		S-1-5-18 	Account Name:		DESKTOP-CJNBGDQ$ 	Account Domain:		WORKGROUP 	Logon ID:		0x3E7 Group: 	Security ID:		S-1-5-21-1283774291-1801764544-247059453-513 	Group Name:		None 	Group Domain:		DESKTOP-CJNBGDQ Changed Attributes: 	SAM Account Name:	None 	SID History:		- Additional Information: 	Privileges:		-
2878,6/23/2025 6:23:16 PM,Microsoft-Windows-Security-Auditing,0,4798,A user's local group membership was enumerated. Subject: 	Security ID:		S-1-5-18 	Account Name:		DESKTOP-CJNBGDQ$ 	Account Domain:		WORKGROUP 	Logon ID:		0x3E7 User: 	Security ID:		S-1-5-21-1283774291-1801764544-247059453-500 	Account Name:		Administrator 	Account Domain:		DESKTOP-CJNBGDQ Process Information: 	Process ID:		0x5c0 	Process Name:		C:\Windows\System32\oobe\audit.exe
2879,6/23/2025 6:23:16 PM,Microsoft-Windows-Security-Auditing,0,4798,A user's local group membership was enumerated. Subject: 	Security ID:		S-1-5-18 	Account Name:		DESKTOP-CJNBGDQ$ 	Account Domain:		WORKGROUP 	Logon ID:		0x3E7 User: 	Security ID:		S-1-5-21-1283774291-1801764544-247059453-500 	Account Name:		Administrator 	Account Domain:		DESKTOP-CJNBGDQ Process Information: 	Process ID:		0x5c0 	Process Name:		C:\Windows\System32\oobe\audit.exe
2880,6/23/2025 6:23:16 PM,Microsoft-Windows-Security-Auditing,0,4722,A user account was enabled. Subject: 	Security ID:		S-1-5-18 	Account Name:		DESKTOP-CJNBGDQ$ 	Account Domain:		WORKGROUP 	Logon ID:		0x3E7 Target Account: 	Security ID:		S-1-5-21-1283774291-1801764544-247059453-500 	Account Name:		Administrator 	Account Domain:		DESKTOP-CJNBGDQ
2881,6/23/2025 6:23:16 PM,Microsoft-Windows-Security-Auditing,0,4738,A user account was changed. Subject: 	Security ID:		S-1-5-18 	Account Name:		DESKTOP-CJNBGDQ$ 	Account Domain:		WORKGROUP 	Logon ID:		0x3E7 Target Account: 	Security ID:		S-1-5-21-1283774291-1801764544-247059453-500 	Account Name:		Administrator 	Account Domain:		DESKTOP-CJNBGDQ Changed Attributes: 	SAM Account Name:	Administrator 	Display Name:		<value not set> 	User Principal Name:	- 	Home Directory:		<value not set> 	Home Drive:		<value not set> 	Script Path:		<value not set> 	Profile Path:		<value not set> 	User Workstations:	<value not set> 	Password Last Set:	<never> 	Account Expires:		<never> 	Primary Group ID:	513 	AllowedToDelegateTo:	- 	Old UAC Value:		0x211 	New UAC Value:		0x210 	User Account Control:	 		Account Enabled 	User Parameters:	<value not set> 	SID History:		- 	Logon Hours:		All Additional Information: 	Privileges:		-
2882,6/23/2025 6:23:16 PM,Microsoft-Windows-Security-Auditing,0,4624,"An account was successfully logged on. Subject: 	Security ID:		S-1-5-18 	Account Name:		DESKTOP-CJNBGDQ$ 	Account Domain:		WORKGROUP 	Logon ID:		0x3E7 Logon Information: 	Logon Type:		5 	Restricted Admin Mode:	- 	Virtual Account:		No 	Elevated Token:		Yes Impersonation Level:		Impersonation New Logon: 	Security ID:		S-1-5-18 	Account Name:		SYSTEM 	Account Domain:		NT AUTHORITY 	Logon ID:		0x3E7 	Linked Logon ID:		0x0 	Network Account Name:	- 	Network Account Domain:	- 	Logon GUID:		{00000000-0000-0000-0000-000000000000} Process Information: 	Process ID:		0x3a8 	Process Name:		C:\Windows\System32\services.exe Network Information: 	Workstation Name:	- 	Source Network Address:	- 	Source Port:		- Detailed Authentication Information: 	Logon Process:		Advapi   	Authentication Package:	Negotiate 	Transited Services:	- 	Package Name (NTLM only):	- 	Key Length:		0 This event is generated when a logon session is created. It is generated on the computer that was accessed. The subject fields indicate the account on the local system which requested the logon. This is most commonly a service such as the Server service, or a local process such as Winlogon.exe or Services.exe. The logon type field indicates the kind of logon that occurred. The most common types are 2 (interactive) and 3 (network). The New Logon fields indicate the account for whom the new logon was created, i.e. the account that was logged on. The network fields indicate where a remote logon request originated. Workstation name is not always available and may be left blank in some cases. The impersonation level field indicates the extent to which a process in the logon session can impersonate. The authentication information fields provide detailed information about this specific logon request. 	- Logon GUID is a unique identifier that can be used to correlate this event with a KDC event. 	- Transited services indicate which intermediate services have participated in this logon request. 	- Package name indicates which sub-protocol was used among the NTLM protocols. 	- Key length indicates the length of the generated session key. This will be 0 if no session key was requested."
2883,6/23/2025 6:23:16 PM,Microsoft-Windows-Security-Auditing,0,4624,"An account was successfully logged on. Subject: 	Security ID:		S-1-5-18 	Account Name:		DESKTOP-CJNBGDQ$ 	Account Domain:		WORKGROUP 	Logon ID:		0x3E7 Logon Information: 	Logon Type:		5 	Restricted Admin Mode:	- 	Virtual Account:		No 	Elevated Token:		Yes Impersonation Level:		Impersonation New Logon: 	Security ID:		S-1-5-18 	Account Name:		SYSTEM 	Account Domain:		NT AUTHORITY 	Logon ID:		0x3E7 	Linked Logon ID:		0x0 	Network Account Name:	- 	Network Account Domain:	- 	Logon GUID:		{00000000-0000-0000-0000-000000000000} Process Information: 	Process ID:		0x3a8 	Process Name:		C:\Windows\System32\services.exe Network Information: 	Workstation Name:	- 	Source Network Address:	- 	Source Port:		- Detailed Authentication Information: 	Logon Process:		Advapi   	Authentication Package:	Negotiate 	Transited Services:	- 	Package Name (NTLM only):	- 	Key Length:		0 This event is generated when a logon session is created. It is generated on the computer that was accessed. The subject fields indicate the account on the local system which requested the logon. This is most commonly a service such as the Server service, or a local process such as Winlogon.exe or Services.exe. The logon type field indicates the kind of logon that occurred. The most common types are 2 (interactive) and 3 (network). The New Logon fields indicate the account for whom the new logon was created, i.e. the account that was logged on. The network fields indicate where a remote logon request originated. Workstation name is not always available and may be left blank in some cases. The impersonation level field indicates the extent to which a process in the logon session can impersonate. The authentication information fields provide detailed information about this specific logon request. 	- Logon GUID is a unique identifier that can be used to correlate this event with a KDC event. 	- Transited services indicate which intermediate services have participated in this logon request. 	- Package name indicates which sub-protocol was used among the NTLM protocols. 	- Key length indicates the length of the generated session key. This will be 0 if no session key was requested."
2884,6/23/2025 6:23:16 PM,Microsoft-Windows-Security-Auditing,0,4672,Special privileges assigned to new logon. Subject: 	Security ID:		S-1-5-18 	Account Name:		SYSTEM 	Account Domain:		NT AUTHORITY 	Logon ID:		0x3E7 Privileges:		SeAssignPrimaryTokenPrivilege 			SeTcbPrivilege 			SeSecurityPrivilege 			SeTakeOwnershipPrivilege 			SeLoadDriverPrivilege 			SeBackupPrivilege 			SeRestorePrivilege 			SeDebugPrivilege 			SeAuditPrivilege 			SeSystemEnvironmentPrivilege 			SeImpersonatePrivilege 			SeDelegateSessionUserImpersonatePrivilege
2885,6/23/2025 6:23:16 PM,Microsoft-Windows-Security-Auditing,0,4672,Special privileges assigned to new logon. Subject: 	Security ID:		S-1-5-18 	Account Name:		SYSTEM 	Account Domain:		NT AUTHORITY 	Logon ID:		0x3E7 Privileges:		SeAssignPrimaryTokenPrivilege 			SeTcbPrivilege 			SeSecurityPrivilege 			SeTakeOwnershipPrivilege 			SeLoadDriverPrivilege 			SeBackupPrivilege 			SeRestorePrivilege 			SeDebugPrivilege 			SeAuditPrivilege 			SeSystemEnvironmentPrivilege 			SeImpersonatePrivilege 			SeDelegateSessionUserImpersonatePrivilege
2886,6/23/2025 6:23:16 PM,Microsoft-Windows-Security-Auditing,0,4624,"An account was successfully logged on. Subject: 	Security ID:		S-1-5-18 	Account Name:		DESKTOP-CJNBGDQ$ 	Account Domain:		WORKGROUP 	Logon ID:		0x3E7 Logon Information: 	Logon Type:		5 	Restricted Admin Mode:	- 	Virtual Account:		No 	Elevated Token:		Yes Impersonation Level:		Impersonation New Logon: 	Security ID:		S-1-5-18 	Account Name:		SYSTEM 	Account Domain:		NT AUTHORITY 	Logon ID:		0x3E7 	Linked Logon ID:		0x0 	Network Account Name:	- 	Network Account Domain:	- 	Logon GUID:		{00000000-0000-0000-0000-000000000000} Process Information: 	Process ID:		0x3a8 	Process Name:		C:\Windows\System32\services.exe Network Information: 	Workstation Name:	- 	Source Network Address:	- 	Source Port:		- Detailed Authentication Information: 	Logon Process:		Advapi   	Authentication Package:	Negotiate 	Transited Services:	- 	Package Name (NTLM only):	- 	Key Length:		0 This event is generated when a logon session is created. It is generated on the computer that was accessed. The subject fields indicate the account on the local system which requested the logon. This is most commonly a service such as the Server service, or a local process such as Winlogon.exe or Services.exe. The logon type field indicates the kind of logon that occurred. The most common types are 2 (interactive) and 3 (network). The New Logon fields indicate the account for whom the new logon was created, i.e. the account that was logged on. The network fields indicate where a remote logon request originated. Workstation name is not always available and may be left blank in some cases. The impersonation level field indicates the extent to which a process in the logon session can impersonate. The authentication information fields provide detailed information about this specific logon request. 	- Logon GUID is a unique identifier that can be used to correlate this event with a KDC event. 	- Transited services indicate which intermediate services have participated in this logon request. 	- Package name indicates which sub-protocol was used among the NTLM protocols. 	- Key length indicates the length of the generated session key. This will be 0 if no session key was requested."
2887,6/23/2025 6:23:16 PM,Microsoft-Windows-Security-Auditing,0,4672,Special privileges assigned to new logon. Subject: 	Security ID:		S-1-5-18 	Account Name:		SYSTEM 	Account Domain:		NT AUTHORITY 	Logon ID:		0x3E7 Privileges:		SeAssignPrimaryTokenPrivilege 			SeTcbPrivilege 			SeSecurityPrivilege 			SeTakeOwnershipPrivilege 			SeLoadDriverPrivilege 			SeBackupPrivilege 			SeRestorePrivilege 			SeDebugPrivilege 			SeAuditPrivilege 			SeSystemEnvironmentPrivilege 			SeImpersonatePrivilege 			SeDelegateSessionUserImpersonatePrivilege
2888,6/23/2025 6:23:16 PM,Microsoft-Windows-Security-Auditing,0,4624,"An account was successfully logged on. Subject: 	Security ID:		S-1-5-18 	Account Name:		DESKTOP-CJNBGDQ$ 	Account Domain:		WORKGROUP 	Logon ID:		0x3E7 Logon Information: 	Logon Type:		5 	Restricted Admin Mode:	- 	Virtual Account:		No 	Elevated Token:		Yes Impersonation Level:		Impersonation New Logon: 	Security ID:		S-1-5-18 	Account Name:		SYSTEM 	Account Domain:		NT AUTHORITY 	Logon ID:		0x3E7 	Linked Logon ID:		0x0 	Network Account Name:	- 	Network Account Domain:	- 	Logon GUID:		{00000000-0000-0000-0000-000000000000} Process Information: 	Process ID:		0x3a8 	Process Name:		C:\Windows\System32\services.exe Network Information: 	Workstation Name:	- 	Source Network Address:	- 	Source Port:		- Detailed Authentication Information: 	Logon Process:		Advapi   	Authentication Package:	Negotiate 	Transited Services:	- 	Package Name (NTLM only):	- 	Key Length:		0 This event is generated when a logon session is created. It is generated on the computer that was accessed. The subject fields indicate the account on the local system which requested the logon. This is most commonly a service such as the Server service, or a local process such as Winlogon.exe or Services.exe. The logon type field indicates the kind of logon that occurred. The most common types are 2 (interactive) and 3 (network). The New Logon fields indicate the account for whom the new logon was created, i.e. the account that was logged on. The network fields indicate where a remote logon request originated. Workstation name is not always available and may be left blank in some cases. The impersonation level field indicates the extent to which a process in the logon session can impersonate. The authentication information fields provide detailed information about this specific logon request. 	- Logon GUID is a unique identifier that can be used to correlate this event with a KDC event. 	- Transited services indicate which intermediate services have participated in this logon request. 	- Package name indicates which sub-protocol was used among the NTLM protocols. 	- Key length indicates the length of the generated session key. This will be 0 if no session key was requested."
2889,6/23/2025 6:23:16 PM,Microsoft-Windows-Security-Auditing,0,4672,Special privileges assigned to new logon. Subject: 	Security ID:		S-1-5-18 	Account Name:		SYSTEM 	Account Domain:		NT AUTHORITY 	Logon ID:		0x3E7 Privileges:		SeAssignPrimaryTokenPrivilege 			SeTcbPrivilege 			SeSecurityPrivilege 			SeTakeOwnershipPrivilege 			SeLoadDriverPrivilege 			SeBackupPrivilege 			SeRestorePrivilege 			SeDebugPrivilege 			SeAuditPrivilege 			SeSystemEnvironmentPrivilege 			SeImpersonatePrivilege 			SeDelegateSessionUserImpersonatePrivilege
2890,6/23/2025 6:23:16 PM,Microsoft-Windows-Security-Auditing,0,5379,Credential Manager credentials were read. Subject: 	Security ID:		S-1-5-18 	Account Name:		DESKTOP-CJNBGDQ$ 	Account Domain:		WORKGROUP 	Logon ID:		0x3E7 	Read Operation:		Enumerate Credentials This event occurs when a user performs a read operation on stored credentials in Credential Manager.
2891,6/23/2025 6:23:16 PM,Microsoft-Windows-Security-Auditing,0,5379,Credential Manager credentials were read. Subject: 	Security ID:		S-1-5-18 	Account Name:		DESKTOP-CJNBGDQ$ 	Account Domain:		WORKGROUP 	Logon ID:		0x3E7 	Read Operation:		Enumerate Credentials This event occurs when a user performs a read operation on stored credentials in Credential Manager.
2892,6/23/2025 6:23:16 PM,Microsoft-Windows-Security-Auditing,0,5379,Credential Manager credentials were read. Subject: 	Security ID:		S-1-5-18 	Account Name:		DESKTOP-CJNBGDQ$ 	Account Domain:		WORKGROUP 	Logon ID:		0x3E7 	Read Operation:		Enumerate Credentials This event occurs when a user performs a read operation on stored credentials in Credential Manager.
2893,6/23/2025 6:23:16 PM,Microsoft-Windows-Security-Auditing,0,4624,"An account was successfully logged on. Subject: 	Security ID:		S-1-5-18 	Account Name:		DESKTOP-CJNBGDQ$ 	Account Domain:		WORKGROUP 	Logon ID:		0x3E7 Logon Information: 	Logon Type:		5 	Restricted Admin Mode:	- 	Virtual Account:		No 	Elevated Token:		Yes Impersonation Level:		Impersonation New Logon: 	Security ID:		S-1-5-18 	Account Name:		SYSTEM 	Account Domain:		NT AUTHORITY 	Logon ID:		0x3E7 	Linked Logon ID:		0x0 	Network Account Name:	- 	Network Account Domain:	- 	Logon GUID:		{00000000-0000-0000-0000-000000000000} Process Information: 	Process ID:		0x3a8 	Process Name:		C:\Windows\System32\services.exe Network Information: 	Workstation Name:	- 	Source Network Address:	- 	Source Port:		- Detailed Authentication Information: 	Logon Process:		Advapi   	Authentication Package:	Negotiate 	Transited Services:	- 	Package Name (NTLM only):	- 	Key Length:		0 This event is generated when a logon session is created. It is generated on the computer that was accessed. The subject fields indicate the account on the local system which requested the logon. This is most commonly a service such as the Server service, or a local process such as Winlogon.exe or Services.exe. The logon type field indicates the kind of logon that occurred. The most common types are 2 (interactive) and 3 (network). The New Logon fields indicate the account for whom the new logon was created, i.e. the account that was logged on. The network fields indicate where a remote logon request originated. Workstation name is not always available and may be left blank in some cases. The impersonation level field indicates the extent to which a process in the logon session can impersonate. The authentication information fields provide detailed information about this specific logon request. 	- Logon GUID is a unique identifier that can be used to correlate this event with a KDC event. 	- Transited services indicate which intermediate services have participated in this logon request. 	- Package name indicates which sub-protocol was used among the NTLM protocols. 	- Key length indicates the length of the generated session key. This will be 0 if no session key was requested."
2894,6/23/2025 6:23:16 PM,Microsoft-Windows-Security-Auditing,0,4672,Special privileges assigned to new logon. Subject: 	Security ID:		S-1-5-18 	Account Name:		SYSTEM 	Account Domain:		NT AUTHORITY 	Logon ID:		0x3E7 Privileges:		SeAssignPrimaryTokenPrivilege 			SeTcbPrivilege 			SeSecurityPrivilege 			SeTakeOwnershipPrivilege 			SeLoadDriverPrivilege 			SeBackupPrivilege 			SeRestorePrivilege 			SeDebugPrivilege 			SeAuditPrivilege 			SeSystemEnvironmentPrivilege 			SeImpersonatePrivilege 			SeDelegateSessionUserImpersonatePrivilege
2895,6/23/2025 6:23:16 PM,Microsoft-Windows-Security-Auditing,0,4624,"An account was successfully logged on. Subject: 	Security ID:		S-1-5-18 	Account Name:		DESKTOP-CJNBGDQ$ 	Account Domain:		WORKGROUP 	Logon ID:		0x3E7 Logon Information: 	Logon Type:		5 	Restricted Admin Mode:	- 	Virtual Account:		No 	Elevated Token:		Yes Impersonation Level:		Impersonation New Logon: 	Security ID:		S-1-5-18 	Account Name:		SYSTEM 	Account Domain:		NT AUTHORITY 	Logon ID:		0x3E7 	Linked Logon ID:		0x0 	Network Account Name:	- 	Network Account Domain:	- 	Logon GUID:		{00000000-0000-0000-0000-000000000000} Process Information: 	Process ID:		0x3a8 	Process Name:		C:\Windows\System32\services.exe Network Information: 	Workstation Name:	- 	Source Network Address:	- 	Source Port:		- Detailed Authentication Information: 	Logon Process:		Advapi   	Authentication Package:	Negotiate 	Transited Services:	- 	Package Name (NTLM only):	- 	Key Length:		0 This event is generated when a logon session is created. It is generated on the computer that was accessed. The subject fields indicate the account on the local system which requested the logon. This is most commonly a service such as the Server service, or a local process such as Winlogon.exe or Services.exe. The logon type field indicates the kind of logon that occurred. The most common types are 2 (interactive) and 3 (network). The New Logon fields indicate the account for whom the new logon was created, i.e. the account that was logged on. The network fields indicate where a remote logon request originated. Workstation name is not always available and may be left blank in some cases. The impersonation level field indicates the extent to which a process in the logon session can impersonate. The authentication information fields provide detailed information about this specific logon request. 	- Logon GUID is a unique identifier that can be used to correlate this event with a KDC event. 	- Transited services indicate which intermediate services have participated in this logon request. 	- Package name indicates which sub-protocol was used among the NTLM protocols. 	- Key length indicates the length of the generated session key. This will be 0 if no session key was requested."
2896,6/23/2025 6:23:16 PM,Microsoft-Windows-Security-Auditing,0,4672,Special privileges assigned to new logon. Subject: 	Security ID:		S-1-5-18 	Account Name:		SYSTEM 	Account Domain:		NT AUTHORITY 	Logon ID:		0x3E7 Privileges:		SeAssignPrimaryTokenPrivilege 			SeTcbPrivilege 			SeSecurityPrivilege 			SeTakeOwnershipPrivilege 			SeLoadDriverPrivilege 			SeBackupPrivilege 			SeRestorePrivilege 			SeDebugPrivilege 			SeAuditPrivilege 			SeSystemEnvironmentPrivilege 			SeImpersonatePrivilege 			SeDelegateSessionUserImpersonatePrivilege
2897,6/23/2025 6:23:16 PM,Microsoft-Windows-Security-Auditing,0,4624,"An account was successfully logged on. Subject: 	Security ID:		S-1-5-18 	Account Name:		DESKTOP-CJNBGDQ$ 	Account Domain:		WORKGROUP 	Logon ID:		0x3E7 Logon Information: 	Logon Type:		5 	Restricted Admin Mode:	- 	Virtual Account:		No 	Elevated Token:		Yes Impersonation Level:		Impersonation New Logon: 	Security ID:		S-1-5-18 	Account Name:		SYSTEM 	Account Domain:		NT AUTHORITY 	Logon ID:		0x3E7 	Linked Logon ID:		0x0 	Network Account Name:	- 	Network Account Domain:	- 	Logon GUID:		{00000000-0000-0000-0000-000000000000} Process Information: 	Process ID:		0x3a8 	Process Name:		C:\Windows\System32\services.exe Network Information: 	Workstation Name:	- 	Source Network Address:	- 	Source Port:		- Detailed Authentication Information: 	Logon Process:		Advapi   	Authentication Package:	Negotiate 	Transited Services:	- 	Package Name (NTLM only):	- 	Key Length:		0 This event is generated when a logon session is created. It is generated on the computer that was accessed. The subject fields indicate the account on the local system which requested the logon. This is most commonly a service such as the Server service, or a local process such as Winlogon.exe or Services.exe. The logon type field indicates the kind of logon that occurred. The most common types are 2 (interactive) and 3 (network). The New Logon fields indicate the account for whom the new logon was created, i.e. the account that was logged on. The network fields indicate where a remote logon request originated. Workstation name is not always available and may be left blank in some cases. The impersonation level field indicates the extent to which a process in the logon session can impersonate. The authentication information fields provide detailed information about this specific logon request. 	- Logon GUID is a unique identifier that can be used to correlate this event with a KDC event. 	- Transited services indicate which intermediate services have participated in this logon request. 	- Package name indicates which sub-protocol was used among the NTLM protocols. 	- Key length indicates the length of the generated session key. This will be 0 if no session key was requested."
2898,6/23/2025 6:23:16 PM,Microsoft-Windows-Security-Auditing,0,4672,Special privileges assigned to new logon. Subject: 	Security ID:		S-1-5-18 	Account Name:		SYSTEM 	Account Domain:		NT AUTHORITY 	Logon ID:		0x3E7 Privileges:		SeAssignPrimaryTokenPrivilege 			SeTcbPrivilege 			SeSecurityPrivilege 			SeTakeOwnershipPrivilege 			SeLoadDriverPrivilege 			SeBackupPrivilege 			SeRestorePrivilege 			SeDebugPrivilege 			SeAuditPrivilege 			SeSystemEnvironmentPrivilege 			SeImpersonatePrivilege 			SeDelegateSessionUserImpersonatePrivilege
2899,6/23/2025 6:23:16 PM,Microsoft-Windows-Security-Auditing,0,4624,"An account was successfully logged on. Subject: 	Security ID:		S-1-5-18 	Account Name:		DESKTOP-CJNBGDQ$ 	Account Domain:		WORKGROUP 	Logon ID:		0x3E7 Logon Information: 	Logon Type:		5 	Restricted Admin Mode:	- 	Virtual Account:		No 	Elevated Token:		Yes Impersonation Level:		Impersonation New Logon: 	Security ID:		S-1-5-18 	Account Name:		SYSTEM 	Account Domain:		NT AUTHORITY 	Logon ID:		0x3E7 	Linked Logon ID:		0x0 	Network Account Name:	- 	Network Account Domain:	- 	Logon GUID:		{00000000-0000-0000-0000-000000000000} Process Information: 	Process ID:		0x3a8 	Process Name:		C:\Windows\System32\services.exe Network Information: 	Workstation Name:	- 	Source Network Address:	- 	Source Port:		- Detailed Authentication Information: 	Logon Process:		Advapi   	Authentication Package:	Negotiate 	Transited Services:	- 	Package Name (NTLM only):	- 	Key Length:		0 This event is generated when a logon session is created. It is generated on the computer that was accessed. The subject fields indicate the account on the local system which requested the logon. This is most commonly a service such as the Server service, or a local process such as Winlogon.exe or Services.exe. The logon type field indicates the kind of logon that occurred. The most common types are 2 (interactive) and 3 (network). The New Logon fields indicate the account for whom the new logon was created, i.e. the account that was logged on. The network fields indicate where a remote logon request originated. Workstation name is not always available and may be left blank in some cases. The impersonation level field indicates the extent to which a process in the logon session can impersonate. The authentication information fields provide detailed information about this specific logon request. 	- Logon GUID is a unique identifier that can be used to correlate this event with a KDC event. 	- Transited services indicate which intermediate services have participated in this logon request. 	- Package name indicates which sub-protocol was used among the NTLM protocols. 	- Key length indicates the length of the generated session key. This will be 0 if no session key was requested."
2900,6/23/2025 6:23:16 PM,Microsoft-Windows-Security-Auditing,0,4672,Special privileges assigned to new logon. Subject: 	Security ID:		S-1-5-18 	Account Name:		SYSTEM 	Account Domain:		NT AUTHORITY 	Logon ID:		0x3E7 Privileges:		SeAssignPrimaryTokenPrivilege 			SeTcbPrivilege 			SeSecurityPrivilege 			SeTakeOwnershipPrivilege 			SeLoadDriverPrivilege 			SeBackupPrivilege 			SeRestorePrivilege 			SeDebugPrivilege 			SeAuditPrivilege 			SeSystemEnvironmentPrivilege 			SeImpersonatePrivilege 			SeDelegateSessionUserImpersonatePrivilege
2794,6/23/2025 6:23:16 PM,Microsoft-Windows-Eventlog,2,1101,Audit events have been dropped by the transport.  0
2901,6/23/2025 6:23:16 PM,Microsoft-Windows-Security-Auditing,0,4624,"An account was successfully logged on. Subject: 	Security ID:		S-1-5-18 	Account Name:		DESKTOP-CJNBGDQ$ 	Account Domain:		WORKGROUP 	Logon ID:		0x3E7 Logon Information: 	Logon Type:		5 	Restricted Admin Mode:	- 	Virtual Account:		No 	Elevated Token:		Yes Impersonation Level:		Impersonation New Logon: 	Security ID:		S-1-5-18 	Account Name:		SYSTEM 	Account Domain:		NT AUTHORITY 	Logon ID:		0x3E7 	Linked Logon ID:		0x0 	Network Account Name:	- 	Network Account Domain:	- 	Logon GUID:		{00000000-0000-0000-0000-000000000000} Process Information: 	Process ID:		0x3a8 	Process Name:		C:\Windows\System32\services.exe Network Information: 	Workstation Name:	- 	Source Network Address:	- 	Source Port:		- Detailed Authentication Information: 	Logon Process:		Advapi   	Authentication Package:	Negotiate 	Transited Services:	- 	Package Name (NTLM only):	- 	Key Length:		0 This event is generated when a logon session is created. It is generated on the computer that was accessed. The subject fields indicate the account on the local system which requested the logon. This is most commonly a service such as the Server service, or a local process such as Winlogon.exe or Services.exe. The logon type field indicates the kind of logon that occurred. The most common types are 2 (interactive) and 3 (network). The New Logon fields indicate the account for whom the new logon was created, i.e. the account that was logged on. The network fields indicate where a remote logon request originated. Workstation name is not always available and may be left blank in some cases. The impersonation level field indicates the extent to which a process in the logon session can impersonate. The authentication information fields provide detailed information about this specific logon request. 	- Logon GUID is a unique identifier that can be used to correlate this event with a KDC event. 	- Transited services indicate which intermediate services have participated in this logon request. 	- Package name indicates which sub-protocol was used among the NTLM protocols. 	- Key length indicates the length of the generated session key. This will be 0 if no session key was requested."
2902,6/23/2025 6:23:16 PM,Microsoft-Windows-Security-Auditing,0,4672,Special privileges assigned to new logon. Subject: 	Security ID:		S-1-5-18 	Account Name:		SYSTEM 	Account Domain:		NT AUTHORITY 	Logon ID:		0x3E7 Privileges:		SeAssignPrimaryTokenPrivilege 			SeTcbPrivilege 			SeSecurityPrivilege 			SeTakeOwnershipPrivilege 			SeLoadDriverPrivilege 			SeBackupPrivilege 			SeRestorePrivilege 			SeDebugPrivilege 			SeAuditPrivilege 			SeSystemEnvironmentPrivilege 			SeImpersonatePrivilege 			SeDelegateSessionUserImpersonatePrivilege
2903,6/23/2025 6:23:16 PM,Microsoft-Windows-Security-Auditing,0,4799,A security-enabled local group membership was enumerated. Subject: 	Security ID:		S-1-5-18 	Account Name:		DESKTOP-CJNBGDQ$ 	Account Domain:		WORKGROUP 	Logon ID:		0x3E7 Group: 	Security ID:		S-1-5-32-544 	Group Name:		Administrators 	Group Domain:		Builtin Process Information: 	Process ID:		0xb2c 	Process Name:		C:\Windows\System32\svchost.exe
2904,6/23/2025 6:23:16 PM,Microsoft-Windows-Security-Auditing,0,4799,A security-enabled local group membership was enumerated. Subject: 	Security ID:		S-1-5-20 	Account Name:		DESKTOP-CJNBGDQ$ 	Account Domain:		WORKGROUP 	Logon ID:		0x3E4 Group: 	Security ID:		S-1-5-32-544 	Group Name:		Administrators 	Group Domain:		Builtin Process Information: 	Process ID:		0x5dc 	Process Name:		C:\Windows\System32\svchost.exe
2905,6/23/2025 6:23:16 PM,Microsoft-Windows-Security-Auditing,0,4624,"An account was successfully logged on. Subject: 	Security ID:		S-1-5-18 	Account Name:		DESKTOP-CJNBGDQ$ 	Account Domain:		WORKGROUP 	Logon ID:		0x3E7 Logon Information: 	Logon Type:		5 	Restricted Admin Mode:	- 	Virtual Account:		No 	Elevated Token:		Yes Impersonation Level:		Impersonation New Logon: 	Security ID:		S-1-5-18 	Account Name:		SYSTEM 	Account Domain:		NT AUTHORITY 	Logon ID:		0x3E7 	Linked Logon ID:		0x0 	Network Account Name:	- 	Network Account Domain:	- 	Logon GUID:		{00000000-0000-0000-0000-000000000000} Process Information: 	Process ID:		0x3a8 	Process Name:		C:\Windows\System32\services.exe Network Information: 	Workstation Name:	- 	Source Network Address:	- 	Source Port:		- Detailed Authentication Information: 	Logon Process:		Advapi   	Authentication Package:	Negotiate 	Transited Services:	- 	Package Name (NTLM only):	- 	Key Length:		0 This event is generated when a logon session is created. It is generated on the computer that was accessed. The subject fields indicate the account on the local system which requested the logon. This is most commonly a service such as the Server service, or a local process such as Winlogon.exe or Services.exe. The logon type field indicates the kind of logon that occurred. The most common types are 2 (interactive) and 3 (network). The New Logon fields indicate the account for whom the new logon was created, i.e. the account that was logged on. The network fields indicate where a remote logon request originated. Workstation name is not always available and may be left blank in some cases. The impersonation level field indicates the extent to which a process in the logon session can impersonate. The authentication information fields provide detailed information about this specific logon request. 	- Logon GUID is a unique identifier that can be used to correlate this event with a KDC event. 	- Transited services indicate which intermediate services have participated in this logon request. 	- Package name indicates which sub-protocol was used among the NTLM protocols. 	- Key length indicates the length of the generated session key. This will be 0 if no session key was requested."
2906,6/23/2025 6:23:16 PM,Microsoft-Windows-Security-Auditing,0,4672,Special privileges assigned to new logon. Subject: 	Security ID:		S-1-5-18 	Account Name:		SYSTEM 	Account Domain:		NT AUTHORITY 	Logon ID:		0x3E7 Privileges:		SeAssignPrimaryTokenPrivilege 			SeTcbPrivilege 			SeSecurityPrivilege 			SeTakeOwnershipPrivilege 			SeLoadDriverPrivilege 			SeBackupPrivilege 			SeRestorePrivilege 			SeDebugPrivilege 			SeAuditPrivilege 			SeSystemEnvironmentPrivilege 			SeImpersonatePrivilege 			SeDelegateSessionUserImpersonatePrivilege
2907,6/23/2025 6:23:16 PM,Microsoft-Windows-Security-Auditing,0,4624,"An account was successfully logged on. Subject: 	Security ID:		S-1-5-18 	Account Name:		DESKTOP-CJNBGDQ$ 	Account Domain:		WORKGROUP 	Logon ID:		0x3E7 Logon Information: 	Logon Type:		5 	Restricted Admin Mode:	- 	Virtual Account:		No 	Elevated Token:		Yes Impersonation Level:		Impersonation New Logon: 	Security ID:		S-1-5-18 	Account Name:		SYSTEM 	Account Domain:		NT AUTHORITY 	Logon ID:		0x3E7 	Linked Logon ID:		0x0 	Network Account Name:	- 	Network Account Domain:	- 	Logon GUID:		{00000000-0000-0000-0000-000000000000} Process Information: 	Process ID:		0x3a8 	Process Name:		C:\Windows\System32\services.exe Network Information: 	Workstation Name:	- 	Source Network Address:	- 	Source Port:		- Detailed Authentication Information: 	Logon Process:		Advapi   	Authentication Package:	Negotiate 	Transited Services:	- 	Package Name (NTLM only):	- 	Key Length:		0 This event is generated when a logon session is created. It is generated on the computer that was accessed. The subject fields indicate the account on the local system which requested the logon. This is most commonly a service such as the Server service, or a local process such as Winlogon.exe or Services.exe. The logon type field indicates the kind of logon that occurred. The most common types are 2 (interactive) and 3 (network). The New Logon fields indicate the account for whom the new logon was created, i.e. the account that was logged on. The network fields indicate where a remote logon request originated. Workstation name is not always available and may be left blank in some cases. The impersonation level field indicates the extent to which a process in the logon session can impersonate. The authentication information fields provide detailed information about this specific logon request. 	- Logon GUID is a unique identifier that can be used to correlate this event with a KDC event. 	- Transited services indicate which intermediate services have participated in this logon request. 	- Package name indicates which sub-protocol was used among the NTLM protocols. 	- Key length indicates the length of the generated session key. This will be 0 if no session key was requested."
2908,6/23/2025 6:23:16 PM,Microsoft-Windows-Security-Auditing,0,4672,Special privileges assigned to new logon. Subject: 	Security ID:		S-1-5-18 	Account Name:		SYSTEM 	Account Domain:		NT AUTHORITY 	Logon ID:		0x3E7 Privileges:		SeAssignPrimaryTokenPrivilege 			SeTcbPrivilege 			SeSecurityPrivilege 			SeTakeOwnershipPrivilege 			SeLoadDriverPrivilege 			SeBackupPrivilege 			SeRestorePrivilege 			SeDebugPrivilege 			SeAuditPrivilege 			SeSystemEnvironmentPrivilege 			SeImpersonatePrivilege 			SeDelegateSessionUserImpersonatePrivilege
2909,6/23/2025 6:23:16 PM,Microsoft-Windows-Security-Auditing,0,4624,"An account was successfully logged on. Subject: 	Security ID:		S-1-5-18 	Account Name:		DESKTOP-CJNBGDQ$ 	Account Domain:		WORKGROUP 	Logon ID:		0x3E7 Logon Information: 	Logon Type:		5 	Restricted Admin Mode:	- 	Virtual Account:		No 	Elevated Token:		Yes Impersonation Level:		Impersonation New Logon: 	Security ID:		S-1-5-18 	Account Name:		SYSTEM 	Account Domain:		NT AUTHORITY 	Logon ID:		0x3E7 	Linked Logon ID:		0x0 	Network Account Name:	- 	Network Account Domain:	- 	Logon GUID:		{00000000-0000-0000-0000-000000000000} Process Information: 	Process ID:		0x3a8 	Process Name:		C:\Windows\System32\services.exe Network Information: 	Workstation Name:	- 	Source Network Address:	- 	Source Port:		- Detailed Authentication Information: 	Logon Process:		Advapi   	Authentication Package:	Negotiate 	Transited Services:	- 	Package Name (NTLM only):	- 	Key Length:		0 This event is generated when a logon session is created. It is generated on the computer that was accessed. The subject fields indicate the account on the local system which requested the logon. This is most commonly a service such as the Server service, or a local process such as Winlogon.exe or Services.exe. The logon type field indicates the kind of logon that occurred. The most common types are 2 (interactive) and 3 (network). The New Logon fields indicate the account for whom the new logon was created, i.e. the account that was logged on. The network fields indicate where a remote logon request originated. Workstation name is not always available and may be left blank in some cases. The impersonation level field indicates the extent to which a process in the logon session can impersonate. The authentication information fields provide detailed information about this specific logon request. 	- Logon GUID is a unique identifier that can be used to correlate this event with a KDC event. 	- Transited services indicate which intermediate services have participated in this logon request. 	- Package name indicates which sub-protocol was used among the NTLM protocols. 	- Key length indicates the length of the generated session key. This will be 0 if no session key was requested."
2910,6/23/2025 6:23:16 PM,Microsoft-Windows-Security-Auditing,0,4672,Special privileges assigned to new logon. Subject: 	Security ID:		S-1-5-18 	Account Name:		SYSTEM 	Account Domain:		NT AUTHORITY 	Logon ID:		0x3E7 Privileges:		SeAssignPrimaryTokenPrivilege 			SeTcbPrivilege 			SeSecurityPrivilege 			SeTakeOwnershipPrivilege 			SeLoadDriverPrivilege 			SeBackupPrivilege 			SeRestorePrivilege 			SeDebugPrivilege 			SeAuditPrivilege 			SeSystemEnvironmentPrivilege 			SeImpersonatePrivilege 			SeDelegateSessionUserImpersonatePrivilege
2911,6/23/2025 6:23:16 PM,Microsoft-Windows-Security-Auditing,0,4624,"An account was successfully logged on. Subject: 	Security ID:		S-1-5-18 	Account Name:		DESKTOP-CJNBGDQ$ 	Account Domain:		WORKGROUP 	Logon ID:		0x3E7 Logon Information: 	Logon Type:		5 	Restricted Admin Mode:	- 	Virtual Account:		No 	Elevated Token:		Yes Impersonation Level:		Impersonation New Logon: 	Security ID:		S-1-5-18 	Account Name:		SYSTEM 	Account Domain:		NT AUTHORITY 	Logon ID:		0x3E7 	Linked Logon ID:		0x0 	Network Account Name:	- 	Network Account Domain:	- 	Logon GUID:		{00000000-0000-0000-0000-000000000000} Process Information: 	Process ID:		0x3a8 	Process Name:		C:\Windows\System32\services.exe Network Information: 	Workstation Name:	- 	Source Network Address:	- 	Source Port:		- Detailed Authentication Information: 	Logon Process:		Advapi   	Authentication Package:	Negotiate 	Transited Services:	- 	Package Name (NTLM only):	- 	Key Length:		0 This event is generated when a logon session is created. It is generated on the computer that was accessed. The subject fields indicate the account on the local system which requested the logon. This is most commonly a service such as the Server service, or a local process such as Winlogon.exe or Services.exe. The logon type field indicates the kind of logon that occurred. The most common types are 2 (interactive) and 3 (network). The New Logon fields indicate the account for whom the new logon was created, i.e. the account that was logged on. The network fields indicate where a remote logon request originated. Workstation name is not always available and may be left blank in some cases. The impersonation level field indicates the extent to which a process in the logon session can impersonate. The authentication information fields provide detailed information about this specific logon request. 	- Logon GUID is a unique identifier that can be used to correlate this event with a KDC event. 	- Transited services indicate which intermediate services have participated in this logon request. 	- Package name indicates which sub-protocol was used among the NTLM protocols. 	- Key length indicates the length of the generated session key. This will be 0 if no session key was requested."
2912,6/23/2025 6:23:16 PM,Microsoft-Windows-Security-Auditing,0,4672,Special privileges assigned to new logon. Subject: 	Security ID:		S-1-5-18 	Account Name:		SYSTEM 	Account Domain:		NT AUTHORITY 	Logon ID:		0x3E7 Privileges:		SeAssignPrimaryTokenPrivilege 			SeTcbPrivilege 			SeSecurityPrivilege 			SeTakeOwnershipPrivilege 			SeLoadDriverPrivilege 			SeBackupPrivilege 			SeRestorePrivilege 			SeDebugPrivilege 			SeAuditPrivilege 			SeSystemEnvironmentPrivilege 			SeImpersonatePrivilege 			SeDelegateSessionUserImpersonatePrivilege
