1771,6/23/2025 1:45:38 PM,Microsoft-Windows-Security-Auditing,0,4799,A security-enabled local group membership was enumerated. Subject: 	Security ID:		S-1-5-18 	Account Name:		DESKTOP-CJNBGDQ$ 	Account Domain:		WORKGROUP 	Logon ID:		0x3E7 Group: 	Security ID:		S-1-5-32-544 	Group Name:		Administrators 	Group Domain:		Builtin Process Information: 	Process ID:		0xafc 	Process Name:		C:\Windows\System32\svchost.exe
1772,6/23/2025 1:45:38 PM,Microsoft-Windows-Security-Auditing,0,5379,Credential Manager credentials were read. Subject: 	Security ID:		S-1-5-18 	Account Name:		DESKTOP-CJNBGDQ$ 	Account Domain:		WORKGROUP 	Logon ID:		0x3E7 	Read Operation:		Enumerate Credentials This event occurs when a user performs a read operation on stored credentials in Credential Manager.
1773,6/23/2025 1:45:38 PM,Microsoft-Windows-Security-Auditing,0,5379,Credential Manager credentials were read. Subject: 	Security ID:		S-1-5-18 	Account Name:		DESKTOP-CJNBGDQ$ 	Account Domain:		WORKGROUP 	Logon ID:		0x3E7 	Read Operation:		Enumerate Credentials This event occurs when a user performs a read operation on stored credentials in Credential Manager.
1774,6/23/2025 1:45:38 PM,Microsoft-Windows-Security-Auditing,0,5379,Credential Manager credentials were read. Subject: 	Security ID:		S-1-5-18 	Account Name:		DESKTOP-CJNBGDQ$ 	Account Domain:		WORKGROUP 	Logon ID:		0x3E7 	Read Operation:		Enumerate Credentials This event occurs when a user performs a read operation on stored credentials in Credential Manager.
1775,6/23/2025 1:45:38 PM,Microsoft-Windows-Security-Auditing,0,5379,Credential Manager credentials were read. Subject: 	Security ID:		S-1-5-21-1283774291-1801764544-247059453-500 	Account Name:		Administrator 	Account Domain:		DESKTOP-CJNBGDQ 	Logon ID:		0x3F03C 	Read Operation:		Enumerate Credentials This event occurs when a user performs a read operation on stored credentials in Credential Manager.
1776,6/23/2025 1:45:38 PM,Microsoft-Windows-Security-Auditing,0,5379,Credential Manager credentials were read. Subject: 	Security ID:		S-1-5-21-1283774291-1801764544-247059453-500 	Account Name:		Administrator 	Account Domain:		DESKTOP-CJNBGDQ 	Logon ID:		0x3F03C 	Read Operation:		Enumerate Credentials This event occurs when a user performs a read operation on stored credentials in Credential Manager.
1777,6/23/2025 1:45:38 PM,Microsoft-Windows-Security-Auditing,0,5379,Credential Manager credentials were read. Subject: 	Security ID:		S-1-5-21-1283774291-1801764544-247059453-500 	Account Name:		Administrator 	Account Domain:		DESKTOP-CJNBGDQ 	Logon ID:		0x3F03C 	Read Operation:		Enumerate Credentials This event occurs when a user performs a read operation on stored credentials in Credential Manager.
1778,6/23/2025 1:45:38 PM,Microsoft-Windows-Security-Auditing,0,5379,Credential Manager credentials were read. Subject: 	Security ID:		S-1-5-21-1283774291-1801764544-247059453-500 	Account Name:		Administrator 	Account Domain:		DESKTOP-CJNBGDQ 	Logon ID:		0x3F03C 	Read Operation:		Enumerate Credentials This event occurs when a user performs a read operation on stored credentials in Credential Manager.
1779,6/23/2025 1:45:38 PM,Microsoft-Windows-Security-Auditing,0,5379,Credential Manager credentials were read. Subject: 	Security ID:		S-1-5-21-1283774291-1801764544-247059453-500 	Account Name:		Administrator 	Account Domain:		DESKTOP-CJNBGDQ 	Logon ID:		0x3F03C 	Read Operation:		Enumerate Credentials This event occurs when a user performs a read operation on stored credentials in Credential Manager.
1780,6/23/2025 1:45:38 PM,Microsoft-Windows-Security-Auditing,0,5379,Credential Manager credentials were read. Subject: 	Security ID:		S-1-5-21-1283774291-1801764544-247059453-500 	Account Name:		Administrator 	Account Domain:		DESKTOP-CJNBGDQ 	Logon ID:		0x3F03C 	Read Operation:		Enumerate Credentials This event occurs when a user performs a read operation on stored credentials in Credential Manager.
1781,6/23/2025 1:45:38 PM,Microsoft-Windows-Security-Auditing,0,4624,"An account was successfully logged on. Subject: 	Security ID:		S-1-5-18 	Account Name:		DESKTOP-CJNBGDQ$ 	Account Domain:		WORKGROUP 	Logon ID:		0x3E7 Logon Information: 	Logon Type:		5 	Restricted Admin Mode:	- 	Virtual Account:		No 	Elevated Token:		Yes Impersonation Level:		Impersonation New Logon: 	Security ID:		S-1-5-18 	Account Name:		SYSTEM 	Account Domain:		NT AUTHORITY 	Logon ID:		0x3E7 	Linked Logon ID:		0x0 	Network Account Name:	- 	Network Account Domain:	- 	Logon GUID:		{00000000-0000-0000-0000-000000000000} Process Information: 	Process ID:		0x3ac 	Process Name:		C:\Windows\System32\services.exe Network Information: 	Workstation Name:	- 	Source Network Address:	- 	Source Port:		- Detailed Authentication Information: 	Logon Process:		Advapi   	Authentication Package:	Negotiate 	Transited Services:	- 	Package Name (NTLM only):	- 	Key Length:		0 This event is generated when a logon session is created. It is generated on the computer that was accessed. The subject fields indicate the account on the local system which requested the logon. This is most commonly a service such as the Server service, or a local process such as Winlogon.exe or Services.exe. The logon type field indicates the kind of logon that occurred. The most common types are 2 (interactive) and 3 (network). The New Logon fields indicate the account for whom the new logon was created, i.e. the account that was logged on. The network fields indicate where a remote logon request originated. Workstation name is not always available and may be left blank in some cases. The impersonation level field indicates the extent to which a process in the logon session can impersonate. The authentication information fields provide detailed information about this specific logon request. 	- Logon GUID is a unique identifier that can be used to correlate this event with a KDC event. 	- Transited services indicate which intermediate services have participated in this logon request. 	- Package name indicates which sub-protocol was used among the NTLM protocols. 	- Key length indicates the length of the generated session key. This will be 0 if no session key was requested."
1782,6/23/2025 1:45:38 PM,Microsoft-Windows-Security-Auditing,0,4672,Special privileges assigned to new logon. Subject: 	Security ID:		S-1-5-18 	Account Name:		SYSTEM 	Account Domain:		NT AUTHORITY 	Logon ID:		0x3E7 Privileges:		SeAssignPrimaryTokenPrivilege 			SeTcbPrivilege 			SeSecurityPrivilege 			SeTakeOwnershipPrivilege 			SeLoadDriverPrivilege 			SeBackupPrivilege 			SeRestorePrivilege 			SeDebugPrivilege 			SeAuditPrivilege 			SeSystemEnvironmentPrivilege 			SeImpersonatePrivilege 			SeDelegateSessionUserImpersonatePrivilege
1783,6/23/2025 1:45:38 PM,Microsoft-Windows-Security-Auditing,0,5058,Key file operation. Subject: 	Security ID:		S-1-5-19 	Account Name:		LOCAL SERVICE 	Account Domain:		NT AUTHORITY 	Logon ID:		0x3E5 Process Information: 	Process ID:		4936 	Process Creation Time:	‎2025‎-‎06‎-‎23T20:45:38.581829400Z Cryptographic Parameters: 	Provider Name:	Microsoft Software Key Storage Provider 	Algorithm Name:	UNKNOWN 	Key Name:	Microsoft Connected Devices Platform device certificate 	Key Type:	User key. Key File Operation Information: 	File Path:	C:\Windows\ServiceProfiles\LocalService\AppData\Roaming\Microsoft\Crypto\Keys\de7cf8a7901d2ad13e5c67c29e5d1662_a93c3307-d177-417b-a83c-a7877b46bb17 	Operation:	Read persisted key from file. 	Return Code:	0x0
1784,6/23/2025 1:45:38 PM,Microsoft-Windows-Security-Auditing,0,5061,Cryptographic operation. Subject: 	Security ID:		S-1-5-19 	Account Name:		LOCAL SERVICE 	Account Domain:		NT AUTHORITY 	Logon ID:		0x3E5 Cryptographic Parameters: 	Provider Name:	Microsoft Software Key Storage Provider 	Algorithm Name:	ECDSA_P256 	Key Name:	Microsoft Connected Devices Platform device certificate 	Key Type:	User key. Cryptographic Operation: 	Operation:	Open Key. 	Return Code:	0x0
1785,6/23/2025 1:45:38 PM,Microsoft-Windows-Security-Auditing,0,5059,Key migration operation. Subject: 	Security ID:		S-1-5-19 	Account Name:		LOCAL SERVICE 	Account Domain:		NT AUTHORITY 	Logon ID:		0x3E5 Process Information: 	Process ID:		4936 	Process Creation Time:	‎2025‎-‎06‎-‎23T20:45:38.581829400Z Cryptographic Parameters: 	Provider Name:	Microsoft Software Key Storage Provider 	Algorithm Name:	ECDSA_P256 	Key Name:	Microsoft Connected Devices Platform device certificate 	Key Type:	User key. Additional Information: 	Operation:	Export of persistent cryptographic key. 	Return Code:	0x0
1786,6/23/2025 1:45:38 PM,Microsoft-Windows-Security-Auditing,0,4798,A user's local group membership was enumerated. Subject: 	Security ID:		S-1-5-21-1283774291-1801764544-247059453-500 	Account Name:		Administrator 	Account Domain:		DESKTOP-CJNBGDQ 	Logon ID:		0x3F03C User: 	Security ID:		S-1-5-21-1283774291-1801764544-247059453-500 	Account Name:		Administrator 	Account Domain:		DESKTOP-CJNBGDQ Process Information: 	Process ID:		0x142c 	Process Name:		C:\Windows\System32\oobe\audit.exe
1787,6/23/2025 1:45:38 PM,Microsoft-Windows-Security-Auditing,0,4798,A user's local group membership was enumerated. Subject: 	Security ID:		S-1-5-21-1283774291-1801764544-247059453-500 	Account Name:		Administrator 	Account Domain:		DESKTOP-CJNBGDQ 	Logon ID:		0x3F03C User: 	Security ID:		S-1-5-21-1283774291-1801764544-247059453-500 	Account Name:		Administrator 	Account Domain:		DESKTOP-CJNBGDQ Process Information: 	Process ID:		0x142c 	Process Name:		C:\Windows\System32\oobe\audit.exe
1788,6/23/2025 1:45:38 PM,Microsoft-Windows-Security-Auditing,0,4725,A user account was disabled. Subject: 	Security ID:		S-1-5-21-1283774291-1801764544-247059453-500 	Account Name:		Administrator 	Account Domain:		DESKTOP-CJNBGDQ 	Logon ID:		0x3F03C Target Account: 	Security ID:		S-1-5-21-1283774291-1801764544-247059453-500 	Account Name:		Administrator 	Account Domain:		DESKTOP-CJNBGDQ
1789,6/23/2025 1:45:38 PM,Microsoft-Windows-Security-Auditing,0,4738,A user account was changed. Subject: 	Security ID:		S-1-5-21-1283774291-1801764544-247059453-500 	Account Name:		Administrator 	Account Domain:		DESKTOP-CJNBGDQ 	Logon ID:		0x3F03C Target Account: 	Security ID:		S-1-5-21-1283774291-1801764544-247059453-500 	Account Name:		Administrator 	Account Domain:		DESKTOP-CJNBGDQ Changed Attributes: 	SAM Account Name:	Administrator 	Display Name:		<value not set> 	User Principal Name:	- 	Home Directory:		<value not set> 	Home Drive:		<value not set> 	Script Path:		<value not set> 	Profile Path:		<value not set> 	User Workstations:	<value not set> 	Password Last Set:	<never> 	Account Expires:		<never> 	Primary Group ID:	513 	AllowedToDelegateTo:	- 	Old UAC Value:		0x210 	New UAC Value:		0x211 	User Account Control:	 		Account Disabled 	User Parameters:	<value not set> 	SID History:		- 	Logon Hours:		All Additional Information: 	Privileges:		-
1790,6/23/2025 1:45:39 PM,Microsoft-Windows-Security-Auditing,0,4624,"An account was successfully logged on. Subject: 	Security ID:		S-1-5-18 	Account Name:		DESKTOP-CJNBGDQ$ 	Account Domain:		WORKGROUP 	Logon ID:		0x3E7 Logon Information: 	Logon Type:		5 	Restricted Admin Mode:	- 	Virtual Account:		No 	Elevated Token:		Yes Impersonation Level:		Impersonation New Logon: 	Security ID:		S-1-5-18 	Account Name:		SYSTEM 	Account Domain:		NT AUTHORITY 	Logon ID:		0x3E7 	Linked Logon ID:		0x0 	Network Account Name:	- 	Network Account Domain:	- 	Logon GUID:		{00000000-0000-0000-0000-000000000000} Process Information: 	Process ID:		0x3ac 	Process Name:		C:\Windows\System32\services.exe Network Information: 	Workstation Name:	- 	Source Network Address:	- 	Source Port:		- Detailed Authentication Information: 	Logon Process:		Advapi   	Authentication Package:	Negotiate 	Transited Services:	- 	Package Name (NTLM only):	- 	Key Length:		0 This event is generated when a logon session is created. It is generated on the computer that was accessed. The subject fields indicate the account on the local system which requested the logon. This is most commonly a service such as the Server service, or a local process such as Winlogon.exe or Services.exe. The logon type field indicates the kind of logon that occurred. The most common types are 2 (interactive) and 3 (network). The New Logon fields indicate the account for whom the new logon was created, i.e. the account that was logged on. The network fields indicate where a remote logon request originated. Workstation name is not always available and may be left blank in some cases. The impersonation level field indicates the extent to which a process in the logon session can impersonate. The authentication information fields provide detailed information about this specific logon request. 	- Logon GUID is a unique identifier that can be used to correlate this event with a KDC event. 	- Transited services indicate which intermediate services have participated in this logon request. 	- Package name indicates which sub-protocol was used among the NTLM protocols. 	- Key length indicates the length of the generated session key. This will be 0 if no session key was requested."
1791,6/23/2025 1:45:39 PM,Microsoft-Windows-Security-Auditing,0,4672,Special privileges assigned to new logon. Subject: 	Security ID:		S-1-5-18 	Account Name:		SYSTEM 	Account Domain:		NT AUTHORITY 	Logon ID:		0x3E7 Privileges:		SeAssignPrimaryTokenPrivilege 			SeTcbPrivilege 			SeSecurityPrivilege 			SeTakeOwnershipPrivilege 			SeLoadDriverPrivilege 			SeBackupPrivilege 			SeRestorePrivilege 			SeDebugPrivilege 			SeAuditPrivilege 			SeSystemEnvironmentPrivilege 			SeImpersonatePrivilege 			SeDelegateSessionUserImpersonatePrivilege
1792,6/23/2025 1:45:39 PM,Microsoft-Windows-Security-Auditing,0,4624,"An account was successfully logged on. Subject: 	Security ID:		S-1-5-18 	Account Name:		DESKTOP-CJNBGDQ$ 	Account Domain:		WORKGROUP 	Logon ID:		0x3E7 Logon Information: 	Logon Type:		5 	Restricted Admin Mode:	- 	Virtual Account:		No 	Elevated Token:		Yes Impersonation Level:		Impersonation New Logon: 	Security ID:		S-1-5-18 	Account Name:		SYSTEM 	Account Domain:		NT AUTHORITY 	Logon ID:		0x3E7 	Linked Logon ID:		0x0 	Network Account Name:	- 	Network Account Domain:	- 	Logon GUID:		{00000000-0000-0000-0000-000000000000} Process Information: 	Process ID:		0x3ac 	Process Name:		C:\Windows\System32\services.exe Network Information: 	Workstation Name:	- 	Source Network Address:	- 	Source Port:		- Detailed Authentication Information: 	Logon Process:		Advapi   	Authentication Package:	Negotiate 	Transited Services:	- 	Package Name (NTLM only):	- 	Key Length:		0 This event is generated when a logon session is created. It is generated on the computer that was accessed. The subject fields indicate the account on the local system which requested the logon. This is most commonly a service such as the Server service, or a local process such as Winlogon.exe or Services.exe. The logon type field indicates the kind of logon that occurred. The most common types are 2 (interactive) and 3 (network). The New Logon fields indicate the account for whom the new logon was created, i.e. the account that was logged on. The network fields indicate where a remote logon request originated. Workstation name is not always available and may be left blank in some cases. The impersonation level field indicates the extent to which a process in the logon session can impersonate. The authentication information fields provide detailed information about this specific logon request. 	- Logon GUID is a unique identifier that can be used to correlate this event with a KDC event. 	- Transited services indicate which intermediate services have participated in this logon request. 	- Package name indicates which sub-protocol was used among the NTLM protocols. 	- Key length indicates the length of the generated session key. This will be 0 if no session key was requested."
1793,6/23/2025 1:45:39 PM,Microsoft-Windows-Security-Auditing,0,4672,Special privileges assigned to new logon. Subject: 	Security ID:		S-1-5-18 	Account Name:		SYSTEM 	Account Domain:		NT AUTHORITY 	Logon ID:		0x3E7 Privileges:		SeAssignPrimaryTokenPrivilege 			SeTcbPrivilege 			SeSecurityPrivilege 			SeTakeOwnershipPrivilege 			SeLoadDriverPrivilege 			SeBackupPrivilege 			SeRestorePrivilege 			SeDebugPrivilege 			SeAuditPrivilege 			SeSystemEnvironmentPrivilege 			SeImpersonatePrivilege 			SeDelegateSessionUserImpersonatePrivilege
1794,6/23/2025 1:45:39 PM,Microsoft-Windows-Security-Auditing,0,5379,Credential Manager credentials were read. Subject: 	Security ID:		S-1-5-18 	Account Name:		DESKTOP-CJNBGDQ$ 	Account Domain:		WORKGROUP 	Logon ID:		0x3E7 	Read Operation:		Enumerate Credentials This event occurs when a user performs a read operation on stored credentials in Credential Manager.
1795,6/23/2025 1:45:39 PM,Microsoft-Windows-Security-Auditing,0,5379,Credential Manager credentials were read. Subject: 	Security ID:		S-1-5-18 	Account Name:		DESKTOP-CJNBGDQ$ 	Account Domain:		WORKGROUP 	Logon ID:		0x3E7 	Read Operation:		Enumerate Credentials This event occurs when a user performs a read operation on stored credentials in Credential Manager.
1796,6/23/2025 1:45:39 PM,Microsoft-Windows-Security-Auditing,0,5379,Credential Manager credentials were read. Subject: 	Security ID:		S-1-5-18 	Account Name:		DESKTOP-CJNBGDQ$ 	Account Domain:		WORKGROUP 	Logon ID:		0x3E7 	Read Operation:		Enumerate Credentials This event occurs when a user performs a read operation on stored credentials in Credential Manager.
1797,6/23/2025 1:45:39 PM,Microsoft-Windows-Security-Auditing,0,5379,Credential Manager credentials were read. Subject: 	Security ID:		S-1-5-21-1283774291-1801764544-247059453-500 	Account Name:		Administrator 	Account Domain:		DESKTOP-CJNBGDQ 	Logon ID:		0x3F03C 	Read Operation:		Enumerate Credentials This event occurs when a user performs a read operation on stored credentials in Credential Manager.
1798,6/23/2025 1:45:39 PM,Microsoft-Windows-Security-Auditing,0,5379,Credential Manager credentials were read. Subject: 	Security ID:		S-1-5-21-1283774291-1801764544-247059453-500 	Account Name:		Administrator 	Account Domain:		DESKTOP-CJNBGDQ 	Logon ID:		0x3F03C 	Read Operation:		Enumerate Credentials This event occurs when a user performs a read operation on stored credentials in Credential Manager.
1799,6/23/2025 1:45:39 PM,Microsoft-Windows-Security-Auditing,0,5379,Credential Manager credentials were read. Subject: 	Security ID:		S-1-5-21-1283774291-1801764544-247059453-500 	Account Name:		Administrator 	Account Domain:		DESKTOP-CJNBGDQ 	Logon ID:		0x3F03C 	Read Operation:		Enumerate Credentials This event occurs when a user performs a read operation on stored credentials in Credential Manager.
1800,6/23/2025 1:45:39 PM,Microsoft-Windows-Security-Auditing,0,5379,Credential Manager credentials were read. Subject: 	Security ID:		S-1-5-21-1283774291-1801764544-247059453-500 	Account Name:		Administrator 	Account Domain:		DESKTOP-CJNBGDQ 	Logon ID:		0x3F03C 	Read Operation:		Enumerate Credentials This event occurs when a user performs a read operation on stored credentials in Credential Manager.
1801,6/23/2025 1:45:39 PM,Microsoft-Windows-Security-Auditing,0,5379,Credential Manager credentials were read. Subject: 	Security ID:		S-1-5-21-1283774291-1801764544-247059453-500 	Account Name:		Administrator 	Account Domain:		DESKTOP-CJNBGDQ 	Logon ID:		0x3F03C 	Read Operation:		Enumerate Credentials This event occurs when a user performs a read operation on stored credentials in Credential Manager.
1802,6/23/2025 1:45:39 PM,Microsoft-Windows-Security-Auditing,0,5379,Credential Manager credentials were read. Subject: 	Security ID:		S-1-5-21-1283774291-1801764544-247059453-500 	Account Name:		Administrator 	Account Domain:		DESKTOP-CJNBGDQ 	Logon ID:		0x3F03C 	Read Operation:		Enumerate Credentials This event occurs when a user performs a read operation on stored credentials in Credential Manager.
1803,6/23/2025 1:45:39 PM,Microsoft-Windows-Security-Auditing,0,4624,"An account was successfully logged on. Subject: 	Security ID:		S-1-5-18 	Account Name:		DESKTOP-CJNBGDQ$ 	Account Domain:		WORKGROUP 	Logon ID:		0x3E7 Logon Information: 	Logon Type:		5 	Restricted Admin Mode:	- 	Virtual Account:		No 	Elevated Token:		Yes Impersonation Level:		Impersonation New Logon: 	Security ID:		S-1-5-18 	Account Name:		SYSTEM 	Account Domain:		NT AUTHORITY 	Logon ID:		0x3E7 	Linked Logon ID:		0x0 	Network Account Name:	- 	Network Account Domain:	- 	Logon GUID:		{00000000-0000-0000-0000-000000000000} Process Information: 	Process ID:		0x3ac 	Process Name:		C:\Windows\System32\services.exe Network Information: 	Workstation Name:	- 	Source Network Address:	- 	Source Port:		- Detailed Authentication Information: 	Logon Process:		Advapi   	Authentication Package:	Negotiate 	Transited Services:	- 	Package Name (NTLM only):	- 	Key Length:		0 This event is generated when a logon session is created. It is generated on the computer that was accessed. The subject fields indicate the account on the local system which requested the logon. This is most commonly a service such as the Server service, or a local process such as Winlogon.exe or Services.exe. The logon type field indicates the kind of logon that occurred. The most common types are 2 (interactive) and 3 (network). The New Logon fields indicate the account for whom the new logon was created, i.e. the account that was logged on. The network fields indicate where a remote logon request originated. Workstation name is not always available and may be left blank in some cases. The impersonation level field indicates the extent to which a process in the logon session can impersonate. The authentication information fields provide detailed information about this specific logon request. 	- Logon GUID is a unique identifier that can be used to correlate this event with a KDC event. 	- Transited services indicate which intermediate services have participated in this logon request. 	- Package name indicates which sub-protocol was used among the NTLM protocols. 	- Key length indicates the length of the generated session key. This will be 0 if no session key was requested."
1804,6/23/2025 1:45:39 PM,Microsoft-Windows-Security-Auditing,0,4672,Special privileges assigned to new logon. Subject: 	Security ID:		S-1-5-18 	Account Name:		SYSTEM 	Account Domain:		NT AUTHORITY 	Logon ID:		0x3E7 Privileges:		SeAssignPrimaryTokenPrivilege 			SeTcbPrivilege 			SeSecurityPrivilege 			SeTakeOwnershipPrivilege 			SeLoadDriverPrivilege 			SeBackupPrivilege 			SeRestorePrivilege 			SeDebugPrivilege 			SeAuditPrivilege 			SeSystemEnvironmentPrivilege 			SeImpersonatePrivilege 			SeDelegateSessionUserImpersonatePrivilege
1805,6/23/2025 1:45:40 PM,Microsoft-Windows-Security-Auditing,0,5379,Credential Manager credentials were read. Subject: 	Security ID:		S-1-5-21-1283774291-1801764544-247059453-500 	Account Name:		Administrator 	Account Domain:		DESKTOP-CJNBGDQ 	Logon ID:		0x3F03C 	Read Operation:		Enumerate Credentials This event occurs when a user performs a read operation on stored credentials in Credential Manager.
1806,6/23/2025 1:45:40 PM,Microsoft-Windows-Security-Auditing,0,5379,Credential Manager credentials were read. Subject: 	Security ID:		S-1-5-21-1283774291-1801764544-247059453-500 	Account Name:		Administrator 	Account Domain:		DESKTOP-CJNBGDQ 	Logon ID:		0x3F03C 	Read Operation:		Enumerate Credentials This event occurs when a user performs a read operation on stored credentials in Credential Manager.
1807,6/23/2025 1:45:40 PM,Microsoft-Windows-Security-Auditing,0,5379,Credential Manager credentials were read. Subject: 	Security ID:		S-1-5-21-1283774291-1801764544-247059453-500 	Account Name:		Administrator 	Account Domain:		DESKTOP-CJNBGDQ 	Logon ID:		0x3F03C 	Read Operation:		Enumerate Credentials This event occurs when a user performs a read operation on stored credentials in Credential Manager.
1808,6/23/2025 1:45:40 PM,Microsoft-Windows-Security-Auditing,0,4799,A security-enabled local group membership was enumerated. Subject: 	Security ID:		S-1-5-18 	Account Name:		DESKTOP-CJNBGDQ$ 	Account Domain:		WORKGROUP 	Logon ID:		0x3E7 Group: 	Security ID:		S-1-5-32-544 	Group Name:		Administrators 	Group Domain:		Builtin Process Information: 	Process ID:		0x10f8 	Process Name:		C:\Windows\System32\SearchIndexer.exe
1809,6/23/2025 1:45:42 PM,Microsoft-Windows-Security-Auditing,0,5379,Credential Manager credentials were read. Subject: 	Security ID:		S-1-5-21-1283774291-1801764544-247059453-500 	Account Name:		Administrator 	Account Domain:		DESKTOP-CJNBGDQ 	Logon ID:		0x3F03C 	Read Operation:		Enumerate Credentials This event occurs when a user performs a read operation on stored credentials in Credential Manager.
1810,6/23/2025 1:45:42 PM,Microsoft-Windows-Security-Auditing,0,5379,Credential Manager credentials were read. Subject: 	Security ID:		S-1-5-21-1283774291-1801764544-247059453-500 	Account Name:		Administrator 	Account Domain:		DESKTOP-CJNBGDQ 	Logon ID:		0x3F03C 	Read Operation:		Enumerate Credentials This event occurs when a user performs a read operation on stored credentials in Credential Manager.
1811,6/23/2025 1:45:42 PM,Microsoft-Windows-Security-Auditing,0,5379,Credential Manager credentials were read. Subject: 	Security ID:		S-1-5-21-1283774291-1801764544-247059453-500 	Account Name:		Administrator 	Account Domain:		DESKTOP-CJNBGDQ 	Logon ID:		0x3F03C 	Read Operation:		Enumerate Credentials This event occurs when a user performs a read operation on stored credentials in Credential Manager.
1812,6/23/2025 1:45:43 PM,Microsoft-Windows-Security-Auditing,0,4624,"An account was successfully logged on. Subject: 	Security ID:		S-1-5-18 	Account Name:		DESKTOP-CJNBGDQ$ 	Account Domain:		WORKGROUP 	Logon ID:		0x3E7 Logon Information: 	Logon Type:		5 	Restricted Admin Mode:	- 	Virtual Account:		No 	Elevated Token:		Yes Impersonation Level:		Impersonation New Logon: 	Security ID:		S-1-5-18 	Account Name:		SYSTEM 	Account Domain:		NT AUTHORITY 	Logon ID:		0x3E7 	Linked Logon ID:		0x0 	Network Account Name:	- 	Network Account Domain:	- 	Logon GUID:		{00000000-0000-0000-0000-000000000000} Process Information: 	Process ID:		0x3ac 	Process Name:		C:\Windows\System32\services.exe Network Information: 	Workstation Name:	- 	Source Network Address:	- 	Source Port:		- Detailed Authentication Information: 	Logon Process:		Advapi   	Authentication Package:	Negotiate 	Transited Services:	- 	Package Name (NTLM only):	- 	Key Length:		0 This event is generated when a logon session is created. It is generated on the computer that was accessed. The subject fields indicate the account on the local system which requested the logon. This is most commonly a service such as the Server service, or a local process such as Winlogon.exe or Services.exe. The logon type field indicates the kind of logon that occurred. The most common types are 2 (interactive) and 3 (network). The New Logon fields indicate the account for whom the new logon was created, i.e. the account that was logged on. The network fields indicate where a remote logon request originated. Workstation name is not always available and may be left blank in some cases. The impersonation level field indicates the extent to which a process in the logon session can impersonate. The authentication information fields provide detailed information about this specific logon request. 	- Logon GUID is a unique identifier that can be used to correlate this event with a KDC event. 	- Transited services indicate which intermediate services have participated in this logon request. 	- Package name indicates which sub-protocol was used among the NTLM protocols. 	- Key length indicates the length of the generated session key. This will be 0 if no session key was requested."
1813,6/23/2025 1:45:43 PM,Microsoft-Windows-Security-Auditing,0,4672,Special privileges assigned to new logon. Subject: 	Security ID:		S-1-5-18 	Account Name:		SYSTEM 	Account Domain:		NT AUTHORITY 	Logon ID:		0x3E7 Privileges:		SeAssignPrimaryTokenPrivilege 			SeTcbPrivilege 			SeSecurityPrivilege 			SeTakeOwnershipPrivilege 			SeLoadDriverPrivilege 			SeBackupPrivilege 			SeRestorePrivilege 			SeDebugPrivilege 			SeAuditPrivilege 			SeSystemEnvironmentPrivilege 			SeImpersonatePrivilege 			SeDelegateSessionUserImpersonatePrivilege
1814,6/23/2025 1:45:43 PM,Microsoft-Windows-Security-Auditing,0,5058,Key file operation. Subject: 	Security ID:		S-1-5-21-1283774291-1801764544-247059453-500 	Account Name:		Administrator 	Account Domain:		DESKTOP-CJNBGDQ 	Logon ID:		0x3F03C Process Information: 	Process ID:		4612 	Process Creation Time:	‎2025‎-‎06‎-‎23T20:45:38.528772100Z Cryptographic Parameters: 	Provider Name:	Microsoft Software Key Storage Provider 	Algorithm Name:	UNKNOWN 	Key Name:	Microsoft Connected Devices Platform device certificate 	Key Type:	User key. Key File Operation Information: 	File Path:	C:\Users\Administrator\AppData\Roaming\Microsoft\Crypto\Keys\de7cf8a7901d2ad13e5c67c29e5d1662_a93c3307-d177-417b-a83c-a7877b46bb17 	Operation:	Read persisted key from file. 	Return Code:	0x0
1815,6/23/2025 1:45:43 PM,Microsoft-Windows-Security-Auditing,0,5061,Cryptographic operation. Subject: 	Security ID:		S-1-5-21-1283774291-1801764544-247059453-500 	Account Name:		Administrator 	Account Domain:		DESKTOP-CJNBGDQ 	Logon ID:		0x3F03C Cryptographic Parameters: 	Provider Name:	Microsoft Software Key Storage Provider 	Algorithm Name:	ECDSA_P256 	Key Name:	Microsoft Connected Devices Platform device certificate 	Key Type:	User key. Cryptographic Operation: 	Operation:	Open Key. 	Return Code:	0x0
1816,6/23/2025 1:45:43 PM,Microsoft-Windows-Security-Auditing,0,5059,Key migration operation. Subject: 	Security ID:		S-1-5-21-1283774291-1801764544-247059453-500 	Account Name:		Administrator 	Account Domain:		DESKTOP-CJNBGDQ 	Logon ID:		0x3F03C Process Information: 	Process ID:		4612 	Process Creation Time:	‎2025‎-‎06‎-‎23T20:45:38.528772100Z Cryptographic Parameters: 	Provider Name:	Microsoft Software Key Storage Provider 	Algorithm Name:	ECDSA_P256 	Key Name:	Microsoft Connected Devices Platform device certificate 	Key Type:	User key. Additional Information: 	Operation:	Export of persistent cryptographic key. 	Return Code:	0x0
1817,6/23/2025 1:45:49 PM,Microsoft-Windows-Security-Auditing,0,4624,"An account was successfully logged on. Subject: 	Security ID:		S-1-5-18 	Account Name:		DESKTOP-CJNBGDQ$ 	Account Domain:		WORKGROUP 	Logon ID:		0x3E7 Logon Information: 	Logon Type:		5 	Restricted Admin Mode:	- 	Virtual Account:		No 	Elevated Token:		Yes Impersonation Level:		Impersonation New Logon: 	Security ID:		S-1-5-18 	Account Name:		SYSTEM 	Account Domain:		NT AUTHORITY 	Logon ID:		0x3E7 	Linked Logon ID:		0x0 	Network Account Name:	- 	Network Account Domain:	- 	Logon GUID:		{00000000-0000-0000-0000-000000000000} Process Information: 	Process ID:		0x3ac 	Process Name:		C:\Windows\System32\services.exe Network Information: 	Workstation Name:	- 	Source Network Address:	- 	Source Port:		- Detailed Authentication Information: 	Logon Process:		Advapi   	Authentication Package:	Negotiate 	Transited Services:	- 	Package Name (NTLM only):	- 	Key Length:		0 This event is generated when a logon session is created. It is generated on the computer that was accessed. The subject fields indicate the account on the local system which requested the logon. This is most commonly a service such as the Server service, or a local process such as Winlogon.exe or Services.exe. The logon type field indicates the kind of logon that occurred. The most common types are 2 (interactive) and 3 (network). The New Logon fields indicate the account for whom the new logon was created, i.e. the account that was logged on. The network fields indicate where a remote logon request originated. Workstation name is not always available and may be left blank in some cases. The impersonation level field indicates the extent to which a process in the logon session can impersonate. The authentication information fields provide detailed information about this specific logon request. 	- Logon GUID is a unique identifier that can be used to correlate this event with a KDC event. 	- Transited services indicate which intermediate services have participated in this logon request. 	- Package name indicates which sub-protocol was used among the NTLM protocols. 	- Key length indicates the length of the generated session key. This will be 0 if no session key was requested."
1818,6/23/2025 1:45:49 PM,Microsoft-Windows-Security-Auditing,0,4672,Special privileges assigned to new logon. Subject: 	Security ID:		S-1-5-18 	Account Name:		SYSTEM 	Account Domain:		NT AUTHORITY 	Logon ID:		0x3E7 Privileges:		SeAssignPrimaryTokenPrivilege 			SeTcbPrivilege 			SeSecurityPrivilege 			SeTakeOwnershipPrivilege 			SeLoadDriverPrivilege 			SeBackupPrivilege 			SeRestorePrivilege 			SeDebugPrivilege 			SeAuditPrivilege 			SeSystemEnvironmentPrivilege 			SeImpersonatePrivilege 			SeDelegateSessionUserImpersonatePrivilege
1819,6/23/2025 1:45:50 PM,Microsoft-Windows-Security-Auditing,0,5379,Credential Manager credentials were read. Subject: 	Security ID:		S-1-5-21-1283774291-1801764544-247059453-500 	Account Name:		Administrator 	Account Domain:		DESKTOP-CJNBGDQ 	Logon ID:		0x3F03C 	Read Operation:		Enumerate Credentials This event occurs when a user performs a read operation on stored credentials in Credential Manager.
1820,6/23/2025 1:45:50 PM,Microsoft-Windows-Security-Auditing,0,5379,Credential Manager credentials were read. Subject: 	Security ID:		S-1-5-21-1283774291-1801764544-247059453-500 	Account Name:		Administrator 	Account Domain:		DESKTOP-CJNBGDQ 	Logon ID:		0x3F03C 	Read Operation:		Enumerate Credentials This event occurs when a user performs a read operation on stored credentials in Credential Manager.
1821,6/23/2025 1:46:05 PM,Microsoft-Windows-Security-Auditing,0,4624,"An account was successfully logged on. Subject: 	Security ID:		S-1-5-18 	Account Name:		DESKTOP-CJNBGDQ$ 	Account Domain:		WORKGROUP 	Logon ID:		0x3E7 Logon Information: 	Logon Type:		5 	Restricted Admin Mode:	- 	Virtual Account:		No 	Elevated Token:		Yes Impersonation Level:		Impersonation New Logon: 	Security ID:		S-1-5-18 	Account Name:		SYSTEM 	Account Domain:		NT AUTHORITY 	Logon ID:		0x3E7 	Linked Logon ID:		0x0 	Network Account Name:	- 	Network Account Domain:	- 	Logon GUID:		{00000000-0000-0000-0000-000000000000} Process Information: 	Process ID:		0x3ac 	Process Name:		C:\Windows\System32\services.exe Network Information: 	Workstation Name:	- 	Source Network Address:	- 	Source Port:		- Detailed Authentication Information: 	Logon Process:		Advapi   	Authentication Package:	Negotiate 	Transited Services:	- 	Package Name (NTLM only):	- 	Key Length:		0 This event is generated when a logon session is created. It is generated on the computer that was accessed. The subject fields indicate the account on the local system which requested the logon. This is most commonly a service such as the Server service, or a local process such as Winlogon.exe or Services.exe. The logon type field indicates the kind of logon that occurred. The most common types are 2 (interactive) and 3 (network). The New Logon fields indicate the account for whom the new logon was created, i.e. the account that was logged on. The network fields indicate where a remote logon request originated. Workstation name is not always available and may be left blank in some cases. The impersonation level field indicates the extent to which a process in the logon session can impersonate. The authentication information fields provide detailed information about this specific logon request. 	- Logon GUID is a unique identifier that can be used to correlate this event with a KDC event. 	- Transited services indicate which intermediate services have participated in this logon request. 	- Package name indicates which sub-protocol was used among the NTLM protocols. 	- Key length indicates the length of the generated session key. This will be 0 if no session key was requested."
1822,6/23/2025 1:46:05 PM,Microsoft-Windows-Security-Auditing,0,4672,Special privileges assigned to new logon. Subject: 	Security ID:		S-1-5-18 	Account Name:		SYSTEM 	Account Domain:		NT AUTHORITY 	Logon ID:		0x3E7 Privileges:		SeAssignPrimaryTokenPrivilege 			SeTcbPrivilege 			SeSecurityPrivilege 			SeTakeOwnershipPrivilege 			SeLoadDriverPrivilege 			SeBackupPrivilege 			SeRestorePrivilege 			SeDebugPrivilege 			SeAuditPrivilege 			SeSystemEnvironmentPrivilege 			SeImpersonatePrivilege 			SeDelegateSessionUserImpersonatePrivilege
1823,6/23/2025 1:46:26 PM,Microsoft-Windows-Security-Auditing,0,4624,"An account was successfully logged on. Subject: 	Security ID:		S-1-5-18 	Account Name:		DESKTOP-CJNBGDQ$ 	Account Domain:		WORKGROUP 	Logon ID:		0x3E7 Logon Information: 	Logon Type:		5 	Restricted Admin Mode:	- 	Virtual Account:		No 	Elevated Token:		Yes Impersonation Level:		Impersonation New Logon: 	Security ID:		S-1-5-18 	Account Name:		SYSTEM 	Account Domain:		NT AUTHORITY 	Logon ID:		0x3E7 	Linked Logon ID:		0x0 	Network Account Name:	- 	Network Account Domain:	- 	Logon GUID:		{00000000-0000-0000-0000-000000000000} Process Information: 	Process ID:		0x3ac 	Process Name:		C:\Windows\System32\services.exe Network Information: 	Workstation Name:	- 	Source Network Address:	- 	Source Port:		- Detailed Authentication Information: 	Logon Process:		Advapi   	Authentication Package:	Negotiate 	Transited Services:	- 	Package Name (NTLM only):	- 	Key Length:		0 This event is generated when a logon session is created. It is generated on the computer that was accessed. The subject fields indicate the account on the local system which requested the logon. This is most commonly a service such as the Server service, or a local process such as Winlogon.exe or Services.exe. The logon type field indicates the kind of logon that occurred. The most common types are 2 (interactive) and 3 (network). The New Logon fields indicate the account for whom the new logon was created, i.e. the account that was logged on. The network fields indicate where a remote logon request originated. Workstation name is not always available and may be left blank in some cases. The impersonation level field indicates the extent to which a process in the logon session can impersonate. The authentication information fields provide detailed information about this specific logon request. 	- Logon GUID is a unique identifier that can be used to correlate this event with a KDC event. 	- Transited services indicate which intermediate services have participated in this logon request. 	- Package name indicates which sub-protocol was used among the NTLM protocols. 	- Key length indicates the length of the generated session key. This will be 0 if no session key was requested."
1824,6/23/2025 1:46:26 PM,Microsoft-Windows-Security-Auditing,0,4672,Special privileges assigned to new logon. Subject: 	Security ID:		S-1-5-18 	Account Name:		SYSTEM 	Account Domain:		NT AUTHORITY 	Logon ID:		0x3E7 Privileges:		SeAssignPrimaryTokenPrivilege 			SeTcbPrivilege 			SeSecurityPrivilege 			SeTakeOwnershipPrivilege 			SeLoadDriverPrivilege 			SeBackupPrivilege 			SeRestorePrivilege 			SeDebugPrivilege 			SeAuditPrivilege 			SeSystemEnvironmentPrivilege 			SeImpersonatePrivilege 			SeDelegateSessionUserImpersonatePrivilege
1826,6/23/2025 1:46:30 PM,Microsoft-Windows-Security-Auditing,0,4634,An account was logged off. Subject: 	Security ID:		S-1-5-96-0-1 	Account Name:		UMFD-1 	Account Domain:		Font Driver Host 	Logon ID:		0xF748 Logon Type:			2 This event is generated when a logon session is destroyed. It may be positively correlated with a logon event using the Logon ID value. Logon IDs are only unique between reboots on the same computer.
1827,6/23/2025 1:46:30 PM,Microsoft-Windows-Security-Auditing,0,4647,User initiated logoff: Subject: 	Security ID:		S-1-5-21-1283774291-1801764544-247059453-500 	Account Name:		Administrator 	Account Domain:		DESKTOP-CJNBGDQ 	Logon ID:		0x3F03C This event is generated when a logoff is initiated. No further user-initiated activity can occur. This event can be interpreted as a logoff event.
1828,6/23/2025 1:46:30 PM,Microsoft-Windows-Security-Auditing,0,4798,A user's local group membership was enumerated. Subject: 	Security ID:		S-1-5-18 	Account Name:		DESKTOP-CJNBGDQ$ 	Account Domain:		WORKGROUP 	Logon ID:		0x3E7 User: 	Security ID:		S-1-5-21-1283774291-1801764544-247059453-500 	Account Name:		Administrator 	Account Domain:		DESKTOP-CJNBGDQ Process Information: 	Process ID:		0xb3c 	Process Name:		C:\Windows\System32\svchost.exe
1829,6/23/2025 1:46:30 PM,Microsoft-Windows-Security-Auditing,0,4798,A user's local group membership was enumerated. Subject: 	Security ID:		S-1-5-18 	Account Name:		DESKTOP-CJNBGDQ$ 	Account Domain:		WORKGROUP 	Logon ID:		0x3E7 User: 	Security ID:		S-1-5-21-1283774291-1801764544-247059453-503 	Account Name:		DefaultAccount 	Account Domain:		DESKTOP-CJNBGDQ Process Information: 	Process ID:		0xb3c 	Process Name:		C:\Windows\System32\svchost.exe
1830,6/23/2025 1:46:30 PM,Microsoft-Windows-Security-Auditing,0,4798,A user's local group membership was enumerated. Subject: 	Security ID:		S-1-5-18 	Account Name:		DESKTOP-CJNBGDQ$ 	Account Domain:		WORKGROUP 	Logon ID:		0x3E7 User: 	Security ID:		S-1-5-21-1283774291-1801764544-247059453-501 	Account Name:		Guest 	Account Domain:		DESKTOP-CJNBGDQ Process Information: 	Process ID:		0xb3c 	Process Name:		C:\Windows\System32\svchost.exe
1831,6/23/2025 1:46:30 PM,Microsoft-Windows-Security-Auditing,0,4798,A user's local group membership was enumerated. Subject: 	Security ID:		S-1-5-18 	Account Name:		DESKTOP-CJNBGDQ$ 	Account Domain:		WORKGROUP 	Logon ID:		0x3E7 User: 	Security ID:		S-1-5-21-1283774291-1801764544-247059453-504 	Account Name:		WDAGUtilityAccount 	Account Domain:		DESKTOP-CJNBGDQ Process Information: 	Process ID:		0xb3c 	Process Name:		C:\Windows\System32\svchost.exe
1825,6/23/2025 1:46:30 PM,Microsoft-Windows-Eventlog,4,1100,The event logging service has shut down.
1832,6/23/2025 1:48:38 PM,Microsoft-Windows-Security-Auditing,0,4688,"A new process has been created. Creator Subject: 	Security ID:		S-1-5-18 	Account Name:		- 	Account Domain:		- 	Logon ID:		0x3E7 Target Subject: 	Security ID:		S-1-0-0 	Account Name:		- 	Account Domain:		- 	Logon ID:		0x0 Process Information: 	New Process ID:		0xa8 	New Process Name:	Registry 	Token Elevation Type:	%%1936 	Mandatory Label:		S-1-16-16384 	Creator Process ID:	0x4 	Creator Process Name:	 	Process Command Line:	 Token Elevation Type indicates the type of token that was assigned to the new process in accordance with User Account Control policy. Type 1 is a full token with no privileges removed or groups disabled.  A full token is only used if User Account Control is disabled or if the user is the built-in Administrator account or a service account. Type 2 is an elevated token with no privileges removed or groups disabled.  An elevated token is used when User Account Control is enabled and the user chooses to start the program using Run as administrator.  An elevated token is also used when an application is configured to always require administrative privilege or to always require maximum privilege, and the user is a member of the Administrators group. Type 3 is a limited token with administrative privileges removed and administrative groups disabled.  The limited token is used when User Account Control is enabled, the application does not require administrative privilege, and the user does not choose to start the program using Run as administrator."
1833,6/23/2025 1:48:38 PM,Microsoft-Windows-Security-Auditing,0,4696,A primary token was assigned to process. Subject: 	Security ID:		S-1-5-18 	Account Name:		- 	Account Domain:		- 	Logon ID:		0x3E7 Process Information: 	Process ID:	0x4 	Process Name:	 Target Process: 	Target Process ID:	0xa8 	Target Process Name:	Registry New Token Information: 	Security ID:		S-1-0-0 	Account Name:		- 	Account Domain:		- 	Logon ID:		0x3E7
1834,6/23/2025 1:48:38 PM,Microsoft-Windows-Security-Auditing,0,4826,Boot Configuration Data loaded. Subject: 	Security ID:		S-1-5-18 	Account Name:		- 	Account Domain:		- 	Logon ID:		0x3E7 General Settings: 	Load Options:		- 	Advanced Options:		No 	Configuration Access Policy:	Default 	System Event Logging:	No 	Kernel Debugging:	No 	VSM Launch Type:	Off Signature Settings: 	Test Signing:		No 	Flight Signing:		No 	Disable Integrity Checks:	No HyperVisor Settings: 	HyperVisor Load Options:	- 	HyperVisor Launch Type:	Off 	HyperVisor Debugging:	No
1835,6/23/2025 1:48:38 PM,Microsoft-Windows-Security-Auditing,0,4688,"A new process has been created. Creator Subject: 	Security ID:		S-1-5-18 	Account Name:		- 	Account Domain:		- 	Logon ID:		0x3E7 Target Subject: 	Security ID:		S-1-0-0 	Account Name:		- 	Account Domain:		- 	Logon ID:		0x0 Process Information: 	New Process ID:		0x244 	New Process Name:	C:\Windows\System32\smss.exe 	Token Elevation Type:	%%1936 	Mandatory Label:		S-1-16-16384 	Creator Process ID:	0x4 	Creator Process Name:	 	Process Command Line:	 Token Elevation Type indicates the type of token that was assigned to the new process in accordance with User Account Control policy. Type 1 is a full token with no privileges removed or groups disabled.  A full token is only used if User Account Control is disabled or if the user is the built-in Administrator account or a service account. Type 2 is an elevated token with no privileges removed or groups disabled.  An elevated token is used when User Account Control is enabled and the user chooses to start the program using Run as administrator.  An elevated token is also used when an application is configured to always require administrative privilege or to always require maximum privilege, and the user is a member of the Administrators group. Type 3 is a limited token with administrative privileges removed and administrative groups disabled.  The limited token is used when User Account Control is enabled, the application does not require administrative privilege, and the user does not choose to start the program using Run as administrator."
1836,6/23/2025 1:48:38 PM,Microsoft-Windows-Security-Auditing,0,4688,"A new process has been created. Creator Subject: 	Security ID:		S-1-5-18 	Account Name:		- 	Account Domain:		- 	Logon ID:		0x3E7 Target Subject: 	Security ID:		S-1-0-0 	Account Name:		- 	Account Domain:		- 	Logon ID:		0x0 Process Information: 	New Process ID:		0x254 	New Process Name:	C:\Windows\System32\autochk.exe 	Token Elevation Type:	%%1936 	Mandatory Label:		S-1-16-16384 	Creator Process ID:	0x244 	Creator Process Name:	C:\Windows\System32\smss.exe 	Process Command Line:	 Token Elevation Type indicates the type of token that was assigned to the new process in accordance with User Account Control policy. Type 1 is a full token with no privileges removed or groups disabled.  A full token is only used if User Account Control is disabled or if the user is the built-in Administrator account or a service account. Type 2 is an elevated token with no privileges removed or groups disabled.  An elevated token is used when User Account Control is enabled and the user chooses to start the program using Run as administrator.  An elevated token is also used when an application is configured to always require administrative privilege or to always require maximum privilege, and the user is a member of the Administrators group. Type 3 is a limited token with administrative privileges removed and administrative groups disabled.  The limited token is used when User Account Control is enabled, the application does not require administrative privilege, and the user does not choose to start the program using Run as administrator."
1837,6/23/2025 1:48:48 PM,Microsoft-Windows-Security-Auditing,0,4688,"A new process has been created. Creator Subject: 	Security ID:		S-1-5-18 	Account Name:		- 	Account Domain:		- 	Logon ID:		0x3E7 Target Subject: 	Security ID:		S-1-0-0 	Account Name:		- 	Account Domain:		- 	Logon ID:		0x0 Process Information: 	New Process ID:		0x2a0 	New Process Name:	C:\Windows\System32\smss.exe 	Token Elevation Type:	%%1936 	Mandatory Label:		S-1-16-16384 	Creator Process ID:	0x244 	Creator Process Name:	C:\Windows\System32\smss.exe 	Process Command Line:	 Token Elevation Type indicates the type of token that was assigned to the new process in accordance with User Account Control policy. Type 1 is a full token with no privileges removed or groups disabled.  A full token is only used if User Account Control is disabled or if the user is the built-in Administrator account or a service account. Type 2 is an elevated token with no privileges removed or groups disabled.  An elevated token is used when User Account Control is enabled and the user chooses to start the program using Run as administrator.  An elevated token is also used when an application is configured to always require administrative privilege or to always require maximum privilege, and the user is a member of the Administrators group. Type 3 is a limited token with administrative privileges removed and administrative groups disabled.  The limited token is used when User Account Control is enabled, the application does not require administrative privilege, and the user does not choose to start the program using Run as administrator."
