1406,6/23/2025 3:46:36 AM,Microsoft-Windows-Security-Auditing,0,4624,"An account was successfully logged on. Subject: 	Security ID:		S-1-5-18 	Account Name:		DESKTOP-CJNBGDQ$ 	Account Domain:		WORKGROUP 	Logon ID:		0x3E7 Logon Information: 	Logon Type:		5 	Restricted Admin Mode:	- 	Virtual Account:		No 	Elevated Token:		Yes Impersonation Level:		Impersonation New Logon: 	Security ID:		S-1-5-18 	Account Name:		SYSTEM 	Account Domain:		NT AUTHORITY 	Logon ID:		0x3E7 	Linked Logon ID:		0x0 	Network Account Name:	- 	Network Account Domain:	- 	Logon GUID:		{00000000-0000-0000-0000-000000000000} Process Information: 	Process ID:		0x39c 	Process Name:		C:\Windows\System32\services.exe Network Information: 	Workstation Name:	- 	Source Network Address:	- 	Source Port:		- Detailed Authentication Information: 	Logon Process:		Advapi   	Authentication Package:	Negotiate 	Transited Services:	- 	Package Name (NTLM only):	- 	Key Length:		0 This event is generated when a logon session is created. It is generated on the computer that was accessed. The subject fields indicate the account on the local system which requested the logon. This is most commonly a service such as the Server service, or a local process such as Winlogon.exe or Services.exe. The logon type field indicates the kind of logon that occurred. The most common types are 2 (interactive) and 3 (network). The New Logon fields indicate the account for whom the new logon was created, i.e. the account that was logged on. The network fields indicate where a remote logon request originated. Workstation name is not always available and may be left blank in some cases. The impersonation level field indicates the extent to which a process in the logon session can impersonate. The authentication information fields provide detailed information about this specific logon request. 	- Logon GUID is a unique identifier that can be used to correlate this event with a KDC event. 	- Transited services indicate which intermediate services have participated in this logon request. 	- Package name indicates which sub-protocol was used among the NTLM protocols. 	- Key length indicates the length of the generated session key. This will be 0 if no session key was requested."
1407,6/23/2025 3:46:36 AM,Microsoft-Windows-Security-Auditing,0,4672,Special privileges assigned to new logon. Subject: 	Security ID:		S-1-5-18 	Account Name:		SYSTEM 	Account Domain:		NT AUTHORITY 	Logon ID:		0x3E7 Privileges:		SeAssignPrimaryTokenPrivilege 			SeTcbPrivilege 			SeSecurityPrivilege 			SeTakeOwnershipPrivilege 			SeLoadDriverPrivilege 			SeBackupPrivilege 			SeRestorePrivilege 			SeDebugPrivilege 			SeAuditPrivilege 			SeSystemEnvironmentPrivilege 			SeImpersonatePrivilege 			SeDelegateSessionUserImpersonatePrivilege
1408,6/23/2025 3:46:36 AM,Microsoft-Windows-Security-Auditing,0,4799,A security-enabled local group membership was enumerated. Subject: 	Security ID:		S-1-5-18 	Account Name:		DESKTOP-CJNBGDQ$ 	Account Domain:		WORKGROUP 	Logon ID:		0x3E7 Group: 	Security ID:		S-1-5-32-544 	Group Name:		Administrators 	Group Domain:		Builtin Process Information: 	Process ID:		0x1674 	Process Name:		C:\Windows\System32\SearchIndexer.exe
1409,6/23/2025 3:46:36 AM,Microsoft-Windows-Security-Auditing,0,5379,Credential Manager credentials were read. Subject: 	Security ID:		S-1-5-18 	Account Name:		DESKTOP-CJNBGDQ$ 	Account Domain:		WORKGROUP 	Logon ID:		0x3E7 	Read Operation:		Enumerate Credentials This event occurs when a user performs a read operation on stored credentials in Credential Manager.
1410,6/23/2025 3:46:36 AM,Microsoft-Windows-Security-Auditing,0,5379,Credential Manager credentials were read. Subject: 	Security ID:		S-1-5-18 	Account Name:		DESKTOP-CJNBGDQ$ 	Account Domain:		WORKGROUP 	Logon ID:		0x3E7 	Read Operation:		Enumerate Credentials This event occurs when a user performs a read operation on stored credentials in Credential Manager.
1411,6/23/2025 3:46:36 AM,Microsoft-Windows-Security-Auditing,0,5379,Credential Manager credentials were read. Subject: 	Security ID:		S-1-5-18 	Account Name:		DESKTOP-CJNBGDQ$ 	Account Domain:		WORKGROUP 	Logon ID:		0x3E7 	Read Operation:		Enumerate Credentials This event occurs when a user performs a read operation on stored credentials in Credential Manager.
1412,6/23/2025 3:46:36 AM,Microsoft-Windows-Security-Auditing,0,5379,Credential Manager credentials were read. Subject: 	Security ID:		S-1-5-21-1283774291-1801764544-247059453-500 	Account Name:		Administrator 	Account Domain:		DESKTOP-CJNBGDQ 	Logon ID:		0x55381 	Read Operation:		Enumerate Credentials This event occurs when a user performs a read operation on stored credentials in Credential Manager.
1413,6/23/2025 3:46:36 AM,Microsoft-Windows-Security-Auditing,0,5379,Credential Manager credentials were read. Subject: 	Security ID:		S-1-5-21-1283774291-1801764544-247059453-500 	Account Name:		Administrator 	Account Domain:		DESKTOP-CJNBGDQ 	Logon ID:		0x55381 	Read Operation:		Enumerate Credentials This event occurs when a user performs a read operation on stored credentials in Credential Manager.
1414,6/23/2025 3:46:36 AM,Microsoft-Windows-Security-Auditing,0,5379,Credential Manager credentials were read. Subject: 	Security ID:		S-1-5-21-1283774291-1801764544-247059453-500 	Account Name:		Administrator 	Account Domain:		DESKTOP-CJNBGDQ 	Logon ID:		0x55381 	Read Operation:		Enumerate Credentials This event occurs when a user performs a read operation on stored credentials in Credential Manager.
1415,6/23/2025 3:46:36 AM,Microsoft-Windows-Security-Auditing,0,4624,"An account was successfully logged on. Subject: 	Security ID:		S-1-5-18 	Account Name:		DESKTOP-CJNBGDQ$ 	Account Domain:		WORKGROUP 	Logon ID:		0x3E7 Logon Information: 	Logon Type:		5 	Restricted Admin Mode:	- 	Virtual Account:		No 	Elevated Token:		Yes Impersonation Level:		Impersonation New Logon: 	Security ID:		S-1-5-18 	Account Name:		SYSTEM 	Account Domain:		NT AUTHORITY 	Logon ID:		0x3E7 	Linked Logon ID:		0x0 	Network Account Name:	- 	Network Account Domain:	- 	Logon GUID:		{00000000-0000-0000-0000-000000000000} Process Information: 	Process ID:		0x39c 	Process Name:		C:\Windows\System32\services.exe Network Information: 	Workstation Name:	- 	Source Network Address:	- 	Source Port:		- Detailed Authentication Information: 	Logon Process:		Advapi   	Authentication Package:	Negotiate 	Transited Services:	- 	Package Name (NTLM only):	- 	Key Length:		0 This event is generated when a logon session is created. It is generated on the computer that was accessed. The subject fields indicate the account on the local system which requested the logon. This is most commonly a service such as the Server service, or a local process such as Winlogon.exe or Services.exe. The logon type field indicates the kind of logon that occurred. The most common types are 2 (interactive) and 3 (network). The New Logon fields indicate the account for whom the new logon was created, i.e. the account that was logged on. The network fields indicate where a remote logon request originated. Workstation name is not always available and may be left blank in some cases. The impersonation level field indicates the extent to which a process in the logon session can impersonate. The authentication information fields provide detailed information about this specific logon request. 	- Logon GUID is a unique identifier that can be used to correlate this event with a KDC event. 	- Transited services indicate which intermediate services have participated in this logon request. 	- Package name indicates which sub-protocol was used among the NTLM protocols. 	- Key length indicates the length of the generated session key. This will be 0 if no session key was requested."
1416,6/23/2025 3:46:36 AM,Microsoft-Windows-Security-Auditing,0,4672,Special privileges assigned to new logon. Subject: 	Security ID:		S-1-5-18 	Account Name:		SYSTEM 	Account Domain:		NT AUTHORITY 	Logon ID:		0x3E7 Privileges:		SeAssignPrimaryTokenPrivilege 			SeTcbPrivilege 			SeSecurityPrivilege 			SeTakeOwnershipPrivilege 			SeLoadDriverPrivilege 			SeBackupPrivilege 			SeRestorePrivilege 			SeDebugPrivilege 			SeAuditPrivilege 			SeSystemEnvironmentPrivilege 			SeImpersonatePrivilege 			SeDelegateSessionUserImpersonatePrivilege
1417,6/23/2025 3:46:36 AM,Microsoft-Windows-Security-Auditing,0,5379,Credential Manager credentials were read. Subject: 	Security ID:		S-1-5-21-1283774291-1801764544-247059453-500 	Account Name:		Administrator 	Account Domain:		DESKTOP-CJNBGDQ 	Logon ID:		0x55381 	Read Operation:		Enumerate Credentials This event occurs when a user performs a read operation on stored credentials in Credential Manager.
1418,6/23/2025 3:46:36 AM,Microsoft-Windows-Security-Auditing,0,5379,Credential Manager credentials were read. Subject: 	Security ID:		S-1-5-21-1283774291-1801764544-247059453-500 	Account Name:		Administrator 	Account Domain:		DESKTOP-CJNBGDQ 	Logon ID:		0x55381 	Read Operation:		Enumerate Credentials This event occurs when a user performs a read operation on stored credentials in Credential Manager.
1419,6/23/2025 3:46:36 AM,Microsoft-Windows-Security-Auditing,0,5379,Credential Manager credentials were read. Subject: 	Security ID:		S-1-5-21-1283774291-1801764544-247059453-500 	Account Name:		Administrator 	Account Domain:		DESKTOP-CJNBGDQ 	Logon ID:		0x55381 	Read Operation:		Enumerate Credentials This event occurs when a user performs a read operation on stored credentials in Credential Manager.
1420,6/23/2025 3:46:36 AM,Microsoft-Windows-Security-Auditing,0,5379,Credential Manager credentials were read. Subject: 	Security ID:		S-1-5-21-1283774291-1801764544-247059453-500 	Account Name:		Administrator 	Account Domain:		DESKTOP-CJNBGDQ 	Logon ID:		0x55381 	Read Operation:		Enumerate Credentials This event occurs when a user performs a read operation on stored credentials in Credential Manager.
1421,6/23/2025 3:46:36 AM,Microsoft-Windows-Security-Auditing,0,5379,Credential Manager credentials were read. Subject: 	Security ID:		S-1-5-21-1283774291-1801764544-247059453-500 	Account Name:		Administrator 	Account Domain:		DESKTOP-CJNBGDQ 	Logon ID:		0x55381 	Read Operation:		Enumerate Credentials This event occurs when a user performs a read operation on stored credentials in Credential Manager.
1422,6/23/2025 3:46:36 AM,Microsoft-Windows-Security-Auditing,0,5379,Credential Manager credentials were read. Subject: 	Security ID:		S-1-5-21-1283774291-1801764544-247059453-500 	Account Name:		Administrator 	Account Domain:		DESKTOP-CJNBGDQ 	Logon ID:		0x55381 	Read Operation:		Enumerate Credentials This event occurs when a user performs a read operation on stored credentials in Credential Manager.
1423,6/23/2025 3:46:39 AM,Microsoft-Windows-Security-Auditing,0,4624,"An account was successfully logged on. Subject: 	Security ID:		S-1-5-18 	Account Name:		DESKTOP-CJNBGDQ$ 	Account Domain:		WORKGROUP 	Logon ID:		0x3E7 Logon Information: 	Logon Type:		5 	Restricted Admin Mode:	- 	Virtual Account:		No 	Elevated Token:		Yes Impersonation Level:		Impersonation New Logon: 	Security ID:		S-1-5-18 	Account Name:		SYSTEM 	Account Domain:		NT AUTHORITY 	Logon ID:		0x3E7 	Linked Logon ID:		0x0 	Network Account Name:	- 	Network Account Domain:	- 	Logon GUID:		{00000000-0000-0000-0000-000000000000} Process Information: 	Process ID:		0x39c 	Process Name:		C:\Windows\System32\services.exe Network Information: 	Workstation Name:	- 	Source Network Address:	- 	Source Port:		- Detailed Authentication Information: 	Logon Process:		Advapi   	Authentication Package:	Negotiate 	Transited Services:	- 	Package Name (NTLM only):	- 	Key Length:		0 This event is generated when a logon session is created. It is generated on the computer that was accessed. The subject fields indicate the account on the local system which requested the logon. This is most commonly a service such as the Server service, or a local process such as Winlogon.exe or Services.exe. The logon type field indicates the kind of logon that occurred. The most common types are 2 (interactive) and 3 (network). The New Logon fields indicate the account for whom the new logon was created, i.e. the account that was logged on. The network fields indicate where a remote logon request originated. Workstation name is not always available and may be left blank in some cases. The impersonation level field indicates the extent to which a process in the logon session can impersonate. The authentication information fields provide detailed information about this specific logon request. 	- Logon GUID is a unique identifier that can be used to correlate this event with a KDC event. 	- Transited services indicate which intermediate services have participated in this logon request. 	- Package name indicates which sub-protocol was used among the NTLM protocols. 	- Key length indicates the length of the generated session key. This will be 0 if no session key was requested."
1424,6/23/2025 3:46:39 AM,Microsoft-Windows-Security-Auditing,0,4672,Special privileges assigned to new logon. Subject: 	Security ID:		S-1-5-18 	Account Name:		SYSTEM 	Account Domain:		NT AUTHORITY 	Logon ID:		0x3E7 Privileges:		SeAssignPrimaryTokenPrivilege 			SeTcbPrivilege 			SeSecurityPrivilege 			SeTakeOwnershipPrivilege 			SeLoadDriverPrivilege 			SeBackupPrivilege 			SeRestorePrivilege 			SeDebugPrivilege 			SeAuditPrivilege 			SeSystemEnvironmentPrivilege 			SeImpersonatePrivilege 			SeDelegateSessionUserImpersonatePrivilege
1425,6/23/2025 3:46:42 AM,Microsoft-Windows-Security-Auditing,0,4624,"An account was successfully logged on. Subject: 	Security ID:		S-1-5-18 	Account Name:		DESKTOP-CJNBGDQ$ 	Account Domain:		WORKGROUP 	Logon ID:		0x3E7 Logon Information: 	Logon Type:		5 	Restricted Admin Mode:	- 	Virtual Account:		No 	Elevated Token:		Yes Impersonation Level:		Impersonation New Logon: 	Security ID:		S-1-5-18 	Account Name:		SYSTEM 	Account Domain:		NT AUTHORITY 	Logon ID:		0x3E7 	Linked Logon ID:		0x0 	Network Account Name:	- 	Network Account Domain:	- 	Logon GUID:		{00000000-0000-0000-0000-000000000000} Process Information: 	Process ID:		0x39c 	Process Name:		C:\Windows\System32\services.exe Network Information: 	Workstation Name:	- 	Source Network Address:	- 	Source Port:		- Detailed Authentication Information: 	Logon Process:		Advapi   	Authentication Package:	Negotiate 	Transited Services:	- 	Package Name (NTLM only):	- 	Key Length:		0 This event is generated when a logon session is created. It is generated on the computer that was accessed. The subject fields indicate the account on the local system which requested the logon. This is most commonly a service such as the Server service, or a local process such as Winlogon.exe or Services.exe. The logon type field indicates the kind of logon that occurred. The most common types are 2 (interactive) and 3 (network). The New Logon fields indicate the account for whom the new logon was created, i.e. the account that was logged on. The network fields indicate where a remote logon request originated. Workstation name is not always available and may be left blank in some cases. The impersonation level field indicates the extent to which a process in the logon session can impersonate. The authentication information fields provide detailed information about this specific logon request. 	- Logon GUID is a unique identifier that can be used to correlate this event with a KDC event. 	- Transited services indicate which intermediate services have participated in this logon request. 	- Package name indicates which sub-protocol was used among the NTLM protocols. 	- Key length indicates the length of the generated session key. This will be 0 if no session key was requested."
1426,6/23/2025 3:46:42 AM,Microsoft-Windows-Security-Auditing,0,4672,Special privileges assigned to new logon. Subject: 	Security ID:		S-1-5-18 	Account Name:		SYSTEM 	Account Domain:		NT AUTHORITY 	Logon ID:		0x3E7 Privileges:		SeAssignPrimaryTokenPrivilege 			SeTcbPrivilege 			SeSecurityPrivilege 			SeTakeOwnershipPrivilege 			SeLoadDriverPrivilege 			SeBackupPrivilege 			SeRestorePrivilege 			SeDebugPrivilege 			SeAuditPrivilege 			SeSystemEnvironmentPrivilege 			SeImpersonatePrivilege 			SeDelegateSessionUserImpersonatePrivilege
1427,6/23/2025 3:46:46 AM,Microsoft-Windows-Security-Auditing,0,5379,Credential Manager credentials were read. Subject: 	Security ID:		S-1-5-21-1283774291-1801764544-247059453-500 	Account Name:		Administrator 	Account Domain:		DESKTOP-CJNBGDQ 	Logon ID:		0x55381 	Read Operation:		Enumerate Credentials This event occurs when a user performs a read operation on stored credentials in Credential Manager.
1428,6/23/2025 3:46:46 AM,Microsoft-Windows-Security-Auditing,0,5379,Credential Manager credentials were read. Subject: 	Security ID:		S-1-5-21-1283774291-1801764544-247059453-500 	Account Name:		Administrator 	Account Domain:		DESKTOP-CJNBGDQ 	Logon ID:		0x55381 	Read Operation:		Enumerate Credentials This event occurs when a user performs a read operation on stored credentials in Credential Manager.
1429,6/23/2025 3:46:46 AM,Microsoft-Windows-Security-Auditing,0,5379,Credential Manager credentials were read. Subject: 	Security ID:		S-1-5-21-1283774291-1801764544-247059453-500 	Account Name:		Administrator 	Account Domain:		DESKTOP-CJNBGDQ 	Logon ID:		0x55381 	Read Operation:		Enumerate Credentials This event occurs when a user performs a read operation on stored credentials in Credential Manager.
1430,6/23/2025 3:46:46 AM,Microsoft-Windows-Security-Auditing,0,4624,"An account was successfully logged on. Subject: 	Security ID:		S-1-5-18 	Account Name:		DESKTOP-CJNBGDQ$ 	Account Domain:		WORKGROUP 	Logon ID:		0x3E7 Logon Information: 	Logon Type:		5 	Restricted Admin Mode:	- 	Virtual Account:		No 	Elevated Token:		Yes Impersonation Level:		Impersonation New Logon: 	Security ID:		S-1-5-18 	Account Name:		SYSTEM 	Account Domain:		NT AUTHORITY 	Logon ID:		0x3E7 	Linked Logon ID:		0x0 	Network Account Name:	- 	Network Account Domain:	- 	Logon GUID:		{00000000-0000-0000-0000-000000000000} Process Information: 	Process ID:		0x39c 	Process Name:		C:\Windows\System32\services.exe Network Information: 	Workstation Name:	- 	Source Network Address:	- 	Source Port:		- Detailed Authentication Information: 	Logon Process:		Advapi   	Authentication Package:	Negotiate 	Transited Services:	- 	Package Name (NTLM only):	- 	Key Length:		0 This event is generated when a logon session is created. It is generated on the computer that was accessed. The subject fields indicate the account on the local system which requested the logon. This is most commonly a service such as the Server service, or a local process such as Winlogon.exe or Services.exe. The logon type field indicates the kind of logon that occurred. The most common types are 2 (interactive) and 3 (network). The New Logon fields indicate the account for whom the new logon was created, i.e. the account that was logged on. The network fields indicate where a remote logon request originated. Workstation name is not always available and may be left blank in some cases. The impersonation level field indicates the extent to which a process in the logon session can impersonate. The authentication information fields provide detailed information about this specific logon request. 	- Logon GUID is a unique identifier that can be used to correlate this event with a KDC event. 	- Transited services indicate which intermediate services have participated in this logon request. 	- Package name indicates which sub-protocol was used among the NTLM protocols. 	- Key length indicates the length of the generated session key. This will be 0 if no session key was requested."
1431,6/23/2025 3:46:46 AM,Microsoft-Windows-Security-Auditing,0,4672,Special privileges assigned to new logon. Subject: 	Security ID:		S-1-5-18 	Account Name:		SYSTEM 	Account Domain:		NT AUTHORITY 	Logon ID:		0x3E7 Privileges:		SeAssignPrimaryTokenPrivilege 			SeTcbPrivilege 			SeSecurityPrivilege 			SeTakeOwnershipPrivilege 			SeLoadDriverPrivilege 			SeBackupPrivilege 			SeRestorePrivilege 			SeDebugPrivilege 			SeAuditPrivilege 			SeSystemEnvironmentPrivilege 			SeImpersonatePrivilege 			SeDelegateSessionUserImpersonatePrivilege
1432,6/23/2025 3:46:47 AM,Microsoft-Windows-Security-Auditing,0,5379,Credential Manager credentials were read. Subject: 	Security ID:		S-1-5-21-1283774291-1801764544-247059453-500 	Account Name:		Administrator 	Account Domain:		DESKTOP-CJNBGDQ 	Logon ID:		0x55381 	Read Operation:		Enumerate Credentials This event occurs when a user performs a read operation on stored credentials in Credential Manager.
1433,6/23/2025 3:46:47 AM,Microsoft-Windows-Security-Auditing,0,5379,Credential Manager credentials were read. Subject: 	Security ID:		S-1-5-21-1283774291-1801764544-247059453-500 	Account Name:		Administrator 	Account Domain:		DESKTOP-CJNBGDQ 	Logon ID:		0x55381 	Read Operation:		Enumerate Credentials This event occurs when a user performs a read operation on stored credentials in Credential Manager.
1434,6/23/2025 3:46:55 AM,Microsoft-Windows-Security-Auditing,0,4624,"An account was successfully logged on. Subject: 	Security ID:		S-1-5-18 	Account Name:		DESKTOP-CJNBGDQ$ 	Account Domain:		WORKGROUP 	Logon ID:		0x3E7 Logon Information: 	Logon Type:		5 	Restricted Admin Mode:	- 	Virtual Account:		No 	Elevated Token:		Yes Impersonation Level:		Impersonation New Logon: 	Security ID:		S-1-5-18 	Account Name:		SYSTEM 	Account Domain:		NT AUTHORITY 	Logon ID:		0x3E7 	Linked Logon ID:		0x0 	Network Account Name:	- 	Network Account Domain:	- 	Logon GUID:		{00000000-0000-0000-0000-000000000000} Process Information: 	Process ID:		0x39c 	Process Name:		C:\Windows\System32\services.exe Network Information: 	Workstation Name:	- 	Source Network Address:	- 	Source Port:		- Detailed Authentication Information: 	Logon Process:		Advapi   	Authentication Package:	Negotiate 	Transited Services:	- 	Package Name (NTLM only):	- 	Key Length:		0 This event is generated when a logon session is created. It is generated on the computer that was accessed. The subject fields indicate the account on the local system which requested the logon. This is most commonly a service such as the Server service, or a local process such as Winlogon.exe or Services.exe. The logon type field indicates the kind of logon that occurred. The most common types are 2 (interactive) and 3 (network). The New Logon fields indicate the account for whom the new logon was created, i.e. the account that was logged on. The network fields indicate where a remote logon request originated. Workstation name is not always available and may be left blank in some cases. The impersonation level field indicates the extent to which a process in the logon session can impersonate. The authentication information fields provide detailed information about this specific logon request. 	- Logon GUID is a unique identifier that can be used to correlate this event with a KDC event. 	- Transited services indicate which intermediate services have participated in this logon request. 	- Package name indicates which sub-protocol was used among the NTLM protocols. 	- Key length indicates the length of the generated session key. This will be 0 if no session key was requested."
1435,6/23/2025 3:46:55 AM,Microsoft-Windows-Security-Auditing,0,4672,Special privileges assigned to new logon. Subject: 	Security ID:		S-1-5-18 	Account Name:		SYSTEM 	Account Domain:		NT AUTHORITY 	Logon ID:		0x3E7 Privileges:		SeAssignPrimaryTokenPrivilege 			SeTcbPrivilege 			SeSecurityPrivilege 			SeTakeOwnershipPrivilege 			SeLoadDriverPrivilege 			SeBackupPrivilege 			SeRestorePrivilege 			SeDebugPrivilege 			SeAuditPrivilege 			SeSystemEnvironmentPrivilege 			SeImpersonatePrivilege 			SeDelegateSessionUserImpersonatePrivilege
1437,6/23/2025 1:42:24 PM,Microsoft-Windows-Security-Auditing,0,4688,"A new process has been created. Creator Subject: 	Security ID:		S-1-5-18 	Account Name:		- 	Account Domain:		- 	Logon ID:		0x3E7 Target Subject: 	Security ID:		S-1-0-0 	Account Name:		- 	Account Domain:		- 	Logon ID:		0x0 Process Information: 	New Process ID:		0xa8 	New Process Name:	Registry 	Token Elevation Type:	%%1936 	Mandatory Label:		S-1-16-16384 	Creator Process ID:	0x4 	Creator Process Name:	 	Process Command Line:	 Token Elevation Type indicates the type of token that was assigned to the new process in accordance with User Account Control policy. Type 1 is a full token with no privileges removed or groups disabled.  A full token is only used if User Account Control is disabled or if the user is the built-in Administrator account or a service account. Type 2 is an elevated token with no privileges removed or groups disabled.  An elevated token is used when User Account Control is enabled and the user chooses to start the program using Run as administrator.  An elevated token is also used when an application is configured to always require administrative privilege or to always require maximum privilege, and the user is a member of the Administrators group. Type 3 is a limited token with administrative privileges removed and administrative groups disabled.  The limited token is used when User Account Control is enabled, the application does not require administrative privilege, and the user does not choose to start the program using Run as administrator."
1438,6/23/2025 1:42:24 PM,Microsoft-Windows-Security-Auditing,0,4696,A primary token was assigned to process. Subject: 	Security ID:		S-1-5-18 	Account Name:		- 	Account Domain:		- 	Logon ID:		0x3E7 Process Information: 	Process ID:	0x4 	Process Name:	 Target Process: 	Target Process ID:	0xa8 	Target Process Name:	Registry New Token Information: 	Security ID:		S-1-0-0 	Account Name:		- 	Account Domain:		- 	Logon ID:		0x3E7
1439,6/23/2025 1:42:24 PM,Microsoft-Windows-Security-Auditing,0,4826,Boot Configuration Data loaded. Subject: 	Security ID:		S-1-5-18 	Account Name:		- 	Account Domain:		- 	Logon ID:		0x3E7 General Settings: 	Load Options:		- 	Advanced Options:		No 	Configuration Access Policy:	Default 	System Event Logging:	No 	Kernel Debugging:	No 	VSM Launch Type:	Off Signature Settings: 	Test Signing:		No 	Flight Signing:		No 	Disable Integrity Checks:	No HyperVisor Settings: 	HyperVisor Load Options:	- 	HyperVisor Launch Type:	Off 	HyperVisor Debugging:	No
1440,6/23/2025 1:42:24 PM,Microsoft-Windows-Security-Auditing,0,4688,"A new process has been created. Creator Subject: 	Security ID:		S-1-5-18 	Account Name:		- 	Account Domain:		- 	Logon ID:		0x3E7 Target Subject: 	Security ID:		S-1-0-0 	Account Name:		- 	Account Domain:		- 	Logon ID:		0x0 Process Information: 	New Process ID:		0x23c 	New Process Name:	C:\Windows\System32\smss.exe 	Token Elevation Type:	%%1936 	Mandatory Label:		S-1-16-16384 	Creator Process ID:	0x4 	Creator Process Name:	 	Process Command Line:	 Token Elevation Type indicates the type of token that was assigned to the new process in accordance with User Account Control policy. Type 1 is a full token with no privileges removed or groups disabled.  A full token is only used if User Account Control is disabled or if the user is the built-in Administrator account or a service account. Type 2 is an elevated token with no privileges removed or groups disabled.  An elevated token is used when User Account Control is enabled and the user chooses to start the program using Run as administrator.  An elevated token is also used when an application is configured to always require administrative privilege or to always require maximum privilege, and the user is a member of the Administrators group. Type 3 is a limited token with administrative privileges removed and administrative groups disabled.  The limited token is used when User Account Control is enabled, the application does not require administrative privilege, and the user does not choose to start the program using Run as administrator."
1441,6/23/2025 1:42:24 PM,Microsoft-Windows-Security-Auditing,0,4688,"A new process has been created. Creator Subject: 	Security ID:		S-1-5-18 	Account Name:		- 	Account Domain:		- 	Logon ID:		0x3E7 Target Subject: 	Security ID:		S-1-0-0 	Account Name:		- 	Account Domain:		- 	Logon ID:		0x0 Process Information: 	New Process ID:		0x24c 	New Process Name:	C:\Windows\System32\autochk.exe 	Token Elevation Type:	%%1936 	Mandatory Label:		S-1-16-16384 	Creator Process ID:	0x23c 	Creator Process Name:	C:\Windows\System32\smss.exe 	Process Command Line:	 Token Elevation Type indicates the type of token that was assigned to the new process in accordance with User Account Control policy. Type 1 is a full token with no privileges removed or groups disabled.  A full token is only used if User Account Control is disabled or if the user is the built-in Administrator account or a service account. Type 2 is an elevated token with no privileges removed or groups disabled.  An elevated token is used when User Account Control is enabled and the user chooses to start the program using Run as administrator.  An elevated token is also used when an application is configured to always require administrative privilege or to always require maximum privilege, and the user is a member of the Administrators group. Type 3 is a limited token with administrative privileges removed and administrative groups disabled.  The limited token is used when User Account Control is enabled, the application does not require administrative privilege, and the user does not choose to start the program using Run as administrator."
1442,6/23/2025 1:42:29 PM,Microsoft-Windows-Security-Auditing,0,4688,"A new process has been created. Creator Subject: 	Security ID:		S-1-5-18 	Account Name:		- 	Account Domain:		- 	Logon ID:		0x3E7 Target Subject: 	Security ID:		S-1-0-0 	Account Name:		- 	Account Domain:		- 	Logon ID:		0x0 Process Information: 	New Process ID:		0x290 	New Process Name:	C:\Windows\System32\smss.exe 	Token Elevation Type:	%%1936 	Mandatory Label:		S-1-16-16384 	Creator Process ID:	0x23c 	Creator Process Name:	C:\Windows\System32\smss.exe 	Process Command Line:	 Token Elevation Type indicates the type of token that was assigned to the new process in accordance with User Account Control policy. Type 1 is a full token with no privileges removed or groups disabled.  A full token is only used if User Account Control is disabled or if the user is the built-in Administrator account or a service account. Type 2 is an elevated token with no privileges removed or groups disabled.  An elevated token is used when User Account Control is enabled and the user chooses to start the program using Run as administrator.  An elevated token is also used when an application is configured to always require administrative privilege or to always require maximum privilege, and the user is a member of the Administrators group. Type 3 is a limited token with administrative privileges removed and administrative groups disabled.  The limited token is used when User Account Control is enabled, the application does not require administrative privilege, and the user does not choose to start the program using Run as administrator."
1443,6/23/2025 1:42:29 PM,Microsoft-Windows-Security-Auditing,0,4688,"A new process has been created. Creator Subject: 	Security ID:		S-1-5-18 	Account Name:		- 	Account Domain:		- 	Logon ID:		0x3E7 Target Subject: 	Security ID:		S-1-0-0 	Account Name:		- 	Account Domain:		- 	Logon ID:		0x0 Process Information: 	New Process ID:		0x298 	New Process Name:	C:\Windows\System32\csrss.exe 	Token Elevation Type:	%%1936 	Mandatory Label:		S-1-16-16384 	Creator Process ID:	0x290 	Creator Process Name:	C:\Windows\System32\smss.exe 	Process Command Line:	 Token Elevation Type indicates the type of token that was assigned to the new process in accordance with User Account Control policy. Type 1 is a full token with no privileges removed or groups disabled.  A full token is only used if User Account Control is disabled or if the user is the built-in Administrator account or a service account. Type 2 is an elevated token with no privileges removed or groups disabled.  An elevated token is used when User Account Control is enabled and the user chooses to start the program using Run as administrator.  An elevated token is also used when an application is configured to always require administrative privilege or to always require maximum privilege, and the user is a member of the Administrators group. Type 3 is a limited token with administrative privileges removed and administrative groups disabled.  The limited token is used when User Account Control is enabled, the application does not require administrative privilege, and the user does not choose to start the program using Run as administrator."
1444,6/23/2025 1:42:31 PM,Microsoft-Windows-Security-Auditing,0,4688,"A new process has been created. Creator Subject: 	Security ID:		S-1-5-18 	Account Name:		- 	Account Domain:		- 	Logon ID:		0x3E7 Target Subject: 	Security ID:		S-1-0-0 	Account Name:		- 	Account Domain:		- 	Logon ID:		0x0 Process Information: 	New Process ID:		0x31c 	New Process Name:	C:\Windows\System32\smss.exe 	Token Elevation Type:	%%1936 	Mandatory Label:		S-1-16-16384 	Creator Process ID:	0x23c 	Creator Process Name:	C:\Windows\System32\smss.exe 	Process Command Line:	 Token Elevation Type indicates the type of token that was assigned to the new process in accordance with User Account Control policy. Type 1 is a full token with no privileges removed or groups disabled.  A full token is only used if User Account Control is disabled or if the user is the built-in Administrator account or a service account. Type 2 is an elevated token with no privileges removed or groups disabled.  An elevated token is used when User Account Control is enabled and the user chooses to start the program using Run as administrator.  An elevated token is also used when an application is configured to always require administrative privilege or to always require maximum privilege, and the user is a member of the Administrators group. Type 3 is a limited token with administrative privileges removed and administrative groups disabled.  The limited token is used when User Account Control is enabled, the application does not require administrative privilege, and the user does not choose to start the program using Run as administrator."
1445,6/23/2025 1:42:31 PM,Microsoft-Windows-Security-Auditing,0,4688,"A new process has been created. Creator Subject: 	Security ID:		S-1-5-18 	Account Name:		- 	Account Domain:		- 	Logon ID:		0x3E7 Target Subject: 	Security ID:		S-1-0-0 	Account Name:		- 	Account Domain:		- 	Logon ID:		0x0 Process Information: 	New Process ID:		0x324 	New Process Name:	C:\Windows\System32\wininit.exe 	Token Elevation Type:	%%1936 	Mandatory Label:		S-1-16-16384 	Creator Process ID:	0x290 	Creator Process Name:	C:\Windows\System32\smss.exe 	Process Command Line:	 Token Elevation Type indicates the type of token that was assigned to the new process in accordance with User Account Control policy. Type 1 is a full token with no privileges removed or groups disabled.  A full token is only used if User Account Control is disabled or if the user is the built-in Administrator account or a service account. Type 2 is an elevated token with no privileges removed or groups disabled.  An elevated token is used when User Account Control is enabled and the user chooses to start the program using Run as administrator.  An elevated token is also used when an application is configured to always require administrative privilege or to always require maximum privilege, and the user is a member of the Administrators group. Type 3 is a limited token with administrative privileges removed and administrative groups disabled.  The limited token is used when User Account Control is enabled, the application does not require administrative privilege, and the user does not choose to start the program using Run as administrator."
1446,6/23/2025 1:42:31 PM,Microsoft-Windows-Security-Auditing,0,4688,"A new process has been created. Creator Subject: 	Security ID:		S-1-5-18 	Account Name:		- 	Account Domain:		- 	Logon ID:		0x3E7 Target Subject: 	Security ID:		S-1-0-0 	Account Name:		- 	Account Domain:		- 	Logon ID:		0x0 Process Information: 	New Process ID:		0x334 	New Process Name:	C:\Windows\System32\csrss.exe 	Token Elevation Type:	%%1936 	Mandatory Label:		S-1-16-16384 	Creator Process ID:	0x31c 	Creator Process Name:	C:\Windows\System32\smss.exe 	Process Command Line:	 Token Elevation Type indicates the type of token that was assigned to the new process in accordance with User Account Control policy. Type 1 is a full token with no privileges removed or groups disabled.  A full token is only used if User Account Control is disabled or if the user is the built-in Administrator account or a service account. Type 2 is an elevated token with no privileges removed or groups disabled.  An elevated token is used when User Account Control is enabled and the user chooses to start the program using Run as administrator.  An elevated token is also used when an application is configured to always require administrative privilege or to always require maximum privilege, and the user is a member of the Administrators group. Type 3 is a limited token with administrative privileges removed and administrative groups disabled.  The limited token is used when User Account Control is enabled, the application does not require administrative privilege, and the user does not choose to start the program using Run as administrator."
1447,6/23/2025 1:42:31 PM,Microsoft-Windows-Security-Auditing,0,4688,"A new process has been created. Creator Subject: 	Security ID:		S-1-5-18 	Account Name:		- 	Account Domain:		- 	Logon ID:		0x3E7 Target Subject: 	Security ID:		S-1-0-0 	Account Name:		- 	Account Domain:		- 	Logon ID:		0x0 Process Information: 	New Process ID:		0x384 	New Process Name:	C:\Windows\System32\winlogon.exe 	Token Elevation Type:	%%1936 	Mandatory Label:		S-1-16-16384 	Creator Process ID:	0x31c 	Creator Process Name:	C:\Windows\System32\smss.exe 	Process Command Line:	 Token Elevation Type indicates the type of token that was assigned to the new process in accordance with User Account Control policy. Type 1 is a full token with no privileges removed or groups disabled.  A full token is only used if User Account Control is disabled or if the user is the built-in Administrator account or a service account. Type 2 is an elevated token with no privileges removed or groups disabled.  An elevated token is used when User Account Control is enabled and the user chooses to start the program using Run as administrator.  An elevated token is also used when an application is configured to always require administrative privilege or to always require maximum privilege, and the user is a member of the Administrators group. Type 3 is a limited token with administrative privileges removed and administrative groups disabled.  The limited token is used when User Account Control is enabled, the application does not require administrative privilege, and the user does not choose to start the program using Run as administrator."
1448,6/23/2025 1:42:31 PM,Microsoft-Windows-Security-Auditing,0,4688,"A new process has been created. Creator Subject: 	Security ID:		S-1-5-18 	Account Name:		- 	Account Domain:		- 	Logon ID:		0x3E7 Target Subject: 	Security ID:		S-1-0-0 	Account Name:		- 	Account Domain:		- 	Logon ID:		0x0 Process Information: 	New Process ID:		0x394 	New Process Name:	C:\Windows\System32\services.exe 	Token Elevation Type:	%%1936 	Mandatory Label:		S-1-16-16384 	Creator Process ID:	0x324 	Creator Process Name:	C:\Windows\System32\wininit.exe 	Process Command Line:	 Token Elevation Type indicates the type of token that was assigned to the new process in accordance with User Account Control policy. Type 1 is a full token with no privileges removed or groups disabled.  A full token is only used if User Account Control is disabled or if the user is the built-in Administrator account or a service account. Type 2 is an elevated token with no privileges removed or groups disabled.  An elevated token is used when User Account Control is enabled and the user chooses to start the program using Run as administrator.  An elevated token is also used when an application is configured to always require administrative privilege or to always require maximum privilege, and the user is a member of the Administrators group. Type 3 is a limited token with administrative privileges removed and administrative groups disabled.  The limited token is used when User Account Control is enabled, the application does not require administrative privilege, and the user does not choose to start the program using Run as administrator."
1449,6/23/2025 1:42:31 PM,Microsoft-Windows-Security-Auditing,0,4688,"A new process has been created. Creator Subject: 	Security ID:		S-1-5-18 	Account Name:		- 	Account Domain:		- 	Logon ID:		0x3E7 Target Subject: 	Security ID:		S-1-0-0 	Account Name:		- 	Account Domain:		- 	Logon ID:		0x0 Process Information: 	New Process ID:		0x3cc 	New Process Name:	C:\Windows\System32\lsass.exe 	Token Elevation Type:	%%1936 	Mandatory Label:		S-1-16-16384 	Creator Process ID:	0x324 	Creator Process Name:	C:\Windows\System32\wininit.exe 	Process Command Line:	 Token Elevation Type indicates the type of token that was assigned to the new process in accordance with User Account Control policy. Type 1 is a full token with no privileges removed or groups disabled.  A full token is only used if User Account Control is disabled or if the user is the built-in Administrator account or a service account. Type 2 is an elevated token with no privileges removed or groups disabled.  An elevated token is used when User Account Control is enabled and the user chooses to start the program using Run as administrator.  An elevated token is also used when an application is configured to always require administrative privilege or to always require maximum privilege, and the user is a member of the Administrators group. Type 3 is a limited token with administrative privileges removed and administrative groups disabled.  The limited token is used when User Account Control is enabled, the application does not require administrative privilege, and the user does not choose to start the program using Run as administrator."
1450,6/23/2025 1:42:31 PM,Microsoft-Windows-Security-Auditing,0,4608,Windows is starting up. This event is logged when LSASS.EXE starts and the auditing subsystem is initialized.
1451,6/23/2025 1:42:31 PM,Microsoft-Windows-Security-Auditing,0,4624,"An account was successfully logged on. Subject: 	Security ID:		S-1-0-0 	Account Name:		- 	Account Domain:		- 	Logon ID:		0x0 Logon Information: 	Logon Type:		0 	Restricted Admin Mode:	- 	Virtual Account:		No 	Elevated Token:		Yes Impersonation Level:		- New Logon: 	Security ID:		S-1-5-18 	Account Name:		SYSTEM 	Account Domain:		NT AUTHORITY 	Logon ID:		0x3E7 	Linked Logon ID:		0x0 	Network Account Name:	- 	Network Account Domain:	- 	Logon GUID:		{00000000-0000-0000-0000-000000000000} Process Information: 	Process ID:		0x4 	Process Name:		 Network Information: 	Workstation Name:	- 	Source Network Address:	- 	Source Port:		- Detailed Authentication Information: 	Logon Process:		- 	Authentication Package:	- 	Transited Services:	- 	Package Name (NTLM only):	- 	Key Length:		0 This event is generated when a logon session is created. It is generated on the computer that was accessed. The subject fields indicate the account on the local system which requested the logon. This is most commonly a service such as the Server service, or a local process such as Winlogon.exe or Services.exe. The logon type field indicates the kind of logon that occurred. The most common types are 2 (interactive) and 3 (network). The New Logon fields indicate the account for whom the new logon was created, i.e. the account that was logged on. The network fields indicate where a remote logon request originated. Workstation name is not always available and may be left blank in some cases. The impersonation level field indicates the extent to which a process in the logon session can impersonate. The authentication information fields provide detailed information about this specific logon request. 	- Logon GUID is a unique identifier that can be used to correlate this event with a KDC event. 	- Transited services indicate which intermediate services have participated in this logon request. 	- Package name indicates which sub-protocol was used among the NTLM protocols. 	- Key length indicates the length of the generated session key. This will be 0 if no session key was requested."
1452,6/23/2025 1:42:31 PM,Microsoft-Windows-Security-Auditing,0,4902,The Per-user audit policy table was created. Number of Elements:	0 Policy ID:	0xEF08
1453,6/23/2025 1:42:31 PM,Microsoft-Windows-Security-Auditing,0,4624,"An account was successfully logged on. Subject: 	Security ID:		S-1-5-18 	Account Name:		DESKTOP-CJNBGDQ$ 	Account Domain:		WORKGROUP 	Logon ID:		0x3E7 Logon Information: 	Logon Type:		5 	Restricted Admin Mode:	- 	Virtual Account:		No 	Elevated Token:		Yes Impersonation Level:		Impersonation New Logon: 	Security ID:		S-1-5-18 	Account Name:		SYSTEM 	Account Domain:		NT AUTHORITY 	Logon ID:		0x3E7 	Linked Logon ID:		0x0 	Network Account Name:	- 	Network Account Domain:	- 	Logon GUID:		{00000000-0000-0000-0000-000000000000} Process Information: 	Process ID:		0x394 	Process Name:		C:\Windows\System32\services.exe Network Information: 	Workstation Name:	- 	Source Network Address:	- 	Source Port:		- Detailed Authentication Information: 	Logon Process:		Advapi   	Authentication Package:	Negotiate 	Transited Services:	- 	Package Name (NTLM only):	- 	Key Length:		0 This event is generated when a logon session is created. It is generated on the computer that was accessed. The subject fields indicate the account on the local system which requested the logon. This is most commonly a service such as the Server service, or a local process such as Winlogon.exe or Services.exe. The logon type field indicates the kind of logon that occurred. The most common types are 2 (interactive) and 3 (network). The New Logon fields indicate the account for whom the new logon was created, i.e. the account that was logged on. The network fields indicate where a remote logon request originated. Workstation name is not always available and may be left blank in some cases. The impersonation level field indicates the extent to which a process in the logon session can impersonate. The authentication information fields provide detailed information about this specific logon request. 	- Logon GUID is a unique identifier that can be used to correlate this event with a KDC event. 	- Transited services indicate which intermediate services have participated in this logon request. 	- Package name indicates which sub-protocol was used among the NTLM protocols. 	- Key length indicates the length of the generated session key. This will be 0 if no session key was requested."
1454,6/23/2025 1:42:31 PM,Microsoft-Windows-Security-Auditing,0,4672,Special privileges assigned to new logon. Subject: 	Security ID:		S-1-5-18 	Account Name:		SYSTEM 	Account Domain:		NT AUTHORITY 	Logon ID:		0x3E7 Privileges:		SeAssignPrimaryTokenPrivilege 			SeTcbPrivilege 			SeSecurityPrivilege 			SeTakeOwnershipPrivilege 			SeLoadDriverPrivilege 			SeBackupPrivilege 			SeRestorePrivilege 			SeDebugPrivilege 			SeAuditPrivilege 			SeSystemEnvironmentPrivilege 			SeImpersonatePrivilege 			SeDelegateSessionUserImpersonatePrivilege
1455,6/23/2025 1:42:31 PM,Microsoft-Windows-Security-Auditing,0,4648,"A logon was attempted using explicit credentials. Subject: 	Security ID:		S-1-5-18 	Account Name:		DESKTOP-CJNBGDQ$ 	Account Domain:		WORKGROUP 	Logon ID:		0x3E7 	Logon GUID:		{00000000-0000-0000-0000-000000000000} Account Whose Credentials Were Used: 	Account Name:		UMFD-0 	Account Domain:		Font Driver Host 	Logon GUID:		{00000000-0000-0000-0000-000000000000} Target Server: 	Target Server Name:	localhost 	Additional Information:	localhost Process Information: 	Process ID:		0x324 	Process Name:		C:\Windows\System32\wininit.exe Network Information: 	Network Address:	- 	Port:			- This event is generated when a process attempts to log on an account by explicitly specifying that account’s credentials.  This most commonly occurs in batch-type configurations such as scheduled tasks, or when using the RUNAS command."
