1040,6/23/2025 1:10:37 AM,Microsoft-Windows-Security-Auditing,0,4624,"An account was successfully logged on. Subject: 	Security ID:		S-1-5-18 	Account Name:		DESKTOP-CJNBGDQ$ 	Account Domain:		WORKGROUP 	Logon ID:		0x3E7 Logon Information: 	Logon Type:		5 	Restricted Admin Mode:	- 	Virtual Account:		No 	Elevated Token:		Yes Impersonation Level:		Impersonation New Logon: 	Security ID:		S-1-5-18 	Account Name:		SYSTEM 	Account Domain:		NT AUTHORITY 	Logon ID:		0x3E7 	Linked Logon ID:		0x0 	Network Account Name:	- 	Network Account Domain:	- 	Logon GUID:		{00000000-0000-0000-0000-000000000000} Process Information: 	Process ID:		0x32c 	Process Name:		C:\Windows\System32\services.exe Network Information: 	Workstation Name:	- 	Source Network Address:	- 	Source Port:		- Detailed Authentication Information: 	Logon Process:		Advapi   	Authentication Package:	Negotiate 	Transited Services:	- 	Package Name (NTLM only):	- 	Key Length:		0 This event is generated when a logon session is created. It is generated on the computer that was accessed. The subject fields indicate the account on the local system which requested the logon. This is most commonly a service such as the Server service, or a local process such as Winlogon.exe or Services.exe. The logon type field indicates the kind of logon that occurred. The most common types are 2 (interactive) and 3 (network). The New Logon fields indicate the account for whom the new logon was created, i.e. the account that was logged on. The network fields indicate where a remote logon request originated. Workstation name is not always available and may be left blank in some cases. The impersonation level field indicates the extent to which a process in the logon session can impersonate. The authentication information fields provide detailed information about this specific logon request. 	- Logon GUID is a unique identifier that can be used to correlate this event with a KDC event. 	- Transited services indicate which intermediate services have participated in this logon request. 	- Package name indicates which sub-protocol was used among the NTLM protocols. 	- Key length indicates the length of the generated session key. This will be 0 if no session key was requested."
1041,6/23/2025 1:10:37 AM,Microsoft-Windows-Security-Auditing,0,4672,Special privileges assigned to new logon. Subject: 	Security ID:		S-1-5-18 	Account Name:		SYSTEM 	Account Domain:		NT AUTHORITY 	Logon ID:		0x3E7 Privileges:		SeAssignPrimaryTokenPrivilege 			SeTcbPrivilege 			SeSecurityPrivilege 			SeTakeOwnershipPrivilege 			SeLoadDriverPrivilege 			SeBackupPrivilege 			SeRestorePrivilege 			SeDebugPrivilege 			SeAuditPrivilege 			SeSystemEnvironmentPrivilege 			SeImpersonatePrivilege 			SeDelegateSessionUserImpersonatePrivilege
1042,6/23/2025 1:10:40 AM,Microsoft-Windows-Security-Auditing,0,4624,"An account was successfully logged on. Subject: 	Security ID:		S-1-5-18 	Account Name:		DESKTOP-CJNBGDQ$ 	Account Domain:		WORKGROUP 	Logon ID:		0x3E7 Logon Information: 	Logon Type:		5 	Restricted Admin Mode:	- 	Virtual Account:		No 	Elevated Token:		Yes Impersonation Level:		Impersonation New Logon: 	Security ID:		S-1-5-18 	Account Name:		SYSTEM 	Account Domain:		NT AUTHORITY 	Logon ID:		0x3E7 	Linked Logon ID:		0x0 	Network Account Name:	- 	Network Account Domain:	- 	Logon GUID:		{00000000-0000-0000-0000-000000000000} Process Information: 	Process ID:		0x32c 	Process Name:		C:\Windows\System32\services.exe Network Information: 	Workstation Name:	- 	Source Network Address:	- 	Source Port:		- Detailed Authentication Information: 	Logon Process:		Advapi   	Authentication Package:	Negotiate 	Transited Services:	- 	Package Name (NTLM only):	- 	Key Length:		0 This event is generated when a logon session is created. It is generated on the computer that was accessed. The subject fields indicate the account on the local system which requested the logon. This is most commonly a service such as the Server service, or a local process such as Winlogon.exe or Services.exe. The logon type field indicates the kind of logon that occurred. The most common types are 2 (interactive) and 3 (network). The New Logon fields indicate the account for whom the new logon was created, i.e. the account that was logged on. The network fields indicate where a remote logon request originated. Workstation name is not always available and may be left blank in some cases. The impersonation level field indicates the extent to which a process in the logon session can impersonate. The authentication information fields provide detailed information about this specific logon request. 	- Logon GUID is a unique identifier that can be used to correlate this event with a KDC event. 	- Transited services indicate which intermediate services have participated in this logon request. 	- Package name indicates which sub-protocol was used among the NTLM protocols. 	- Key length indicates the length of the generated session key. This will be 0 if no session key was requested."
1043,6/23/2025 1:10:40 AM,Microsoft-Windows-Security-Auditing,0,4672,Special privileges assigned to new logon. Subject: 	Security ID:		S-1-5-18 	Account Name:		SYSTEM 	Account Domain:		NT AUTHORITY 	Logon ID:		0x3E7 Privileges:		SeAssignPrimaryTokenPrivilege 			SeTcbPrivilege 			SeSecurityPrivilege 			SeTakeOwnershipPrivilege 			SeLoadDriverPrivilege 			SeBackupPrivilege 			SeRestorePrivilege 			SeDebugPrivilege 			SeAuditPrivilege 			SeSystemEnvironmentPrivilege 			SeImpersonatePrivilege 			SeDelegateSessionUserImpersonatePrivilege
1044,6/23/2025 1:10:40 AM,Microsoft-Windows-Security-Auditing,0,4624,"An account was successfully logged on. Subject: 	Security ID:		S-1-5-18 	Account Name:		DESKTOP-CJNBGDQ$ 	Account Domain:		WORKGROUP 	Logon ID:		0x3E7 Logon Information: 	Logon Type:		5 	Restricted Admin Mode:	- 	Virtual Account:		No 	Elevated Token:		Yes Impersonation Level:		Impersonation New Logon: 	Security ID:		S-1-5-18 	Account Name:		SYSTEM 	Account Domain:		NT AUTHORITY 	Logon ID:		0x3E7 	Linked Logon ID:		0x0 	Network Account Name:	- 	Network Account Domain:	- 	Logon GUID:		{00000000-0000-0000-0000-000000000000} Process Information: 	Process ID:		0x32c 	Process Name:		C:\Windows\System32\services.exe Network Information: 	Workstation Name:	- 	Source Network Address:	- 	Source Port:		- Detailed Authentication Information: 	Logon Process:		Advapi   	Authentication Package:	Negotiate 	Transited Services:	- 	Package Name (NTLM only):	- 	Key Length:		0 This event is generated when a logon session is created. It is generated on the computer that was accessed. The subject fields indicate the account on the local system which requested the logon. This is most commonly a service such as the Server service, or a local process such as Winlogon.exe or Services.exe. The logon type field indicates the kind of logon that occurred. The most common types are 2 (interactive) and 3 (network). The New Logon fields indicate the account for whom the new logon was created, i.e. the account that was logged on. The network fields indicate where a remote logon request originated. Workstation name is not always available and may be left blank in some cases. The impersonation level field indicates the extent to which a process in the logon session can impersonate. The authentication information fields provide detailed information about this specific logon request. 	- Logon GUID is a unique identifier that can be used to correlate this event with a KDC event. 	- Transited services indicate which intermediate services have participated in this logon request. 	- Package name indicates which sub-protocol was used among the NTLM protocols. 	- Key length indicates the length of the generated session key. This will be 0 if no session key was requested."
1045,6/23/2025 1:10:40 AM,Microsoft-Windows-Security-Auditing,0,4672,Special privileges assigned to new logon. Subject: 	Security ID:		S-1-5-18 	Account Name:		SYSTEM 	Account Domain:		NT AUTHORITY 	Logon ID:		0x3E7 Privileges:		SeAssignPrimaryTokenPrivilege 			SeTcbPrivilege 			SeSecurityPrivilege 			SeTakeOwnershipPrivilege 			SeLoadDriverPrivilege 			SeBackupPrivilege 			SeRestorePrivilege 			SeDebugPrivilege 			SeAuditPrivilege 			SeSystemEnvironmentPrivilege 			SeImpersonatePrivilege 			SeDelegateSessionUserImpersonatePrivilege
1047,6/23/2025 1:10:54 AM,Microsoft-Windows-Security-Auditing,0,4634,An account was logged off. Subject: 	Security ID:		S-1-5-96-0-1 	Account Name:		UMFD-1 	Account Domain:		Font Driver Host 	Logon ID:		0xB03D Logon Type:			2 This event is generated when a logon session is destroyed. It may be positively correlated with a logon event using the Logon ID value. Logon IDs are only unique between reboots on the same computer.
1048,6/23/2025 1:10:54 AM,Microsoft-Windows-Security-Auditing,0,4647,User initiated logoff: Subject: 	Security ID:		S-1-5-21-1283774291-1801764544-247059453-500 	Account Name:		Administrator 	Account Domain:		DESKTOP-CJNBGDQ 	Logon ID:		0x34519 This event is generated when a logoff is initiated. No further user-initiated activity can occur. This event can be interpreted as a logoff event.
1049,6/23/2025 1:10:54 AM,Microsoft-Windows-Security-Auditing,0,4798,A user's local group membership was enumerated. Subject: 	Security ID:		S-1-5-18 	Account Name:		DESKTOP-CJNBGDQ$ 	Account Domain:		WORKGROUP 	Logon ID:		0x3E7 User: 	Security ID:		S-1-5-21-1283774291-1801764544-247059453-500 	Account Name:		Administrator 	Account Domain:		DESKTOP-CJNBGDQ Process Information: 	Process ID:		0xc10 	Process Name:		C:\Windows\System32\svchost.exe
1050,6/23/2025 1:10:54 AM,Microsoft-Windows-Security-Auditing,0,4798,A user's local group membership was enumerated. Subject: 	Security ID:		S-1-5-18 	Account Name:		DESKTOP-CJNBGDQ$ 	Account Domain:		WORKGROUP 	Logon ID:		0x3E7 User: 	Security ID:		S-1-5-21-1283774291-1801764544-247059453-503 	Account Name:		DefaultAccount 	Account Domain:		DESKTOP-CJNBGDQ Process Information: 	Process ID:		0xc10 	Process Name:		C:\Windows\System32\svchost.exe
1051,6/23/2025 1:10:54 AM,Microsoft-Windows-Security-Auditing,0,4798,A user's local group membership was enumerated. Subject: 	Security ID:		S-1-5-18 	Account Name:		DESKTOP-CJNBGDQ$ 	Account Domain:		WORKGROUP 	Logon ID:		0x3E7 User: 	Security ID:		S-1-5-21-1283774291-1801764544-247059453-501 	Account Name:		Guest 	Account Domain:		DESKTOP-CJNBGDQ Process Information: 	Process ID:		0xc10 	Process Name:		C:\Windows\System32\svchost.exe
1052,6/23/2025 1:10:54 AM,Microsoft-Windows-Security-Auditing,0,4798,A user's local group membership was enumerated. Subject: 	Security ID:		S-1-5-18 	Account Name:		DESKTOP-CJNBGDQ$ 	Account Domain:		WORKGROUP 	Logon ID:		0x3E7 User: 	Security ID:		S-1-5-21-1283774291-1801764544-247059453-504 	Account Name:		WDAGUtilityAccount 	Account Domain:		DESKTOP-CJNBGDQ Process Information: 	Process ID:		0xc10 	Process Name:		C:\Windows\System32\svchost.exe
1046,6/23/2025 1:10:54 AM,Microsoft-Windows-Eventlog,4,1100,The event logging service has shut down.
1053,6/23/2025 1:11:22 AM,Microsoft-Windows-Security-Auditing,0,4688,"A new process has been created. Creator Subject: 	Security ID:		S-1-5-18 	Account Name:		- 	Account Domain:		- 	Logon ID:		0x3E7 Target Subject: 	Security ID:		S-1-0-0 	Account Name:		- 	Account Domain:		- 	Logon ID:		0x0 Process Information: 	New Process ID:		0xa8 	New Process Name:	Registry 	Token Elevation Type:	%%1936 	Mandatory Label:		S-1-16-16384 	Creator Process ID:	0x4 	Creator Process Name:	 	Process Command Line:	 Token Elevation Type indicates the type of token that was assigned to the new process in accordance with User Account Control policy. Type 1 is a full token with no privileges removed or groups disabled.  A full token is only used if User Account Control is disabled or if the user is the built-in Administrator account or a service account. Type 2 is an elevated token with no privileges removed or groups disabled.  An elevated token is used when User Account Control is enabled and the user chooses to start the program using Run as administrator.  An elevated token is also used when an application is configured to always require administrative privilege or to always require maximum privilege, and the user is a member of the Administrators group. Type 3 is a limited token with administrative privileges removed and administrative groups disabled.  The limited token is used when User Account Control is enabled, the application does not require administrative privilege, and the user does not choose to start the program using Run as administrator."
1054,6/23/2025 1:11:22 AM,Microsoft-Windows-Security-Auditing,0,4696,A primary token was assigned to process. Subject: 	Security ID:		S-1-5-18 	Account Name:		- 	Account Domain:		- 	Logon ID:		0x3E7 Process Information: 	Process ID:	0x4 	Process Name:	 Target Process: 	Target Process ID:	0xa8 	Target Process Name:	Registry New Token Information: 	Security ID:		S-1-0-0 	Account Name:		- 	Account Domain:		- 	Logon ID:		0x3E7
1055,6/23/2025 1:11:22 AM,Microsoft-Windows-Security-Auditing,0,4826,Boot Configuration Data loaded. Subject: 	Security ID:		S-1-5-18 	Account Name:		- 	Account Domain:		- 	Logon ID:		0x3E7 General Settings: 	Load Options:		- 	Advanced Options:		No 	Configuration Access Policy:	Default 	System Event Logging:	No 	Kernel Debugging:	No 	VSM Launch Type:	Off Signature Settings: 	Test Signing:		No 	Flight Signing:		No 	Disable Integrity Checks:	No HyperVisor Settings: 	HyperVisor Load Options:	- 	HyperVisor Launch Type:	Off 	HyperVisor Debugging:	No
1056,6/23/2025 1:11:22 AM,Microsoft-Windows-Security-Auditing,0,4688,"A new process has been created. Creator Subject: 	Security ID:		S-1-5-18 	Account Name:		- 	Account Domain:		- 	Logon ID:		0x3E7 Target Subject: 	Security ID:		S-1-0-0 	Account Name:		- 	Account Domain:		- 	Logon ID:		0x0 Process Information: 	New Process ID:		0x210 	New Process Name:	C:\Windows\System32\smss.exe 	Token Elevation Type:	%%1936 	Mandatory Label:		S-1-16-16384 	Creator Process ID:	0x4 	Creator Process Name:	 	Process Command Line:	 Token Elevation Type indicates the type of token that was assigned to the new process in accordance with User Account Control policy. Type 1 is a full token with no privileges removed or groups disabled.  A full token is only used if User Account Control is disabled or if the user is the built-in Administrator account or a service account. Type 2 is an elevated token with no privileges removed or groups disabled.  An elevated token is used when User Account Control is enabled and the user chooses to start the program using Run as administrator.  An elevated token is also used when an application is configured to always require administrative privilege or to always require maximum privilege, and the user is a member of the Administrators group. Type 3 is a limited token with administrative privileges removed and administrative groups disabled.  The limited token is used when User Account Control is enabled, the application does not require administrative privilege, and the user does not choose to start the program using Run as administrator."
1057,6/23/2025 1:11:22 AM,Microsoft-Windows-Security-Auditing,0,4688,"A new process has been created. Creator Subject: 	Security ID:		S-1-5-18 	Account Name:		- 	Account Domain:		- 	Logon ID:		0x3E7 Target Subject: 	Security ID:		S-1-0-0 	Account Name:		- 	Account Domain:		- 	Logon ID:		0x0 Process Information: 	New Process ID:		0x220 	New Process Name:	C:\Windows\System32\autochk.exe 	Token Elevation Type:	%%1936 	Mandatory Label:		S-1-16-16384 	Creator Process ID:	0x210 	Creator Process Name:	C:\Windows\System32\smss.exe 	Process Command Line:	 Token Elevation Type indicates the type of token that was assigned to the new process in accordance with User Account Control policy. Type 1 is a full token with no privileges removed or groups disabled.  A full token is only used if User Account Control is disabled or if the user is the built-in Administrator account or a service account. Type 2 is an elevated token with no privileges removed or groups disabled.  An elevated token is used when User Account Control is enabled and the user chooses to start the program using Run as administrator.  An elevated token is also used when an application is configured to always require administrative privilege or to always require maximum privilege, and the user is a member of the Administrators group. Type 3 is a limited token with administrative privileges removed and administrative groups disabled.  The limited token is used when User Account Control is enabled, the application does not require administrative privilege, and the user does not choose to start the program using Run as administrator."
1058,6/23/2025 1:11:22 AM,Microsoft-Windows-Security-Auditing,0,4688,"A new process has been created. Creator Subject: 	Security ID:		S-1-5-18 	Account Name:		- 	Account Domain:		- 	Logon ID:		0x3E7 Target Subject: 	Security ID:		S-1-0-0 	Account Name:		- 	Account Domain:		- 	Logon ID:		0x0 Process Information: 	New Process ID:		0x25c 	New Process Name:	C:\Windows\System32\smss.exe 	Token Elevation Type:	%%1936 	Mandatory Label:		S-1-16-16384 	Creator Process ID:	0x210 	Creator Process Name:	C:\Windows\System32\smss.exe 	Process Command Line:	 Token Elevation Type indicates the type of token that was assigned to the new process in accordance with User Account Control policy. Type 1 is a full token with no privileges removed or groups disabled.  A full token is only used if User Account Control is disabled or if the user is the built-in Administrator account or a service account. Type 2 is an elevated token with no privileges removed or groups disabled.  An elevated token is used when User Account Control is enabled and the user chooses to start the program using Run as administrator.  An elevated token is also used when an application is configured to always require administrative privilege or to always require maximum privilege, and the user is a member of the Administrators group. Type 3 is a limited token with administrative privileges removed and administrative groups disabled.  The limited token is used when User Account Control is enabled, the application does not require administrative privilege, and the user does not choose to start the program using Run as administrator."
1059,6/23/2025 1:11:22 AM,Microsoft-Windows-Security-Auditing,0,4688,"A new process has been created. Creator Subject: 	Security ID:		S-1-5-18 	Account Name:		- 	Account Domain:		- 	Logon ID:		0x3E7 Target Subject: 	Security ID:		S-1-0-0 	Account Name:		- 	Account Domain:		- 	Logon ID:		0x0 Process Information: 	New Process ID:		0x268 	New Process Name:	C:\Windows\System32\csrss.exe 	Token Elevation Type:	%%1936 	Mandatory Label:		S-1-16-16384 	Creator Process ID:	0x25c 	Creator Process Name:	C:\Windows\System32\smss.exe 	Process Command Line:	 Token Elevation Type indicates the type of token that was assigned to the new process in accordance with User Account Control policy. Type 1 is a full token with no privileges removed or groups disabled.  A full token is only used if User Account Control is disabled or if the user is the built-in Administrator account or a service account. Type 2 is an elevated token with no privileges removed or groups disabled.  An elevated token is used when User Account Control is enabled and the user chooses to start the program using Run as administrator.  An elevated token is also used when an application is configured to always require administrative privilege or to always require maximum privilege, and the user is a member of the Administrators group. Type 3 is a limited token with administrative privileges removed and administrative groups disabled.  The limited token is used when User Account Control is enabled, the application does not require administrative privilege, and the user does not choose to start the program using Run as administrator."
1060,6/23/2025 1:11:22 AM,Microsoft-Windows-Security-Auditing,0,4688,"A new process has been created. Creator Subject: 	Security ID:		S-1-5-18 	Account Name:		- 	Account Domain:		- 	Logon ID:		0x3E7 Target Subject: 	Security ID:		S-1-0-0 	Account Name:		- 	Account Domain:		- 	Logon ID:		0x0 Process Information: 	New Process ID:		0x2ac 	New Process Name:	C:\Windows\System32\smss.exe 	Token Elevation Type:	%%1936 	Mandatory Label:		S-1-16-16384 	Creator Process ID:	0x210 	Creator Process Name:	C:\Windows\System32\smss.exe 	Process Command Line:	 Token Elevation Type indicates the type of token that was assigned to the new process in accordance with User Account Control policy. Type 1 is a full token with no privileges removed or groups disabled.  A full token is only used if User Account Control is disabled or if the user is the built-in Administrator account or a service account. Type 2 is an elevated token with no privileges removed or groups disabled.  An elevated token is used when User Account Control is enabled and the user chooses to start the program using Run as administrator.  An elevated token is also used when an application is configured to always require administrative privilege or to always require maximum privilege, and the user is a member of the Administrators group. Type 3 is a limited token with administrative privileges removed and administrative groups disabled.  The limited token is used when User Account Control is enabled, the application does not require administrative privilege, and the user does not choose to start the program using Run as administrator."
1061,6/23/2025 1:11:22 AM,Microsoft-Windows-Security-Auditing,0,4688,"A new process has been created. Creator Subject: 	Security ID:		S-1-5-18 	Account Name:		- 	Account Domain:		- 	Logon ID:		0x3E7 Target Subject: 	Security ID:		S-1-0-0 	Account Name:		- 	Account Domain:		- 	Logon ID:		0x0 Process Information: 	New Process ID:		0x2b4 	New Process Name:	C:\Windows\System32\wininit.exe 	Token Elevation Type:	%%1936 	Mandatory Label:		S-1-16-16384 	Creator Process ID:	0x25c 	Creator Process Name:	C:\Windows\System32\smss.exe 	Process Command Line:	 Token Elevation Type indicates the type of token that was assigned to the new process in accordance with User Account Control policy. Type 1 is a full token with no privileges removed or groups disabled.  A full token is only used if User Account Control is disabled or if the user is the built-in Administrator account or a service account. Type 2 is an elevated token with no privileges removed or groups disabled.  An elevated token is used when User Account Control is enabled and the user chooses to start the program using Run as administrator.  An elevated token is also used when an application is configured to always require administrative privilege or to always require maximum privilege, and the user is a member of the Administrators group. Type 3 is a limited token with administrative privileges removed and administrative groups disabled.  The limited token is used when User Account Control is enabled, the application does not require administrative privilege, and the user does not choose to start the program using Run as administrator."
1062,6/23/2025 1:11:22 AM,Microsoft-Windows-Security-Auditing,0,4688,"A new process has been created. Creator Subject: 	Security ID:		S-1-5-18 	Account Name:		- 	Account Domain:		- 	Logon ID:		0x3E7 Target Subject: 	Security ID:		S-1-0-0 	Account Name:		- 	Account Domain:		- 	Logon ID:		0x0 Process Information: 	New Process ID:		0x2bc 	New Process Name:	C:\Windows\System32\csrss.exe 	Token Elevation Type:	%%1936 	Mandatory Label:		S-1-16-16384 	Creator Process ID:	0x2ac 	Creator Process Name:	C:\Windows\System32\smss.exe 	Process Command Line:	 Token Elevation Type indicates the type of token that was assigned to the new process in accordance with User Account Control policy. Type 1 is a full token with no privileges removed or groups disabled.  A full token is only used if User Account Control is disabled or if the user is the built-in Administrator account or a service account. Type 2 is an elevated token with no privileges removed or groups disabled.  An elevated token is used when User Account Control is enabled and the user chooses to start the program using Run as administrator.  An elevated token is also used when an application is configured to always require administrative privilege or to always require maximum privilege, and the user is a member of the Administrators group. Type 3 is a limited token with administrative privileges removed and administrative groups disabled.  The limited token is used when User Account Control is enabled, the application does not require administrative privilege, and the user does not choose to start the program using Run as administrator."
1063,6/23/2025 1:11:22 AM,Microsoft-Windows-Security-Auditing,0,4688,"A new process has been created. Creator Subject: 	Security ID:		S-1-5-18 	Account Name:		- 	Account Domain:		- 	Logon ID:		0x3E7 Target Subject: 	Security ID:		S-1-0-0 	Account Name:		- 	Account Domain:		- 	Logon ID:		0x0 Process Information: 	New Process ID:		0x2fc 	New Process Name:	C:\Windows\System32\winlogon.exe 	Token Elevation Type:	%%1936 	Mandatory Label:		S-1-16-16384 	Creator Process ID:	0x2ac 	Creator Process Name:	C:\Windows\System32\smss.exe 	Process Command Line:	 Token Elevation Type indicates the type of token that was assigned to the new process in accordance with User Account Control policy. Type 1 is a full token with no privileges removed or groups disabled.  A full token is only used if User Account Control is disabled or if the user is the built-in Administrator account or a service account. Type 2 is an elevated token with no privileges removed or groups disabled.  An elevated token is used when User Account Control is enabled and the user chooses to start the program using Run as administrator.  An elevated token is also used when an application is configured to always require administrative privilege or to always require maximum privilege, and the user is a member of the Administrators group. Type 3 is a limited token with administrative privileges removed and administrative groups disabled.  The limited token is used when User Account Control is enabled, the application does not require administrative privilege, and the user does not choose to start the program using Run as administrator."
1064,6/23/2025 1:11:22 AM,Microsoft-Windows-Security-Auditing,0,4688,"A new process has been created. Creator Subject: 	Security ID:		S-1-5-18 	Account Name:		- 	Account Domain:		- 	Logon ID:		0x3E7 Target Subject: 	Security ID:		S-1-0-0 	Account Name:		- 	Account Domain:		- 	Logon ID:		0x0 Process Information: 	New Process ID:		0x344 	New Process Name:	C:\Windows\System32\services.exe 	Token Elevation Type:	%%1936 	Mandatory Label:		S-1-16-16384 	Creator Process ID:	0x2b4 	Creator Process Name:	C:\Windows\System32\wininit.exe 	Process Command Line:	 Token Elevation Type indicates the type of token that was assigned to the new process in accordance with User Account Control policy. Type 1 is a full token with no privileges removed or groups disabled.  A full token is only used if User Account Control is disabled or if the user is the built-in Administrator account or a service account. Type 2 is an elevated token with no privileges removed or groups disabled.  An elevated token is used when User Account Control is enabled and the user chooses to start the program using Run as administrator.  An elevated token is also used when an application is configured to always require administrative privilege or to always require maximum privilege, and the user is a member of the Administrators group. Type 3 is a limited token with administrative privileges removed and administrative groups disabled.  The limited token is used when User Account Control is enabled, the application does not require administrative privilege, and the user does not choose to start the program using Run as administrator."
1065,6/23/2025 1:11:24 AM,Microsoft-Windows-Security-Auditing,0,4688,"A new process has been created. Creator Subject: 	Security ID:		S-1-5-18 	Account Name:		- 	Account Domain:		- 	Logon ID:		0x3E7 Target Subject: 	Security ID:		S-1-0-0 	Account Name:		- 	Account Domain:		- 	Logon ID:		0x0 Process Information: 	New Process ID:		0x364 	New Process Name:	C:\Windows\System32\lsass.exe 	Token Elevation Type:	%%1936 	Mandatory Label:		S-1-16-16384 	Creator Process ID:	0x2b4 	Creator Process Name:	C:\Windows\System32\wininit.exe 	Process Command Line:	 Token Elevation Type indicates the type of token that was assigned to the new process in accordance with User Account Control policy. Type 1 is a full token with no privileges removed or groups disabled.  A full token is only used if User Account Control is disabled or if the user is the built-in Administrator account or a service account. Type 2 is an elevated token with no privileges removed or groups disabled.  An elevated token is used when User Account Control is enabled and the user chooses to start the program using Run as administrator.  An elevated token is also used when an application is configured to always require administrative privilege or to always require maximum privilege, and the user is a member of the Administrators group. Type 3 is a limited token with administrative privileges removed and administrative groups disabled.  The limited token is used when User Account Control is enabled, the application does not require administrative privilege, and the user does not choose to start the program using Run as administrator."
1066,6/23/2025 1:11:24 AM,Microsoft-Windows-Security-Auditing,0,4608,Windows is starting up. This event is logged when LSASS.EXE starts and the auditing subsystem is initialized.
1067,6/23/2025 1:11:24 AM,Microsoft-Windows-Security-Auditing,0,4624,"An account was successfully logged on. Subject: 	Security ID:		S-1-0-0 	Account Name:		- 	Account Domain:		- 	Logon ID:		0x0 Logon Information: 	Logon Type:		0 	Restricted Admin Mode:	- 	Virtual Account:		No 	Elevated Token:		Yes Impersonation Level:		- New Logon: 	Security ID:		S-1-5-18 	Account Name:		SYSTEM 	Account Domain:		NT AUTHORITY 	Logon ID:		0x3E7 	Linked Logon ID:		0x0 	Network Account Name:	- 	Network Account Domain:	- 	Logon GUID:		{00000000-0000-0000-0000-000000000000} Process Information: 	Process ID:		0x4 	Process Name:		 Network Information: 	Workstation Name:	- 	Source Network Address:	- 	Source Port:		- Detailed Authentication Information: 	Logon Process:		- 	Authentication Package:	- 	Transited Services:	- 	Package Name (NTLM only):	- 	Key Length:		0 This event is generated when a logon session is created. It is generated on the computer that was accessed. The subject fields indicate the account on the local system which requested the logon. This is most commonly a service such as the Server service, or a local process such as Winlogon.exe or Services.exe. The logon type field indicates the kind of logon that occurred. The most common types are 2 (interactive) and 3 (network). The New Logon fields indicate the account for whom the new logon was created, i.e. the account that was logged on. The network fields indicate where a remote logon request originated. Workstation name is not always available and may be left blank in some cases. The impersonation level field indicates the extent to which a process in the logon session can impersonate. The authentication information fields provide detailed information about this specific logon request. 	- Logon GUID is a unique identifier that can be used to correlate this event with a KDC event. 	- Transited services indicate which intermediate services have participated in this logon request. 	- Package name indicates which sub-protocol was used among the NTLM protocols. 	- Key length indicates the length of the generated session key. This will be 0 if no session key was requested."
1068,6/23/2025 1:11:24 AM,Microsoft-Windows-Security-Auditing,0,4902,The Per-user audit policy table was created. Number of Elements:	0 Policy ID:	0xB018
1069,6/23/2025 1:11:24 AM,Microsoft-Windows-Security-Auditing,0,4624,"An account was successfully logged on. Subject: 	Security ID:		S-1-5-18 	Account Name:		DESKTOP-CJNBGDQ$ 	Account Domain:		WORKGROUP 	Logon ID:		0x3E7 Logon Information: 	Logon Type:		5 	Restricted Admin Mode:	- 	Virtual Account:		No 	Elevated Token:		Yes Impersonation Level:		Impersonation New Logon: 	Security ID:		S-1-5-18 	Account Name:		SYSTEM 	Account Domain:		NT AUTHORITY 	Logon ID:		0x3E7 	Linked Logon ID:		0x0 	Network Account Name:	- 	Network Account Domain:	- 	Logon GUID:		{00000000-0000-0000-0000-000000000000} Process Information: 	Process ID:		0x344 	Process Name:		C:\Windows\System32\services.exe Network Information: 	Workstation Name:	- 	Source Network Address:	- 	Source Port:		- Detailed Authentication Information: 	Logon Process:		Advapi   	Authentication Package:	Negotiate 	Transited Services:	- 	Package Name (NTLM only):	- 	Key Length:		0 This event is generated when a logon session is created. It is generated on the computer that was accessed. The subject fields indicate the account on the local system which requested the logon. This is most commonly a service such as the Server service, or a local process such as Winlogon.exe or Services.exe. The logon type field indicates the kind of logon that occurred. The most common types are 2 (interactive) and 3 (network). The New Logon fields indicate the account for whom the new logon was created, i.e. the account that was logged on. The network fields indicate where a remote logon request originated. Workstation name is not always available and may be left blank in some cases. The impersonation level field indicates the extent to which a process in the logon session can impersonate. The authentication information fields provide detailed information about this specific logon request. 	- Logon GUID is a unique identifier that can be used to correlate this event with a KDC event. 	- Transited services indicate which intermediate services have participated in this logon request. 	- Package name indicates which sub-protocol was used among the NTLM protocols. 	- Key length indicates the length of the generated session key. This will be 0 if no session key was requested."
1070,6/23/2025 1:11:24 AM,Microsoft-Windows-Security-Auditing,0,4672,Special privileges assigned to new logon. Subject: 	Security ID:		S-1-5-18 	Account Name:		SYSTEM 	Account Domain:		NT AUTHORITY 	Logon ID:		0x3E7 Privileges:		SeAssignPrimaryTokenPrivilege 			SeTcbPrivilege 			SeSecurityPrivilege 			SeTakeOwnershipPrivilege 			SeLoadDriverPrivilege 			SeBackupPrivilege 			SeRestorePrivilege 			SeDebugPrivilege 			SeAuditPrivilege 			SeSystemEnvironmentPrivilege 			SeImpersonatePrivilege 			SeDelegateSessionUserImpersonatePrivilege
1071,6/23/2025 1:11:24 AM,Microsoft-Windows-Security-Auditing,0,4648,"A logon was attempted using explicit credentials. Subject: 	Security ID:		S-1-5-18 	Account Name:		DESKTOP-CJNBGDQ$ 	Account Domain:		WORKGROUP 	Logon ID:		0x3E7 	Logon GUID:		{00000000-0000-0000-0000-000000000000} Account Whose Credentials Were Used: 	Account Name:		UMFD-0 	Account Domain:		Font Driver Host 	Logon GUID:		{00000000-0000-0000-0000-000000000000} Target Server: 	Target Server Name:	localhost 	Additional Information:	localhost Process Information: 	Process ID:		0x2b4 	Process Name:		C:\Windows\System32\wininit.exe Network Information: 	Network Address:	- 	Port:			- This event is generated when a process attempts to log on an account by explicitly specifying that account’s credentials.  This most commonly occurs in batch-type configurations such as scheduled tasks, or when using the RUNAS command."
1072,6/23/2025 1:11:24 AM,Microsoft-Windows-Security-Auditing,0,4624,"An account was successfully logged on. Subject: 	Security ID:		S-1-5-18 	Account Name:		DESKTOP-CJNBGDQ$ 	Account Domain:		WORKGROUP 	Logon ID:		0x3E7 Logon Information: 	Logon Type:		2 	Restricted Admin Mode:	- 	Virtual Account:		Yes 	Elevated Token:		No Impersonation Level:		Impersonation New Logon: 	Security ID:		S-1-5-96-0-0 	Account Name:		UMFD-0 	Account Domain:		Font Driver Host 	Logon ID:		0xB2DA 	Linked Logon ID:		0x0 	Network Account Name:	- 	Network Account Domain:	- 	Logon GUID:		{00000000-0000-0000-0000-000000000000} Process Information: 	Process ID:		0x2b4 	Process Name:		C:\Windows\System32\wininit.exe Network Information: 	Workstation Name:	- 	Source Network Address:	- 	Source Port:		- Detailed Authentication Information: 	Logon Process:		Advapi   	Authentication Package:	Negotiate 	Transited Services:	- 	Package Name (NTLM only):	- 	Key Length:		0 This event is generated when a logon session is created. It is generated on the computer that was accessed. The subject fields indicate the account on the local system which requested the logon. This is most commonly a service such as the Server service, or a local process such as Winlogon.exe or Services.exe. The logon type field indicates the kind of logon that occurred. The most common types are 2 (interactive) and 3 (network). The New Logon fields indicate the account for whom the new logon was created, i.e. the account that was logged on. The network fields indicate where a remote logon request originated. Workstation name is not always available and may be left blank in some cases. The impersonation level field indicates the extent to which a process in the logon session can impersonate. The authentication information fields provide detailed information about this specific logon request. 	- Logon GUID is a unique identifier that can be used to correlate this event with a KDC event. 	- Transited services indicate which intermediate services have participated in this logon request. 	- Package name indicates which sub-protocol was used among the NTLM protocols. 	- Key length indicates the length of the generated session key. This will be 0 if no session key was requested."
1073,6/23/2025 1:11:24 AM,Microsoft-Windows-Security-Auditing,0,4648,"A logon was attempted using explicit credentials. Subject: 	Security ID:		S-1-5-18 	Account Name:		DESKTOP-CJNBGDQ$ 	Account Domain:		WORKGROUP 	Logon ID:		0x3E7 	Logon GUID:		{00000000-0000-0000-0000-000000000000} Account Whose Credentials Were Used: 	Account Name:		UMFD-1 	Account Domain:		Font Driver Host 	Logon GUID:		{00000000-0000-0000-0000-000000000000} Target Server: 	Target Server Name:	localhost 	Additional Information:	localhost Process Information: 	Process ID:		0x2fc 	Process Name:		C:\Windows\System32\winlogon.exe Network Information: 	Network Address:	- 	Port:			- This event is generated when a process attempts to log on an account by explicitly specifying that account’s credentials.  This most commonly occurs in batch-type configurations such as scheduled tasks, or when using the RUNAS command."
1074,6/23/2025 1:11:24 AM,Microsoft-Windows-Security-Auditing,0,4624,"An account was successfully logged on. Subject: 	Security ID:		S-1-5-18 	Account Name:		DESKTOP-CJNBGDQ$ 	Account Domain:		WORKGROUP 	Logon ID:		0x3E7 Logon Information: 	Logon Type:		2 	Restricted Admin Mode:	- 	Virtual Account:		Yes 	Elevated Token:		No Impersonation Level:		Impersonation New Logon: 	Security ID:		S-1-5-96-0-1 	Account Name:		UMFD-1 	Account Domain:		Font Driver Host 	Logon ID:		0xB311 	Linked Logon ID:		0x0 	Network Account Name:	- 	Network Account Domain:	- 	Logon GUID:		{00000000-0000-0000-0000-000000000000} Process Information: 	Process ID:		0x2fc 	Process Name:		C:\Windows\System32\winlogon.exe Network Information: 	Workstation Name:	- 	Source Network Address:	- 	Source Port:		- Detailed Authentication Information: 	Logon Process:		Advapi   	Authentication Package:	Negotiate 	Transited Services:	- 	Package Name (NTLM only):	- 	Key Length:		0 This event is generated when a logon session is created. It is generated on the computer that was accessed. The subject fields indicate the account on the local system which requested the logon. This is most commonly a service such as the Server service, or a local process such as Winlogon.exe or Services.exe. The logon type field indicates the kind of logon that occurred. The most common types are 2 (interactive) and 3 (network). The New Logon fields indicate the account for whom the new logon was created, i.e. the account that was logged on. The network fields indicate where a remote logon request originated. Workstation name is not always available and may be left blank in some cases. The impersonation level field indicates the extent to which a process in the logon session can impersonate. The authentication information fields provide detailed information about this specific logon request. 	- Logon GUID is a unique identifier that can be used to correlate this event with a KDC event. 	- Transited services indicate which intermediate services have participated in this logon request. 	- Package name indicates which sub-protocol was used among the NTLM protocols. 	- Key length indicates the length of the generated session key. This will be 0 if no session key was requested."
1075,6/23/2025 1:11:24 AM,Microsoft-Windows-Security-Auditing,0,4624,"An account was successfully logged on. Subject: 	Security ID:		S-1-5-18 	Account Name:		DESKTOP-CJNBGDQ$ 	Account Domain:		WORKGROUP 	Logon ID:		0x3E7 Logon Information: 	Logon Type:		5 	Restricted Admin Mode:	- 	Virtual Account:		No 	Elevated Token:		Yes Impersonation Level:		Impersonation New Logon: 	Security ID:		S-1-5-18 	Account Name:		SYSTEM 	Account Domain:		NT AUTHORITY 	Logon ID:		0x3E7 	Linked Logon ID:		0x0 	Network Account Name:	- 	Network Account Domain:	- 	Logon GUID:		{00000000-0000-0000-0000-000000000000} Process Information: 	Process ID:		0x344 	Process Name:		C:\Windows\System32\services.exe Network Information: 	Workstation Name:	- 	Source Network Address:	- 	Source Port:		- Detailed Authentication Information: 	Logon Process:		Advapi   	Authentication Package:	Negotiate 	Transited Services:	- 	Package Name (NTLM only):	- 	Key Length:		0 This event is generated when a logon session is created. It is generated on the computer that was accessed. The subject fields indicate the account on the local system which requested the logon. This is most commonly a service such as the Server service, or a local process such as Winlogon.exe or Services.exe. The logon type field indicates the kind of logon that occurred. The most common types are 2 (interactive) and 3 (network). The New Logon fields indicate the account for whom the new logon was created, i.e. the account that was logged on. The network fields indicate where a remote logon request originated. Workstation name is not always available and may be left blank in some cases. The impersonation level field indicates the extent to which a process in the logon session can impersonate. The authentication information fields provide detailed information about this specific logon request. 	- Logon GUID is a unique identifier that can be used to correlate this event with a KDC event. 	- Transited services indicate which intermediate services have participated in this logon request. 	- Package name indicates which sub-protocol was used among the NTLM protocols. 	- Key length indicates the length of the generated session key. This will be 0 if no session key was requested."
1076,6/23/2025 1:11:24 AM,Microsoft-Windows-Security-Auditing,0,4672,Special privileges assigned to new logon. Subject: 	Security ID:		S-1-5-18 	Account Name:		SYSTEM 	Account Domain:		NT AUTHORITY 	Logon ID:		0x3E7 Privileges:		SeAssignPrimaryTokenPrivilege 			SeTcbPrivilege 			SeSecurityPrivilege 			SeTakeOwnershipPrivilege 			SeLoadDriverPrivilege 			SeBackupPrivilege 			SeRestorePrivilege 			SeDebugPrivilege 			SeAuditPrivilege 			SeSystemEnvironmentPrivilege 			SeImpersonatePrivilege 			SeDelegateSessionUserImpersonatePrivilege
1077,6/23/2025 1:11:24 AM,Microsoft-Windows-Security-Auditing,0,4624,"An account was successfully logged on. Subject: 	Security ID:		S-1-5-18 	Account Name:		DESKTOP-CJNBGDQ$ 	Account Domain:		WORKGROUP 	Logon ID:		0x3E7 Logon Information: 	Logon Type:		5 	Restricted Admin Mode:	- 	Virtual Account:		No 	Elevated Token:		Yes Impersonation Level:		Impersonation New Logon: 	Security ID:		S-1-5-20 	Account Name:		NETWORK SERVICE 	Account Domain:		NT AUTHORITY 	Logon ID:		0x3E4 	Linked Logon ID:		0x0 	Network Account Name:	- 	Network Account Domain:	- 	Logon GUID:		{00000000-0000-0000-0000-000000000000} Process Information: 	Process ID:		0x344 	Process Name:		C:\Windows\System32\services.exe Network Information: 	Workstation Name:	- 	Source Network Address:	- 	Source Port:		- Detailed Authentication Information: 	Logon Process:		Advapi   	Authentication Package:	Negotiate 	Transited Services:	- 	Package Name (NTLM only):	- 	Key Length:		0 This event is generated when a logon session is created. It is generated on the computer that was accessed. The subject fields indicate the account on the local system which requested the logon. This is most commonly a service such as the Server service, or a local process such as Winlogon.exe or Services.exe. The logon type field indicates the kind of logon that occurred. The most common types are 2 (interactive) and 3 (network). The New Logon fields indicate the account for whom the new logon was created, i.e. the account that was logged on. The network fields indicate where a remote logon request originated. Workstation name is not always available and may be left blank in some cases. The impersonation level field indicates the extent to which a process in the logon session can impersonate. The authentication information fields provide detailed information about this specific logon request. 	- Logon GUID is a unique identifier that can be used to correlate this event with a KDC event. 	- Transited services indicate which intermediate services have participated in this logon request. 	- Package name indicates which sub-protocol was used among the NTLM protocols. 	- Key length indicates the length of the generated session key. This will be 0 if no session key was requested."
1078,6/23/2025 1:11:24 AM,Microsoft-Windows-Security-Auditing,0,4672,Special privileges assigned to new logon. Subject: 	Security ID:		S-1-5-20 	Account Name:		NETWORK SERVICE 	Account Domain:		NT AUTHORITY 	Logon ID:		0x3E4 Privileges:		SeAssignPrimaryTokenPrivilege 			SeAuditPrivilege 			SeImpersonatePrivilege
1079,6/23/2025 1:11:24 AM,Microsoft-Windows-Security-Auditing,0,4624,"An account was successfully logged on. Subject: 	Security ID:		S-1-5-18 	Account Name:		DESKTOP-CJNBGDQ$ 	Account Domain:		WORKGROUP 	Logon ID:		0x3E7 Logon Information: 	Logon Type:		5 	Restricted Admin Mode:	- 	Virtual Account:		No 	Elevated Token:		Yes Impersonation Level:		Impersonation New Logon: 	Security ID:		S-1-5-18 	Account Name:		SYSTEM 	Account Domain:		NT AUTHORITY 	Logon ID:		0x3E7 	Linked Logon ID:		0x0 	Network Account Name:	- 	Network Account Domain:	- 	Logon GUID:		{00000000-0000-0000-0000-000000000000} Process Information: 	Process ID:		0x344 	Process Name:		C:\Windows\System32\services.exe Network Information: 	Workstation Name:	- 	Source Network Address:	- 	Source Port:		- Detailed Authentication Information: 	Logon Process:		Advapi   	Authentication Package:	Negotiate 	Transited Services:	- 	Package Name (NTLM only):	- 	Key Length:		0 This event is generated when a logon session is created. It is generated on the computer that was accessed. The subject fields indicate the account on the local system which requested the logon. This is most commonly a service such as the Server service, or a local process such as Winlogon.exe or Services.exe. The logon type field indicates the kind of logon that occurred. The most common types are 2 (interactive) and 3 (network). The New Logon fields indicate the account for whom the new logon was created, i.e. the account that was logged on. The network fields indicate where a remote logon request originated. Workstation name is not always available and may be left blank in some cases. The impersonation level field indicates the extent to which a process in the logon session can impersonate. The authentication information fields provide detailed information about this specific logon request. 	- Logon GUID is a unique identifier that can be used to correlate this event with a KDC event. 	- Transited services indicate which intermediate services have participated in this logon request. 	- Package name indicates which sub-protocol was used among the NTLM protocols. 	- Key length indicates the length of the generated session key. This will be 0 if no session key was requested."
1080,6/23/2025 1:11:24 AM,Microsoft-Windows-Security-Auditing,0,4672,Special privileges assigned to new logon. Subject: 	Security ID:		S-1-5-18 	Account Name:		SYSTEM 	Account Domain:		NT AUTHORITY 	Logon ID:		0x3E7 Privileges:		SeAssignPrimaryTokenPrivilege 			SeTcbPrivilege 			SeSecurityPrivilege 			SeTakeOwnershipPrivilege 			SeLoadDriverPrivilege 			SeBackupPrivilege 			SeRestorePrivilege 			SeDebugPrivilege 			SeAuditPrivilege 			SeSystemEnvironmentPrivilege 			SeImpersonatePrivilege 			SeDelegateSessionUserImpersonatePrivilege
