976,6/23/2025 1:09:18 AM,Microsoft-Windows-Security-Auditing,0,4624,"An account was successfully logged on. Subject: 	Security ID:		S-1-5-18 	Account Name:		DESKTOP-CJNBGDQ$ 	Account Domain:		WORKGROUP 	Logon ID:		0x3E7 Logon Information: 	Logon Type:		5 	Restricted Admin Mode:	- 	Virtual Account:		No 	Elevated Token:		Yes Impersonation Level:		Impersonation New Logon: 	Security ID:		S-1-5-18 	Account Name:		SYSTEM 	Account Domain:		NT AUTHORITY 	Logon ID:		0x3E7 	Linked Logon ID:		0x0 	Network Account Name:	- 	Network Account Domain:	- 	Logon GUID:		{00000000-0000-0000-0000-000000000000} Process Information: 	Process ID:		0x32c 	Process Name:		C:\Windows\System32\services.exe Network Information: 	Workstation Name:	- 	Source Network Address:	- 	Source Port:		- Detailed Authentication Information: 	Logon Process:		Advapi   	Authentication Package:	Negotiate 	Transited Services:	- 	Package Name (NTLM only):	- 	Key Length:		0 This event is generated when a logon session is created. It is generated on the computer that was accessed. The subject fields indicate the account on the local system which requested the logon. This is most commonly a service such as the Server service, or a local process such as Winlogon.exe or Services.exe. The logon type field indicates the kind of logon that occurred. The most common types are 2 (interactive) and 3 (network). The New Logon fields indicate the account for whom the new logon was created, i.e. the account that was logged on. The network fields indicate where a remote logon request originated. Workstation name is not always available and may be left blank in some cases. The impersonation level field indicates the extent to which a process in the logon session can impersonate. The authentication information fields provide detailed information about this specific logon request. 	- Logon GUID is a unique identifier that can be used to correlate this event with a KDC event. 	- Transited services indicate which intermediate services have participated in this logon request. 	- Package name indicates which sub-protocol was used among the NTLM protocols. 	- Key length indicates the length of the generated session key. This will be 0 if no session key was requested."
977,6/23/2025 1:09:18 AM,Microsoft-Windows-Security-Auditing,0,4672,Special privileges assigned to new logon. Subject: 	Security ID:		S-1-5-18 	Account Name:		SYSTEM 	Account Domain:		NT AUTHORITY 	Logon ID:		0x3E7 Privileges:		SeAssignPrimaryTokenPrivilege 			SeTcbPrivilege 			SeSecurityPrivilege 			SeTakeOwnershipPrivilege 			SeLoadDriverPrivilege 			SeBackupPrivilege 			SeRestorePrivilege 			SeDebugPrivilege 			SeAuditPrivilege 			SeSystemEnvironmentPrivilege 			SeImpersonatePrivilege 			SeDelegateSessionUserImpersonatePrivilege
978,6/23/2025 1:09:18 AM,Microsoft-Windows-Security-Auditing,0,4624,"An account was successfully logged on. Subject: 	Security ID:		S-1-5-18 	Account Name:		DESKTOP-CJNBGDQ$ 	Account Domain:		WORKGROUP 	Logon ID:		0x3E7 Logon Information: 	Logon Type:		5 	Restricted Admin Mode:	- 	Virtual Account:		No 	Elevated Token:		Yes Impersonation Level:		Impersonation New Logon: 	Security ID:		S-1-5-18 	Account Name:		SYSTEM 	Account Domain:		NT AUTHORITY 	Logon ID:		0x3E7 	Linked Logon ID:		0x0 	Network Account Name:	- 	Network Account Domain:	- 	Logon GUID:		{00000000-0000-0000-0000-000000000000} Process Information: 	Process ID:		0x32c 	Process Name:		C:\Windows\System32\services.exe Network Information: 	Workstation Name:	- 	Source Network Address:	- 	Source Port:		- Detailed Authentication Information: 	Logon Process:		Advapi   	Authentication Package:	Negotiate 	Transited Services:	- 	Package Name (NTLM only):	- 	Key Length:		0 This event is generated when a logon session is created. It is generated on the computer that was accessed. The subject fields indicate the account on the local system which requested the logon. This is most commonly a service such as the Server service, or a local process such as Winlogon.exe or Services.exe. The logon type field indicates the kind of logon that occurred. The most common types are 2 (interactive) and 3 (network). The New Logon fields indicate the account for whom the new logon was created, i.e. the account that was logged on. The network fields indicate where a remote logon request originated. Workstation name is not always available and may be left blank in some cases. The impersonation level field indicates the extent to which a process in the logon session can impersonate. The authentication information fields provide detailed information about this specific logon request. 	- Logon GUID is a unique identifier that can be used to correlate this event with a KDC event. 	- Transited services indicate which intermediate services have participated in this logon request. 	- Package name indicates which sub-protocol was used among the NTLM protocols. 	- Key length indicates the length of the generated session key. This will be 0 if no session key was requested."
979,6/23/2025 1:09:18 AM,Microsoft-Windows-Security-Auditing,0,4672,Special privileges assigned to new logon. Subject: 	Security ID:		S-1-5-18 	Account Name:		SYSTEM 	Account Domain:		NT AUTHORITY 	Logon ID:		0x3E7 Privileges:		SeAssignPrimaryTokenPrivilege 			SeTcbPrivilege 			SeSecurityPrivilege 			SeTakeOwnershipPrivilege 			SeLoadDriverPrivilege 			SeBackupPrivilege 			SeRestorePrivilege 			SeDebugPrivilege 			SeAuditPrivilege 			SeSystemEnvironmentPrivilege 			SeImpersonatePrivilege 			SeDelegateSessionUserImpersonatePrivilege
980,6/23/2025 1:09:18 AM,Microsoft-Windows-Security-Auditing,0,4799,A security-enabled local group membership was enumerated. Subject: 	Security ID:		S-1-5-18 	Account Name:		DESKTOP-CJNBGDQ$ 	Account Domain:		WORKGROUP 	Logon ID:		0x3E7 Group: 	Security ID:		S-1-5-32-544 	Group Name:		Administrators 	Group Domain:		Builtin Process Information: 	Process ID:		0xc5c 	Process Name:		C:\Windows\System32\svchost.exe
981,6/23/2025 1:09:18 AM,Microsoft-Windows-Security-Auditing,0,4624,"An account was successfully logged on. Subject: 	Security ID:		S-1-5-18 	Account Name:		DESKTOP-CJNBGDQ$ 	Account Domain:		WORKGROUP 	Logon ID:		0x3E7 Logon Information: 	Logon Type:		5 	Restricted Admin Mode:	- 	Virtual Account:		No 	Elevated Token:		Yes Impersonation Level:		Impersonation New Logon: 	Security ID:		S-1-5-18 	Account Name:		SYSTEM 	Account Domain:		NT AUTHORITY 	Logon ID:		0x3E7 	Linked Logon ID:		0x0 	Network Account Name:	- 	Network Account Domain:	- 	Logon GUID:		{00000000-0000-0000-0000-000000000000} Process Information: 	Process ID:		0x32c 	Process Name:		C:\Windows\System32\services.exe Network Information: 	Workstation Name:	- 	Source Network Address:	- 	Source Port:		- Detailed Authentication Information: 	Logon Process:		Advapi   	Authentication Package:	Negotiate 	Transited Services:	- 	Package Name (NTLM only):	- 	Key Length:		0 This event is generated when a logon session is created. It is generated on the computer that was accessed. The subject fields indicate the account on the local system which requested the logon. This is most commonly a service such as the Server service, or a local process such as Winlogon.exe or Services.exe. The logon type field indicates the kind of logon that occurred. The most common types are 2 (interactive) and 3 (network). The New Logon fields indicate the account for whom the new logon was created, i.e. the account that was logged on. The network fields indicate where a remote logon request originated. Workstation name is not always available and may be left blank in some cases. The impersonation level field indicates the extent to which a process in the logon session can impersonate. The authentication information fields provide detailed information about this specific logon request. 	- Logon GUID is a unique identifier that can be used to correlate this event with a KDC event. 	- Transited services indicate which intermediate services have participated in this logon request. 	- Package name indicates which sub-protocol was used among the NTLM protocols. 	- Key length indicates the length of the generated session key. This will be 0 if no session key was requested."
982,6/23/2025 1:09:18 AM,Microsoft-Windows-Security-Auditing,0,4672,Special privileges assigned to new logon. Subject: 	Security ID:		S-1-5-18 	Account Name:		SYSTEM 	Account Domain:		NT AUTHORITY 	Logon ID:		0x3E7 Privileges:		SeAssignPrimaryTokenPrivilege 			SeTcbPrivilege 			SeSecurityPrivilege 			SeTakeOwnershipPrivilege 			SeLoadDriverPrivilege 			SeBackupPrivilege 			SeRestorePrivilege 			SeDebugPrivilege 			SeAuditPrivilege 			SeSystemEnvironmentPrivilege 			SeImpersonatePrivilege 			SeDelegateSessionUserImpersonatePrivilege
983,6/23/2025 1:09:18 AM,Microsoft-Windows-Security-Auditing,0,5024,The Windows Firewall service started successfully.
984,6/23/2025 1:09:19 AM,Microsoft-Windows-Security-Auditing,0,4798,A user's local group membership was enumerated. Subject: 	Security ID:		S-1-5-18 	Account Name:		DESKTOP-CJNBGDQ$ 	Account Domain:		WORKGROUP 	Logon ID:		0x3E7 User: 	Security ID:		S-1-5-21-1283774291-1801764544-247059453-500 	Account Name:		Administrator 	Account Domain:		DESKTOP-CJNBGDQ Process Information: 	Process ID:		0xea4 	Process Name:		C:\Windows\System32\LogonUI.exe
985,6/23/2025 1:09:19 AM,Microsoft-Windows-Security-Auditing,0,4648,"A logon was attempted using explicit credentials. Subject: 	Security ID:		S-1-5-18 	Account Name:		DESKTOP-CJNBGDQ$ 	Account Domain:		WORKGROUP 	Logon ID:		0x3E7 	Logon GUID:		{00000000-0000-0000-0000-000000000000} Account Whose Credentials Were Used: 	Account Name:		Administrator 	Account Domain:		DESKTOP-CJNBGDQ 	Logon GUID:		{00000000-0000-0000-0000-000000000000} Target Server: 	Target Server Name:	localhost 	Additional Information:	localhost Process Information: 	Process ID:		0xc10 	Process Name:		C:\Windows\System32\svchost.exe Network Information: 	Network Address:	127.0.0.1 	Port:			0 This event is generated when a process attempts to log on an account by explicitly specifying that account’s credentials.  This most commonly occurs in batch-type configurations such as scheduled tasks, or when using the RUNAS command."
986,6/23/2025 1:09:19 AM,Microsoft-Windows-Security-Auditing,0,4624,"An account was successfully logged on. Subject: 	Security ID:		S-1-5-18 	Account Name:		DESKTOP-CJNBGDQ$ 	Account Domain:		WORKGROUP 	Logon ID:		0x3E7 Logon Information: 	Logon Type:		2 	Restricted Admin Mode:	- 	Virtual Account:		No 	Elevated Token:		Yes Impersonation Level:		Impersonation New Logon: 	Security ID:		S-1-5-21-1283774291-1801764544-247059453-500 	Account Name:		Administrator 	Account Domain:		DESKTOP-CJNBGDQ 	Logon ID:		0x34519 	Linked Logon ID:		0x0 	Network Account Name:	- 	Network Account Domain:	- 	Logon GUID:		{00000000-0000-0000-0000-000000000000} Process Information: 	Process ID:		0xc10 	Process Name:		C:\Windows\System32\svchost.exe Network Information: 	Workstation Name:	DESKTOP-CJNBGDQ 	Source Network Address:	127.0.0.1 	Source Port:		0 Detailed Authentication Information: 	Logon Process:		User32  	Authentication Package:	Negotiate 	Transited Services:	- 	Package Name (NTLM only):	- 	Key Length:		0 This event is generated when a logon session is created. It is generated on the computer that was accessed. The subject fields indicate the account on the local system which requested the logon. This is most commonly a service such as the Server service, or a local process such as Winlogon.exe or Services.exe. The logon type field indicates the kind of logon that occurred. The most common types are 2 (interactive) and 3 (network). The New Logon fields indicate the account for whom the new logon was created, i.e. the account that was logged on. The network fields indicate where a remote logon request originated. Workstation name is not always available and may be left blank in some cases. The impersonation level field indicates the extent to which a process in the logon session can impersonate. The authentication information fields provide detailed information about this specific logon request. 	- Logon GUID is a unique identifier that can be used to correlate this event with a KDC event. 	- Transited services indicate which intermediate services have participated in this logon request. 	- Package name indicates which sub-protocol was used among the NTLM protocols. 	- Key length indicates the length of the generated session key. This will be 0 if no session key was requested."
987,6/23/2025 1:09:19 AM,Microsoft-Windows-Security-Auditing,0,4672,Special privileges assigned to new logon. Subject: 	Security ID:		S-1-5-21-1283774291-1801764544-247059453-500 	Account Name:		Administrator 	Account Domain:		DESKTOP-CJNBGDQ 	Logon ID:		0x34519 Privileges:		SeSecurityPrivilege 			SeTakeOwnershipPrivilege 			SeLoadDriverPrivilege 			SeBackupPrivilege 			SeRestorePrivilege 			SeDebugPrivilege 			SeSystemEnvironmentPrivilege 			SeImpersonatePrivilege 			SeDelegateSessionUserImpersonatePrivilege
988,6/23/2025 1:09:19 AM,Microsoft-Windows-Security-Auditing,0,4799,A security-enabled local group membership was enumerated. Subject: 	Security ID:		S-1-5-18 	Account Name:		DESKTOP-CJNBGDQ$ 	Account Domain:		WORKGROUP 	Logon ID:		0x3E7 Group: 	Security ID:		S-1-5-32-544 	Group Name:		Administrators 	Group Domain:		Builtin Process Information: 	Process ID:		0x85c 	Process Name:		C:\Windows\System32\svchost.exe
989,6/23/2025 1:09:19 AM,Microsoft-Windows-Security-Auditing,0,5379,Credential Manager credentials were read. Subject: 	Security ID:		S-1-5-18 	Account Name:		DESKTOP-CJNBGDQ$ 	Account Domain:		WORKGROUP 	Logon ID:		0x3E7 	Read Operation:		Enumerate Credentials This event occurs when a user performs a read operation on stored credentials in Credential Manager.
990,6/23/2025 1:09:19 AM,Microsoft-Windows-Security-Auditing,0,5379,Credential Manager credentials were read. Subject: 	Security ID:		S-1-5-18 	Account Name:		DESKTOP-CJNBGDQ$ 	Account Domain:		WORKGROUP 	Logon ID:		0x3E7 	Read Operation:		Enumerate Credentials This event occurs when a user performs a read operation on stored credentials in Credential Manager.
991,6/23/2025 1:09:19 AM,Microsoft-Windows-Security-Auditing,0,5379,Credential Manager credentials were read. Subject: 	Security ID:		S-1-5-18 	Account Name:		DESKTOP-CJNBGDQ$ 	Account Domain:		WORKGROUP 	Logon ID:		0x3E7 	Read Operation:		Enumerate Credentials This event occurs when a user performs a read operation on stored credentials in Credential Manager.
992,6/23/2025 1:09:19 AM,Microsoft-Windows-Security-Auditing,0,5379,Credential Manager credentials were read. Subject: 	Security ID:		S-1-5-21-1283774291-1801764544-247059453-500 	Account Name:		Administrator 	Account Domain:		DESKTOP-CJNBGDQ 	Logon ID:		0x34519 	Read Operation:		Enumerate Credentials This event occurs when a user performs a read operation on stored credentials in Credential Manager.
993,6/23/2025 1:09:19 AM,Microsoft-Windows-Security-Auditing,0,5379,Credential Manager credentials were read. Subject: 	Security ID:		S-1-5-21-1283774291-1801764544-247059453-500 	Account Name:		Administrator 	Account Domain:		DESKTOP-CJNBGDQ 	Logon ID:		0x34519 	Read Operation:		Enumerate Credentials This event occurs when a user performs a read operation on stored credentials in Credential Manager.
994,6/23/2025 1:09:19 AM,Microsoft-Windows-Security-Auditing,0,5379,Credential Manager credentials were read. Subject: 	Security ID:		S-1-5-21-1283774291-1801764544-247059453-500 	Account Name:		Administrator 	Account Domain:		DESKTOP-CJNBGDQ 	Logon ID:		0x34519 	Read Operation:		Enumerate Credentials This event occurs when a user performs a read operation on stored credentials in Credential Manager.
995,6/23/2025 1:09:19 AM,Microsoft-Windows-Security-Auditing,0,5379,Credential Manager credentials were read. Subject: 	Security ID:		S-1-5-21-1283774291-1801764544-247059453-500 	Account Name:		Administrator 	Account Domain:		DESKTOP-CJNBGDQ 	Logon ID:		0x34519 	Read Operation:		Enumerate Credentials This event occurs when a user performs a read operation on stored credentials in Credential Manager.
996,6/23/2025 1:09:19 AM,Microsoft-Windows-Security-Auditing,0,5379,Credential Manager credentials were read. Subject: 	Security ID:		S-1-5-21-1283774291-1801764544-247059453-500 	Account Name:		Administrator 	Account Domain:		DESKTOP-CJNBGDQ 	Logon ID:		0x34519 	Read Operation:		Enumerate Credentials This event occurs when a user performs a read operation on stored credentials in Credential Manager.
997,6/23/2025 1:09:19 AM,Microsoft-Windows-Security-Auditing,0,5379,Credential Manager credentials were read. Subject: 	Security ID:		S-1-5-21-1283774291-1801764544-247059453-500 	Account Name:		Administrator 	Account Domain:		DESKTOP-CJNBGDQ 	Logon ID:		0x34519 	Read Operation:		Enumerate Credentials This event occurs when a user performs a read operation on stored credentials in Credential Manager.
998,6/23/2025 1:09:19 AM,Microsoft-Windows-Security-Auditing,0,4624,"An account was successfully logged on. Subject: 	Security ID:		S-1-5-18 	Account Name:		DESKTOP-CJNBGDQ$ 	Account Domain:		WORKGROUP 	Logon ID:		0x3E7 Logon Information: 	Logon Type:		5 	Restricted Admin Mode:	- 	Virtual Account:		No 	Elevated Token:		Yes Impersonation Level:		Impersonation New Logon: 	Security ID:		S-1-5-18 	Account Name:		SYSTEM 	Account Domain:		NT AUTHORITY 	Logon ID:		0x3E7 	Linked Logon ID:		0x0 	Network Account Name:	- 	Network Account Domain:	- 	Logon GUID:		{00000000-0000-0000-0000-000000000000} Process Information: 	Process ID:		0x32c 	Process Name:		C:\Windows\System32\services.exe Network Information: 	Workstation Name:	- 	Source Network Address:	- 	Source Port:		- Detailed Authentication Information: 	Logon Process:		Advapi   	Authentication Package:	Negotiate 	Transited Services:	- 	Package Name (NTLM only):	- 	Key Length:		0 This event is generated when a logon session is created. It is generated on the computer that was accessed. The subject fields indicate the account on the local system which requested the logon. This is most commonly a service such as the Server service, or a local process such as Winlogon.exe or Services.exe. The logon type field indicates the kind of logon that occurred. The most common types are 2 (interactive) and 3 (network). The New Logon fields indicate the account for whom the new logon was created, i.e. the account that was logged on. The network fields indicate where a remote logon request originated. Workstation name is not always available and may be left blank in some cases. The impersonation level field indicates the extent to which a process in the logon session can impersonate. The authentication information fields provide detailed information about this specific logon request. 	- Logon GUID is a unique identifier that can be used to correlate this event with a KDC event. 	- Transited services indicate which intermediate services have participated in this logon request. 	- Package name indicates which sub-protocol was used among the NTLM protocols. 	- Key length indicates the length of the generated session key. This will be 0 if no session key was requested."
999,6/23/2025 1:09:19 AM,Microsoft-Windows-Security-Auditing,0,4672,Special privileges assigned to new logon. Subject: 	Security ID:		S-1-5-18 	Account Name:		SYSTEM 	Account Domain:		NT AUTHORITY 	Logon ID:		0x3E7 Privileges:		SeAssignPrimaryTokenPrivilege 			SeTcbPrivilege 			SeSecurityPrivilege 			SeTakeOwnershipPrivilege 			SeLoadDriverPrivilege 			SeBackupPrivilege 			SeRestorePrivilege 			SeDebugPrivilege 			SeAuditPrivilege 			SeSystemEnvironmentPrivilege 			SeImpersonatePrivilege 			SeDelegateSessionUserImpersonatePrivilege
1000,6/23/2025 1:09:19 AM,Microsoft-Windows-Security-Auditing,0,5058,Key file operation. Subject: 	Security ID:		S-1-5-19 	Account Name:		LOCAL SERVICE 	Account Domain:		NT AUTHORITY 	Logon ID:		0x3E5 Process Information: 	Process ID:		4352 	Process Creation Time:	‎2025‎-‎06‎-‎23T08:09:19.488586100Z Cryptographic Parameters: 	Provider Name:	Microsoft Software Key Storage Provider 	Algorithm Name:	UNKNOWN 	Key Name:	Microsoft Connected Devices Platform device certificate 	Key Type:	User key. Key File Operation Information: 	File Path:	C:\Windows\ServiceProfiles\LocalService\AppData\Roaming\Microsoft\Crypto\Keys\de7cf8a7901d2ad13e5c67c29e5d1662_a93c3307-d177-417b-a83c-a7877b46bb17 	Operation:	Read persisted key from file. 	Return Code:	0x0
1001,6/23/2025 1:09:19 AM,Microsoft-Windows-Security-Auditing,0,5061,Cryptographic operation. Subject: 	Security ID:		S-1-5-19 	Account Name:		LOCAL SERVICE 	Account Domain:		NT AUTHORITY 	Logon ID:		0x3E5 Cryptographic Parameters: 	Provider Name:	Microsoft Software Key Storage Provider 	Algorithm Name:	ECDSA_P256 	Key Name:	Microsoft Connected Devices Platform device certificate 	Key Type:	User key. Cryptographic Operation: 	Operation:	Open Key. 	Return Code:	0x0
1002,6/23/2025 1:09:19 AM,Microsoft-Windows-Security-Auditing,0,5059,Key migration operation. Subject: 	Security ID:		S-1-5-19 	Account Name:		LOCAL SERVICE 	Account Domain:		NT AUTHORITY 	Logon ID:		0x3E5 Process Information: 	Process ID:		4352 	Process Creation Time:	‎2025‎-‎06‎-‎23T08:09:19.488586100Z Cryptographic Parameters: 	Provider Name:	Microsoft Software Key Storage Provider 	Algorithm Name:	ECDSA_P256 	Key Name:	Microsoft Connected Devices Platform device certificate 	Key Type:	User key. Additional Information: 	Operation:	Export of persistent cryptographic key. 	Return Code:	0x0
1003,6/23/2025 1:09:19 AM,Microsoft-Windows-Security-Auditing,0,4798,A user's local group membership was enumerated. Subject: 	Security ID:		S-1-5-21-1283774291-1801764544-247059453-500 	Account Name:		Administrator 	Account Domain:		DESKTOP-CJNBGDQ 	Logon ID:		0x34519 User: 	Security ID:		S-1-5-21-1283774291-1801764544-247059453-500 	Account Name:		Administrator 	Account Domain:		DESKTOP-CJNBGDQ Process Information: 	Process ID:		0x1208 	Process Name:		C:\Windows\System32\oobe\audit.exe
1004,6/23/2025 1:09:19 AM,Microsoft-Windows-Security-Auditing,0,4798,A user's local group membership was enumerated. Subject: 	Security ID:		S-1-5-21-1283774291-1801764544-247059453-500 	Account Name:		Administrator 	Account Domain:		DESKTOP-CJNBGDQ 	Logon ID:		0x34519 User: 	Security ID:		S-1-5-21-1283774291-1801764544-247059453-500 	Account Name:		Administrator 	Account Domain:		DESKTOP-CJNBGDQ Process Information: 	Process ID:		0x1208 	Process Name:		C:\Windows\System32\oobe\audit.exe
1005,6/23/2025 1:09:19 AM,Microsoft-Windows-Security-Auditing,0,4725,A user account was disabled. Subject: 	Security ID:		S-1-5-21-1283774291-1801764544-247059453-500 	Account Name:		Administrator 	Account Domain:		DESKTOP-CJNBGDQ 	Logon ID:		0x34519 Target Account: 	Security ID:		S-1-5-21-1283774291-1801764544-247059453-500 	Account Name:		Administrator 	Account Domain:		DESKTOP-CJNBGDQ
1006,6/23/2025 1:09:19 AM,Microsoft-Windows-Security-Auditing,0,4738,A user account was changed. Subject: 	Security ID:		S-1-5-21-1283774291-1801764544-247059453-500 	Account Name:		Administrator 	Account Domain:		DESKTOP-CJNBGDQ 	Logon ID:		0x34519 Target Account: 	Security ID:		S-1-5-21-1283774291-1801764544-247059453-500 	Account Name:		Administrator 	Account Domain:		DESKTOP-CJNBGDQ Changed Attributes: 	SAM Account Name:	Administrator 	Display Name:		<value not set> 	User Principal Name:	- 	Home Directory:		<value not set> 	Home Drive:		<value not set> 	Script Path:		<value not set> 	Profile Path:		<value not set> 	User Workstations:	<value not set> 	Password Last Set:	<never> 	Account Expires:		<never> 	Primary Group ID:	513 	AllowedToDelegateTo:	- 	Old UAC Value:		0x210 	New UAC Value:		0x211 	User Account Control:	 		Account Disabled 	User Parameters:	<value not set> 	SID History:		- 	Logon Hours:		All Additional Information: 	Privileges:		-
1007,6/23/2025 1:09:20 AM,Microsoft-Windows-Security-Auditing,0,5379,Credential Manager credentials were read. Subject: 	Security ID:		S-1-5-18 	Account Name:		DESKTOP-CJNBGDQ$ 	Account Domain:		WORKGROUP 	Logon ID:		0x3E7 	Read Operation:		Enumerate Credentials This event occurs when a user performs a read operation on stored credentials in Credential Manager.
1008,6/23/2025 1:09:20 AM,Microsoft-Windows-Security-Auditing,0,5379,Credential Manager credentials were read. Subject: 	Security ID:		S-1-5-18 	Account Name:		DESKTOP-CJNBGDQ$ 	Account Domain:		WORKGROUP 	Logon ID:		0x3E7 	Read Operation:		Enumerate Credentials This event occurs when a user performs a read operation on stored credentials in Credential Manager.
1009,6/23/2025 1:09:20 AM,Microsoft-Windows-Security-Auditing,0,5379,Credential Manager credentials were read. Subject: 	Security ID:		S-1-5-18 	Account Name:		DESKTOP-CJNBGDQ$ 	Account Domain:		WORKGROUP 	Logon ID:		0x3E7 	Read Operation:		Enumerate Credentials This event occurs when a user performs a read operation on stored credentials in Credential Manager.
1010,6/23/2025 1:09:20 AM,Microsoft-Windows-Security-Auditing,0,5379,Credential Manager credentials were read. Subject: 	Security ID:		S-1-5-21-1283774291-1801764544-247059453-500 	Account Name:		Administrator 	Account Domain:		DESKTOP-CJNBGDQ 	Logon ID:		0x34519 	Read Operation:		Enumerate Credentials This event occurs when a user performs a read operation on stored credentials in Credential Manager.
1011,6/23/2025 1:09:20 AM,Microsoft-Windows-Security-Auditing,0,5379,Credential Manager credentials were read. Subject: 	Security ID:		S-1-5-21-1283774291-1801764544-247059453-500 	Account Name:		Administrator 	Account Domain:		DESKTOP-CJNBGDQ 	Logon ID:		0x34519 	Read Operation:		Enumerate Credentials This event occurs when a user performs a read operation on stored credentials in Credential Manager.
1012,6/23/2025 1:09:20 AM,Microsoft-Windows-Security-Auditing,0,5379,Credential Manager credentials were read. Subject: 	Security ID:		S-1-5-21-1283774291-1801764544-247059453-500 	Account Name:		Administrator 	Account Domain:		DESKTOP-CJNBGDQ 	Logon ID:		0x34519 	Read Operation:		Enumerate Credentials This event occurs when a user performs a read operation on stored credentials in Credential Manager.
1013,6/23/2025 1:09:20 AM,Microsoft-Windows-Security-Auditing,0,4624,"An account was successfully logged on. Subject: 	Security ID:		S-1-5-18 	Account Name:		DESKTOP-CJNBGDQ$ 	Account Domain:		WORKGROUP 	Logon ID:		0x3E7 Logon Information: 	Logon Type:		5 	Restricted Admin Mode:	- 	Virtual Account:		No 	Elevated Token:		Yes Impersonation Level:		Impersonation New Logon: 	Security ID:		S-1-5-18 	Account Name:		SYSTEM 	Account Domain:		NT AUTHORITY 	Logon ID:		0x3E7 	Linked Logon ID:		0x0 	Network Account Name:	- 	Network Account Domain:	- 	Logon GUID:		{00000000-0000-0000-0000-000000000000} Process Information: 	Process ID:		0x32c 	Process Name:		C:\Windows\System32\services.exe Network Information: 	Workstation Name:	- 	Source Network Address:	- 	Source Port:		- Detailed Authentication Information: 	Logon Process:		Advapi   	Authentication Package:	Negotiate 	Transited Services:	- 	Package Name (NTLM only):	- 	Key Length:		0 This event is generated when a logon session is created. It is generated on the computer that was accessed. The subject fields indicate the account on the local system which requested the logon. This is most commonly a service such as the Server service, or a local process such as Winlogon.exe or Services.exe. The logon type field indicates the kind of logon that occurred. The most common types are 2 (interactive) and 3 (network). The New Logon fields indicate the account for whom the new logon was created, i.e. the account that was logged on. The network fields indicate where a remote logon request originated. Workstation name is not always available and may be left blank in some cases. The impersonation level field indicates the extent to which a process in the logon session can impersonate. The authentication information fields provide detailed information about this specific logon request. 	- Logon GUID is a unique identifier that can be used to correlate this event with a KDC event. 	- Transited services indicate which intermediate services have participated in this logon request. 	- Package name indicates which sub-protocol was used among the NTLM protocols. 	- Key length indicates the length of the generated session key. This will be 0 if no session key was requested."
1014,6/23/2025 1:09:20 AM,Microsoft-Windows-Security-Auditing,0,4672,Special privileges assigned to new logon. Subject: 	Security ID:		S-1-5-18 	Account Name:		SYSTEM 	Account Domain:		NT AUTHORITY 	Logon ID:		0x3E7 Privileges:		SeAssignPrimaryTokenPrivilege 			SeTcbPrivilege 			SeSecurityPrivilege 			SeTakeOwnershipPrivilege 			SeLoadDriverPrivilege 			SeBackupPrivilege 			SeRestorePrivilege 			SeDebugPrivilege 			SeAuditPrivilege 			SeSystemEnvironmentPrivilege 			SeImpersonatePrivilege 			SeDelegateSessionUserImpersonatePrivilege
1015,6/23/2025 1:09:21 AM,Microsoft-Windows-Security-Auditing,0,4624,"An account was successfully logged on. Subject: 	Security ID:		S-1-5-18 	Account Name:		DESKTOP-CJNBGDQ$ 	Account Domain:		WORKGROUP 	Logon ID:		0x3E7 Logon Information: 	Logon Type:		5 	Restricted Admin Mode:	- 	Virtual Account:		No 	Elevated Token:		Yes Impersonation Level:		Impersonation New Logon: 	Security ID:		S-1-5-18 	Account Name:		SYSTEM 	Account Domain:		NT AUTHORITY 	Logon ID:		0x3E7 	Linked Logon ID:		0x0 	Network Account Name:	- 	Network Account Domain:	- 	Logon GUID:		{00000000-0000-0000-0000-000000000000} Process Information: 	Process ID:		0x32c 	Process Name:		C:\Windows\System32\services.exe Network Information: 	Workstation Name:	- 	Source Network Address:	- 	Source Port:		- Detailed Authentication Information: 	Logon Process:		Advapi   	Authentication Package:	Negotiate 	Transited Services:	- 	Package Name (NTLM only):	- 	Key Length:		0 This event is generated when a logon session is created. It is generated on the computer that was accessed. The subject fields indicate the account on the local system which requested the logon. This is most commonly a service such as the Server service, or a local process such as Winlogon.exe or Services.exe. The logon type field indicates the kind of logon that occurred. The most common types are 2 (interactive) and 3 (network). The New Logon fields indicate the account for whom the new logon was created, i.e. the account that was logged on. The network fields indicate where a remote logon request originated. Workstation name is not always available and may be left blank in some cases. The impersonation level field indicates the extent to which a process in the logon session can impersonate. The authentication information fields provide detailed information about this specific logon request. 	- Logon GUID is a unique identifier that can be used to correlate this event with a KDC event. 	- Transited services indicate which intermediate services have participated in this logon request. 	- Package name indicates which sub-protocol was used among the NTLM protocols. 	- Key length indicates the length of the generated session key. This will be 0 if no session key was requested."
1016,6/23/2025 1:09:21 AM,Microsoft-Windows-Security-Auditing,0,4672,Special privileges assigned to new logon. Subject: 	Security ID:		S-1-5-18 	Account Name:		SYSTEM 	Account Domain:		NT AUTHORITY 	Logon ID:		0x3E7 Privileges:		SeAssignPrimaryTokenPrivilege 			SeTcbPrivilege 			SeSecurityPrivilege 			SeTakeOwnershipPrivilege 			SeLoadDriverPrivilege 			SeBackupPrivilege 			SeRestorePrivilege 			SeDebugPrivilege 			SeAuditPrivilege 			SeSystemEnvironmentPrivilege 			SeImpersonatePrivilege 			SeDelegateSessionUserImpersonatePrivilege
1017,6/23/2025 1:09:21 AM,Microsoft-Windows-Security-Auditing,0,4799,A security-enabled local group membership was enumerated. Subject: 	Security ID:		S-1-5-18 	Account Name:		DESKTOP-CJNBGDQ$ 	Account Domain:		WORKGROUP 	Logon ID:		0x3E7 Group: 	Security ID:		S-1-5-32-544 	Group Name:		Administrators 	Group Domain:		Builtin Process Information: 	Process ID:		0xfbc 	Process Name:		C:\Windows\System32\SearchIndexer.exe
1018,6/23/2025 1:09:21 AM,Microsoft-Windows-Security-Auditing,0,4624,"An account was successfully logged on. Subject: 	Security ID:		S-1-5-18 	Account Name:		DESKTOP-CJNBGDQ$ 	Account Domain:		WORKGROUP 	Logon ID:		0x3E7 Logon Information: 	Logon Type:		5 	Restricted Admin Mode:	- 	Virtual Account:		No 	Elevated Token:		Yes Impersonation Level:		Impersonation New Logon: 	Security ID:		S-1-5-18 	Account Name:		SYSTEM 	Account Domain:		NT AUTHORITY 	Logon ID:		0x3E7 	Linked Logon ID:		0x0 	Network Account Name:	- 	Network Account Domain:	- 	Logon GUID:		{00000000-0000-0000-0000-000000000000} Process Information: 	Process ID:		0x32c 	Process Name:		C:\Windows\System32\services.exe Network Information: 	Workstation Name:	- 	Source Network Address:	- 	Source Port:		- Detailed Authentication Information: 	Logon Process:		Advapi   	Authentication Package:	Negotiate 	Transited Services:	- 	Package Name (NTLM only):	- 	Key Length:		0 This event is generated when a logon session is created. It is generated on the computer that was accessed. The subject fields indicate the account on the local system which requested the logon. This is most commonly a service such as the Server service, or a local process such as Winlogon.exe or Services.exe. The logon type field indicates the kind of logon that occurred. The most common types are 2 (interactive) and 3 (network). The New Logon fields indicate the account for whom the new logon was created, i.e. the account that was logged on. The network fields indicate where a remote logon request originated. Workstation name is not always available and may be left blank in some cases. The impersonation level field indicates the extent to which a process in the logon session can impersonate. The authentication information fields provide detailed information about this specific logon request. 	- Logon GUID is a unique identifier that can be used to correlate this event with a KDC event. 	- Transited services indicate which intermediate services have participated in this logon request. 	- Package name indicates which sub-protocol was used among the NTLM protocols. 	- Key length indicates the length of the generated session key. This will be 0 if no session key was requested."
1019,6/23/2025 1:09:21 AM,Microsoft-Windows-Security-Auditing,0,4672,Special privileges assigned to new logon. Subject: 	Security ID:		S-1-5-18 	Account Name:		SYSTEM 	Account Domain:		NT AUTHORITY 	Logon ID:		0x3E7 Privileges:		SeAssignPrimaryTokenPrivilege 			SeTcbPrivilege 			SeSecurityPrivilege 			SeTakeOwnershipPrivilege 			SeLoadDriverPrivilege 			SeBackupPrivilege 			SeRestorePrivilege 			SeDebugPrivilege 			SeAuditPrivilege 			SeSystemEnvironmentPrivilege 			SeImpersonatePrivilege 			SeDelegateSessionUserImpersonatePrivilege
1020,6/23/2025 1:09:22 AM,Microsoft-Windows-Security-Auditing,0,5379,Credential Manager credentials were read. Subject: 	Security ID:		S-1-5-21-1283774291-1801764544-247059453-500 	Account Name:		Administrator 	Account Domain:		DESKTOP-CJNBGDQ 	Logon ID:		0x34519 	Read Operation:		Enumerate Credentials This event occurs when a user performs a read operation on stored credentials in Credential Manager.
1021,6/23/2025 1:09:22 AM,Microsoft-Windows-Security-Auditing,0,5379,Credential Manager credentials were read. Subject: 	Security ID:		S-1-5-21-1283774291-1801764544-247059453-500 	Account Name:		Administrator 	Account Domain:		DESKTOP-CJNBGDQ 	Logon ID:		0x34519 	Read Operation:		Enumerate Credentials This event occurs when a user performs a read operation on stored credentials in Credential Manager.
1022,6/23/2025 1:09:22 AM,Microsoft-Windows-Security-Auditing,0,5379,Credential Manager credentials were read. Subject: 	Security ID:		S-1-5-21-1283774291-1801764544-247059453-500 	Account Name:		Administrator 	Account Domain:		DESKTOP-CJNBGDQ 	Logon ID:		0x34519 	Read Operation:		Enumerate Credentials This event occurs when a user performs a read operation on stored credentials in Credential Manager.
1023,6/23/2025 1:09:22 AM,Microsoft-Windows-Security-Auditing,0,5379,Credential Manager credentials were read. Subject: 	Security ID:		S-1-5-21-1283774291-1801764544-247059453-500 	Account Name:		Administrator 	Account Domain:		DESKTOP-CJNBGDQ 	Logon ID:		0x34519 	Read Operation:		Enumerate Credentials This event occurs when a user performs a read operation on stored credentials in Credential Manager.
1024,6/23/2025 1:09:22 AM,Microsoft-Windows-Security-Auditing,0,5379,Credential Manager credentials were read. Subject: 	Security ID:		S-1-5-21-1283774291-1801764544-247059453-500 	Account Name:		Administrator 	Account Domain:		DESKTOP-CJNBGDQ 	Logon ID:		0x34519 	Read Operation:		Enumerate Credentials This event occurs when a user performs a read operation on stored credentials in Credential Manager.
1025,6/23/2025 1:09:22 AM,Microsoft-Windows-Security-Auditing,0,5379,Credential Manager credentials were read. Subject: 	Security ID:		S-1-5-21-1283774291-1801764544-247059453-500 	Account Name:		Administrator 	Account Domain:		DESKTOP-CJNBGDQ 	Logon ID:		0x34519 	Read Operation:		Enumerate Credentials This event occurs when a user performs a read operation on stored credentials in Credential Manager.
1026,6/23/2025 1:09:22 AM,Microsoft-Windows-Security-Auditing,0,5379,Credential Manager credentials were read. Subject: 	Security ID:		S-1-5-21-1283774291-1801764544-247059453-500 	Account Name:		Administrator 	Account Domain:		DESKTOP-CJNBGDQ 	Logon ID:		0x34519 	Read Operation:		Enumerate Credentials This event occurs when a user performs a read operation on stored credentials in Credential Manager.
1027,6/23/2025 1:09:22 AM,Microsoft-Windows-Security-Auditing,0,5379,Credential Manager credentials were read. Subject: 	Security ID:		S-1-5-21-1283774291-1801764544-247059453-500 	Account Name:		Administrator 	Account Domain:		DESKTOP-CJNBGDQ 	Logon ID:		0x34519 	Read Operation:		Enumerate Credentials This event occurs when a user performs a read operation on stored credentials in Credential Manager.
1028,6/23/2025 1:09:22 AM,Microsoft-Windows-Security-Auditing,0,5379,Credential Manager credentials were read. Subject: 	Security ID:		S-1-5-21-1283774291-1801764544-247059453-500 	Account Name:		Administrator 	Account Domain:		DESKTOP-CJNBGDQ 	Logon ID:		0x34519 	Read Operation:		Enumerate Credentials This event occurs when a user performs a read operation on stored credentials in Credential Manager.
1029,6/23/2025 1:09:30 AM,Microsoft-Windows-Security-Auditing,0,5058,Key file operation. Subject: 	Security ID:		S-1-5-21-1283774291-1801764544-247059453-500 	Account Name:		Administrator 	Account Domain:		DESKTOP-CJNBGDQ 	Logon ID:		0x34519 Process Information: 	Process ID:		1404 	Process Creation Time:	‎2025‎-‎06‎-‎23T08:09:19.249855800Z Cryptographic Parameters: 	Provider Name:	Microsoft Software Key Storage Provider 	Algorithm Name:	UNKNOWN 	Key Name:	Microsoft Connected Devices Platform device certificate 	Key Type:	User key. Key File Operation Information: 	File Path:	C:\Users\Administrator\AppData\Roaming\Microsoft\Crypto\Keys\de7cf8a7901d2ad13e5c67c29e5d1662_a93c3307-d177-417b-a83c-a7877b46bb17 	Operation:	Read persisted key from file. 	Return Code:	0x0
1030,6/23/2025 1:09:30 AM,Microsoft-Windows-Security-Auditing,0,5061,Cryptographic operation. Subject: 	Security ID:		S-1-5-21-1283774291-1801764544-247059453-500 	Account Name:		Administrator 	Account Domain:		DESKTOP-CJNBGDQ 	Logon ID:		0x34519 Cryptographic Parameters: 	Provider Name:	Microsoft Software Key Storage Provider 	Algorithm Name:	ECDSA_P256 	Key Name:	Microsoft Connected Devices Platform device certificate 	Key Type:	User key. Cryptographic Operation: 	Operation:	Open Key. 	Return Code:	0x0
1031,6/23/2025 1:09:30 AM,Microsoft-Windows-Security-Auditing,0,5059,Key migration operation. Subject: 	Security ID:		S-1-5-21-1283774291-1801764544-247059453-500 	Account Name:		Administrator 	Account Domain:		DESKTOP-CJNBGDQ 	Logon ID:		0x34519 Process Information: 	Process ID:		1404 	Process Creation Time:	‎2025‎-‎06‎-‎23T08:09:19.249855800Z Cryptographic Parameters: 	Provider Name:	Microsoft Software Key Storage Provider 	Algorithm Name:	ECDSA_P256 	Key Name:	Microsoft Connected Devices Platform device certificate 	Key Type:	User key. Additional Information: 	Operation:	Export of persistent cryptographic key. 	Return Code:	0x0
1032,6/23/2025 1:09:32 AM,Microsoft-Windows-Security-Auditing,0,4624,"An account was successfully logged on. Subject: 	Security ID:		S-1-5-18 	Account Name:		DESKTOP-CJNBGDQ$ 	Account Domain:		WORKGROUP 	Logon ID:		0x3E7 Logon Information: 	Logon Type:		5 	Restricted Admin Mode:	- 	Virtual Account:		No 	Elevated Token:		Yes Impersonation Level:		Impersonation New Logon: 	Security ID:		S-1-5-18 	Account Name:		SYSTEM 	Account Domain:		NT AUTHORITY 	Logon ID:		0x3E7 	Linked Logon ID:		0x0 	Network Account Name:	- 	Network Account Domain:	- 	Logon GUID:		{00000000-0000-0000-0000-000000000000} Process Information: 	Process ID:		0x32c 	Process Name:		C:\Windows\System32\services.exe Network Information: 	Workstation Name:	- 	Source Network Address:	- 	Source Port:		- Detailed Authentication Information: 	Logon Process:		Advapi   	Authentication Package:	Negotiate 	Transited Services:	- 	Package Name (NTLM only):	- 	Key Length:		0 This event is generated when a logon session is created. It is generated on the computer that was accessed. The subject fields indicate the account on the local system which requested the logon. This is most commonly a service such as the Server service, or a local process such as Winlogon.exe or Services.exe. The logon type field indicates the kind of logon that occurred. The most common types are 2 (interactive) and 3 (network). The New Logon fields indicate the account for whom the new logon was created, i.e. the account that was logged on. The network fields indicate where a remote logon request originated. Workstation name is not always available and may be left blank in some cases. The impersonation level field indicates the extent to which a process in the logon session can impersonate. The authentication information fields provide detailed information about this specific logon request. 	- Logon GUID is a unique identifier that can be used to correlate this event with a KDC event. 	- Transited services indicate which intermediate services have participated in this logon request. 	- Package name indicates which sub-protocol was used among the NTLM protocols. 	- Key length indicates the length of the generated session key. This will be 0 if no session key was requested."
1033,6/23/2025 1:09:32 AM,Microsoft-Windows-Security-Auditing,0,4672,Special privileges assigned to new logon. Subject: 	Security ID:		S-1-5-18 	Account Name:		SYSTEM 	Account Domain:		NT AUTHORITY 	Logon ID:		0x3E7 Privileges:		SeAssignPrimaryTokenPrivilege 			SeTcbPrivilege 			SeSecurityPrivilege 			SeTakeOwnershipPrivilege 			SeLoadDriverPrivilege 			SeBackupPrivilege 			SeRestorePrivilege 			SeDebugPrivilege 			SeAuditPrivilege 			SeSystemEnvironmentPrivilege 			SeImpersonatePrivilege 			SeDelegateSessionUserImpersonatePrivilege
1034,6/23/2025 1:09:33 AM,Microsoft-Windows-Security-Auditing,0,5379,Credential Manager credentials were read. Subject: 	Security ID:		S-1-5-21-1283774291-1801764544-247059453-500 	Account Name:		Administrator 	Account Domain:		DESKTOP-CJNBGDQ 	Logon ID:		0x34519 	Read Operation:		Enumerate Credentials This event occurs when a user performs a read operation on stored credentials in Credential Manager.
1035,6/23/2025 1:09:33 AM,Microsoft-Windows-Security-Auditing,0,5379,Credential Manager credentials were read. Subject: 	Security ID:		S-1-5-21-1283774291-1801764544-247059453-500 	Account Name:		Administrator 	Account Domain:		DESKTOP-CJNBGDQ 	Logon ID:		0x34519 	Read Operation:		Enumerate Credentials This event occurs when a user performs a read operation on stored credentials in Credential Manager.
1036,6/23/2025 1:09:56 AM,Microsoft-Windows-Security-Auditing,0,4624,"An account was successfully logged on. Subject: 	Security ID:		S-1-5-18 	Account Name:		DESKTOP-CJNBGDQ$ 	Account Domain:		WORKGROUP 	Logon ID:		0x3E7 Logon Information: 	Logon Type:		5 	Restricted Admin Mode:	- 	Virtual Account:		No 	Elevated Token:		Yes Impersonation Level:		Impersonation New Logon: 	Security ID:		S-1-5-18 	Account Name:		SYSTEM 	Account Domain:		NT AUTHORITY 	Logon ID:		0x3E7 	Linked Logon ID:		0x0 	Network Account Name:	- 	Network Account Domain:	- 	Logon GUID:		{00000000-0000-0000-0000-000000000000} Process Information: 	Process ID:		0x32c 	Process Name:		C:\Windows\System32\services.exe Network Information: 	Workstation Name:	- 	Source Network Address:	- 	Source Port:		- Detailed Authentication Information: 	Logon Process:		Advapi   	Authentication Package:	Negotiate 	Transited Services:	- 	Package Name (NTLM only):	- 	Key Length:		0 This event is generated when a logon session is created. It is generated on the computer that was accessed. The subject fields indicate the account on the local system which requested the logon. This is most commonly a service such as the Server service, or a local process such as Winlogon.exe or Services.exe. The logon type field indicates the kind of logon that occurred. The most common types are 2 (interactive) and 3 (network). The New Logon fields indicate the account for whom the new logon was created, i.e. the account that was logged on. The network fields indicate where a remote logon request originated. Workstation name is not always available and may be left blank in some cases. The impersonation level field indicates the extent to which a process in the logon session can impersonate. The authentication information fields provide detailed information about this specific logon request. 	- Logon GUID is a unique identifier that can be used to correlate this event with a KDC event. 	- Transited services indicate which intermediate services have participated in this logon request. 	- Package name indicates which sub-protocol was used among the NTLM protocols. 	- Key length indicates the length of the generated session key. This will be 0 if no session key was requested."
1037,6/23/2025 1:09:56 AM,Microsoft-Windows-Security-Auditing,0,4672,Special privileges assigned to new logon. Subject: 	Security ID:		S-1-5-18 	Account Name:		SYSTEM 	Account Domain:		NT AUTHORITY 	Logon ID:		0x3E7 Privileges:		SeAssignPrimaryTokenPrivilege 			SeTcbPrivilege 			SeSecurityPrivilege 			SeTakeOwnershipPrivilege 			SeLoadDriverPrivilege 			SeBackupPrivilege 			SeRestorePrivilege 			SeDebugPrivilege 			SeAuditPrivilege 			SeSystemEnvironmentPrivilege 			SeImpersonatePrivilege 			SeDelegateSessionUserImpersonatePrivilege
1038,6/23/2025 1:10:00 AM,Microsoft-Windows-Security-Auditing,0,4624,"An account was successfully logged on. Subject: 	Security ID:		S-1-5-18 	Account Name:		DESKTOP-CJNBGDQ$ 	Account Domain:		WORKGROUP 	Logon ID:		0x3E7 Logon Information: 	Logon Type:		5 	Restricted Admin Mode:	- 	Virtual Account:		No 	Elevated Token:		Yes Impersonation Level:		Impersonation New Logon: 	Security ID:		S-1-5-18 	Account Name:		SYSTEM 	Account Domain:		NT AUTHORITY 	Logon ID:		0x3E7 	Linked Logon ID:		0x0 	Network Account Name:	- 	Network Account Domain:	- 	Logon GUID:		{00000000-0000-0000-0000-000000000000} Process Information: 	Process ID:		0x32c 	Process Name:		C:\Windows\System32\services.exe Network Information: 	Workstation Name:	- 	Source Network Address:	- 	Source Port:		- Detailed Authentication Information: 	Logon Process:		Advapi   	Authentication Package:	Negotiate 	Transited Services:	- 	Package Name (NTLM only):	- 	Key Length:		0 This event is generated when a logon session is created. It is generated on the computer that was accessed. The subject fields indicate the account on the local system which requested the logon. This is most commonly a service such as the Server service, or a local process such as Winlogon.exe or Services.exe. The logon type field indicates the kind of logon that occurred. The most common types are 2 (interactive) and 3 (network). The New Logon fields indicate the account for whom the new logon was created, i.e. the account that was logged on. The network fields indicate where a remote logon request originated. Workstation name is not always available and may be left blank in some cases. The impersonation level field indicates the extent to which a process in the logon session can impersonate. The authentication information fields provide detailed information about this specific logon request. 	- Logon GUID is a unique identifier that can be used to correlate this event with a KDC event. 	- Transited services indicate which intermediate services have participated in this logon request. 	- Package name indicates which sub-protocol was used among the NTLM protocols. 	- Key length indicates the length of the generated session key. This will be 0 if no session key was requested."
1039,6/23/2025 1:10:00 AM,Microsoft-Windows-Security-Auditing,0,4672,Special privileges assigned to new logon. Subject: 	Security ID:		S-1-5-18 	Account Name:		SYSTEM 	Account Domain:		NT AUTHORITY 	Logon ID:		0x3E7 Privileges:		SeAssignPrimaryTokenPrivilege 			SeTcbPrivilege 			SeSecurityPrivilege 			SeTakeOwnershipPrivilege 			SeLoadDriverPrivilege 			SeBackupPrivilege 			SeRestorePrivilege 			SeDebugPrivilege 			SeAuditPrivilege 			SeSystemEnvironmentPrivilege 			SeImpersonatePrivilege 			SeDelegateSessionUserImpersonatePrivilege
