973,6/23/2025 6:14:41 PM,Microsoft-Windows-Kernel-Power,4,521,Active battery count change.
972,6/23/2025 6:14:41 PM,Microsoft-Windows-Kernel-Power,4,521,Active battery count change.
959,6/23/2025 6:14:41 PM,Microsoft-Windows-Kernel-Processor-Power,4,55,Processor 4 in group 0 exposes the following power management capabilities: Idle state type: ACPI Idle (LPI) States (3 state(s)) Performance state type: ACPI Collaborative Processor Performance Control Nominal Frequency (MHz): 3294 Maximum performance percentage: 170 Minimum performance percentage: 33 Minimum throttle percentage: 12
971,6/23/2025 6:14:41 PM,Microsoft-Windows-Kernel-Processor-Power,4,55,Processor 15 in group 0 exposes the following power management capabilities: Idle state type: ACPI Idle (LPI) States (3 state(s)) Performance state type: ACPI Collaborative Processor Performance Control Nominal Frequency (MHz): 3294 Maximum performance percentage: 161 Minimum performance percentage: 33 Minimum throttle percentage: 12
969,6/23/2025 6:14:41 PM,Microsoft-Windows-Kernel-Processor-Power,4,55,Processor 13 in group 0 exposes the following power management capabilities: Idle state type: ACPI Idle (LPI) States (3 state(s)) Performance state type: ACPI Collaborative Processor Performance Control Nominal Frequency (MHz): 3294 Maximum performance percentage: 175 Minimum performance percentage: 33 Minimum throttle percentage: 12
967,6/23/2025 6:14:41 PM,Microsoft-Windows-Kernel-Processor-Power,4,55,Processor 12 in group 0 exposes the following power management capabilities: Idle state type: ACPI Idle (LPI) States (3 state(s)) Performance state type: ACPI Collaborative Processor Performance Control Nominal Frequency (MHz): 3294 Maximum performance percentage: 175 Minimum performance percentage: 33 Minimum throttle percentage: 12
966,6/23/2025 6:14:41 PM,Microsoft-Windows-Kernel-Processor-Power,4,55,Processor 11 in group 0 exposes the following power management capabilities: Idle state type: ACPI Idle (LPI) States (3 state(s)) Performance state type: ACPI Collaborative Processor Performance Control Nominal Frequency (MHz): 3294 Maximum performance percentage: 157 Minimum performance percentage: 33 Minimum throttle percentage: 12
965,6/23/2025 6:14:41 PM,Microsoft-Windows-Kernel-Processor-Power,4,55,Processor 10 in group 0 exposes the following power management capabilities: Idle state type: ACPI Idle (LPI) States (3 state(s)) Performance state type: ACPI Collaborative Processor Performance Control Nominal Frequency (MHz): 3294 Maximum performance percentage: 157 Minimum performance percentage: 33 Minimum throttle percentage: 12
964,6/23/2025 6:14:41 PM,Microsoft-Windows-Kernel-Processor-Power,4,55,Processor 9 in group 0 exposes the following power management capabilities: Idle state type: ACPI Idle (LPI) States (3 state(s)) Performance state type: ACPI Collaborative Processor Performance Control Nominal Frequency (MHz): 3294 Maximum performance percentage: 175 Minimum performance percentage: 33 Minimum throttle percentage: 12
963,6/23/2025 6:14:41 PM,Microsoft-Windows-Kernel-Processor-Power,4,55,Processor 8 in group 0 exposes the following power management capabilities: Idle state type: ACPI Idle (LPI) States (3 state(s)) Performance state type: ACPI Collaborative Processor Performance Control Nominal Frequency (MHz): 3294 Maximum performance percentage: 175 Minimum performance percentage: 33 Minimum throttle percentage: 12
962,6/23/2025 6:14:41 PM,Microsoft-Windows-Kernel-Processor-Power,4,55,Processor 7 in group 0 exposes the following power management capabilities: Idle state type: ACPI Idle (LPI) States (3 state(s)) Performance state type: ACPI Collaborative Processor Performance Control Nominal Frequency (MHz): 3294 Maximum performance percentage: 148 Minimum performance percentage: 33 Minimum throttle percentage: 12
961,6/23/2025 6:14:41 PM,Microsoft-Windows-Kernel-Processor-Power,4,55,Processor 6 in group 0 exposes the following power management capabilities: Idle state type: ACPI Idle (LPI) States (3 state(s)) Performance state type: ACPI Collaborative Processor Performance Control Nominal Frequency (MHz): 3294 Maximum performance percentage: 148 Minimum performance percentage: 33 Minimum throttle percentage: 12
970,6/23/2025 6:14:41 PM,Microsoft-Windows-Kernel-Processor-Power,4,55,Processor 14 in group 0 exposes the following power management capabilities: Idle state type: ACPI Idle (LPI) States (3 state(s)) Performance state type: ACPI Collaborative Processor Performance Control Nominal Frequency (MHz): 3294 Maximum performance percentage: 161 Minimum performance percentage: 33 Minimum throttle percentage: 12
934,6/23/2025 6:11:26 PM,Microsoft-Windows-UserPnp,4,20001,Driver Management concluded the process to install driver wpdfs.inf_amd64_e4ff8019ae5ba00c for Device Instance ID SWD\WPDBUSENUM\{13C4F5D6-5098-11F0-B3C8-806E6F6E6963}#000000E496800000 with the following status: 0x0.
940,6/23/2025 6:14:31 PM,Microsoft-Windows-Kernel-Boot,4,153,Virtualization-based security (policies: 0) is disabled.
408,6/23/2025 1:08:42 AM,Microsoft-Windows-Eventlog,4,104,The System log file was cleared.
919,6/23/2025 6:11:25 PM,Microsoft-Windows-UserPnp,4,20003,Driver Management has concluded the process to add Service WUDFWpdFs for Device Instance ID SWD\WPDBUSENUM\{13C4F5D7-5098-11F0-B3C8-806E6F6E6963}#0000000000100000 with the following status: 0.
918,6/23/2025 6:11:25 PM,Microsoft-Windows-DriverFrameworks-UserMode,4,10100,The driver package installation has succeeded.
904,6/23/2025 6:11:26 PM,Microsoft-Windows-WPDClassInstaller,4,24577,"Media player and imaging program compatibility layers were successfully registered for device %1. Layer bits %2 were requested, layer bits %3 were registered."
905,6/23/2025 6:11:26 PM,Microsoft-Windows-WPDClassInstaller,4,24579,Autoplay registration was skipped for device %1.
906,6/23/2025 6:11:25 PM,Microsoft-Windows-Dhcp-Client,4,50036,DHCPv4 client service is started
917,6/23/2025 6:11:25 PM,Microsoft-Windows-DriverFrameworks-UserMode,4,10002,The UMDF service WpdFs (CLSID {112de495-ac4c-46f8-b663-6a4266c53313}) was upgraded.  It requires framework version 2.29.0 or higher.
903,6/23/2025 6:11:26 PM,Microsoft-Windows-WPDClassInstaller,4,24576,Drivers were successfully installed for device WPD Device.
916,6/23/2025 6:11:25 PM,Microsoft-Windows-DriverFrameworks-UserMode,4,10000,A driver package which uses user-mode driver framework version 2.29.0 is being installed on device SWD\WPDBUSENUM\{13C4F5D7-5098-11F0-B3C8-806E6F6E6963}#0000000000100000.
914,6/23/2025 6:11:25 PM,Microsoft-Windows-FilterManager,4,6,"File System Filter 'storqosflt' (10.0, ‎2084‎-‎07‎-‎23T22:29:44.000000000Z) has successfully loaded and registered with Filter Manager."
907,6/23/2025 6:11:25 PM,Microsoft-Windows-Dhcp-Client,4,50103,DHCPv4 client registered for shutdown notification
908,6/23/2025 6:11:25 PM,Microsoft-Windows-DHCPv6-Client,4,51046,DHCPv6 client service is started
909,6/23/2025 6:11:25 PM,Microsoft-Windows-FilterManager,4,6,"File System Filter 'wcifs' (10.0, ‎2021‎-‎10‎-‎19T06:10:02.000000000Z) has successfully loaded and registered with Filter Manager."
913,6/23/2025 6:11:25 PM,Microsoft-Windows-FilterManager,4,6,"File System Filter 'CldFlt' (10.0, ‎1976‎-‎11‎-‎19T00:44:15.000000000Z) has successfully loaded and registered with Filter Manager."
910,6/23/2025 6:11:25 PM,Microsoft-Windows-FilterManager,4,6,"File System Filter 'luafv' (10.0, ‎1974‎-‎08‎-‎09T06:33:30.000000000Z) has successfully loaded and registered with Filter Manager."
915,6/23/2025 6:11:26 PM,Microsoft-Windows-WPDClassInstaller,4,24576,Drivers were successfully installed for device WPD Device.
911,6/23/2025 6:11:25 PM,Microsoft-Windows-FilterManager,4,6,"File System Filter 'CldFlt' (10.0, ‎1976‎-‎11‎-‎19T00:44:15.000000000Z) has successfully loaded and registered with Filter Manager."
920,6/23/2025 6:11:25 PM,Microsoft-Windows-UserPnp,4,20001,Driver Management concluded the process to install driver wpdfs.inf_amd64_e4ff8019ae5ba00c for Device Instance ID SWD\WPDBUSENUM\{13C4F5D7-5098-11F0-B3C8-806E6F6E6963}#0000000000100000 with the following status: 0x0.
922,6/23/2025 6:11:25 PM,Microsoft-Windows-DriverFrameworks-UserMode,4,10002,The UMDF service WpdFs (CLSID {112de495-ac4c-46f8-b663-6a4266c53313}) was upgraded.  It requires framework version 2.29.0 or higher.
933,6/23/2025 6:11:26 PM,Microsoft-Windows-Winlogon,4,7001,User Logon Notification for Customer Experience Improvement Program
932,6/23/2025 6:11:26 PM,Microsoft-Windows-UserPnp,4,20003,Driver Management has concluded the process to add Service WUDFWpdFs for Device Instance ID SWD\WPDBUSENUM\{13C4F5D6-5098-11F0-B3C8-806E6F6E6963}#000000E496800000 with the following status: 0.
899,6/23/2025 6:11:21 PM,Win32k,4,267,Touch/Touchpad Hardware Quality Assurance verification succeeded.
931,6/23/2025 6:11:26 PM,Microsoft-Windows-WPDClassInstaller,4,24579,Autoplay registration was skipped for device %1.
930,6/23/2025 6:11:26 PM,Microsoft-Windows-WPDClassInstaller,4,24577,"Media player and imaging program compatibility layers were successfully registered for device %1. Layer bits %2 were requested, layer bits %3 were registered."
929,6/23/2025 6:11:26 PM,Microsoft-Windows-DriverFrameworks-UserMode,4,10100,The driver package installation has succeeded.
921,6/23/2025 6:11:25 PM,Microsoft-Windows-DriverFrameworks-UserMode,4,10000,A driver package which uses user-mode driver framework version 2.29.0 is being installed on device SWD\WPDBUSENUM\{13C4F5D6-5098-11F0-B3C8-806E6F6E6963}#0000000000100000.
900,6/23/2025 6:11:25 PM,Microsoft-Windows-WPDClassInstaller,4,24576,Drivers were successfully installed for device WPD Device.
927,6/23/2025 6:11:26 PM,Microsoft-Windows-DriverFrameworks-UserMode,4,10000,A driver package which uses user-mode driver framework version 2.29.0 is being installed on device SWD\WPDBUSENUM\{13C4F5D6-5098-11F0-B3C8-806E6F6E6963}#000000E496800000.
926,6/23/2025 6:11:26 PM,Microsoft-Windows-UserPnp,4,20001,Driver Management concluded the process to install driver wpdfs.inf_amd64_e4ff8019ae5ba00c for Device Instance ID SWD\WPDBUSENUM\{13C4F5D6-5098-11F0-B3C8-806E6F6E6963}#0000000000100000 with the following status: 0x0.
901,6/23/2025 6:11:25 PM,Microsoft-Windows-WPDClassInstaller,4,24577,"Media player and imaging program compatibility layers were successfully registered for device %1. Layer bits %2 were requested, layer bits %3 were registered."
925,6/23/2025 6:11:26 PM,TPM,4,18,This event triggers the Trusted Platform Module (TPM) provisioning/status check to run.
924,6/23/2025 6:11:26 PM,Microsoft-Windows-UserPnp,4,20003,Driver Management has concluded the process to add Service WUDFWpdFs for Device Instance ID SWD\WPDBUSENUM\{13C4F5D6-5098-11F0-B3C8-806E6F6E6963}#0000000000100000 with the following status: 0.
923,6/23/2025 6:11:26 PM,Microsoft-Windows-DriverFrameworks-UserMode,4,10100,The driver package installation has succeeded.
902,6/23/2025 6:11:25 PM,Microsoft-Windows-WPDClassInstaller,4,24579,Autoplay registration was skipped for device %1.
928,6/23/2025 6:11:26 PM,Microsoft-Windows-DriverFrameworks-UserMode,4,10002,The UMDF service WpdFs (CLSID {112de495-ac4c-46f8-b663-6a4266c53313}) was upgraded.  It requires framework version 2.29.0 or higher.
912,6/23/2025 6:11:25 PM,Microsoft-Windows-FilterManager,4,1,"File System Filter 'CldFlt' (Version 10.0, ‎1976‎-‎11‎-‎19T00:44:15.000000000Z) unloaded successfully."
968,6/23/2025 6:14:41 PM,i8042prt,3,17,The device sent an incorrect response(s) following a keyboard reset.
532,6/23/2025 1:11:19 AM,i8042prt,3,17,The device sent an incorrect response(s) following a keyboard reset.
587,6/23/2025 3:46:06 AM,i8042prt,3,17,The device sent an incorrect response(s) following a keyboard reset.
1150,6/23/2025 6:25:00 PM,i8042prt,3,17,The device sent an incorrect response(s) following a keyboard reset.
714,6/23/2025 1:45:15 PM,i8042prt,3,17,The device sent an incorrect response(s) following a keyboard reset.
775,6/23/2025 1:48:35 PM,i8042prt,3,17,The device sent an incorrect response(s) following a keyboard reset.
456,6/23/2025 1:09:09 AM,i8042prt,3,17,The device sent an incorrect response(s) following a keyboard reset.
554,6/23/2025 3:46:34 AM,EventLog,2,6008,The previous system shutdown at 1:11:28 AM on ‎6/‎23/‎2025 was unexpected.
683,6/23/2025 1:45:37 PM,EventLog,2,6008,The previous system shutdown at 1:42:35 PM on ‎6/‎23/‎2025 was unexpected.
936,6/23/2025 6:15:03 PM,EventLog,2,6008,The previous system shutdown at 6:11:25 PM on ‎6/‎23/‎2025 was unexpected.
1053,6/23/2025 6:23:16 PM,EventLog,2,6008,The previous system shutdown at 6:19:59 PM on ‎6/‎23/‎2025 was unexpected.
994,6/23/2025 6:19:59 PM,EventLog,2,6008,The previous system shutdown at 6:15:03 PM on ‎6/‎23/‎2025 was unexpected.
855,6/23/2025 6:11:25 PM,EventLog,2,6008,The previous system shutdown at 1:58:39 PM on ‎6/‎23/‎2025 was unexpected.
801,6/23/2025 1:58:39 PM,EventLog,2,6008,The previous system shutdown at 1:48:55 PM on ‎6/‎23/‎2025 was unexpected.
612,6/23/2025 1:42:35 PM,EventLog,2,6008,The previous system shutdown at 3:46:34 AM on ‎6/‎23/‎2025 was unexpected.
542,6/23/2025 1:11:28 AM,Service Control Manager,2,7000,The luafv service failed to start due to the following error:  This driver has been blocked from loading
1071,6/23/2025 6:22:56 PM,Microsoft-Windows-Kernel-Power,1,41,"The system has rebooted without cleanly shutting down first. This error could be caused if the system stopped responding, crashed, or lost power unexpectedly."
1012,6/23/2025 6:19:39 PM,Microsoft-Windows-Kernel-Power,1,41,"The system has rebooted without cleanly shutting down first. This error could be caused if the system stopped responding, crashed, or lost power unexpectedly."
572,6/23/2025 3:46:05 AM,Microsoft-Windows-Kernel-Power,1,41,"The system has rebooted without cleanly shutting down first. This error could be caused if the system stopped responding, crashed, or lost power unexpectedly."
873,6/23/2025 6:11:02 PM,Microsoft-Windows-Kernel-Power,1,41,"The system has rebooted without cleanly shutting down first. This error could be caused if the system stopped responding, crashed, or lost power unexpectedly."
954,6/23/2025 6:14:39 PM,Microsoft-Windows-Kernel-Power,1,41,"The system has rebooted without cleanly shutting down first. This error could be caused if the system stopped responding, crashed, or lost power unexpectedly."
630,6/23/2025 1:42:19 PM,Microsoft-Windows-Kernel-Power,1,41,"The system has rebooted without cleanly shutting down first. This error could be caused if the system stopped responding, crashed, or lost power unexpectedly."
701,6/23/2025 1:45:13 PM,Microsoft-Windows-Kernel-Power,1,41,"The system has rebooted without cleanly shutting down first. This error could be caused if the system stopped responding, crashed, or lost power unexpectedly."
819,6/23/2025 1:58:27 PM,Microsoft-Windows-Kernel-Power,1,41,"The system has rebooted without cleanly shutting down first. This error could be caused if the system stopped responding, crashed, or lost power unexpectedly."
