RecordId,Time,Provider,Level,EventId,Message
1174,6/23/2025 6:25:21 PM,TPM,4,18,This event triggers the Trusted Platform Module (TPM) provisioning/status check to run.
672,6/23/2025 1:42:35 PM,Service Control Manager,4,7045,A service was installed in the system. Service Name:  WPD File System driver Service File Name:  \SystemRoot\system32\DRIVERS\WUDFRd.sys Service Type:  kernel mode driver Service Start Type:  demand start Service Account:  
671,6/23/2025 1:42:35 PM,Microsoft-Windows-DriverFrameworks-UserMode,4,10100,The driver package installation has succeeded.
670,6/23/2025 1:42:35 PM,Microsoft-Windows-DriverFrameworks-UserMode,4,10001,The UMDF service WpdFs (CLSID {112de495-ac4c-46f8-b663-6a4266c53313}) was installed.  It requires framework version 2.29.0 or higher.
669,6/23/2025 1:42:35 PM,Microsoft-Windows-DriverFrameworks-UserMode,4,10000,A driver package which uses user-mode driver framework version 2.29.0 is being installed on device SWD\WPDBUSENUM\_??_USBSTOR#DISK&VEN_KINGSTON&PROD_DATATRAVELER_3.0&REV_0000#E0D55E6CBD0F189099B503C6&0#{53F56307-B6BF-11D0-94F2-00A0C91EFB8B}.
668,6/23/2025 1:42:35 PM,Microsoft-Windows-FilterManager,4,6,"File System Filter 'storqosflt' (10.0, ‎2084‎-‎07‎-‎23T22:29:44.000000000Z) has successfully loaded and registered with Filter Manager."
667,6/23/2025 1:42:35 PM,Microsoft-Windows-FilterManager,4,6,"File System Filter 'CldFlt' (10.0, ‎1976‎-‎11‎-‎19T00:44:15.000000000Z) has successfully loaded and registered with Filter Manager."
666,6/23/2025 1:42:35 PM,Microsoft-Windows-FilterManager,4,1,"File System Filter 'CldFlt' (Version 10.0, ‎1976‎-‎11‎-‎19T00:44:15.000000000Z) unloaded successfully."
665,6/23/2025 1:42:35 PM,Microsoft-Windows-FilterManager,4,6,"File System Filter 'CldFlt' (10.0, ‎1976‎-‎11‎-‎19T00:44:15.000000000Z) has successfully loaded and registered with Filter Manager."
664,6/23/2025 1:42:35 PM,Microsoft-Windows-FilterManager,4,6,"File System Filter 'luafv' (10.0, ‎1974‎-‎08‎-‎09T06:33:30.000000000Z) has successfully loaded and registered with Filter Manager."
663,6/23/2025 1:42:35 PM,Microsoft-Windows-FilterManager,4,6,"File System Filter 'wcifs' (10.0, ‎2021‎-‎10‎-‎19T06:10:02.000000000Z) has successfully loaded and registered with Filter Manager."
662,6/23/2025 1:42:35 PM,Microsoft-Windows-DHCPv6-Client,4,51046,DHCPv6 client service is started
661,6/23/2025 1:42:35 PM,Microsoft-Windows-Dhcp-Client,4,50103,DHCPv4 client registered for shutdown notification
660,6/23/2025 1:42:35 PM,Microsoft-Windows-Dhcp-Client,4,50036,DHCPv4 client service is started
659,6/23/2025 1:42:36 PM,Microsoft-Windows-WPDClassInstaller,4,24579,Autoplay registration was skipped for device %1.
658,6/23/2025 1:42:36 PM,Microsoft-Windows-WPDClassInstaller,4,24577,"Media player and imaging program compatibility layers were successfully registered for device %1. Layer bits %2 were requested, layer bits %3 were registered."
657,6/23/2025 1:42:35 PM,Microsoft-Windows-WPDClassInstaller,4,24576,Drivers were successfully installed for device WPD Device.
656,6/23/2025 1:42:35 PM,Microsoft-Windows-WPDClassInstaller,4,24579,Autoplay registration was skipped for device %1.
655,6/23/2025 1:42:35 PM,Microsoft-Windows-WPDClassInstaller,4,24577,"Media player and imaging program compatibility layers were successfully registered for device %1. Layer bits %2 were requested, layer bits %3 were registered."
654,6/23/2025 1:42:35 PM,Microsoft-Windows-WPDClassInstaller,4,24576,Drivers were successfully installed for device WPD Device.
673,6/23/2025 1:42:35 PM,Microsoft-Windows-UserPnp,4,20003,Driver Management has concluded the process to add Service WUDFWpdFs for Device Instance ID SWD\WPDBUSENUM\_??_USBSTOR#DISK&VEN_KINGSTON&PROD_DATATRAVELER_3.0&REV_0000#E0D55E6CBD0F189099B503C6&0#{53F56307-B6BF-11D0-94F2-00A0C91EFB8B} with the following status: 0.
674,6/23/2025 1:42:35 PM,Microsoft-Windows-UserPnp,4,20001,Driver Management concluded the process to install driver wpdfs.inf_amd64_e4ff8019ae5ba00c for Device Instance ID SWD\WPDBUSENUM\_??_USBSTOR#DISK&VEN_KINGSTON&PROD_DATATRAVELER_3.0&REV_0000#E0D55E6CBD0F189099B503C6&0#{53F56307-B6BF-11D0-94F2-00A0C91EFB8B} with the following status: 0x0.
675,6/23/2025 1:42:35 PM,Microsoft-Windows-DriverFrameworks-UserMode,4,10000,A driver package which uses user-mode driver framework version 2.29.0 is being installed on device SWD\WPDBUSENUM\{89B647CA-5072-11F0-B3C4-806E6F6E6963}#000000012C8C0000.
676,6/23/2025 1:42:35 PM,Microsoft-Windows-DriverFrameworks-UserMode,4,10002,The UMDF service WpdFs (CLSID {112de495-ac4c-46f8-b663-6a4266c53313}) was upgraded.  It requires framework version 2.29.0 or higher.
697,6/23/2025 1:45:12 PM,Microsoft-Windows-FilterManager,4,6,"File System Filter 'WdFilter' (10.0, ‎2073‎-‎10‎-‎13T02:22:50.000000000Z) has successfully loaded and registered with Filter Manager."
696,6/23/2025 1:45:12 PM,Microsoft-Windows-FilterManager,4,6,"File System Filter 'Wof' (10.0, ‎2002‎-‎04‎-‎12T14:36:07.000000000Z) has successfully loaded and registered with Filter Manager."
695,6/23/2025 1:45:12 PM,Microsoft-Windows-FilterManager,4,6,"File System Filter 'FileInfo' (10.0, ‎1989‎-‎07‎-‎12T18:15:12.000000000Z) has successfully loaded and registered with Filter Manager."
694,6/23/2025 1:45:05 PM,Microsoft-Windows-Kernel-General,4,20,The leap second configuration has been updated. Reason: Leap second data initialized from registry during boot Leap seconds enabled: true New leap second count: 0 Old leap second count: 0
693,6/23/2025 1:45:05 PM,Microsoft-Windows-Kernel-Boot,4,30,The firmware reported boot metrics.
692,6/23/2025 1:45:05 PM,Microsoft-Windows-Kernel-Boot,4,32,The bootmgr spent 0 ms waiting for user input.
691,6/23/2025 1:45:05 PM,Microsoft-Windows-Kernel-Boot,4,18,There are 0x1 boot options on this system.
690,6/23/2025 1:45:05 PM,Microsoft-Windows-Kernel-Boot,4,27,The boot type was 0x0.
689,6/23/2025 1:45:05 PM,Microsoft-Windows-Kernel-Boot,4,25,The boot menu policy was 0x1.
653,6/23/2025 1:42:31 PM,Win32k,4,267,Touch/Touchpad Hardware Quality Assurance verification succeeded.
688,6/23/2025 1:45:05 PM,Microsoft-Windows-Kernel-Boot,4,20,The last shutdown's success status was false. The last boot's success status was true.
686,6/23/2025 1:45:37 PM,EventLog,4,6013,The system uptime is 32 seconds.
685,6/23/2025 1:45:37 PM,EventLog,4,6005,The Event log service was started.
684,6/23/2025 1:45:37 PM,EventLog,4,6009,Microsoft (R) Windows (R) 10.00. 18362  Multiprocessor Free.
682,6/23/2025 1:45:05 PM,Microsoft-Windows-Kernel-General,4,12,The operating system started at system time ‎2025‎-‎06‎-‎23T20:45:05.500000000Z.
681,6/23/2025 1:42:36 PM,Microsoft-Windows-Winlogon,4,7001,User Logon Notification for Customer Experience Improvement Program
680,6/23/2025 1:42:36 PM,TPM,4,18,This event triggers the Trusted Platform Module (TPM) provisioning/status check to run.
679,6/23/2025 1:42:36 PM,Microsoft-Windows-UserPnp,4,20001,Driver Management concluded the process to install driver wpdfs.inf_amd64_e4ff8019ae5ba00c for Device Instance ID SWD\WPDBUSENUM\{89B647CA-5072-11F0-B3C4-806E6F6E6963}#000000012C8C0000 with the following status: 0x0.
678,6/23/2025 1:42:35 PM,Microsoft-Windows-UserPnp,4,20003,Driver Management has concluded the process to add Service WUDFWpdFs for Device Instance ID SWD\WPDBUSENUM\{89B647CA-5072-11F0-B3C4-806E6F6E6963}#000000012C8C0000 with the following status: 0.
677,6/23/2025 1:42:35 PM,Microsoft-Windows-DriverFrameworks-UserMode,4,10100,The driver package installation has succeeded.
687,6/23/2025 1:45:05 PM,Microsoft-Windows-Kernel-Boot,4,153,Virtualization-based security (policies: 0) is disabled.
698,6/23/2025 1:45:13 PM,Microsoft-Windows-Ntfs,4,98,Volume C: (\Device\HarddiskVolume4) is healthy.  No action is needed.
652,6/23/2025 1:42:31 PM,Win32k,4,267,Touch/Touchpad Hardware Quality Assurance verification succeeded.
650,6/23/2025 1:42:31 PM,Microsoft-Windows-Wininit,4,14,"Credential Guard configuration: 0x0, 0"
624,6/23/2025 1:42:18 PM,Microsoft-Windows-FilterManager,4,6,"File System Filter 'FileInfo' (10.0, ‎1989‎-‎07‎-‎12T18:15:12.000000000Z) has successfully loaded and registered with Filter Manager."
623,6/23/2025 1:42:11 PM,Microsoft-Windows-Kernel-General,4,20,The leap second configuration has been updated. Reason: Leap second data initialized from registry during boot Leap seconds enabled: true New leap second count: 0 Old leap second count: 0
622,6/23/2025 1:42:11 PM,Microsoft-Windows-Kernel-Boot,4,30,The firmware reported boot metrics.
621,6/23/2025 1:42:11 PM,Microsoft-Windows-Kernel-Boot,4,32,The bootmgr spent 0 ms waiting for user input.
620,6/23/2025 1:42:11 PM,Microsoft-Windows-Kernel-Boot,4,18,There are 0x1 boot options on this system.
619,6/23/2025 1:42:11 PM,Microsoft-Windows-Kernel-Boot,4,27,The boot type was 0x0.
618,6/23/2025 1:42:11 PM,Microsoft-Windows-Kernel-Boot,4,25,The boot menu policy was 0x1.
617,6/23/2025 1:42:11 PM,Microsoft-Windows-Kernel-Boot,4,20,The last shutdown's success status was true. The last boot's success status was true.
616,6/23/2025 1:42:11 PM,Microsoft-Windows-Kernel-Boot,4,153,Virtualization-based security (policies: 0) is disabled.
615,6/23/2025 1:42:35 PM,EventLog,4,6013,The system uptime is 24 seconds.
614,6/23/2025 1:42:35 PM,EventLog,4,6005,The Event log service was started.
613,6/23/2025 1:42:35 PM,EventLog,4,6009,Microsoft (R) Windows (R) 10.00. 18362  Multiprocessor Free.
611,6/23/2025 1:42:11 PM,Microsoft-Windows-Kernel-General,4,12,The operating system started at system time ‎2025‎-‎06‎-‎23T20:42:11.500000000Z.
610,6/23/2025 3:46:43 AM,Microsoft-Windows-UserPnp,4,20001,Driver Management concluded the process to install driver nvpcf.inf_amd64_e695f80bb6826604 for Device Instance ID ACPI\NVDA0820\NPCF with the following status: 0x0.
609,6/23/2025 3:46:43 AM,Microsoft-Windows-UserPnp,4,20001,Driver Management concluded the process to install driver nvhda.inf_amd64_604640e8f3663afb for Device Instance ID HDAUDIO\FUNC_01&VEN_10DE&DEV_009F&SUBSYS_1043107C&REV_1001\5&CD008FE&0&0001 with the following status: 0x0.
608,6/23/2025 3:46:35 AM,TPM,4,18,This event triggers the Trusted Platform Module (TPM) provisioning/status check to run.
607,6/23/2025 3:46:35 AM,Microsoft-Windows-UserModePowerService,4,12,Process C:\Windows\System32\DriverStore\FileRepository\u0363026.inf_amd64_4787f597d64c6405\B362912\atieclxx.exe (process ID:4356) reset policy scheme from {381b4222-f694-41f0-9685-ff5bb260df2e} to {381b4222-f694-41f0-9685-ff5bb260df2e}
606,6/23/2025 3:46:35 AM,Microsoft-Windows-Winlogon,4,7001,User Logon Notification for Customer Experience Improvement Program
605,6/23/2025 3:46:34 AM,Microsoft-Windows-FilterManager,4,6,"File System Filter 'storqosflt' (10.0, ‎2084‎-‎07‎-‎23T22:29:44.000000000Z) has successfully loaded and registered with Filter Manager."
625,6/23/2025 1:42:18 PM,Microsoft-Windows-FilterManager,4,6,"File System Filter 'Wof' (10.0, ‎2002‎-‎04‎-‎12T14:36:07.000000000Z) has successfully loaded and registered with Filter Manager."
626,6/23/2025 1:42:18 PM,Microsoft-Windows-FilterManager,4,6,"File System Filter 'WdFilter' (10.0, ‎2073‎-‎10‎-‎13T02:22:50.000000000Z) has successfully loaded and registered with Filter Manager."
627,6/23/2025 1:42:19 PM,Microsoft-Windows-Ntfs,4,98,Volume C: (\Device\HarddiskVolume4) is healthy.  No action is needed.
628,6/23/2025 1:42:19 PM,Microsoft-Windows-FilterManager,4,6,"File System Filter 'FileCrypt' (10.0, ‎2011‎-‎10‎-‎30T08:56:49.000000000Z) has successfully loaded and registered with Filter Manager."
649,6/23/2025 1:42:28 PM,Microsoft-Windows-Ntfs,4,98,Volume \\?\Volume{1ba45877-b4cf-4e17-9412-317be10b8e00} (\Device\HarddiskVolume1) is healthy.  No action is needed.
648,6/23/2025 1:42:21 PM,Microsoft-Windows-Kernel-Power,4,521,Active battery count change.
647,6/23/2025 1:42:21 PM,Microsoft-Windows-Kernel-Power,4,521,Active battery count change.
646,6/23/2025 1:42:21 PM,Microsoft-Windows-Kernel-Processor-Power,4,55,Processor 15 in group 0 exposes the following power management capabilities: Idle state type: ACPI Idle (LPI) States (3 state(s)) Performance state type: ACPI Collaborative Processor Performance Control Nominal Frequency (MHz): 3294 Maximum performance percentage: 161 Minimum performance percentage: 33 Minimum throttle percentage: 12
645,6/23/2025 1:42:21 PM,Microsoft-Windows-Kernel-Processor-Power,4,55,Processor 14 in group 0 exposes the following power management capabilities: Idle state type: ACPI Idle (LPI) States (3 state(s)) Performance state type: ACPI Collaborative Processor Performance Control Nominal Frequency (MHz): 3294 Maximum performance percentage: 161 Minimum performance percentage: 33 Minimum throttle percentage: 12
644,6/23/2025 1:42:21 PM,Microsoft-Windows-Kernel-Processor-Power,4,55,Processor 13 in group 0 exposes the following power management capabilities: Idle state type: ACPI Idle (LPI) States (3 state(s)) Performance state type: ACPI Collaborative Processor Performance Control Nominal Frequency (MHz): 3294 Maximum performance percentage: 175 Minimum performance percentage: 33 Minimum throttle percentage: 12
643,6/23/2025 1:42:21 PM,Microsoft-Windows-Kernel-Processor-Power,4,55,Processor 12 in group 0 exposes the following power management capabilities: Idle state type: ACPI Idle (LPI) States (3 state(s)) Performance state type: ACPI Collaborative Processor Performance Control Nominal Frequency (MHz): 3294 Maximum performance percentage: 175 Minimum performance percentage: 33 Minimum throttle percentage: 12
642,6/23/2025 1:42:21 PM,Microsoft-Windows-Kernel-Processor-Power,4,55,Processor 11 in group 0 exposes the following power management capabilities: Idle state type: ACPI Idle (LPI) States (3 state(s)) Performance state type: ACPI Collaborative Processor Performance Control Nominal Frequency (MHz): 3294 Maximum performance percentage: 157 Minimum performance percentage: 33 Minimum throttle percentage: 12
641,6/23/2025 1:42:21 PM,Microsoft-Windows-Kernel-Processor-Power,4,55,Processor 10 in group 0 exposes the following power management capabilities: Idle state type: ACPI Idle (LPI) States (3 state(s)) Performance state type: ACPI Collaborative Processor Performance Control Nominal Frequency (MHz): 3294 Maximum performance percentage: 157 Minimum performance percentage: 33 Minimum throttle percentage: 12
651,6/23/2025 1:42:31 PM,Microsoft-Windows-Directory-Services-SAM,4,16962,Remote calls to the SAM database are being restricted using the default security descriptor: O:SYG:SYD:(A;;RC;;;BA). For more information please see http://go.microsoft.com/fwlink/?LinkId=787651.
640,6/23/2025 1:42:21 PM,Microsoft-Windows-Kernel-Processor-Power,4,55,Processor 9 in group 0 exposes the following power management capabilities: Idle state type: ACPI Idle (LPI) States (3 state(s)) Performance state type: ACPI Collaborative Processor Performance Control Nominal Frequency (MHz): 3294 Maximum performance percentage: 175 Minimum performance percentage: 33 Minimum throttle percentage: 12
638,6/23/2025 1:42:21 PM,Microsoft-Windows-Kernel-Processor-Power,4,55,Processor 7 in group 0 exposes the following power management capabilities: Idle state type: ACPI Idle (LPI) States (3 state(s)) Performance state type: ACPI Collaborative Processor Performance Control Nominal Frequency (MHz): 3294 Maximum performance percentage: 148 Minimum performance percentage: 33 Minimum throttle percentage: 12
637,6/23/2025 1:42:21 PM,Microsoft-Windows-Kernel-Processor-Power,4,55,Processor 6 in group 0 exposes the following power management capabilities: Idle state type: ACPI Idle (LPI) States (3 state(s)) Performance state type: ACPI Collaborative Processor Performance Control Nominal Frequency (MHz): 3294 Maximum performance percentage: 148 Minimum performance percentage: 33 Minimum throttle percentage: 12
636,6/23/2025 1:42:21 PM,Microsoft-Windows-Kernel-Processor-Power,4,55,Processor 5 in group 0 exposes the following power management capabilities: Idle state type: ACPI Idle (LPI) States (3 state(s)) Performance state type: ACPI Collaborative Processor Performance Control Nominal Frequency (MHz): 3294 Maximum performance percentage: 170 Minimum performance percentage: 33 Minimum throttle percentage: 12
635,6/23/2025 1:42:21 PM,Microsoft-Windows-Kernel-Processor-Power,4,55,Processor 4 in group 0 exposes the following power management capabilities: Idle state type: ACPI Idle (LPI) States (3 state(s)) Performance state type: ACPI Collaborative Processor Performance Control Nominal Frequency (MHz): 3294 Maximum performance percentage: 170 Minimum performance percentage: 33 Minimum throttle percentage: 12
634,6/23/2025 1:42:21 PM,Microsoft-Windows-Kernel-Processor-Power,4,55,Processor 3 in group 0 exposes the following power management capabilities: Idle state type: ACPI Idle (LPI) States (3 state(s)) Performance state type: ACPI Collaborative Processor Performance Control Nominal Frequency (MHz): 3294 Maximum performance percentage: 152 Minimum performance percentage: 33 Minimum throttle percentage: 12
633,6/23/2025 1:42:21 PM,Microsoft-Windows-Kernel-Processor-Power,4,55,Processor 2 in group 0 exposes the following power management capabilities: Idle state type: ACPI Idle (LPI) States (3 state(s)) Performance state type: ACPI Collaborative Processor Performance Control Nominal Frequency (MHz): 3294 Maximum performance percentage: 152 Minimum performance percentage: 33 Minimum throttle percentage: 12
632,6/23/2025 1:42:21 PM,Microsoft-Windows-Kernel-Processor-Power,4,55,Processor 1 in group 0 exposes the following power management capabilities: Idle state type: ACPI Idle (LPI) States (3 state(s)) Performance state type: ACPI Collaborative Processor Performance Control Nominal Frequency (MHz): 3294 Maximum performance percentage: 166 Minimum performance percentage: 33 Minimum throttle percentage: 12
631,6/23/2025 1:42:21 PM,Microsoft-Windows-Kernel-Processor-Power,4,55,Processor 0 in group 0 exposes the following power management capabilities: Idle state type: ACPI Idle (LPI) States (3 state(s)) Performance state type: ACPI Collaborative Processor Performance Control Nominal Frequency (MHz): 3294 Maximum performance percentage: 166 Minimum performance percentage: 33 Minimum throttle percentage: 12
629,6/23/2025 1:42:19 PM,Microsoft-Windows-FilterManager,4,6,"File System Filter 'npsvctrig' (10.0, ‎1977‎-‎09‎-‎12T08:19:34.000000000Z) has successfully loaded and registered with Filter Manager."
639,6/23/2025 1:42:21 PM,Microsoft-Windows-Kernel-Processor-Power,4,55,Processor 8 in group 0 exposes the following power management capabilities: Idle state type: ACPI Idle (LPI) States (3 state(s)) Performance state type: ACPI Collaborative Processor Performance Control Nominal Frequency (MHz): 3294 Maximum performance percentage: 175 Minimum performance percentage: 33 Minimum throttle percentage: 12
699,6/23/2025 1:45:13 PM,Microsoft-Windows-FilterManager,4,6,"File System Filter 'FileCrypt' (10.0, ‎2011‎-‎10‎-‎30T08:56:49.000000000Z) has successfully loaded and registered with Filter Manager."
700,6/23/2025 1:45:13 PM,Microsoft-Windows-FilterManager,4,6,"File System Filter 'npsvctrig' (10.0, ‎1977‎-‎09‎-‎12T08:19:34.000000000Z) has successfully loaded and registered with Filter Manager."
702,6/23/2025 1:45:15 PM,Microsoft-Windows-Kernel-Processor-Power,4,55,Processor 0 in group 0 exposes the following power management capabilities: Idle state type: ACPI Idle (LPI) States (3 state(s)) Performance state type: ACPI Collaborative Processor Performance Control Nominal Frequency (MHz): 3294 Maximum performance percentage: 166 Minimum performance percentage: 33 Minimum throttle percentage: 12
770,6/23/2025 1:48:35 PM,Microsoft-Windows-Kernel-Processor-Power,4,55,Processor 5 in group 0 exposes the following power management capabilities: Idle state type: ACPI Idle (LPI) States (3 state(s)) Performance state type: ACPI Collaborative Processor Performance Control Nominal Frequency (MHz): 3294 Maximum performance percentage: 170 Minimum performance percentage: 33 Minimum throttle percentage: 12
769,6/23/2025 1:48:35 PM,Microsoft-Windows-Kernel-Processor-Power,4,55,Processor 4 in group 0 exposes the following power management capabilities: Idle state type: ACPI Idle (LPI) States (3 state(s)) Performance state type: ACPI Collaborative Processor Performance Control Nominal Frequency (MHz): 3294 Maximum performance percentage: 170 Minimum performance percentage: 33 Minimum throttle percentage: 12
768,6/23/2025 1:48:35 PM,Microsoft-Windows-Kernel-Processor-Power,4,55,Processor 3 in group 0 exposes the following power management capabilities: Idle state type: ACPI Idle (LPI) States (3 state(s)) Performance state type: ACPI Collaborative Processor Performance Control Nominal Frequency (MHz): 3294 Maximum performance percentage: 152 Minimum performance percentage: 33 Minimum throttle percentage: 12
767,6/23/2025 1:48:35 PM,Microsoft-Windows-Kernel-Processor-Power,4,55,Processor 2 in group 0 exposes the following power management capabilities: Idle state type: ACPI Idle (LPI) States (3 state(s)) Performance state type: ACPI Collaborative Processor Performance Control Nominal Frequency (MHz): 3294 Maximum performance percentage: 152 Minimum performance percentage: 33 Minimum throttle percentage: 12
766,6/23/2025 1:48:35 PM,Microsoft-Windows-Kernel-Processor-Power,4,55,Processor 1 in group 0 exposes the following power management capabilities: Idle state type: ACPI Idle (LPI) States (3 state(s)) Performance state type: ACPI Collaborative Processor Performance Control Nominal Frequency (MHz): 3294 Maximum performance percentage: 166 Minimum performance percentage: 33 Minimum throttle percentage: 12
765,6/23/2025 1:48:35 PM,Microsoft-Windows-Kernel-Processor-Power,4,55,Processor 0 in group 0 exposes the following power management capabilities: Idle state type: ACPI Idle (LPI) States (3 state(s)) Performance state type: ACPI Collaborative Processor Performance Control Nominal Frequency (MHz): 3294 Maximum performance percentage: 166 Minimum performance percentage: 33 Minimum throttle percentage: 12
764,6/23/2025 1:48:33 PM,Microsoft-Windows-FilterManager,4,6,"File System Filter 'npsvctrig' (10.0, ‎1977‎-‎09‎-‎12T08:19:34.000000000Z) has successfully loaded and registered with Filter Manager."
763,6/23/2025 1:48:33 PM,Microsoft-Windows-FilterManager,4,6,"File System Filter 'FileCrypt' (10.0, ‎2011‎-‎10‎-‎30T08:56:49.000000000Z) has successfully loaded and registered with Filter Manager."
762,6/23/2025 1:48:33 PM,Microsoft-Windows-Ntfs,4,98,Volume C: (\Device\HarddiskVolume4) is healthy.  No action is needed.
761,6/23/2025 1:48:32 PM,Microsoft-Windows-FilterManager,4,6,"File System Filter 'WdFilter' (10.0, ‎2073‎-‎10‎-‎13T02:22:50.000000000Z) has successfully loaded and registered with Filter Manager."
760,6/23/2025 1:48:32 PM,Microsoft-Windows-FilterManager,4,6,"File System Filter 'Wof' (10.0, ‎2002‎-‎04‎-‎12T14:36:07.000000000Z) has successfully loaded and registered with Filter Manager."
759,6/23/2025 1:48:32 PM,Microsoft-Windows-FilterManager,4,6,"File System Filter 'FileInfo' (10.0, ‎1989‎-‎07‎-‎12T18:15:12.000000000Z) has successfully loaded and registered with Filter Manager."
758,6/23/2025 1:48:25 PM,Microsoft-Windows-Kernel-General,4,20,The leap second configuration has been updated. Reason: Leap second data initialized from registry during boot Leap seconds enabled: true New leap second count: 0 Old leap second count: 0
757,6/23/2025 1:48:25 PM,Microsoft-Windows-Kernel-Boot,4,30,The firmware reported boot metrics.
756,6/23/2025 1:48:25 PM,Microsoft-Windows-Kernel-Boot,4,32,The bootmgr spent 0 ms waiting for user input.
755,6/23/2025 1:48:25 PM,Microsoft-Windows-Kernel-Boot,4,18,There are 0x1 boot options on this system.
754,6/23/2025 1:48:25 PM,Microsoft-Windows-Kernel-Boot,4,27,The boot type was 0x0.
753,6/23/2025 1:48:25 PM,Microsoft-Windows-Kernel-Boot,4,25,The boot menu policy was 0x1.
752,6/23/2025 1:48:25 PM,Microsoft-Windows-Kernel-Boot,4,20,The last shutdown's success status was false. The last boot's success status was false.
771,6/23/2025 1:48:35 PM,Microsoft-Windows-Kernel-Processor-Power,4,55,Processor 6 in group 0 exposes the following power management capabilities: Idle state type: ACPI Idle (LPI) States (3 state(s)) Performance state type: ACPI Collaborative Processor Performance Control Nominal Frequency (MHz): 3294 Maximum performance percentage: 148 Minimum performance percentage: 33 Minimum throttle percentage: 12
772,6/23/2025 1:48:35 PM,Microsoft-Windows-Kernel-Processor-Power,4,55,Processor 7 in group 0 exposes the following power management capabilities: Idle state type: ACPI Idle (LPI) States (3 state(s)) Performance state type: ACPI Collaborative Processor Performance Control Nominal Frequency (MHz): 3294 Maximum performance percentage: 148 Minimum performance percentage: 33 Minimum throttle percentage: 12
773,6/23/2025 1:48:35 PM,Microsoft-Windows-Kernel-Processor-Power,4,55,Processor 8 in group 0 exposes the following power management capabilities: Idle state type: ACPI Idle (LPI) States (3 state(s)) Performance state type: ACPI Collaborative Processor Performance Control Nominal Frequency (MHz): 3294 Maximum performance percentage: 175 Minimum performance percentage: 33 Minimum throttle percentage: 12
774,6/23/2025 1:48:35 PM,Microsoft-Windows-Kernel-Processor-Power,4,55,Processor 9 in group 0 exposes the following power management capabilities: Idle state type: ACPI Idle (LPI) States (3 state(s)) Performance state type: ACPI Collaborative Processor Performance Control Nominal Frequency (MHz): 3294 Maximum performance percentage: 175 Minimum performance percentage: 33 Minimum throttle percentage: 12
795,6/23/2025 1:48:55 PM,Microsoft-Windows-FilterManager,4,1,"File System Filter 'CldFlt' (Version 10.0, ‎1976‎-‎11‎-‎19T00:44:15.000000000Z) unloaded successfully."
794,6/23/2025 1:48:55 PM,Microsoft-Windows-FilterManager,4,6,"File System Filter 'CldFlt' (10.0, ‎1976‎-‎11‎-‎19T00:44:15.000000000Z) has successfully loaded and registered with Filter Manager."
793,6/23/2025 1:48:55 PM,Microsoft-Windows-FilterManager,4,6,"File System Filter 'luafv' (10.0, ‎1974‎-‎08‎-‎09T06:33:30.000000000Z) has successfully loaded and registered with Filter Manager."
792,6/23/2025 1:48:55 PM,Microsoft-Windows-FilterManager,4,6,"File System Filter 'wcifs' (10.0, ‎2021‎-‎10‎-‎19T06:10:02.000000000Z) has successfully loaded and registered with Filter Manager."
409,6/23/2025 1:08:42 AM,Microsoft-Windows-Eventlog,4,104,The Application log file was cleared.
790,6/23/2025 1:48:55 PM,Microsoft-Windows-Dhcp-Client,4,50103,DHCPv4 client registered for shutdown notification
789,6/23/2025 1:48:55 PM,Microsoft-Windows-Dhcp-Client,4,50036,DHCPv4 client service is started
788,6/23/2025 1:48:50 PM,Win32k,4,267,Touch/Touchpad Hardware Quality Assurance verification succeeded.
787,6/23/2025 1:48:50 PM,Win32k,4,267,Touch/Touchpad Hardware Quality Assurance verification succeeded.
751,6/23/2025 1:48:25 PM,Microsoft-Windows-Kernel-Boot,4,153,Virtualization-based security (policies: 0) is disabled.
786,6/23/2025 1:48:50 PM,Microsoft-Windows-Directory-Services-SAM,4,16962,Remote calls to the SAM database are being restricted using the default security descriptor: O:SYG:SYD:(A;;RC;;;BA). For more information please see http://go.microsoft.com/fwlink/?LinkId=787651.
784,6/23/2025 1:48:48 PM,Microsoft-Windows-Ntfs,4,98,Volume \\?\Volume{1ba45877-b4cf-4e17-9412-317be10b8e00} (\Device\HarddiskVolume1) is healthy.  No action is needed.
783,6/23/2025 1:48:35 PM,Microsoft-Windows-Kernel-Power,4,521,Active battery count change.
782,6/23/2025 1:48:35 PM,Microsoft-Windows-Kernel-Power,4,521,Active battery count change.
781,6/23/2025 1:48:35 PM,Microsoft-Windows-Kernel-Processor-Power,4,55,Processor 15 in group 0 exposes the following power management capabilities: Idle state type: ACPI Idle (LPI) States (3 state(s)) Performance state type: ACPI Collaborative Processor Performance Control Nominal Frequency (MHz): 3294 Maximum performance percentage: 161 Minimum performance percentage: 33 Minimum throttle percentage: 12
780,6/23/2025 1:48:35 PM,Microsoft-Windows-Kernel-Processor-Power,4,55,Processor 14 in group 0 exposes the following power management capabilities: Idle state type: ACPI Idle (LPI) States (3 state(s)) Performance state type: ACPI Collaborative Processor Performance Control Nominal Frequency (MHz): 3294 Maximum performance percentage: 161 Minimum performance percentage: 33 Minimum throttle percentage: 12
779,6/23/2025 1:48:35 PM,Microsoft-Windows-Kernel-Processor-Power,4,55,Processor 13 in group 0 exposes the following power management capabilities: Idle state type: ACPI Idle (LPI) States (3 state(s)) Performance state type: ACPI Collaborative Processor Performance Control Nominal Frequency (MHz): 3294 Maximum performance percentage: 175 Minimum performance percentage: 33 Minimum throttle percentage: 12
778,6/23/2025 1:48:35 PM,Microsoft-Windows-Kernel-Processor-Power,4,55,Processor 12 in group 0 exposes the following power management capabilities: Idle state type: ACPI Idle (LPI) States (3 state(s)) Performance state type: ACPI Collaborative Processor Performance Control Nominal Frequency (MHz): 3294 Maximum performance percentage: 175 Minimum performance percentage: 33 Minimum throttle percentage: 12
777,6/23/2025 1:48:35 PM,Microsoft-Windows-Kernel-Processor-Power,4,55,Processor 11 in group 0 exposes the following power management capabilities: Idle state type: ACPI Idle (LPI) States (3 state(s)) Performance state type: ACPI Collaborative Processor Performance Control Nominal Frequency (MHz): 3294 Maximum performance percentage: 157 Minimum performance percentage: 33 Minimum throttle percentage: 12
776,6/23/2025 1:48:35 PM,Microsoft-Windows-Kernel-Processor-Power,4,55,Processor 10 in group 0 exposes the following power management capabilities: Idle state type: ACPI Idle (LPI) States (3 state(s)) Performance state type: ACPI Collaborative Processor Performance Control Nominal Frequency (MHz): 3294 Maximum performance percentage: 157 Minimum performance percentage: 33 Minimum throttle percentage: 12
785,6/23/2025 1:48:50 PM,Microsoft-Windows-Wininit,4,14,"Credential Guard configuration: 0x0, 0"
750,6/23/2025 1:48:25 PM,Microsoft-Windows-Kernel-General,4,12,The operating system started at system time ‎2025‎-‎06‎-‎23T20:48:25.500000000Z.
749,6/23/2025 1:46:37 PM,Microsoft-Windows-Kernel-General,4,13,The operating system is shutting down at system time ‎2025‎-‎06‎-‎23T20:46:37.003924400Z.
748,6/23/2025 1:46:36 PM,Microsoft-Windows-Kernel-Power,4,109,The kernel power manager has initiated a shutdown transition. Shutdown Reason: Kernel API
723,6/23/2025 1:45:33 PM,Microsoft-Windows-Directory-Services-SAM,4,16962,Remote calls to the SAM database are being restricted using the default security descriptor: O:SYG:SYD:(A;;RC;;;BA). For more information please see http://go.microsoft.com/fwlink/?LinkId=787651.
722,6/23/2025 1:45:33 PM,Microsoft-Windows-Wininit,4,14,"Credential Guard configuration: 0x0, 0"
721,6/23/2025 1:45:30 PM,Microsoft-Windows-Ntfs,4,98,Volume \\?\Volume{1ba45877-b4cf-4e17-9412-317be10b8e00} (\Device\HarddiskVolume1) is healthy.  No action is needed.
720,6/23/2025 1:45:15 PM,Microsoft-Windows-Kernel-Power,4,521,Active battery count change.
719,6/23/2025 1:45:15 PM,Microsoft-Windows-Kernel-Power,4,521,Active battery count change.
718,6/23/2025 1:45:15 PM,Microsoft-Windows-Kernel-Processor-Power,4,55,Processor 15 in group 0 exposes the following power management capabilities: Idle state type: ACPI Idle (LPI) States (3 state(s)) Performance state type: ACPI Collaborative Processor Performance Control Nominal Frequency (MHz): 3294 Maximum performance percentage: 161 Minimum performance percentage: 33 Minimum throttle percentage: 12
717,6/23/2025 1:45:15 PM,Microsoft-Windows-Kernel-Processor-Power,4,55,Processor 14 in group 0 exposes the following power management capabilities: Idle state type: ACPI Idle (LPI) States (3 state(s)) Performance state type: ACPI Collaborative Processor Performance Control Nominal Frequency (MHz): 3294 Maximum performance percentage: 161 Minimum performance percentage: 33 Minimum throttle percentage: 12
716,6/23/2025 1:45:15 PM,Microsoft-Windows-Kernel-Processor-Power,4,55,Processor 13 in group 0 exposes the following power management capabilities: Idle state type: ACPI Idle (LPI) States (3 state(s)) Performance state type: ACPI Collaborative Processor Performance Control Nominal Frequency (MHz): 3294 Maximum performance percentage: 175 Minimum performance percentage: 33 Minimum throttle percentage: 12
715,6/23/2025 1:45:15 PM,Microsoft-Windows-Kernel-Processor-Power,4,55,Processor 12 in group 0 exposes the following power management capabilities: Idle state type: ACPI Idle (LPI) States (3 state(s)) Performance state type: ACPI Collaborative Processor Performance Control Nominal Frequency (MHz): 3294 Maximum performance percentage: 175 Minimum performance percentage: 33 Minimum throttle percentage: 12
724,6/23/2025 1:45:33 PM,Win32k,4,267,Touch/Touchpad Hardware Quality Assurance verification succeeded.
713,6/23/2025 1:45:15 PM,Microsoft-Windows-Kernel-Processor-Power,4,55,Processor 11 in group 0 exposes the following power management capabilities: Idle state type: ACPI Idle (LPI) States (3 state(s)) Performance state type: ACPI Collaborative Processor Performance Control Nominal Frequency (MHz): 3294 Maximum performance percentage: 157 Minimum performance percentage: 33 Minimum throttle percentage: 12
711,6/23/2025 1:45:15 PM,Microsoft-Windows-Kernel-Processor-Power,4,55,Processor 9 in group 0 exposes the following power management capabilities: Idle state type: ACPI Idle (LPI) States (3 state(s)) Performance state type: ACPI Collaborative Processor Performance Control Nominal Frequency (MHz): 3294 Maximum performance percentage: 175 Minimum performance percentage: 33 Minimum throttle percentage: 12
710,6/23/2025 1:45:15 PM,Microsoft-Windows-Kernel-Processor-Power,4,55,Processor 8 in group 0 exposes the following power management capabilities: Idle state type: ACPI Idle (LPI) States (3 state(s)) Performance state type: ACPI Collaborative Processor Performance Control Nominal Frequency (MHz): 3294 Maximum performance percentage: 175 Minimum performance percentage: 33 Minimum throttle percentage: 12
709,6/23/2025 1:45:15 PM,Microsoft-Windows-Kernel-Processor-Power,4,55,Processor 7 in group 0 exposes the following power management capabilities: Idle state type: ACPI Idle (LPI) States (3 state(s)) Performance state type: ACPI Collaborative Processor Performance Control Nominal Frequency (MHz): 3294 Maximum performance percentage: 148 Minimum performance percentage: 33 Minimum throttle percentage: 12
708,6/23/2025 1:45:15 PM,Microsoft-Windows-Kernel-Processor-Power,4,55,Processor 6 in group 0 exposes the following power management capabilities: Idle state type: ACPI Idle (LPI) States (3 state(s)) Performance state type: ACPI Collaborative Processor Performance Control Nominal Frequency (MHz): 3294 Maximum performance percentage: 148 Minimum performance percentage: 33 Minimum throttle percentage: 12
707,6/23/2025 1:45:15 PM,Microsoft-Windows-Kernel-Processor-Power,4,55,Processor 5 in group 0 exposes the following power management capabilities: Idle state type: ACPI Idle (LPI) States (3 state(s)) Performance state type: ACPI Collaborative Processor Performance Control Nominal Frequency (MHz): 3294 Maximum performance percentage: 170 Minimum performance percentage: 33 Minimum throttle percentage: 12
706,6/23/2025 1:45:15 PM,Microsoft-Windows-Kernel-Processor-Power,4,55,Processor 4 in group 0 exposes the following power management capabilities: Idle state type: ACPI Idle (LPI) States (3 state(s)) Performance state type: ACPI Collaborative Processor Performance Control Nominal Frequency (MHz): 3294 Maximum performance percentage: 170 Minimum performance percentage: 33 Minimum throttle percentage: 12
705,6/23/2025 1:45:15 PM,Microsoft-Windows-Kernel-Processor-Power,4,55,Processor 3 in group 0 exposes the following power management capabilities: Idle state type: ACPI Idle (LPI) States (3 state(s)) Performance state type: ACPI Collaborative Processor Performance Control Nominal Frequency (MHz): 3294 Maximum performance percentage: 152 Minimum performance percentage: 33 Minimum throttle percentage: 12
704,6/23/2025 1:45:15 PM,Microsoft-Windows-Kernel-Processor-Power,4,55,Processor 2 in group 0 exposes the following power management capabilities: Idle state type: ACPI Idle (LPI) States (3 state(s)) Performance state type: ACPI Collaborative Processor Performance Control Nominal Frequency (MHz): 3294 Maximum performance percentage: 152 Minimum performance percentage: 33 Minimum throttle percentage: 12
703,6/23/2025 1:45:15 PM,Microsoft-Windows-Kernel-Processor-Power,4,55,Processor 1 in group 0 exposes the following power management capabilities: Idle state type: ACPI Idle (LPI) States (3 state(s)) Performance state type: ACPI Collaborative Processor Performance Control Nominal Frequency (MHz): 3294 Maximum performance percentage: 166 Minimum performance percentage: 33 Minimum throttle percentage: 12
712,6/23/2025 1:45:15 PM,Microsoft-Windows-Kernel-Processor-Power,4,55,Processor 10 in group 0 exposes the following power management capabilities: Idle state type: ACPI Idle (LPI) States (3 state(s)) Performance state type: ACPI Collaborative Processor Performance Control Nominal Frequency (MHz): 3294 Maximum performance percentage: 157 Minimum performance percentage: 33 Minimum throttle percentage: 12
604,6/23/2025 3:46:34 AM,Microsoft-Windows-FilterManager,4,6,"File System Filter 'CldFlt' (10.0, ‎1976‎-‎11‎-‎19T00:44:15.000000000Z) has successfully loaded and registered with Filter Manager."
725,6/23/2025 1:45:33 PM,Win32k,4,267,Touch/Touchpad Hardware Quality Assurance verification succeeded.
727,6/23/2025 1:45:37 PM,Microsoft-Windows-Dhcp-Client,4,50103,DHCPv4 client registered for shutdown notification
747,6/23/2025 1:48:55 PM,EventLog,4,6013,The system uptime is 29 seconds.
746,6/23/2025 1:48:55 PM,EventLog,4,6005,The Event log service was started.
745,6/23/2025 1:48:55 PM,EventLog,4,6009,Microsoft (R) Windows (R) 10.00. 18362  Multiprocessor Free.
744,6/23/2025 1:46:30 PM,Microsoft-Windows-Dhcp-Client,4,50037,DHCPv4 client service is stopped. ShutDown Flag value is 1
743,6/23/2025 1:46:30 PM,Microsoft-Windows-Dhcp-Client,4,50106,DHCPv4 is waiting on DHCPv6 service to stop
742,6/23/2025 1:46:30 PM,Microsoft-Windows-DHCPv6-Client,4,51047,DHCPv6 client service is stopped. ShutDown Flag value is 1
741,6/23/2025 1:46:30 PM,Microsoft-Windows-Dhcp-Client,4,50105,DHCPv4 client ProcessDHCPRequestForever received TERMINATE_EVENT
740,6/23/2025 1:46:30 PM,Microsoft-Windows-Dhcp-Client,4,50104,DHCPv4 client received shutdown notification
739,6/23/2025 1:46:30 PM,Microsoft-Windows-Winlogon,4,7002,User Logoff Notification for Customer Experience Improvement Program
726,6/23/2025 1:45:37 PM,Microsoft-Windows-Dhcp-Client,4,50036,DHCPv4 client service is started
738,6/23/2025 1:46:29 PM,User32,4,1074,The process C:\Windows\System32\RuntimeBroker.exe (DESKTOP-CJNBGDQ) has initiated the restart of computer DESKTOP-CJNBGDQ on behalf of user DESKTOP-CJNBGDQ\Administrator for the following reason: Other (Unplanned)  Reason Code: 0x0  Shutdown Type: restart  Comment: 
736,6/23/2025 1:45:38 PM,Microsoft-Windows-Winlogon,4,7001,User Logon Notification for Customer Experience Improvement Program
735,6/23/2025 1:45:38 PM,TPM,4,18,This event triggers the Trusted Platform Module (TPM) provisioning/status check to run.
734,6/23/2025 1:45:37 PM,Microsoft-Windows-FilterManager,4,6,"File System Filter 'storqosflt' (10.0, ‎2084‎-‎07‎-‎23T22:29:44.000000000Z) has successfully loaded and registered with Filter Manager."
733,6/23/2025 1:45:37 PM,Microsoft-Windows-FilterManager,4,6,"File System Filter 'CldFlt' (10.0, ‎1976‎-‎11‎-‎19T00:44:15.000000000Z) has successfully loaded and registered with Filter Manager."
732,6/23/2025 1:45:37 PM,Microsoft-Windows-FilterManager,4,1,"File System Filter 'CldFlt' (Version 10.0, ‎1976‎-‎11‎-‎19T00:44:15.000000000Z) unloaded successfully."
731,6/23/2025 1:45:37 PM,Microsoft-Windows-FilterManager,4,6,"File System Filter 'CldFlt' (10.0, ‎1976‎-‎11‎-‎19T00:44:15.000000000Z) has successfully loaded and registered with Filter Manager."
730,6/23/2025 1:45:37 PM,Microsoft-Windows-FilterManager,4,6,"File System Filter 'luafv' (10.0, ‎1974‎-‎08‎-‎09T06:33:30.000000000Z) has successfully loaded and registered with Filter Manager."
729,6/23/2025 1:45:37 PM,Microsoft-Windows-FilterManager,4,6,"File System Filter 'wcifs' (10.0, ‎2021‎-‎10‎-‎19T06:10:02.000000000Z) has successfully loaded and registered with Filter Manager."
728,6/23/2025 1:45:37 PM,Microsoft-Windows-DHCPv6-Client,4,51046,DHCPv6 client service is started
737,6/23/2025 1:46:30 PM,EventLog,4,6006,The Event log service was stopped.
796,6/23/2025 1:48:55 PM,Microsoft-Windows-FilterManager,4,6,"File System Filter 'CldFlt' (10.0, ‎1976‎-‎11‎-‎19T00:44:15.000000000Z) has successfully loaded and registered with Filter Manager."
603,6/23/2025 3:46:34 AM,Microsoft-Windows-FilterManager,4,1,"File System Filter 'CldFlt' (Version 10.0, ‎1976‎-‎11‎-‎19T00:44:15.000000000Z) unloaded successfully."
601,6/23/2025 3:46:34 AM,Microsoft-Windows-FilterManager,4,6,"File System Filter 'luafv' (10.0, ‎1974‎-‎08‎-‎09T06:33:30.000000000Z) has successfully loaded and registered with Filter Manager."
476,6/23/2025 1:10:19 AM,Microsoft-Windows-UserPnp,4,20001,Driver Management concluded the process to install driver amdgpio2.inf_amd64_c72fc3523c1372d0 for Device Instance ID ACPI\AMDI0030\0 with the following status: 0x0.
475,6/23/2025 1:09:19 AM,Microsoft-Windows-Winlogon,4,7001,User Logon Notification for Customer Experience Improvement Program
474,6/23/2025 1:09:18 AM,TPM,4,18,This event triggers the Trusted Platform Module (TPM) provisioning/status check to run.
473,6/23/2025 1:09:18 AM,Microsoft-Windows-FilterManager,4,6,"File System Filter 'storqosflt' (10.0, ‎2084‎-‎07‎-‎23T22:29:44.000000000Z) has successfully loaded and registered with Filter Manager."
472,6/23/2025 1:09:18 AM,Microsoft-Windows-FilterManager,4,6,"File System Filter 'CldFlt' (10.0, ‎1976‎-‎11‎-‎19T00:44:15.000000000Z) has successfully loaded and registered with Filter Manager."
471,6/23/2025 1:09:18 AM,Microsoft-Windows-FilterManager,4,1,"File System Filter 'CldFlt' (Version 10.0, ‎1976‎-‎11‎-‎19T00:44:15.000000000Z) unloaded successfully."
470,6/23/2025 1:09:18 AM,Microsoft-Windows-FilterManager,4,6,"File System Filter 'CldFlt' (10.0, ‎1976‎-‎11‎-‎19T00:44:15.000000000Z) has successfully loaded and registered with Filter Manager."
469,6/23/2025 1:09:18 AM,Microsoft-Windows-FilterManager,4,6,"File System Filter 'luafv' (10.0, ‎1974‎-‎08‎-‎09T06:33:30.000000000Z) has successfully loaded and registered with Filter Manager."
468,6/23/2025 1:09:18 AM,Microsoft-Windows-FilterManager,4,6,"File System Filter 'wcifs' (10.0, ‎2021‎-‎10‎-‎19T06:10:02.000000000Z) has successfully loaded and registered with Filter Manager."
467,6/23/2025 1:09:18 AM,Microsoft-Windows-DHCPv6-Client,4,51046,DHCPv6 client service is started
466,6/23/2025 1:09:18 AM,Microsoft-Windows-Dhcp-Client,4,50103,DHCPv4 client registered for shutdown notification
465,6/23/2025 1:09:18 AM,Microsoft-Windows-Dhcp-Client,4,50036,DHCPv4 client service is started
464,6/23/2025 1:09:14 AM,Win32k,4,267,Touch/Touchpad Hardware Quality Assurance verification succeeded.
463,6/23/2025 1:09:13 AM,Microsoft-Windows-Directory-Services-SAM,4,16962,Remote calls to the SAM database are being restricted using the default security descriptor: O:SYG:SYD:(A;;RC;;;BA). For more information please see http://go.microsoft.com/fwlink/?LinkId=787651.
462,6/23/2025 1:09:13 AM,Microsoft-Windows-Wininit,4,14,"Credential Guard configuration: 0x0, 0"
461,6/23/2025 1:09:12 AM,Win32k,4,267,Touch/Touchpad Hardware Quality Assurance verification succeeded.
460,6/23/2025 1:09:12 AM,Microsoft-Windows-Ntfs,4,98,Volume \\?\Volume{1ba45877-b4cf-4e17-9412-317be10b8e00} (\Device\HarddiskVolume1) is healthy.  No action is needed.
459,6/23/2025 1:09:09 AM,Microsoft-Windows-Kernel-Power,4,521,Active battery count change.
458,6/23/2025 1:09:09 AM,Microsoft-Windows-Kernel-Power,4,521,Active battery count change.
477,6/23/2025 1:10:22 AM,Microsoft-Windows-UserPnp,4,20001,Driver Management concluded the process to install driver amdi2c.inf_amd64_f86694055c4c4959 for Device Instance ID ACPI\AMDI0010\0 with the following status: 0x0.
478,6/23/2025 1:10:22 AM,Win32k,4,267,Touch/Touchpad Hardware Quality Assurance verification succeeded.
479,6/23/2025 1:10:22 AM,Microsoft-Windows-UserPnp,4,20001,Driver Management concluded the process to install driver amdi2c.inf_amd64_f86694055c4c4959 for Device Instance ID ACPI\AMDI0010\3 with the following status: 0x0.
480,6/23/2025 1:10:25 AM,Service Control Manager,4,7045,A service was installed in the system. Service Name:  AMD Micro PEP Device Service File Name:  System32\drivers\AmdMicroPEP.sys Service Type:  kernel mode driver Service Start Type:  boot start Service Account:  
500,6/23/2025 1:11:10 AM,Microsoft-Windows-Kernel-General,4,12,The operating system started at system time ‎2025‎-‎06‎-‎23T08:11:10.500000000Z.
499,6/23/2025 1:11:00 AM,Microsoft-Windows-Kernel-General,4,13,The operating system is shutting down at system time ‎2025‎-‎06‎-‎23T08:11:00.145070000Z.
498,6/23/2025 1:10:59 AM,Microsoft-Windows-Kernel-Power,4,109,The kernel power manager has initiated a shutdown transition. Shutdown Reason: Kernel API
497,6/23/2025 1:11:28 AM,EventLog,4,6013,The system uptime is 18 seconds.
496,6/23/2025 1:11:28 AM,EventLog,4,6005,The Event log service was started.
495,6/23/2025 1:11:28 AM,EventLog,4,6009,Microsoft (R) Windows (R) 10.00. 18362  Multiprocessor Free.
494,6/23/2025 1:10:54 AM,Microsoft-Windows-Dhcp-Client,4,50037,DHCPv4 client service is stopped. ShutDown Flag value is 1
493,6/23/2025 1:10:54 AM,Microsoft-Windows-Dhcp-Client,4,50106,DHCPv4 is waiting on DHCPv6 service to stop
492,6/23/2025 1:10:54 AM,Microsoft-Windows-DHCPv6-Client,4,51047,DHCPv6 client service is stopped. ShutDown Flag value is 1
457,6/23/2025 1:09:09 AM,Microsoft-Windows-Kernel-Processor-Power,4,55,Processor 15 in group 0 exposes the following power management capabilities: Idle state type: ACPI Idle (LPI) States (3 state(s)) Performance state type: ACPI Collaborative Processor Performance Control Nominal Frequency (MHz): 3294 Maximum performance percentage: 161 Minimum performance percentage: 33 Minimum throttle percentage: 12
491,6/23/2025 1:10:54 AM,Microsoft-Windows-Dhcp-Client,4,50105,DHCPv4 client ProcessDHCPRequestForever received TERMINATE_EVENT
489,6/23/2025 1:10:54 AM,Microsoft-Windows-Winlogon,4,7002,User Logoff Notification for Customer Experience Improvement Program
488,6/23/2025 1:10:54 AM,User32,4,1074,The process C:\Windows\system32\winlogon.exe (DESKTOP-CJNBGDQ) has initiated the restart of computer DESKTOP-CJNBGDQ on behalf of user NT AUTHORITY\SYSTEM for the following reason: No title for this reason could be found  Reason Code: 0x500ff  Shutdown Type: restart  Comment: 
487,6/23/2025 1:10:54 AM,EventLog,4,6006,The Event log service was stopped.
486,6/23/2025 1:10:40 AM,Microsoft-Windows-UserModePowerService,4,22,Reapply power settings upon completion of the provisioning engine's turn 5
485,6/23/2025 1:10:40 AM,Microsoft-Windows-Kernel-General,4,16,The access history in hive \??\C:\ProgramData\Microsoft\Provisioning\Microsoft-Desktop-Provisioning-Sequence.dat was cleared updating 0 keys and creating 0 modified pages.
484,6/23/2025 1:10:34 AM,Microsoft-Windows-UserPnp,4,20001,Driver Management concluded the process to install driver smbusamd.inf_amd64_e470528883cc6bc5 for Device Instance ID PCI\VEN_1022&DEV_790B&SUBSYS_16021043&REV_51\3&11583659&0&A0 with the following status: 0x0.
483,6/23/2025 1:10:31 AM,Microsoft-Windows-UserPnp,4,20001,Driver Management concluded the process to install driver amdpsp.inf_amd64_db1b2556e686c32f for Device Instance ID PCI\VEN_1022&DEV_15DF&SUBSYS_16021043&REV_00\4&12C9051D&0&0241 with the following status: 0x0.
482,6/23/2025 1:10:31 AM,Service Control Manager,4,7045,A service was installed in the system. Service Name:  AMD PSP Service Service File Name:  System32\drivers\amdpsp.sys Service Type:  kernel mode driver Service Start Type:  boot start Service Account:  
481,6/23/2025 1:10:25 AM,Microsoft-Windows-UserPnp,4,20001,Driver Management concluded the process to install driver amdmicropep.inf_amd64_0063ba3efd77500b for Device Instance ID ACPI\AMDI0005\1 with the following status: 0x0.
490,6/23/2025 1:10:54 AM,Microsoft-Windows-Dhcp-Client,4,50104,DHCPv4 client received shutdown notification
501,6/23/2025 1:11:10 AM,Microsoft-Windows-Kernel-Boot,4,153,Virtualization-based security (policies: 0) is disabled.
455,6/23/2025 1:09:09 AM,Microsoft-Windows-Kernel-Processor-Power,4,55,Processor 14 in group 0 exposes the following power management capabilities: Idle state type: ACPI Idle (LPI) States (3 state(s)) Performance state type: ACPI Collaborative Processor Performance Control Nominal Frequency (MHz): 3294 Maximum performance percentage: 161 Minimum performance percentage: 33 Minimum throttle percentage: 12
453,6/23/2025 1:09:09 AM,Microsoft-Windows-Kernel-Processor-Power,4,55,Processor 12 in group 0 exposes the following power management capabilities: Idle state type: ACPI Idle (LPI) States (3 state(s)) Performance state type: ACPI Collaborative Processor Performance Control Nominal Frequency (MHz): 3294 Maximum performance percentage: 175 Minimum performance percentage: 33 Minimum throttle percentage: 12
