1014,6/23/2025 6:19:40 PM,Microsoft-Windows-Kernel-Processor-Power,4,55,Processor 1 in group 0 exposes the following power management capabilities: Idle state type: ACPI Idle (LPI) States (3 state(s)) Performance state type: ACPI Collaborative Processor Performance Control Nominal Frequency (MHz): 3294 Maximum performance percentage: 166 Minimum performance percentage: 33 Minimum throttle percentage: 12
1013,6/23/2025 6:19:40 PM,Microsoft-Windows-Kernel-Processor-Power,4,55,Processor 0 in group 0 exposes the following power management capabilities: Idle state type: ACPI Idle (LPI) States (3 state(s)) Performance state type: ACPI Collaborative Processor Performance Control Nominal Frequency (MHz): 3294 Maximum performance percentage: 166 Minimum performance percentage: 33 Minimum throttle percentage: 12
1011,6/23/2025 6:19:39 PM,Microsoft-Windows-FilterManager,4,6,"File System Filter 'npsvctrig' (10.0, ‎1977‎-‎09‎-‎12T08:19:34.000000000Z) has successfully loaded and registered with Filter Manager."
1010,6/23/2025 6:19:39 PM,Microsoft-Windows-FilterManager,4,6,"File System Filter 'FileCrypt' (10.0, ‎2011‎-‎10‎-‎30T08:56:49.000000000Z) has successfully loaded and registered with Filter Manager."
1009,6/23/2025 6:19:39 PM,Microsoft-Windows-Ntfs,4,98,Volume C: (\Device\HarddiskVolume4) is healthy.  No action is needed.
1008,6/23/2025 6:19:38 PM,Microsoft-Windows-FilterManager,4,6,"File System Filter 'WdFilter' (10.0, ‎2073‎-‎10‎-‎13T02:22:50.000000000Z) has successfully loaded and registered with Filter Manager."
1018,6/23/2025 6:19:40 PM,Microsoft-Windows-Kernel-Processor-Power,4,55,Processor 5 in group 0 exposes the following power management capabilities: Idle state type: ACPI Idle (LPI) States (3 state(s)) Performance state type: ACPI Collaborative Processor Performance Control Nominal Frequency (MHz): 3294 Maximum performance percentage: 170 Minimum performance percentage: 33 Minimum throttle percentage: 12
1079,6/23/2025 6:22:57 PM,Microsoft-Windows-Kernel-Processor-Power,4,55,Processor 7 in group 0 exposes the following power management capabilities: Idle state type: ACPI Idle (LPI) States (3 state(s)) Performance state type: ACPI Collaborative Processor Performance Control Nominal Frequency (MHz): 3294 Maximum performance percentage: 148 Minimum performance percentage: 33 Minimum throttle percentage: 12
1080,6/23/2025 6:22:57 PM,Microsoft-Windows-Kernel-Processor-Power,4,55,Processor 8 in group 0 exposes the following power management capabilities: Idle state type: ACPI Idle (LPI) States (3 state(s)) Performance state type: ACPI Collaborative Processor Performance Control Nominal Frequency (MHz): 3294 Maximum performance percentage: 175 Minimum performance percentage: 33 Minimum throttle percentage: 12
1081,6/23/2025 6:22:57 PM,Microsoft-Windows-Kernel-Processor-Power,4,55,Processor 9 in group 0 exposes the following power management capabilities: Idle state type: ACPI Idle (LPI) States (3 state(s)) Performance state type: ACPI Collaborative Processor Performance Control Nominal Frequency (MHz): 3294 Maximum performance percentage: 175 Minimum performance percentage: 33 Minimum throttle percentage: 12
1148,6/23/2025 6:25:00 PM,Microsoft-Windows-Kernel-Processor-Power,4,55,Processor 11 in group 0 exposes the following power management capabilities: Idle state type: ACPI Idle (LPI) States (3 state(s)) Performance state type: ACPI Collaborative Processor Performance Control Nominal Frequency (MHz): 3294 Maximum performance percentage: 157 Minimum performance percentage: 33 Minimum throttle percentage: 12
1147,6/23/2025 6:25:00 PM,Microsoft-Windows-Kernel-Processor-Power,4,55,Processor 10 in group 0 exposes the following power management capabilities: Idle state type: ACPI Idle (LPI) States (3 state(s)) Performance state type: ACPI Collaborative Processor Performance Control Nominal Frequency (MHz): 3294 Maximum performance percentage: 157 Minimum performance percentage: 33 Minimum throttle percentage: 12
1146,6/23/2025 6:25:00 PM,Microsoft-Windows-Kernel-Processor-Power,4,55,Processor 9 in group 0 exposes the following power management capabilities: Idle state type: ACPI Idle (LPI) States (3 state(s)) Performance state type: ACPI Collaborative Processor Performance Control Nominal Frequency (MHz): 3294 Maximum performance percentage: 175 Minimum performance percentage: 33 Minimum throttle percentage: 12
1145,6/23/2025 6:25:00 PM,Microsoft-Windows-Kernel-Processor-Power,4,55,Processor 8 in group 0 exposes the following power management capabilities: Idle state type: ACPI Idle (LPI) States (3 state(s)) Performance state type: ACPI Collaborative Processor Performance Control Nominal Frequency (MHz): 3294 Maximum performance percentage: 175 Minimum performance percentage: 33 Minimum throttle percentage: 12
1144,6/23/2025 6:25:00 PM,Microsoft-Windows-Kernel-Processor-Power,4,55,Processor 7 in group 0 exposes the following power management capabilities: Idle state type: ACPI Idle (LPI) States (3 state(s)) Performance state type: ACPI Collaborative Processor Performance Control Nominal Frequency (MHz): 3294 Maximum performance percentage: 148 Minimum performance percentage: 33 Minimum throttle percentage: 12
1143,6/23/2025 6:25:00 PM,Microsoft-Windows-Kernel-Processor-Power,4,55,Processor 6 in group 0 exposes the following power management capabilities: Idle state type: ACPI Idle (LPI) States (3 state(s)) Performance state type: ACPI Collaborative Processor Performance Control Nominal Frequency (MHz): 3294 Maximum performance percentage: 148 Minimum performance percentage: 33 Minimum throttle percentage: 12
1142,6/23/2025 6:25:00 PM,Microsoft-Windows-Kernel-Processor-Power,4,55,Processor 5 in group 0 exposes the following power management capabilities: Idle state type: ACPI Idle (LPI) States (3 state(s)) Performance state type: ACPI Collaborative Processor Performance Control Nominal Frequency (MHz): 3294 Maximum performance percentage: 170 Minimum performance percentage: 33 Minimum throttle percentage: 12
1141,6/23/2025 6:25:00 PM,Microsoft-Windows-Kernel-Processor-Power,4,55,Processor 4 in group 0 exposes the following power management capabilities: Idle state type: ACPI Idle (LPI) States (3 state(s)) Performance state type: ACPI Collaborative Processor Performance Control Nominal Frequency (MHz): 3294 Maximum performance percentage: 170 Minimum performance percentage: 33 Minimum throttle percentage: 12
1140,6/23/2025 6:25:00 PM,Microsoft-Windows-Kernel-Processor-Power,4,55,Processor 3 in group 0 exposes the following power management capabilities: Idle state type: ACPI Idle (LPI) States (3 state(s)) Performance state type: ACPI Collaborative Processor Performance Control Nominal Frequency (MHz): 3294 Maximum performance percentage: 152 Minimum performance percentage: 33 Minimum throttle percentage: 12
1139,6/23/2025 6:25:00 PM,Microsoft-Windows-Kernel-Processor-Power,4,55,Processor 2 in group 0 exposes the following power management capabilities: Idle state type: ACPI Idle (LPI) States (3 state(s)) Performance state type: ACPI Collaborative Processor Performance Control Nominal Frequency (MHz): 3294 Maximum performance percentage: 152 Minimum performance percentage: 33 Minimum throttle percentage: 12
1138,6/23/2025 6:25:00 PM,Microsoft-Windows-Kernel-Processor-Power,4,55,Processor 1 in group 0 exposes the following power management capabilities: Idle state type: ACPI Idle (LPI) States (3 state(s)) Performance state type: ACPI Collaborative Processor Performance Control Nominal Frequency (MHz): 3294 Maximum performance percentage: 166 Minimum performance percentage: 33 Minimum throttle percentage: 12
1137,6/23/2025 6:25:00 PM,Microsoft-Windows-Kernel-Processor-Power,4,55,Processor 0 in group 0 exposes the following power management capabilities: Idle state type: ACPI Idle (LPI) States (3 state(s)) Performance state type: ACPI Collaborative Processor Performance Control Nominal Frequency (MHz): 3294 Maximum performance percentage: 166 Minimum performance percentage: 33 Minimum throttle percentage: 12
1136,6/23/2025 6:24:59 PM,Microsoft-Windows-FilterManager,4,6,"File System Filter 'npsvctrig' (10.0, ‎1977‎-‎09‎-‎12T08:19:34.000000000Z) has successfully loaded and registered with Filter Manager."
1135,6/23/2025 6:24:59 PM,Microsoft-Windows-FilterManager,4,6,"File System Filter 'FileCrypt' (10.0, ‎2011‎-‎10‎-‎30T08:56:49.000000000Z) has successfully loaded and registered with Filter Manager."
1134,6/23/2025 6:24:59 PM,Microsoft-Windows-Ntfs,4,98,Volume C: (\Device\HarddiskVolume4) is healthy.  No action is needed.
1133,6/23/2025 6:24:58 PM,Microsoft-Windows-FilterManager,4,6,"File System Filter 'WdFilter' (10.0, ‎2073‎-‎10‎-‎13T02:22:50.000000000Z) has successfully loaded and registered with Filter Manager."
1132,6/23/2025 6:24:58 PM,Microsoft-Windows-FilterManager,4,6,"File System Filter 'Wof' (10.0, ‎2002‎-‎04‎-‎12T14:36:07.000000000Z) has successfully loaded and registered with Filter Manager."
1131,6/23/2025 6:24:58 PM,Microsoft-Windows-FilterManager,4,6,"File System Filter 'FileInfo' (10.0, ‎1989‎-‎07‎-‎12T18:15:12.000000000Z) has successfully loaded and registered with Filter Manager."
1130,6/23/2025 6:24:51 PM,Microsoft-Windows-Kernel-General,4,20,The leap second configuration has been updated. Reason: Leap second data initialized from registry during boot Leap seconds enabled: true New leap second count: 0 Old leap second count: 0
1149,6/23/2025 6:25:00 PM,Microsoft-Windows-Kernel-Processor-Power,4,55,Processor 12 in group 0 exposes the following power management capabilities: Idle state type: ACPI Idle (LPI) States (3 state(s)) Performance state type: ACPI Collaborative Processor Performance Control Nominal Frequency (MHz): 3294 Maximum performance percentage: 175 Minimum performance percentage: 33 Minimum throttle percentage: 12
1151,6/23/2025 6:25:01 PM,Microsoft-Windows-Kernel-Processor-Power,4,55,Processor 13 in group 0 exposes the following power management capabilities: Idle state type: ACPI Idle (LPI) States (3 state(s)) Performance state type: ACPI Collaborative Processor Performance Control Nominal Frequency (MHz): 3294 Maximum performance percentage: 175 Minimum performance percentage: 33 Minimum throttle percentage: 12
1152,6/23/2025 6:25:01 PM,Microsoft-Windows-Kernel-Processor-Power,4,55,Processor 14 in group 0 exposes the following power management capabilities: Idle state type: ACPI Idle (LPI) States (3 state(s)) Performance state type: ACPI Collaborative Processor Performance Control Nominal Frequency (MHz): 3294 Maximum performance percentage: 161 Minimum performance percentage: 33 Minimum throttle percentage: 12
1153,6/23/2025 6:25:01 PM,Microsoft-Windows-Kernel-Processor-Power,4,55,Processor 15 in group 0 exposes the following power management capabilities: Idle state type: ACPI Idle (LPI) States (3 state(s)) Performance state type: ACPI Collaborative Processor Performance Control Nominal Frequency (MHz): 3294 Maximum performance percentage: 161 Minimum performance percentage: 33 Minimum throttle percentage: 12
1173,6/23/2025 6:25:19 PM,Microsoft-Windows-Winlogon,4,7001,User Logon Notification for Customer Experience Improvement Program
1172,6/23/2025 6:25:18 PM,Microsoft-Windows-FilterManager,4,6,"File System Filter 'storqosflt' (10.0, ‎2084‎-‎07‎-‎23T22:29:44.000000000Z) has successfully loaded and registered with Filter Manager."
1171,6/23/2025 6:25:18 PM,Microsoft-Windows-FilterManager,4,6,"File System Filter 'CldFlt' (10.0, ‎1976‎-‎11‎-‎19T00:44:15.000000000Z) has successfully loaded and registered with Filter Manager."
1170,6/23/2025 6:25:18 PM,Microsoft-Windows-FilterManager,4,1,"File System Filter 'CldFlt' (Version 10.0, ‎1976‎-‎11‎-‎19T00:44:15.000000000Z) unloaded successfully."
1169,6/23/2025 6:25:18 PM,Microsoft-Windows-FilterManager,4,6,"File System Filter 'CldFlt' (10.0, ‎1976‎-‎11‎-‎19T00:44:15.000000000Z) has successfully loaded and registered with Filter Manager."
1168,6/23/2025 6:25:18 PM,Microsoft-Windows-FilterManager,4,6,"File System Filter 'luafv' (10.0, ‎1974‎-‎08‎-‎09T06:33:30.000000000Z) has successfully loaded and registered with Filter Manager."
1167,6/23/2025 6:25:18 PM,Microsoft-Windows-FilterManager,4,6,"File System Filter 'wcifs' (10.0, ‎2021‎-‎10‎-‎19T06:10:02.000000000Z) has successfully loaded and registered with Filter Manager."
1166,6/23/2025 6:25:18 PM,Microsoft-Windows-DHCPv6-Client,4,51046,DHCPv6 client service is started
1165,6/23/2025 6:25:18 PM,Microsoft-Windows-Dhcp-Client,4,50103,DHCPv4 client registered for shutdown notification
1129,6/23/2025 6:24:51 PM,Microsoft-Windows-Kernel-Boot,4,30,The firmware reported boot metrics.
1164,6/23/2025 6:25:18 PM,Microsoft-Windows-Dhcp-Client,4,50036,DHCPv4 client service is started
1162,6/23/2025 6:25:14 PM,Win32k,4,267,Touch/Touchpad Hardware Quality Assurance verification succeeded.
1161,6/23/2025 6:25:14 PM,Microsoft-Windows-Directory-Services-SAM,4,16962,Remote calls to the SAM database are being restricted using the default security descriptor: O:SYG:SYD:(A;;RC;;;BA). For more information please see http://go.microsoft.com/fwlink/?LinkId=787651.
1160,6/23/2025 6:25:14 PM,Microsoft-Windows-Wininit,4,14,"Credential Guard configuration: 0x0, 0"
1159,6/23/2025 6:25:12 PM,Microsoft-Windows-Ntfs,4,98,Volume \\?\Volume{1ba45877-b4cf-4e17-9412-317be10b8e00} (\Device\HarddiskVolume1) is healthy.  No action is needed.
1158,6/23/2025 6:25:11 PM,Microsoft-Windows-Ntfs,4,98,Volume H: (\Device\HarddiskVolume8) is healthy.  No action is needed.
1157,6/23/2025 6:25:10 PM,Microsoft-Windows-Ntfs,4,98,Volume I: (\Device\HarddiskVolume11) is healthy.  No action is needed.
1156,6/23/2025 6:25:06 PM,Microsoft-Windows-Ntfs,4,98,Volume G: (\Device\HarddiskVolume7) is healthy.  No action is needed.
1155,6/23/2025 6:25:01 PM,Microsoft-Windows-Kernel-Power,4,521,Active battery count change.
1154,6/23/2025 6:25:01 PM,Microsoft-Windows-Kernel-Power,4,521,Active battery count change.
1163,6/23/2025 6:25:14 PM,Win32k,4,267,Touch/Touchpad Hardware Quality Assurance verification succeeded.
1128,6/23/2025 6:24:51 PM,Microsoft-Windows-Kernel-Boot,4,32,The bootmgr spent 0 ms waiting for user input.
1127,6/23/2025 6:24:51 PM,Microsoft-Windows-Kernel-Boot,4,18,There are 0x1 boot options on this system.
1126,6/23/2025 6:24:51 PM,Microsoft-Windows-Kernel-Boot,4,27,The boot type was 0x0.
1101,6/23/2025 6:23:16 PM,Microsoft-Windows-FilterManager,4,6,"File System Filter 'wcifs' (10.0, ‎2021‎-‎10‎-‎19T06:10:02.000000000Z) has successfully loaded and registered with Filter Manager."
1100,6/23/2025 6:23:16 PM,Microsoft-Windows-DHCPv6-Client,4,51046,DHCPv6 client service is started
1099,6/23/2025 6:23:16 PM,Microsoft-Windows-Dhcp-Client,4,50103,DHCPv4 client registered for shutdown notification
1098,6/23/2025 6:23:16 PM,Microsoft-Windows-Dhcp-Client,4,50036,DHCPv4 client service is started
1097,6/23/2025 6:23:12 PM,Win32k,4,267,Touch/Touchpad Hardware Quality Assurance verification succeeded.
1096,6/23/2025 6:23:11 PM,Win32k,4,267,Touch/Touchpad Hardware Quality Assurance verification succeeded.
1095,6/23/2025 6:23:11 PM,Microsoft-Windows-Directory-Services-SAM,4,16962,Remote calls to the SAM database are being restricted using the default security descriptor: O:SYG:SYD:(A;;RC;;;BA). For more information please see http://go.microsoft.com/fwlink/?LinkId=787651.
1094,6/23/2025 6:23:11 PM,Microsoft-Windows-Wininit,4,14,"Credential Guard configuration: 0x0, 0"
1093,6/23/2025 6:23:09 PM,Microsoft-Windows-Ntfs,4,98,Volume \\?\Volume{1ba45877-b4cf-4e17-9412-317be10b8e00} (\Device\HarddiskVolume1) is healthy.  No action is needed.
1102,6/23/2025 6:23:16 PM,Microsoft-Windows-FilterManager,4,6,"File System Filter 'luafv' (10.0, ‎1974‎-‎08‎-‎09T06:33:30.000000000Z) has successfully loaded and registered with Filter Manager."
1092,6/23/2025 6:23:08 PM,Microsoft-Windows-Ntfs,4,98,Volume H: (\Device\HarddiskVolume8) is healthy.  No action is needed.
1090,6/23/2025 6:23:03 PM,Microsoft-Windows-Ntfs,4,98,Volume G: (\Device\HarddiskVolume7) is healthy.  No action is needed.
1089,6/23/2025 6:22:58 PM,Microsoft-Windows-Kernel-Power,4,521,Active battery count change.
1088,6/23/2025 6:22:58 PM,Microsoft-Windows-Kernel-Power,4,521,Active battery count change.
1087,6/23/2025 6:22:58 PM,Microsoft-Windows-Kernel-Processor-Power,4,55,Processor 15 in group 0 exposes the following power management capabilities: Idle state type: ACPI Idle (LPI) States (3 state(s)) Performance state type: ACPI Collaborative Processor Performance Control Nominal Frequency (MHz): 3294 Maximum performance percentage: 161 Minimum performance percentage: 33 Minimum throttle percentage: 12
1086,6/23/2025 6:22:57 PM,Microsoft-Windows-Kernel-Processor-Power,4,55,Processor 14 in group 0 exposes the following power management capabilities: Idle state type: ACPI Idle (LPI) States (3 state(s)) Performance state type: ACPI Collaborative Processor Performance Control Nominal Frequency (MHz): 3294 Maximum performance percentage: 161 Minimum performance percentage: 33 Minimum throttle percentage: 12
1085,6/23/2025 6:22:57 PM,Microsoft-Windows-Kernel-Processor-Power,4,55,Processor 13 in group 0 exposes the following power management capabilities: Idle state type: ACPI Idle (LPI) States (3 state(s)) Performance state type: ACPI Collaborative Processor Performance Control Nominal Frequency (MHz): 3294 Maximum performance percentage: 175 Minimum performance percentage: 33 Minimum throttle percentage: 12
1084,6/23/2025 6:22:57 PM,Microsoft-Windows-Kernel-Processor-Power,4,55,Processor 12 in group 0 exposes the following power management capabilities: Idle state type: ACPI Idle (LPI) States (3 state(s)) Performance state type: ACPI Collaborative Processor Performance Control Nominal Frequency (MHz): 3294 Maximum performance percentage: 175 Minimum performance percentage: 33 Minimum throttle percentage: 12
1083,6/23/2025 6:22:57 PM,Microsoft-Windows-Kernel-Processor-Power,4,55,Processor 11 in group 0 exposes the following power management capabilities: Idle state type: ACPI Idle (LPI) States (3 state(s)) Performance state type: ACPI Collaborative Processor Performance Control Nominal Frequency (MHz): 3294 Maximum performance percentage: 157 Minimum performance percentage: 33 Minimum throttle percentage: 12
1082,6/23/2025 6:22:57 PM,Microsoft-Windows-Kernel-Processor-Power,4,55,Processor 10 in group 0 exposes the following power management capabilities: Idle state type: ACPI Idle (LPI) States (3 state(s)) Performance state type: ACPI Collaborative Processor Performance Control Nominal Frequency (MHz): 3294 Maximum performance percentage: 157 Minimum performance percentage: 33 Minimum throttle percentage: 12
1091,6/23/2025 6:23:07 PM,Microsoft-Windows-Ntfs,4,98,Volume I: (\Device\HarddiskVolume11) is healthy.  No action is needed.
983,6/23/2025 6:15:03 PM,Microsoft-Windows-Dhcp-Client,4,50103,DHCPv4 client registered for shutdown notification
1103,6/23/2025 6:23:16 PM,Microsoft-Windows-FilterManager,4,6,"File System Filter 'CldFlt' (10.0, ‎1976‎-‎11‎-‎19T00:44:15.000000000Z) has successfully loaded and registered with Filter Manager."
1105,6/23/2025 6:23:16 PM,Microsoft-Windows-FilterManager,4,6,"File System Filter 'CldFlt' (10.0, ‎1976‎-‎11‎-‎19T00:44:15.000000000Z) has successfully loaded and registered with Filter Manager."
1125,6/23/2025 6:24:51 PM,Microsoft-Windows-Kernel-Boot,4,25,The boot menu policy was 0x1.
1124,6/23/2025 6:24:51 PM,Microsoft-Windows-Kernel-Boot,4,20,The last shutdown's success status was true. The last boot's success status was true.
1123,6/23/2025 6:24:51 PM,Microsoft-Windows-Kernel-Boot,4,153,Virtualization-based security (policies: 0) is disabled.
1122,6/23/2025 6:24:51 PM,Microsoft-Windows-Kernel-General,4,12,The operating system started at system time ‎2025‎-‎06‎-‎24T01:24:51.500000000Z.
1121,6/23/2025 6:24:26 PM,Microsoft-Windows-Kernel-General,4,13,The operating system is shutting down at system time ‎2025‎-‎06‎-‎24T01:24:26.740922500Z.
1120,6/23/2025 6:24:24 PM,Microsoft-Windows-Kernel-Power,4,109,The kernel power manager has initiated a shutdown transition. Shutdown Reason: Kernel API
1119,6/23/2025 6:25:18 PM,EventLog,4,6013,The system uptime is 27 seconds.
1118,6/23/2025 6:25:18 PM,EventLog,4,6005,The Event log service was started.
1117,6/23/2025 6:25:18 PM,EventLog,4,6009,Microsoft (R) Windows (R) 10.00. 18362  Multiprocessor Free.
1104,6/23/2025 6:23:16 PM,Microsoft-Windows-FilterManager,4,1,"File System Filter 'CldFlt' (Version 10.0, ‎1976‎-‎11‎-‎19T00:44:15.000000000Z) unloaded successfully."
1116,6/23/2025 6:24:19 PM,Microsoft-Windows-Dhcp-Client,4,50037,DHCPv4 client service is stopped. ShutDown Flag value is 1
1114,6/23/2025 6:24:19 PM,Microsoft-Windows-DHCPv6-Client,4,51047,DHCPv6 client service is stopped. ShutDown Flag value is 1
1113,6/23/2025 6:24:19 PM,Microsoft-Windows-Dhcp-Client,4,50105,DHCPv4 client ProcessDHCPRequestForever received TERMINATE_EVENT
1112,6/23/2025 6:24:19 PM,Microsoft-Windows-Dhcp-Client,4,50104,DHCPv4 client received shutdown notification
1111,6/23/2025 6:24:19 PM,Microsoft-Windows-Winlogon,4,7002,User Logoff Notification for Customer Experience Improvement Program
1110,6/23/2025 6:24:19 PM,User32,4,1074,The process C:\Windows\System32\RuntimeBroker.exe (DESKTOP-CJNBGDQ) has initiated the restart of computer DESKTOP-CJNBGDQ on behalf of user DESKTOP-CJNBGDQ\Administrator for the following reason: Other (Unplanned)  Reason Code: 0x0  Shutdown Type: restart  Comment: 
1109,6/23/2025 6:24:19 PM,EventLog,4,6006,The Event log service was stopped.
1108,6/23/2025 6:23:18 PM,TPM,4,18,This event triggers the Trusted Platform Module (TPM) provisioning/status check to run.
1107,6/23/2025 6:23:17 PM,Microsoft-Windows-Winlogon,4,7001,User Logon Notification for Customer Experience Improvement Program
1106,6/23/2025 6:23:16 PM,Microsoft-Windows-FilterManager,4,6,"File System Filter 'storqosflt' (10.0, ‎2084‎-‎07‎-‎23T22:29:44.000000000Z) has successfully loaded and registered with Filter Manager."
1115,6/23/2025 6:24:19 PM,Microsoft-Windows-Dhcp-Client,4,50106,DHCPv4 is waiting on DHCPv6 service to stop
982,6/23/2025 6:15:03 PM,Microsoft-Windows-Dhcp-Client,4,50036,DHCPv4 client service is started
987,6/23/2025 6:15:03 PM,Microsoft-Windows-FilterManager,4,6,"File System Filter 'CldFlt' (10.0, ‎1976‎-‎11‎-‎19T00:44:15.000000000Z) has successfully loaded and registered with Filter Manager."
980,6/23/2025 6:14:59 PM,Win32k,4,267,Touch/Touchpad Hardware Quality Assurance verification succeeded.
870,6/23/2025 6:11:02 PM,Microsoft-Windows-Ntfs,4,98,Volume C: (\Device\HarddiskVolume4) is healthy.  No action is needed.
869,6/23/2025 6:11:01 PM,Microsoft-Windows-FilterManager,4,6,"File System Filter 'WdFilter' (10.0, ‎2073‎-‎10‎-‎13T02:22:50.000000000Z) has successfully loaded and registered with Filter Manager."
868,6/23/2025 6:11:01 PM,Microsoft-Windows-FilterManager,4,6,"File System Filter 'Wof' (10.0, ‎2002‎-‎04‎-‎12T14:36:07.000000000Z) has successfully loaded and registered with Filter Manager."
867,6/23/2025 6:11:01 PM,Microsoft-Windows-FilterManager,4,6,"File System Filter 'FileInfo' (10.0, ‎1989‎-‎07‎-‎12T18:15:12.000000000Z) has successfully loaded and registered with Filter Manager."
866,6/23/2025 6:10:54 PM,Microsoft-Windows-Kernel-General,4,20,The leap second configuration has been updated. Reason: Leap second data initialized from registry during boot Leap seconds enabled: true New leap second count: 0 Old leap second count: 0
865,6/23/2025 6:10:54 PM,Microsoft-Windows-Kernel-Boot,4,30,The firmware reported boot metrics.
864,6/23/2025 6:10:54 PM,Microsoft-Windows-Kernel-Boot,4,32,The bootmgr spent 0 ms waiting for user input.
863,6/23/2025 6:10:54 PM,Microsoft-Windows-Kernel-Boot,4,18,There are 0x1 boot options on this system.
862,6/23/2025 6:10:54 PM,Microsoft-Windows-Kernel-Boot,4,27,The boot type was 0x0.
871,6/23/2025 6:11:02 PM,Microsoft-Windows-FilterManager,4,6,"File System Filter 'FileCrypt' (10.0, ‎2011‎-‎10‎-‎30T08:56:49.000000000Z) has successfully loaded and registered with Filter Manager."
861,6/23/2025 6:10:54 PM,Microsoft-Windows-Kernel-Boot,4,25,The boot menu policy was 0x1.
859,6/23/2025 6:10:54 PM,Microsoft-Windows-Kernel-Boot,4,153,Virtualization-based security (policies: 0) is disabled.
858,6/23/2025 6:11:25 PM,EventLog,4,6013,The system uptime is 31 seconds.
857,6/23/2025 6:11:25 PM,EventLog,4,6005,The Event log service was started.
856,6/23/2025 6:11:25 PM,EventLog,4,6009,Microsoft (R) Windows (R) 10.00. 18362  Multiprocessor Free.
854,6/23/2025 6:10:54 PM,Microsoft-Windows-Kernel-General,4,12,The operating system started at system time ‎2025‎-‎06‎-‎24T01:10:54.500000000Z.
853,6/23/2025 1:58:40 PM,Microsoft-Windows-Winlogon,4,7001,User Logon Notification for Customer Experience Improvement Program
852,6/23/2025 1:58:40 PM,TPM,4,18,This event triggers the Trusted Platform Module (TPM) provisioning/status check to run.
851,6/23/2025 1:58:39 PM,Microsoft-Windows-FilterManager,4,6,"File System Filter 'storqosflt' (10.0, ‎2084‎-‎07‎-‎23T22:29:44.000000000Z) has successfully loaded and registered with Filter Manager."
850,6/23/2025 1:58:39 PM,Microsoft-Windows-FilterManager,4,6,"File System Filter 'CldFlt' (10.0, ‎1976‎-‎11‎-‎19T00:44:15.000000000Z) has successfully loaded and registered with Filter Manager."
860,6/23/2025 6:10:54 PM,Microsoft-Windows-Kernel-Boot,4,20,The last shutdown's success status was false. The last boot's success status was true.
849,6/23/2025 1:58:39 PM,Microsoft-Windows-FilterManager,4,1,"File System Filter 'CldFlt' (Version 10.0, ‎1976‎-‎11‎-‎19T00:44:15.000000000Z) unloaded successfully."
872,6/23/2025 6:11:02 PM,Microsoft-Windows-FilterManager,4,6,"File System Filter 'npsvctrig' (10.0, ‎1977‎-‎09‎-‎12T08:19:34.000000000Z) has successfully loaded and registered with Filter Manager."
875,6/23/2025 6:11:03 PM,Microsoft-Windows-Kernel-Processor-Power,4,55,Processor 1 in group 0 exposes the following power management capabilities: Idle state type: ACPI Idle (LPI) States (3 state(s)) Performance state type: ACPI Collaborative Processor Performance Control Nominal Frequency (MHz): 3294 Maximum performance percentage: 166 Minimum performance percentage: 33 Minimum throttle percentage: 12
895,6/23/2025 6:11:18 PM,Microsoft-Windows-Ntfs,4,98,Volume \\?\Volume{1ba45877-b4cf-4e17-9412-317be10b8e00} (\Device\HarddiskVolume1) is healthy.  No action is needed.
894,6/23/2025 6:11:18 PM,Microsoft-Windows-Ntfs,4,98,Volume H: (\Device\HarddiskVolume8) is healthy.  No action is needed.
981,6/23/2025 6:14:59 PM,Win32k,4,267,Touch/Touchpad Hardware Quality Assurance verification succeeded.
892,6/23/2025 6:11:09 PM,Microsoft-Windows-Ntfs,4,98,Volume G: (\Device\HarddiskVolume7) is healthy.  No action is needed.
891,6/23/2025 6:11:03 PM,Microsoft-Windows-Kernel-Power,4,521,Active battery count change.
890,6/23/2025 6:11:03 PM,Microsoft-Windows-Kernel-Power,4,521,Active battery count change.
889,6/23/2025 6:11:03 PM,Microsoft-Windows-Kernel-Processor-Power,4,55,Processor 15 in group 0 exposes the following power management capabilities: Idle state type: ACPI Idle (LPI) States (3 state(s)) Performance state type: ACPI Collaborative Processor Performance Control Nominal Frequency (MHz): 3294 Maximum performance percentage: 161 Minimum performance percentage: 33 Minimum throttle percentage: 12
888,6/23/2025 6:11:03 PM,Microsoft-Windows-Kernel-Processor-Power,4,55,Processor 14 in group 0 exposes the following power management capabilities: Idle state type: ACPI Idle (LPI) States (3 state(s)) Performance state type: ACPI Collaborative Processor Performance Control Nominal Frequency (MHz): 3294 Maximum performance percentage: 161 Minimum performance percentage: 33 Minimum throttle percentage: 12
887,6/23/2025 6:11:03 PM,Microsoft-Windows-Kernel-Processor-Power,4,55,Processor 13 in group 0 exposes the following power management capabilities: Idle state type: ACPI Idle (LPI) States (3 state(s)) Performance state type: ACPI Collaborative Processor Performance Control Nominal Frequency (MHz): 3294 Maximum performance percentage: 175 Minimum performance percentage: 33 Minimum throttle percentage: 12
874,6/23/2025 6:11:03 PM,Microsoft-Windows-Kernel-Processor-Power,4,55,Processor 0 in group 0 exposes the following power management capabilities: Idle state type: ACPI Idle (LPI) States (3 state(s)) Performance state type: ACPI Collaborative Processor Performance Control Nominal Frequency (MHz): 3294 Maximum performance percentage: 166 Minimum performance percentage: 33 Minimum throttle percentage: 12
886,6/23/2025 6:11:03 PM,Microsoft-Windows-Kernel-Processor-Power,4,55,Processor 12 in group 0 exposes the following power management capabilities: Idle state type: ACPI Idle (LPI) States (3 state(s)) Performance state type: ACPI Collaborative Processor Performance Control Nominal Frequency (MHz): 3294 Maximum performance percentage: 175 Minimum performance percentage: 33 Minimum throttle percentage: 12
884,6/23/2025 6:11:03 PM,Microsoft-Windows-Kernel-Processor-Power,4,55,Processor 10 in group 0 exposes the following power management capabilities: Idle state type: ACPI Idle (LPI) States (3 state(s)) Performance state type: ACPI Collaborative Processor Performance Control Nominal Frequency (MHz): 3294 Maximum performance percentage: 157 Minimum performance percentage: 33 Minimum throttle percentage: 12
883,6/23/2025 6:11:03 PM,Microsoft-Windows-Kernel-Processor-Power,4,55,Processor 9 in group 0 exposes the following power management capabilities: Idle state type: ACPI Idle (LPI) States (3 state(s)) Performance state type: ACPI Collaborative Processor Performance Control Nominal Frequency (MHz): 3294 Maximum performance percentage: 175 Minimum performance percentage: 33 Minimum throttle percentage: 12
882,6/23/2025 6:11:03 PM,Microsoft-Windows-Kernel-Processor-Power,4,55,Processor 8 in group 0 exposes the following power management capabilities: Idle state type: ACPI Idle (LPI) States (3 state(s)) Performance state type: ACPI Collaborative Processor Performance Control Nominal Frequency (MHz): 3294 Maximum performance percentage: 175 Minimum performance percentage: 33 Minimum throttle percentage: 12
881,6/23/2025 6:11:03 PM,Microsoft-Windows-Kernel-Processor-Power,4,55,Processor 7 in group 0 exposes the following power management capabilities: Idle state type: ACPI Idle (LPI) States (3 state(s)) Performance state type: ACPI Collaborative Processor Performance Control Nominal Frequency (MHz): 3294 Maximum performance percentage: 148 Minimum performance percentage: 33 Minimum throttle percentage: 12
880,6/23/2025 6:11:03 PM,Microsoft-Windows-Kernel-Processor-Power,4,55,Processor 6 in group 0 exposes the following power management capabilities: Idle state type: ACPI Idle (LPI) States (3 state(s)) Performance state type: ACPI Collaborative Processor Performance Control Nominal Frequency (MHz): 3294 Maximum performance percentage: 148 Minimum performance percentage: 33 Minimum throttle percentage: 12
879,6/23/2025 6:11:03 PM,Microsoft-Windows-Kernel-Processor-Power,4,55,Processor 5 in group 0 exposes the following power management capabilities: Idle state type: ACPI Idle (LPI) States (3 state(s)) Performance state type: ACPI Collaborative Processor Performance Control Nominal Frequency (MHz): 3294 Maximum performance percentage: 170 Minimum performance percentage: 33 Minimum throttle percentage: 12
878,6/23/2025 6:11:03 PM,Microsoft-Windows-Kernel-Processor-Power,4,55,Processor 4 in group 0 exposes the following power management capabilities: Idle state type: ACPI Idle (LPI) States (3 state(s)) Performance state type: ACPI Collaborative Processor Performance Control Nominal Frequency (MHz): 3294 Maximum performance percentage: 170 Minimum performance percentage: 33 Minimum throttle percentage: 12
877,6/23/2025 6:11:03 PM,Microsoft-Windows-Kernel-Processor-Power,4,55,Processor 3 in group 0 exposes the following power management capabilities: Idle state type: ACPI Idle (LPI) States (3 state(s)) Performance state type: ACPI Collaborative Processor Performance Control Nominal Frequency (MHz): 3294 Maximum performance percentage: 152 Minimum performance percentage: 33 Minimum throttle percentage: 12
876,6/23/2025 6:11:03 PM,Microsoft-Windows-Kernel-Processor-Power,4,55,Processor 2 in group 0 exposes the following power management capabilities: Idle state type: ACPI Idle (LPI) States (3 state(s)) Performance state type: ACPI Collaborative Processor Performance Control Nominal Frequency (MHz): 3294 Maximum performance percentage: 152 Minimum performance percentage: 33 Minimum throttle percentage: 12
885,6/23/2025 6:11:03 PM,Microsoft-Windows-Kernel-Processor-Power,4,55,Processor 11 in group 0 exposes the following power management capabilities: Idle state type: ACPI Idle (LPI) States (3 state(s)) Performance state type: ACPI Collaborative Processor Performance Control Nominal Frequency (MHz): 3294 Maximum performance percentage: 157 Minimum performance percentage: 33 Minimum throttle percentage: 12
896,6/23/2025 6:11:21 PM,Microsoft-Windows-Wininit,4,14,"Credential Guard configuration: 0x0, 0"
848,6/23/2025 1:58:39 PM,Microsoft-Windows-FilterManager,4,6,"File System Filter 'CldFlt' (10.0, ‎1976‎-‎11‎-‎19T00:44:15.000000000Z) has successfully loaded and registered with Filter Manager."
846,6/23/2025 1:58:39 PM,Microsoft-Windows-FilterManager,4,6,"File System Filter 'wcifs' (10.0, ‎2021‎-‎10‎-‎19T06:10:02.000000000Z) has successfully loaded and registered with Filter Manager."
821,6/23/2025 1:58:28 PM,Microsoft-Windows-Kernel-Processor-Power,4,55,Processor 1 in group 0 exposes the following power management capabilities: Idle state type: ACPI Idle (LPI) States (3 state(s)) Performance state type: ACPI Collaborative Processor Performance Control Nominal Frequency (MHz): 3294 Maximum performance percentage: 166 Minimum performance percentage: 33 Minimum throttle percentage: 12
820,6/23/2025 1:58:28 PM,Microsoft-Windows-Kernel-Processor-Power,4,55,Processor 0 in group 0 exposes the following power management capabilities: Idle state type: ACPI Idle (LPI) States (3 state(s)) Performance state type: ACPI Collaborative Processor Performance Control Nominal Frequency (MHz): 3294 Maximum performance percentage: 166 Minimum performance percentage: 33 Minimum throttle percentage: 12
818,6/23/2025 1:58:27 PM,Microsoft-Windows-FilterManager,4,6,"File System Filter 'npsvctrig' (10.0, ‎1977‎-‎09‎-‎12T08:19:34.000000000Z) has successfully loaded and registered with Filter Manager."
817,6/23/2025 1:58:27 PM,Microsoft-Windows-FilterManager,4,6,"File System Filter 'FileCrypt' (10.0, ‎2011‎-‎10‎-‎30T08:56:49.000000000Z) has successfully loaded and registered with Filter Manager."
816,6/23/2025 1:58:27 PM,Microsoft-Windows-Ntfs,4,98,Volume C: (\Device\HarddiskVolume4) is healthy.  No action is needed.
815,6/23/2025 1:58:26 PM,Microsoft-Windows-FilterManager,4,6,"File System Filter 'WdFilter' (10.0, ‎2073‎-‎10‎-‎13T02:22:50.000000000Z) has successfully loaded and registered with Filter Manager."
814,6/23/2025 1:58:26 PM,Microsoft-Windows-FilterManager,4,6,"File System Filter 'Wof' (10.0, ‎2002‎-‎04‎-‎12T14:36:07.000000000Z) has successfully loaded and registered with Filter Manager."
813,6/23/2025 1:58:26 PM,Microsoft-Windows-FilterManager,4,6,"File System Filter 'FileInfo' (10.0, ‎1989‎-‎07‎-‎12T18:15:12.000000000Z) has successfully loaded and registered with Filter Manager."
812,6/23/2025 1:58:19 PM,Microsoft-Windows-Kernel-General,4,20,The leap second configuration has been updated. Reason: Leap second data initialized from registry during boot Leap seconds enabled: true New leap second count: 0 Old leap second count: 0
822,6/23/2025 1:58:28 PM,Microsoft-Windows-Kernel-Processor-Power,4,55,Processor 2 in group 0 exposes the following power management capabilities: Idle state type: ACPI Idle (LPI) States (3 state(s)) Performance state type: ACPI Collaborative Processor Performance Control Nominal Frequency (MHz): 3294 Maximum performance percentage: 152 Minimum performance percentage: 33 Minimum throttle percentage: 12
811,6/23/2025 1:58:19 PM,Microsoft-Windows-Kernel-Boot,4,30,The firmware reported boot metrics.
809,6/23/2025 1:58:19 PM,Microsoft-Windows-Kernel-Boot,4,18,There are 0x1 boot options on this system.
808,6/23/2025 1:58:19 PM,Microsoft-Windows-Kernel-Boot,4,27,The boot type was 0x0.
807,6/23/2025 1:58:19 PM,Microsoft-Windows-Kernel-Boot,4,25,The boot menu policy was 0x1.
806,6/23/2025 1:58:19 PM,Microsoft-Windows-Kernel-Boot,4,20,The last shutdown's success status was false. The last boot's success status was true.
805,6/23/2025 1:58:19 PM,Microsoft-Windows-Kernel-Boot,4,153,Virtualization-based security (policies: 0) is disabled.
804,6/23/2025 1:58:39 PM,EventLog,4,6013,The system uptime is 20 seconds.
803,6/23/2025 1:58:39 PM,EventLog,4,6005,The Event log service was started.
802,6/23/2025 1:58:39 PM,EventLog,4,6009,Microsoft (R) Windows (R) 10.00. 18362  Multiprocessor Free.
800,6/23/2025 1:58:19 PM,Microsoft-Windows-Kernel-General,4,12,The operating system started at system time ‎2025‎-‎06‎-‎23T20:58:19.500000000Z.
810,6/23/2025 1:58:19 PM,Microsoft-Windows-Kernel-Boot,4,32,The bootmgr spent 0 ms waiting for user input.
847,6/23/2025 1:58:39 PM,Microsoft-Windows-FilterManager,4,6,"File System Filter 'luafv' (10.0, ‎1974‎-‎08‎-‎09T06:33:30.000000000Z) has successfully loaded and registered with Filter Manager."
823,6/23/2025 1:58:28 PM,Microsoft-Windows-Kernel-Processor-Power,4,55,Processor 3 in group 0 exposes the following power management capabilities: Idle state type: ACPI Idle (LPI) States (3 state(s)) Performance state type: ACPI Collaborative Processor Performance Control Nominal Frequency (MHz): 3294 Maximum performance percentage: 152 Minimum performance percentage: 33 Minimum throttle percentage: 12
825,6/23/2025 1:58:28 PM,Microsoft-Windows-Kernel-Processor-Power,4,55,Processor 5 in group 0 exposes the following power management capabilities: Idle state type: ACPI Idle (LPI) States (3 state(s)) Performance state type: ACPI Collaborative Processor Performance Control Nominal Frequency (MHz): 3294 Maximum performance percentage: 170 Minimum performance percentage: 33 Minimum throttle percentage: 12
845,6/23/2025 1:58:39 PM,Microsoft-Windows-DHCPv6-Client,4,51046,DHCPv6 client service is started
844,6/23/2025 1:58:39 PM,Microsoft-Windows-Dhcp-Client,4,50103,DHCPv4 client registered for shutdown notification
843,6/23/2025 1:58:39 PM,Microsoft-Windows-Dhcp-Client,4,50036,DHCPv4 client service is started
842,6/23/2025 1:58:35 PM,Win32k,4,267,Touch/Touchpad Hardware Quality Assurance verification succeeded.
841,6/23/2025 1:58:35 PM,Win32k,4,267,Touch/Touchpad Hardware Quality Assurance verification succeeded.
840,6/23/2025 1:58:35 PM,Microsoft-Windows-Directory-Services-SAM,4,16962,Remote calls to the SAM database are being restricted using the default security descriptor: O:SYG:SYD:(A;;RC;;;BA). For more information please see http://go.microsoft.com/fwlink/?LinkId=787651.
839,6/23/2025 1:58:35 PM,Microsoft-Windows-Wininit,4,14,"Credential Guard configuration: 0x0, 0"
838,6/23/2025 1:58:32 PM,Microsoft-Windows-Ntfs,4,98,Volume \\?\Volume{1ba45877-b4cf-4e17-9412-317be10b8e00} (\Device\HarddiskVolume1) is healthy.  No action is needed.
837,6/23/2025 1:58:29 PM,Microsoft-Windows-Kernel-Power,4,521,Active battery count change.
824,6/23/2025 1:58:28 PM,Microsoft-Windows-Kernel-Processor-Power,4,55,Processor 4 in group 0 exposes the following power management capabilities: Idle state type: ACPI Idle (LPI) States (3 state(s)) Performance state type: ACPI Collaborative Processor Performance Control Nominal Frequency (MHz): 3294 Maximum performance percentage: 170 Minimum performance percentage: 33 Minimum throttle percentage: 12
836,6/23/2025 1:58:29 PM,Microsoft-Windows-Kernel-Power,4,521,Active battery count change.
834,6/23/2025 1:58:29 PM,Microsoft-Windows-Kernel-Processor-Power,4,55,Processor 14 in group 0 exposes the following power management capabilities: Idle state type: ACPI Idle (LPI) States (3 state(s)) Performance state type: ACPI Collaborative Processor Performance Control Nominal Frequency (MHz): 3294 Maximum performance percentage: 161 Minimum performance percentage: 33 Minimum throttle percentage: 12
833,6/23/2025 1:58:29 PM,Microsoft-Windows-Kernel-Processor-Power,4,55,Processor 13 in group 0 exposes the following power management capabilities: Idle state type: ACPI Idle (LPI) States (3 state(s)) Performance state type: ACPI Collaborative Processor Performance Control Nominal Frequency (MHz): 3294 Maximum performance percentage: 175 Minimum performance percentage: 33 Minimum throttle percentage: 12
832,6/23/2025 1:58:28 PM,Microsoft-Windows-Kernel-Processor-Power,4,55,Processor 12 in group 0 exposes the following power management capabilities: Idle state type: ACPI Idle (LPI) States (3 state(s)) Performance state type: ACPI Collaborative Processor Performance Control Nominal Frequency (MHz): 3294 Maximum performance percentage: 175 Minimum performance percentage: 33 Minimum throttle percentage: 12
831,6/23/2025 1:58:28 PM,Microsoft-Windows-Kernel-Processor-Power,4,55,Processor 11 in group 0 exposes the following power management capabilities: Idle state type: ACPI Idle (LPI) States (3 state(s)) Performance state type: ACPI Collaborative Processor Performance Control Nominal Frequency (MHz): 3294 Maximum performance percentage: 157 Minimum performance percentage: 33 Minimum throttle percentage: 12
830,6/23/2025 1:58:28 PM,Microsoft-Windows-Kernel-Processor-Power,4,55,Processor 10 in group 0 exposes the following power management capabilities: Idle state type: ACPI Idle (LPI) States (3 state(s)) Performance state type: ACPI Collaborative Processor Performance Control Nominal Frequency (MHz): 3294 Maximum performance percentage: 157 Minimum performance percentage: 33 Minimum throttle percentage: 12
829,6/23/2025 1:58:28 PM,Microsoft-Windows-Kernel-Processor-Power,4,55,Processor 9 in group 0 exposes the following power management capabilities: Idle state type: ACPI Idle (LPI) States (3 state(s)) Performance state type: ACPI Collaborative Processor Performance Control Nominal Frequency (MHz): 3294 Maximum performance percentage: 175 Minimum performance percentage: 33 Minimum throttle percentage: 12
828,6/23/2025 1:58:28 PM,Microsoft-Windows-Kernel-Processor-Power,4,55,Processor 8 in group 0 exposes the following power management capabilities: Idle state type: ACPI Idle (LPI) States (3 state(s)) Performance state type: ACPI Collaborative Processor Performance Control Nominal Frequency (MHz): 3294 Maximum performance percentage: 175 Minimum performance percentage: 33 Minimum throttle percentage: 12
827,6/23/2025 1:58:28 PM,Microsoft-Windows-Kernel-Processor-Power,4,55,Processor 7 in group 0 exposes the following power management capabilities: Idle state type: ACPI Idle (LPI) States (3 state(s)) Performance state type: ACPI Collaborative Processor Performance Control Nominal Frequency (MHz): 3294 Maximum performance percentage: 148 Minimum performance percentage: 33 Minimum throttle percentage: 12
826,6/23/2025 1:58:28 PM,Microsoft-Windows-Kernel-Processor-Power,4,55,Processor 6 in group 0 exposes the following power management capabilities: Idle state type: ACPI Idle (LPI) States (3 state(s)) Performance state type: ACPI Collaborative Processor Performance Control Nominal Frequency (MHz): 3294 Maximum performance percentage: 148 Minimum performance percentage: 33 Minimum throttle percentage: 12
835,6/23/2025 1:58:29 PM,Microsoft-Windows-Kernel-Processor-Power,4,55,Processor 15 in group 0 exposes the following power management capabilities: Idle state type: ACPI Idle (LPI) States (3 state(s)) Performance state type: ACPI Collaborative Processor Performance Control Nominal Frequency (MHz): 3294 Maximum performance percentage: 161 Minimum performance percentage: 33 Minimum throttle percentage: 12
897,6/23/2025 6:11:21 PM,Microsoft-Windows-Directory-Services-SAM,4,16962,Remote calls to the SAM database are being restricted using the default security descriptor: O:SYG:SYD:(A;;RC;;;BA). For more information please see http://go.microsoft.com/fwlink/?LinkId=787651.
893,6/23/2025 6:11:17 PM,Microsoft-Windows-Ntfs,4,98,Volume I: (\Device\HarddiskVolume11) is healthy.  No action is needed.
898,6/23/2025 6:11:21 PM,Win32k,4,267,Touch/Touchpad Hardware Quality Assurance verification succeeded.
956,6/23/2025 6:14:41 PM,Microsoft-Windows-Kernel-Processor-Power,4,55,Processor 1 in group 0 exposes the following power management capabilities: Idle state type: ACPI Idle (LPI) States (3 state(s)) Performance state type: ACPI Collaborative Processor Performance Control Nominal Frequency (MHz): 3294 Maximum performance percentage: 166 Minimum performance percentage: 33 Minimum throttle percentage: 12
955,6/23/2025 6:14:41 PM,Microsoft-Windows-Kernel-Processor-Power,4,55,Processor 0 in group 0 exposes the following power management capabilities: Idle state type: ACPI Idle (LPI) States (3 state(s)) Performance state type: ACPI Collaborative Processor Performance Control Nominal Frequency (MHz): 3294 Maximum performance percentage: 166 Minimum performance percentage: 33 Minimum throttle percentage: 12
953,6/23/2025 6:14:39 PM,Microsoft-Windows-FilterManager,4,6,"File System Filter 'npsvctrig' (10.0, ‎1977‎-‎09‎-‎12T08:19:34.000000000Z) has successfully loaded and registered with Filter Manager."
952,6/23/2025 6:14:39 PM,Microsoft-Windows-FilterManager,4,6,"File System Filter 'FileCrypt' (10.0, ‎2011‎-‎10‎-‎30T08:56:49.000000000Z) has successfully loaded and registered with Filter Manager."
951,6/23/2025 6:14:39 PM,Microsoft-Windows-Ntfs,4,98,Volume C: (\Device\HarddiskVolume4) is healthy.  No action is needed.
950,6/23/2025 6:14:38 PM,Microsoft-Windows-FilterManager,4,6,"File System Filter 'WdFilter' (10.0, ‎2073‎-‎10‎-‎13T02:22:50.000000000Z) has successfully loaded and registered with Filter Manager."
949,6/23/2025 6:14:38 PM,Microsoft-Windows-FilterManager,4,6,"File System Filter 'Wof' (10.0, ‎2002‎-‎04‎-‎12T14:36:07.000000000Z) has successfully loaded and registered with Filter Manager."
948,6/23/2025 6:14:38 PM,Microsoft-Windows-FilterManager,4,6,"File System Filter 'FileInfo' (10.0, ‎1989‎-‎07‎-‎12T18:15:12.000000000Z) has successfully loaded and registered with Filter Manager."
957,6/23/2025 6:14:41 PM,Microsoft-Windows-Kernel-Processor-Power,4,55,Processor 2 in group 0 exposes the following power management capabilities: Idle state type: ACPI Idle (LPI) States (3 state(s)) Performance state type: ACPI Collaborative Processor Performance Control Nominal Frequency (MHz): 3294 Maximum performance percentage: 152 Minimum performance percentage: 33 Minimum throttle percentage: 12
947,6/23/2025 6:14:31 PM,Microsoft-Windows-Kernel-General,4,20,The leap second configuration has been updated. Reason: Leap second data initialized from registry during boot Leap seconds enabled: true New leap second count: 0 Old leap second count: 0
945,6/23/2025 6:14:31 PM,Microsoft-Windows-Kernel-Boot,4,32,The bootmgr spent 0 ms waiting for user input.
944,6/23/2025 6:14:31 PM,Microsoft-Windows-Kernel-Boot,4,18,There are 0x1 boot options on this system.
943,6/23/2025 6:14:31 PM,Microsoft-Windows-Kernel-Boot,4,27,The boot type was 0x0.
942,6/23/2025 6:14:31 PM,Microsoft-Windows-Kernel-Boot,4,25,The boot menu policy was 0x1.
941,6/23/2025 6:14:31 PM,Microsoft-Windows-Kernel-Boot,4,20,The last shutdown's success status was false. The last boot's success status was true.
939,6/23/2025 6:15:03 PM,EventLog,4,6013,The system uptime is 32 seconds.
938,6/23/2025 6:15:03 PM,EventLog,4,6005,The Event log service was started.
937,6/23/2025 6:15:03 PM,EventLog,4,6009,Microsoft (R) Windows (R) 10.00. 18362  Multiprocessor Free.
946,6/23/2025 6:14:31 PM,Microsoft-Windows-Kernel-Boot,4,30,The firmware reported boot metrics.
935,6/23/2025 6:14:31 PM,Microsoft-Windows-Kernel-General,4,12,The operating system started at system time ‎2025‎-‎06‎-‎24T01:14:31.500000000Z.
958,6/23/2025 6:14:41 PM,Microsoft-Windows-Kernel-Processor-Power,4,55,Processor 3 in group 0 exposes the following power management capabilities: Idle state type: ACPI Idle (LPI) States (3 state(s)) Performance state type: ACPI Collaborative Processor Performance Control Nominal Frequency (MHz): 3294 Maximum performance percentage: 152 Minimum performance percentage: 33 Minimum throttle percentage: 12
960,6/23/2025 6:14:41 PM,Microsoft-Windows-Kernel-Processor-Power,4,55,Processor 5 in group 0 exposes the following power management capabilities: Idle state type: ACPI Idle (LPI) States (3 state(s)) Performance state type: ACPI Collaborative Processor Performance Control Nominal Frequency (MHz): 3294 Maximum performance percentage: 170 Minimum performance percentage: 33 Minimum throttle percentage: 12
979,6/23/2025 6:14:59 PM,Microsoft-Windows-Directory-Services-SAM,4,16962,Remote calls to the SAM database are being restricted using the default security descriptor: O:SYG:SYD:(A;;RC;;;BA). For more information please see http://go.microsoft.com/fwlink/?LinkId=787651.
978,6/23/2025 6:14:59 PM,Microsoft-Windows-Wininit,4,14,"Credential Guard configuration: 0x0, 0"
977,6/23/2025 6:14:56 PM,Microsoft-Windows-Ntfs,4,98,Volume \\?\Volume{1ba45877-b4cf-4e17-9412-317be10b8e00} (\Device\HarddiskVolume1) is healthy.  No action is needed.
976,6/23/2025 6:14:56 PM,Microsoft-Windows-Ntfs,4,98,Volume H: (\Device\HarddiskVolume8) is healthy.  No action is needed.
975,6/23/2025 6:14:55 PM,Microsoft-Windows-Ntfs,4,98,Volume I: (\Device\HarddiskVolume11) is healthy.  No action is needed.
974,6/23/2025 6:14:47 PM,Microsoft-Windows-Ntfs,4,98,Volume G: (\Device\HarddiskVolume7) is healthy.  No action is needed.
