428,6/23/2025 1:09:00 AM,Microsoft-Windows-Kernel-Boot,4,20,The last shutdown's success status was true. The last boot's success status was true.
427,6/23/2025 1:09:00 AM,Microsoft-Windows-Kernel-Boot,4,153,Virtualization-based security (policies: 0) is disabled.
426,6/23/2025 1:09:00 AM,Microsoft-Windows-Kernel-General,4,12,The operating system started at system time ‎2025‎-‎06‎-‎23T08:09:00.500000000Z.
425,6/23/2025 1:08:50 AM,Microsoft-Windows-Kernel-General,4,13,The operating system is shutting down at system time ‎2025‎-‎06‎-‎23T08:08:50.592187600Z.
424,6/23/2025 1:08:50 AM,Microsoft-Windows-Kernel-Power,4,109,The kernel power manager has initiated a shutdown transition. Shutdown Reason: Kernel API
423,6/23/2025 1:09:18 AM,EventLog,4,6013,The system uptime is 17 seconds.
422,6/23/2025 1:09:18 AM,EventLog,4,6005,The Event log service was started.
421,6/23/2025 1:09:18 AM,EventLog,4,6009,Microsoft (R) Windows (R) 10.00. 18362  Multiprocessor Free.
420,6/23/2025 1:08:45 AM,Microsoft-Windows-Dhcp-Client,4,50037,DHCPv4 client service is stopped. ShutDown Flag value is 1
419,6/23/2025 1:08:45 AM,Microsoft-Windows-Dhcp-Client,4,50106,DHCPv4 is waiting on DHCPv6 service to stop
418,6/23/2025 1:08:45 AM,Microsoft-Windows-DHCPv6-Client,4,51047,DHCPv6 client service is stopped. ShutDown Flag value is 1
417,6/23/2025 1:08:45 AM,Microsoft-Windows-Dhcp-Client,4,50105,DHCPv4 client ProcessDHCPRequestForever received TERMINATE_EVENT
416,6/23/2025 1:08:45 AM,Microsoft-Windows-Dhcp-Client,4,50104,DHCPv4 client received shutdown notification
415,6/23/2025 1:08:45 AM,EventLog,4,6006,The Event log service was stopped.
414,6/23/2025 1:08:44 AM,Microsoft-Windows-Winlogon,4,7002,User Logoff Notification for Customer Experience Improvement Program
413,6/23/2025 1:08:44 AM,User32,4,1074,The process C:\Windows\system32\sysprep\sysprep.exe (DESKTOP-CJNBGDQ) has initiated the restart of computer DESKTOP-CJNBGDQ on behalf of user DESKTOP-CJNBGDQ\Administrator for the following reason: No title for this reason could be found  Reason Code: 0x40002  Shutdown Type: restart  Comment: 
412,6/23/2025 1:08:44 AM,Service Control Manager,4,7040,The start type of the Windows Search service was changed from disabled to auto start.
411,6/23/2025 1:08:43 AM,Service Control Manager,4,7040,The start type of the Windows Search service was changed from auto start to disabled.
410,6/23/2025 1:08:42 AM,Microsoft-Windows-Eventlog,4,104,The Setup log file was cleared.
429,6/23/2025 1:09:00 AM,Microsoft-Windows-Kernel-Boot,4,25,The boot menu policy was 0x1.
430,6/23/2025 1:09:00 AM,Microsoft-Windows-Kernel-Boot,4,27,The boot type was 0x0.
431,6/23/2025 1:09:00 AM,Microsoft-Windows-Kernel-Boot,4,18,There are 0x1 boot options on this system.
432,6/23/2025 1:09:00 AM,Microsoft-Windows-Kernel-Boot,4,32,The bootmgr spent 0 ms waiting for user input.
452,6/23/2025 1:09:09 AM,Microsoft-Windows-Kernel-Processor-Power,4,55,Processor 11 in group 0 exposes the following power management capabilities: Idle state type: ACPI Idle (LPI) States (3 state(s)) Performance state type: ACPI Collaborative Processor Performance Control Nominal Frequency (MHz): 3294 Maximum performance percentage: 157 Minimum performance percentage: 33 Minimum throttle percentage: 12
451,6/23/2025 1:09:09 AM,Microsoft-Windows-Kernel-Processor-Power,4,55,Processor 10 in group 0 exposes the following power management capabilities: Idle state type: ACPI Idle (LPI) States (3 state(s)) Performance state type: ACPI Collaborative Processor Performance Control Nominal Frequency (MHz): 3294 Maximum performance percentage: 157 Minimum performance percentage: 33 Minimum throttle percentage: 12
450,6/23/2025 1:09:09 AM,Microsoft-Windows-Kernel-Processor-Power,4,55,Processor 9 in group 0 exposes the following power management capabilities: Idle state type: ACPI Idle (LPI) States (3 state(s)) Performance state type: ACPI Collaborative Processor Performance Control Nominal Frequency (MHz): 3294 Maximum performance percentage: 175 Minimum performance percentage: 33 Minimum throttle percentage: 12
449,6/23/2025 1:09:09 AM,Microsoft-Windows-Kernel-Processor-Power,4,55,Processor 8 in group 0 exposes the following power management capabilities: Idle state type: ACPI Idle (LPI) States (3 state(s)) Performance state type: ACPI Collaborative Processor Performance Control Nominal Frequency (MHz): 3294 Maximum performance percentage: 175 Minimum performance percentage: 33 Minimum throttle percentage: 12
448,6/23/2025 1:09:09 AM,Microsoft-Windows-Kernel-Processor-Power,4,55,Processor 7 in group 0 exposes the following power management capabilities: Idle state type: ACPI Idle (LPI) States (3 state(s)) Performance state type: ACPI Collaborative Processor Performance Control Nominal Frequency (MHz): 3294 Maximum performance percentage: 148 Minimum performance percentage: 33 Minimum throttle percentage: 12
447,6/23/2025 1:09:09 AM,Microsoft-Windows-Kernel-Processor-Power,4,55,Processor 6 in group 0 exposes the following power management capabilities: Idle state type: ACPI Idle (LPI) States (3 state(s)) Performance state type: ACPI Collaborative Processor Performance Control Nominal Frequency (MHz): 3294 Maximum performance percentage: 148 Minimum performance percentage: 33 Minimum throttle percentage: 12
446,6/23/2025 1:09:09 AM,Microsoft-Windows-Kernel-Processor-Power,4,55,Processor 5 in group 0 exposes the following power management capabilities: Idle state type: ACPI Idle (LPI) States (3 state(s)) Performance state type: ACPI Collaborative Processor Performance Control Nominal Frequency (MHz): 3294 Maximum performance percentage: 170 Minimum performance percentage: 33 Minimum throttle percentage: 12
445,6/23/2025 1:09:09 AM,Microsoft-Windows-Kernel-Processor-Power,4,55,Processor 4 in group 0 exposes the following power management capabilities: Idle state type: ACPI Idle (LPI) States (3 state(s)) Performance state type: ACPI Collaborative Processor Performance Control Nominal Frequency (MHz): 3294 Maximum performance percentage: 170 Minimum performance percentage: 33 Minimum throttle percentage: 12
444,6/23/2025 1:09:09 AM,Microsoft-Windows-Kernel-Processor-Power,4,55,Processor 3 in group 0 exposes the following power management capabilities: Idle state type: ACPI Idle (LPI) States (3 state(s)) Performance state type: ACPI Collaborative Processor Performance Control Nominal Frequency (MHz): 3294 Maximum performance percentage: 152 Minimum performance percentage: 33 Minimum throttle percentage: 12
454,6/23/2025 1:09:09 AM,Microsoft-Windows-Kernel-Processor-Power,4,55,Processor 13 in group 0 exposes the following power management capabilities: Idle state type: ACPI Idle (LPI) States (3 state(s)) Performance state type: ACPI Collaborative Processor Performance Control Nominal Frequency (MHz): 3294 Maximum performance percentage: 175 Minimum performance percentage: 33 Minimum throttle percentage: 12
443,6/23/2025 1:09:09 AM,Microsoft-Windows-Kernel-Processor-Power,4,55,Processor 2 in group 0 exposes the following power management capabilities: Idle state type: ACPI Idle (LPI) States (3 state(s)) Performance state type: ACPI Collaborative Processor Performance Control Nominal Frequency (MHz): 3294 Maximum performance percentage: 152 Minimum performance percentage: 33 Minimum throttle percentage: 12
441,6/23/2025 1:09:09 AM,Microsoft-Windows-Kernel-Processor-Power,4,55,Processor 0 in group 0 exposes the following power management capabilities: Idle state type: ACPI Idle (LPI) States (3 state(s)) Performance state type: ACPI Collaborative Processor Performance Control Nominal Frequency (MHz): 3294 Maximum performance percentage: 166 Minimum performance percentage: 33 Minimum throttle percentage: 12
440,6/23/2025 1:09:07 AM,Microsoft-Windows-FilterManager,4,6,"File System Filter 'npsvctrig' (10.0, ‎1977‎-‎09‎-‎12T08:19:34.000000000Z) has successfully loaded and registered with Filter Manager."
439,6/23/2025 1:09:07 AM,Microsoft-Windows-FilterManager,4,6,"File System Filter 'FileCrypt' (10.0, ‎2011‎-‎10‎-‎30T08:56:49.000000000Z) has successfully loaded and registered with Filter Manager."
438,6/23/2025 1:09:07 AM,Microsoft-Windows-Ntfs,4,98,Volume C: (\Device\HarddiskVolume4) is healthy.  No action is needed.
437,6/23/2025 1:09:07 AM,Microsoft-Windows-FilterManager,4,6,"File System Filter 'WdFilter' (10.0, ‎2073‎-‎10‎-‎13T02:22:50.000000000Z) has successfully loaded and registered with Filter Manager."
436,6/23/2025 1:09:07 AM,Microsoft-Windows-FilterManager,4,6,"File System Filter 'Wof' (10.0, ‎2002‎-‎04‎-‎12T14:36:07.000000000Z) has successfully loaded and registered with Filter Manager."
435,6/23/2025 1:09:07 AM,Microsoft-Windows-FilterManager,4,6,"File System Filter 'FileInfo' (10.0, ‎1989‎-‎07‎-‎12T18:15:12.000000000Z) has successfully loaded and registered with Filter Manager."
434,6/23/2025 1:09:00 AM,Microsoft-Windows-Kernel-General,4,20,The leap second configuration has been updated. Reason: Leap second data initialized from registry during boot Leap seconds enabled: true New leap second count: 0 Old leap second count: 0
433,6/23/2025 1:09:00 AM,Microsoft-Windows-Kernel-Boot,4,30,The firmware reported boot metrics.
442,6/23/2025 1:09:09 AM,Microsoft-Windows-Kernel-Processor-Power,4,55,Processor 1 in group 0 exposes the following power management capabilities: Idle state type: ACPI Idle (LPI) States (3 state(s)) Performance state type: ACPI Collaborative Processor Performance Control Nominal Frequency (MHz): 3294 Maximum performance percentage: 166 Minimum performance percentage: 33 Minimum throttle percentage: 12
502,6/23/2025 1:11:10 AM,Microsoft-Windows-Kernel-Boot,4,20,The last shutdown's success status was true. The last boot's success status was true.
503,6/23/2025 1:11:10 AM,Microsoft-Windows-Kernel-Boot,4,25,The boot menu policy was 0x1.
504,6/23/2025 1:11:10 AM,Microsoft-Windows-Kernel-Boot,4,27,The boot type was 0x0.
575,6/23/2025 3:46:06 AM,Microsoft-Windows-Kernel-Processor-Power,4,55,Processor 2 in group 0 exposes the following power management capabilities: Idle state type: ACPI Idle (LPI) States (3 state(s)) Performance state type: ACPI Collaborative Processor Performance Control Nominal Frequency (MHz): 3294 Maximum performance percentage: 152 Minimum performance percentage: 33 Minimum throttle percentage: 12
574,6/23/2025 3:46:06 AM,Microsoft-Windows-Kernel-Processor-Power,4,55,Processor 1 in group 0 exposes the following power management capabilities: Idle state type: ACPI Idle (LPI) States (3 state(s)) Performance state type: ACPI Collaborative Processor Performance Control Nominal Frequency (MHz): 3294 Maximum performance percentage: 166 Minimum performance percentage: 33 Minimum throttle percentage: 12
573,6/23/2025 3:46:06 AM,Microsoft-Windows-Kernel-Processor-Power,4,55,Processor 0 in group 0 exposes the following power management capabilities: Idle state type: ACPI Idle (LPI) States (3 state(s)) Performance state type: ACPI Collaborative Processor Performance Control Nominal Frequency (MHz): 3294 Maximum performance percentage: 166 Minimum performance percentage: 33 Minimum throttle percentage: 12
571,6/23/2025 3:46:05 AM,Microsoft-Windows-FilterManager,4,6,"File System Filter 'npsvctrig' (10.0, ‎1977‎-‎09‎-‎12T08:19:34.000000000Z) has successfully loaded and registered with Filter Manager."
570,6/23/2025 3:46:05 AM,Microsoft-Windows-FilterManager,4,6,"File System Filter 'FileCrypt' (10.0, ‎2011‎-‎10‎-‎30T08:56:49.000000000Z) has successfully loaded and registered with Filter Manager."
569,6/23/2025 3:46:05 AM,Microsoft-Windows-Ntfs,4,98,Volume C: (\Device\HarddiskVolume4) is healthy.  No action is needed.
568,6/23/2025 3:46:02 AM,Microsoft-Windows-FilterManager,4,6,"File System Filter 'WdFilter' (10.0, ‎2073‎-‎10‎-‎13T02:22:50.000000000Z) has successfully loaded and registered with Filter Manager."
567,6/23/2025 3:46:02 AM,Microsoft-Windows-FilterManager,4,6,"File System Filter 'Wof' (10.0, ‎2002‎-‎04‎-‎12T14:36:07.000000000Z) has successfully loaded and registered with Filter Manager."
566,6/23/2025 3:46:02 AM,Microsoft-Windows-FilterManager,4,6,"File System Filter 'FileInfo' (10.0, ‎1989‎-‎07‎-‎12T18:15:12.000000000Z) has successfully loaded and registered with Filter Manager."
565,6/23/2025 3:46:34 AM,EventLog,4,6013,The system uptime is 38 seconds.
564,6/23/2025 3:45:55 AM,Microsoft-Windows-Kernel-General,4,20,The leap second configuration has been updated. Reason: Leap second data initialized from registry during boot Leap seconds enabled: true New leap second count: 0 Old leap second count: 0
563,6/23/2025 3:45:55 AM,Microsoft-Windows-Kernel-Boot,4,30,The firmware reported boot metrics.
562,6/23/2025 3:45:55 AM,Microsoft-Windows-Kernel-Boot,4,32,The bootmgr spent 0 ms waiting for user input.
561,6/23/2025 3:45:55 AM,Microsoft-Windows-Kernel-Boot,4,18,There are 0x1 boot options on this system.
560,6/23/2025 3:45:55 AM,Microsoft-Windows-Kernel-Boot,4,27,The boot type was 0x0.
559,6/23/2025 3:45:55 AM,Microsoft-Windows-Kernel-Boot,4,25,The boot menu policy was 0x1.
558,6/23/2025 3:46:34 AM,EventLog,4,6005,The Event log service was started.
557,6/23/2025 3:45:55 AM,Microsoft-Windows-Kernel-Boot,4,20,The last shutdown's success status was false. The last boot's success status was true.
556,6/23/2025 3:46:34 AM,EventLog,4,6009,Microsoft (R) Windows (R) 10.00. 18362  Multiprocessor Free.
576,6/23/2025 3:46:06 AM,Microsoft-Windows-Kernel-Processor-Power,4,55,Processor 3 in group 0 exposes the following power management capabilities: Idle state type: ACPI Idle (LPI) States (3 state(s)) Performance state type: ACPI Collaborative Processor Performance Control Nominal Frequency (MHz): 3294 Maximum performance percentage: 152 Minimum performance percentage: 33 Minimum throttle percentage: 12
577,6/23/2025 3:46:06 AM,Microsoft-Windows-Kernel-Processor-Power,4,55,Processor 4 in group 0 exposes the following power management capabilities: Idle state type: ACPI Idle (LPI) States (3 state(s)) Performance state type: ACPI Collaborative Processor Performance Control Nominal Frequency (MHz): 3294 Maximum performance percentage: 170 Minimum performance percentage: 33 Minimum throttle percentage: 12
578,6/23/2025 3:46:06 AM,Microsoft-Windows-Kernel-Processor-Power,4,55,Processor 5 in group 0 exposes the following power management capabilities: Idle state type: ACPI Idle (LPI) States (3 state(s)) Performance state type: ACPI Collaborative Processor Performance Control Nominal Frequency (MHz): 3294 Maximum performance percentage: 170 Minimum performance percentage: 33 Minimum throttle percentage: 12
579,6/23/2025 3:46:06 AM,Microsoft-Windows-Kernel-Processor-Power,4,55,Processor 6 in group 0 exposes the following power management capabilities: Idle state type: ACPI Idle (LPI) States (3 state(s)) Performance state type: ACPI Collaborative Processor Performance Control Nominal Frequency (MHz): 3294 Maximum performance percentage: 148 Minimum performance percentage: 33 Minimum throttle percentage: 12
600,6/23/2025 3:46:34 AM,Microsoft-Windows-FilterManager,4,6,"File System Filter 'wcifs' (10.0, ‎2021‎-‎10‎-‎19T06:10:02.000000000Z) has successfully loaded and registered with Filter Manager."
599,6/23/2025 3:46:34 AM,Microsoft-Windows-DHCPv6-Client,4,51046,DHCPv6 client service is started
598,6/23/2025 3:46:34 AM,Microsoft-Windows-Dhcp-Client,4,50103,DHCPv4 client registered for shutdown notification
597,6/23/2025 3:46:34 AM,Microsoft-Windows-Dhcp-Client,4,50036,DHCPv4 client service is started
596,6/23/2025 3:46:27 AM,Win32k,4,267,Touch/Touchpad Hardware Quality Assurance verification succeeded.
595,6/23/2025 3:46:27 AM,Win32k,4,267,Touch/Touchpad Hardware Quality Assurance verification succeeded.
594,6/23/2025 3:46:27 AM,Microsoft-Windows-Directory-Services-SAM,4,16962,Remote calls to the SAM database are being restricted using the default security descriptor: O:SYG:SYD:(A;;RC;;;BA). For more information please see http://go.microsoft.com/fwlink/?LinkId=787651.
593,6/23/2025 3:46:27 AM,Microsoft-Windows-Wininit,4,14,"Credential Guard configuration: 0x0, 0"
592,6/23/2025 3:46:24 AM,Microsoft-Windows-Ntfs,4,98,Volume \\?\Volume{1ba45877-b4cf-4e17-9412-317be10b8e00} (\Device\HarddiskVolume1) is healthy.  No action is needed.
555,6/23/2025 3:45:55 AM,Microsoft-Windows-Kernel-Boot,4,153,Virtualization-based security (policies: 0) is disabled.
591,6/23/2025 3:46:07 AM,Microsoft-Windows-Kernel-Power,4,521,Active battery count change.
589,6/23/2025 3:46:07 AM,Microsoft-Windows-Kernel-Processor-Power,4,55,Processor 15 in group 0 exposes the following power management capabilities: Idle state type: ACPI Idle (LPI) States (3 state(s)) Performance state type: ACPI Collaborative Processor Performance Control Nominal Frequency (MHz): 3294 Maximum performance percentage: 161 Minimum performance percentage: 33 Minimum throttle percentage: 12
588,6/23/2025 3:46:07 AM,Microsoft-Windows-Kernel-Processor-Power,4,55,Processor 14 in group 0 exposes the following power management capabilities: Idle state type: ACPI Idle (LPI) States (3 state(s)) Performance state type: ACPI Collaborative Processor Performance Control Nominal Frequency (MHz): 3294 Maximum performance percentage: 161 Minimum performance percentage: 33 Minimum throttle percentage: 12
586,6/23/2025 3:46:06 AM,Microsoft-Windows-Kernel-Processor-Power,4,55,Processor 13 in group 0 exposes the following power management capabilities: Idle state type: ACPI Idle (LPI) States (3 state(s)) Performance state type: ACPI Collaborative Processor Performance Control Nominal Frequency (MHz): 3294 Maximum performance percentage: 175 Minimum performance percentage: 33 Minimum throttle percentage: 12
585,6/23/2025 3:46:06 AM,Microsoft-Windows-Kernel-Processor-Power,4,55,Processor 12 in group 0 exposes the following power management capabilities: Idle state type: ACPI Idle (LPI) States (3 state(s)) Performance state type: ACPI Collaborative Processor Performance Control Nominal Frequency (MHz): 3294 Maximum performance percentage: 175 Minimum performance percentage: 33 Minimum throttle percentage: 12
584,6/23/2025 3:46:06 AM,Microsoft-Windows-Kernel-Processor-Power,4,55,Processor 11 in group 0 exposes the following power management capabilities: Idle state type: ACPI Idle (LPI) States (3 state(s)) Performance state type: ACPI Collaborative Processor Performance Control Nominal Frequency (MHz): 3294 Maximum performance percentage: 157 Minimum performance percentage: 33 Minimum throttle percentage: 12
583,6/23/2025 3:46:06 AM,Microsoft-Windows-Kernel-Processor-Power,4,55,Processor 10 in group 0 exposes the following power management capabilities: Idle state type: ACPI Idle (LPI) States (3 state(s)) Performance state type: ACPI Collaborative Processor Performance Control Nominal Frequency (MHz): 3294 Maximum performance percentage: 157 Minimum performance percentage: 33 Minimum throttle percentage: 12
582,6/23/2025 3:46:06 AM,Microsoft-Windows-Kernel-Processor-Power,4,55,Processor 9 in group 0 exposes the following power management capabilities: Idle state type: ACPI Idle (LPI) States (3 state(s)) Performance state type: ACPI Collaborative Processor Performance Control Nominal Frequency (MHz): 3294 Maximum performance percentage: 175 Minimum performance percentage: 33 Minimum throttle percentage: 12
581,6/23/2025 3:46:06 AM,Microsoft-Windows-Kernel-Processor-Power,4,55,Processor 8 in group 0 exposes the following power management capabilities: Idle state type: ACPI Idle (LPI) States (3 state(s)) Performance state type: ACPI Collaborative Processor Performance Control Nominal Frequency (MHz): 3294 Maximum performance percentage: 175 Minimum performance percentage: 33 Minimum throttle percentage: 12
580,6/23/2025 3:46:06 AM,Microsoft-Windows-Kernel-Processor-Power,4,55,Processor 7 in group 0 exposes the following power management capabilities: Idle state type: ACPI Idle (LPI) States (3 state(s)) Performance state type: ACPI Collaborative Processor Performance Control Nominal Frequency (MHz): 3294 Maximum performance percentage: 148 Minimum performance percentage: 33 Minimum throttle percentage: 12
590,6/23/2025 3:46:07 AM,Microsoft-Windows-Kernel-Power,4,521,Active battery count change.
553,6/23/2025 3:45:55 AM,Microsoft-Windows-Kernel-General,4,12,The operating system started at system time ‎2025‎-‎06‎-‎23T10:45:55.500000000Z.
552,6/23/2025 1:12:43 AM,Service Control Manager,4,7045,A service was installed in the system. Service Name:  NVIDIA Display Container LS Service File Name:  %SystemRoot%\System32\DriverStore\FileRepository\nvam.inf_amd64_781ffb41adaaffdc\Display.NvContainer\NVDisplay.Container.exe Service Type:  user mode service Service Start Type:  auto start Service Account:  LocalSystem
551,6/23/2025 1:12:43 AM,Microsoft-Windows-UserPnp,4,20003,Driver Management has concluded the process to add Service nvlddmkm for Device Instance ID PCI\VEN_10DE&DEV_2520&SUBSYS_107C1043&REV_A1\4&1BA6DC09&0&0009 with the following status: 0.
524,6/23/2025 1:11:19 AM,Microsoft-Windows-Kernel-Processor-Power,4,55,Processor 9 in group 0 exposes the following power management capabilities: Idle state type: ACPI Idle (LPI) States (3 state(s)) Performance state type: ACPI Collaborative Processor Performance Control Nominal Frequency (MHz): 3294 Maximum performance percentage: 175 Minimum performance percentage: 33 Minimum throttle percentage: 12
523,6/23/2025 1:11:19 AM,Microsoft-Windows-Kernel-Processor-Power,4,55,Processor 8 in group 0 exposes the following power management capabilities: Idle state type: ACPI Idle (LPI) States (3 state(s)) Performance state type: ACPI Collaborative Processor Performance Control Nominal Frequency (MHz): 3294 Maximum performance percentage: 175 Minimum performance percentage: 33 Minimum throttle percentage: 12
522,6/23/2025 1:11:19 AM,Microsoft-Windows-Kernel-Processor-Power,4,55,Processor 7 in group 0 exposes the following power management capabilities: Idle state type: ACPI Idle (LPI) States (3 state(s)) Performance state type: ACPI Collaborative Processor Performance Control Nominal Frequency (MHz): 3294 Maximum performance percentage: 148 Minimum performance percentage: 33 Minimum throttle percentage: 12
521,6/23/2025 1:11:19 AM,Microsoft-Windows-Kernel-Processor-Power,4,55,Processor 6 in group 0 exposes the following power management capabilities: Idle state type: ACPI Idle (LPI) States (3 state(s)) Performance state type: ACPI Collaborative Processor Performance Control Nominal Frequency (MHz): 3294 Maximum performance percentage: 148 Minimum performance percentage: 33 Minimum throttle percentage: 12
520,6/23/2025 1:11:19 AM,Microsoft-Windows-Kernel-Processor-Power,4,55,Processor 5 in group 0 exposes the following power management capabilities: Idle state type: ACPI Idle (LPI) States (3 state(s)) Performance state type: ACPI Collaborative Processor Performance Control Nominal Frequency (MHz): 3294 Maximum performance percentage: 170 Minimum performance percentage: 33 Minimum throttle percentage: 12
519,6/23/2025 1:11:19 AM,Microsoft-Windows-Kernel-Processor-Power,4,55,Processor 4 in group 0 exposes the following power management capabilities: Idle state type: ACPI Idle (LPI) States (3 state(s)) Performance state type: ACPI Collaborative Processor Performance Control Nominal Frequency (MHz): 3294 Maximum performance percentage: 170 Minimum performance percentage: 33 Minimum throttle percentage: 12
518,6/23/2025 1:11:19 AM,Microsoft-Windows-Kernel-Processor-Power,4,55,Processor 3 in group 0 exposes the following power management capabilities: Idle state type: ACPI Idle (LPI) States (3 state(s)) Performance state type: ACPI Collaborative Processor Performance Control Nominal Frequency (MHz): 3294 Maximum performance percentage: 152 Minimum performance percentage: 33 Minimum throttle percentage: 12
517,6/23/2025 1:11:19 AM,Microsoft-Windows-Kernel-Processor-Power,4,55,Processor 2 in group 0 exposes the following power management capabilities: Idle state type: ACPI Idle (LPI) States (3 state(s)) Performance state type: ACPI Collaborative Processor Performance Control Nominal Frequency (MHz): 3294 Maximum performance percentage: 152 Minimum performance percentage: 33 Minimum throttle percentage: 12
516,6/23/2025 1:11:19 AM,Microsoft-Windows-Kernel-Processor-Power,4,55,Processor 1 in group 0 exposes the following power management capabilities: Idle state type: ACPI Idle (LPI) States (3 state(s)) Performance state type: ACPI Collaborative Processor Performance Control Nominal Frequency (MHz): 3294 Maximum performance percentage: 166 Minimum performance percentage: 33 Minimum throttle percentage: 12
525,6/23/2025 1:11:19 AM,Microsoft-Windows-Kernel-Processor-Power,4,55,Processor 10 in group 0 exposes the following power management capabilities: Idle state type: ACPI Idle (LPI) States (3 state(s)) Performance state type: ACPI Collaborative Processor Performance Control Nominal Frequency (MHz): 3294 Maximum performance percentage: 157 Minimum performance percentage: 33 Minimum throttle percentage: 12
515,6/23/2025 1:11:19 AM,Microsoft-Windows-Kernel-Processor-Power,4,55,Processor 0 in group 0 exposes the following power management capabilities: Idle state type: ACPI Idle (LPI) States (3 state(s)) Performance state type: ACPI Collaborative Processor Performance Control Nominal Frequency (MHz): 3294 Maximum performance percentage: 166 Minimum performance percentage: 33 Minimum throttle percentage: 12
513,6/23/2025 1:11:18 AM,Microsoft-Windows-FilterManager,4,6,"File System Filter 'FileCrypt' (10.0, ‎2011‎-‎10‎-‎30T08:56:49.000000000Z) has successfully loaded and registered with Filter Manager."
512,6/23/2025 1:11:18 AM,Microsoft-Windows-Ntfs,4,98,Volume C: (\Device\HarddiskVolume4) is healthy.  No action is needed.
511,6/23/2025 1:11:17 AM,Microsoft-Windows-FilterManager,4,6,"File System Filter 'WdFilter' (10.0, ‎2073‎-‎10‎-‎13T02:22:50.000000000Z) has successfully loaded and registered with Filter Manager."
510,6/23/2025 1:11:17 AM,Microsoft-Windows-FilterManager,4,6,"File System Filter 'Wof' (10.0, ‎2002‎-‎04‎-‎12T14:36:07.000000000Z) has successfully loaded and registered with Filter Manager."
509,6/23/2025 1:11:17 AM,Microsoft-Windows-FilterManager,4,6,"File System Filter 'FileInfo' (10.0, ‎1989‎-‎07‎-‎12T18:15:12.000000000Z) has successfully loaded and registered with Filter Manager."
508,6/23/2025 1:11:10 AM,Microsoft-Windows-Kernel-General,4,20,The leap second configuration has been updated. Reason: Leap second data initialized from registry during boot Leap seconds enabled: true New leap second count: 0 Old leap second count: 0
507,6/23/2025 1:11:10 AM,Microsoft-Windows-Kernel-Boot,4,30,The firmware reported boot metrics.
506,6/23/2025 1:11:10 AM,Microsoft-Windows-Kernel-Boot,4,32,The bootmgr spent 0 ms waiting for user input.
505,6/23/2025 1:11:10 AM,Microsoft-Windows-Kernel-Boot,4,18,There are 0x1 boot options on this system.
514,6/23/2025 1:11:18 AM,Microsoft-Windows-FilterManager,4,6,"File System Filter 'npsvctrig' (10.0, ‎1977‎-‎09‎-‎12T08:19:34.000000000Z) has successfully loaded and registered with Filter Manager."
602,6/23/2025 3:46:34 AM,Microsoft-Windows-FilterManager,4,6,"File System Filter 'CldFlt' (10.0, ‎1976‎-‎11‎-‎19T00:44:15.000000000Z) has successfully loaded and registered with Filter Manager."
526,6/23/2025 1:11:19 AM,Microsoft-Windows-Kernel-Processor-Power,4,55,Processor 11 in group 0 exposes the following power management capabilities: Idle state type: ACPI Idle (LPI) States (3 state(s)) Performance state type: ACPI Collaborative Processor Performance Control Nominal Frequency (MHz): 3294 Maximum performance percentage: 157 Minimum performance percentage: 33 Minimum throttle percentage: 12
528,6/23/2025 1:11:19 AM,Microsoft-Windows-Kernel-Processor-Power,4,55,Processor 13 in group 0 exposes the following power management capabilities: Idle state type: ACPI Idle (LPI) States (3 state(s)) Performance state type: ACPI Collaborative Processor Performance Control Nominal Frequency (MHz): 3294 Maximum performance percentage: 175 Minimum performance percentage: 33 Minimum throttle percentage: 12
550,6/23/2025 1:12:42 AM,Service Control Manager,4,7045,A service was installed in the system. Service Name:  nvlddmkm Service File Name:  \SystemRoot\System32\DriverStore\FileRepository\nvam.inf_amd64_781ffb41adaaffdc\nvlddmkm.sys Service Type:  kernel mode driver Service Start Type:  demand start Service Account:  
549,6/23/2025 1:11:32 AM,Microsoft-Windows-Winlogon,4,7001,User Logon Notification for Customer Experience Improvement Program
548,6/23/2025 1:11:30 AM,TPM,4,18,This event triggers the Trusted Platform Module (TPM) provisioning/status check to run.
547,6/23/2025 1:11:28 AM,Microsoft-Windows-FilterManager,4,6,"File System Filter 'storqosflt' (10.0, ‎2084‎-‎07‎-‎23T22:29:44.000000000Z) has successfully loaded and registered with Filter Manager."
546,6/23/2025 1:11:28 AM,Microsoft-Windows-FilterManager,4,6,"File System Filter 'CldFlt' (10.0, ‎1976‎-‎11‎-‎19T00:44:15.000000000Z) has successfully loaded and registered with Filter Manager."
545,6/23/2025 1:11:28 AM,Microsoft-Windows-FilterManager,4,1,"File System Filter 'CldFlt' (Version 10.0, ‎1976‎-‎11‎-‎19T00:44:15.000000000Z) unloaded successfully."
544,6/23/2025 1:11:28 AM,Microsoft-Windows-FilterManager,4,6,"File System Filter 'CldFlt' (10.0, ‎1976‎-‎11‎-‎19T00:44:15.000000000Z) has successfully loaded and registered with Filter Manager."
543,6/23/2025 1:11:28 AM,Microsoft-Windows-FilterManager,4,6,"File System Filter 'wcifs' (10.0, ‎2021‎-‎10‎-‎19T06:10:02.000000000Z) has successfully loaded and registered with Filter Manager."
541,6/23/2025 1:11:28 AM,Microsoft-Windows-DHCPv6-Client,4,51046,DHCPv6 client service is started
527,6/23/2025 1:11:19 AM,Microsoft-Windows-Kernel-Processor-Power,4,55,Processor 12 in group 0 exposes the following power management capabilities: Idle state type: ACPI Idle (LPI) States (3 state(s)) Performance state type: ACPI Collaborative Processor Performance Control Nominal Frequency (MHz): 3294 Maximum performance percentage: 175 Minimum performance percentage: 33 Minimum throttle percentage: 12
540,6/23/2025 1:11:28 AM,Microsoft-Windows-Dhcp-Client,4,50103,DHCPv4 client registered for shutdown notification
538,6/23/2025 1:11:24 AM,Win32k,4,267,Touch/Touchpad Hardware Quality Assurance verification succeeded.
537,6/23/2025 1:11:24 AM,Microsoft-Windows-Directory-Services-SAM,4,16962,Remote calls to the SAM database are being restricted using the default security descriptor: O:SYG:SYD:(A;;RC;;;BA). For more information please see http://go.microsoft.com/fwlink/?LinkId=787651.
536,6/23/2025 1:11:24 AM,Microsoft-Windows-Wininit,4,14,"Credential Guard configuration: 0x0, 0"
535,6/23/2025 1:11:22 AM,Win32k,4,267,Touch/Touchpad Hardware Quality Assurance verification succeeded.
534,6/23/2025 1:11:22 AM,Microsoft-Windows-Ntfs,4,98,Volume \\?\Volume{1ba45877-b4cf-4e17-9412-317be10b8e00} (\Device\HarddiskVolume1) is healthy.  No action is needed.
533,6/23/2025 1:11:19 AM,Microsoft-Windows-Kernel-Power,4,521,Active battery count change.
531,6/23/2025 1:11:19 AM,Microsoft-Windows-Kernel-Power,4,521,Active battery count change.
530,6/23/2025 1:11:19 AM,Microsoft-Windows-Kernel-Processor-Power,4,55,Processor 15 in group 0 exposes the following power management capabilities: Idle state type: ACPI Idle (LPI) States (3 state(s)) Performance state type: ACPI Collaborative Processor Performance Control Nominal Frequency (MHz): 3294 Maximum performance percentage: 161 Minimum performance percentage: 33 Minimum throttle percentage: 12
529,6/23/2025 1:11:19 AM,Microsoft-Windows-Kernel-Processor-Power,4,55,Processor 14 in group 0 exposes the following power management capabilities: Idle state type: ACPI Idle (LPI) States (3 state(s)) Performance state type: ACPI Collaborative Processor Performance Control Nominal Frequency (MHz): 3294 Maximum performance percentage: 161 Minimum performance percentage: 33 Minimum throttle percentage: 12
539,6/23/2025 1:11:28 AM,Microsoft-Windows-Dhcp-Client,4,50036,DHCPv4 client service is started
797,6/23/2025 1:48:55 PM,Microsoft-Windows-FilterManager,4,6,"File System Filter 'storqosflt' (10.0, ‎2084‎-‎07‎-‎23T22:29:44.000000000Z) has successfully loaded and registered with Filter Manager."
791,6/23/2025 1:48:55 PM,Microsoft-Windows-DHCPv6-Client,4,51046,DHCPv6 client service is started
799,6/23/2025 1:48:55 PM,TPM,4,18,This event triggers the Trusted Platform Module (TPM) provisioning/status check to run.
1051,6/23/2025 6:20:01 PM,Microsoft-Windows-StartupRepair,4,1119,Failure during the installation of Windows.
1050,6/23/2025 6:20:01 PM,Microsoft-Windows-StartupRepair,4,1002,Startup Repair failed.
1049,6/23/2025 6:20:01 PM,TPM,4,18,This event triggers the Trusted Platform Module (TPM) provisioning/status check to run.
1048,6/23/2025 6:19:59 PM,Microsoft-Windows-Winlogon,4,7001,User Logon Notification for Customer Experience Improvement Program
1047,6/23/2025 6:19:59 PM,Microsoft-Windows-FilterManager,4,6,"File System Filter 'storqosflt' (10.0, ‎2084‎-‎07‎-‎23T22:29:44.000000000Z) has successfully loaded and registered with Filter Manager."
1046,6/23/2025 6:19:59 PM,Microsoft-Windows-FilterManager,4,6,"File System Filter 'CldFlt' (10.0, ‎1976‎-‎11‎-‎19T00:44:15.000000000Z) has successfully loaded and registered with Filter Manager."
1045,6/23/2025 6:19:59 PM,Microsoft-Windows-FilterManager,4,1,"File System Filter 'CldFlt' (Version 10.0, ‎1976‎-‎11‎-‎19T00:44:15.000000000Z) unloaded successfully."
1044,6/23/2025 6:19:59 PM,Microsoft-Windows-FilterManager,4,6,"File System Filter 'CldFlt' (10.0, ‎1976‎-‎11‎-‎19T00:44:15.000000000Z) has successfully loaded and registered with Filter Manager."
1043,6/23/2025 6:19:59 PM,Microsoft-Windows-FilterManager,4,6,"File System Filter 'luafv' (10.0, ‎1974‎-‎08‎-‎09T06:33:30.000000000Z) has successfully loaded and registered with Filter Manager."
1042,6/23/2025 6:19:59 PM,Microsoft-Windows-FilterManager,4,6,"File System Filter 'wcifs' (10.0, ‎2021‎-‎10‎-‎19T06:10:02.000000000Z) has successfully loaded and registered with Filter Manager."
1041,6/23/2025 6:19:59 PM,Microsoft-Windows-DHCPv6-Client,4,51046,DHCPv6 client service is started
1040,6/23/2025 6:19:59 PM,Microsoft-Windows-Dhcp-Client,4,50103,DHCPv4 client registered for shutdown notification
1039,6/23/2025 6:19:59 PM,Microsoft-Windows-Dhcp-Client,4,50036,DHCPv4 client service is started
1038,6/23/2025 6:19:55 PM,Win32k,4,267,Touch/Touchpad Hardware Quality Assurance verification succeeded.
1037,6/23/2025 6:19:54 PM,Win32k,4,267,Touch/Touchpad Hardware Quality Assurance verification succeeded.
1036,6/23/2025 6:19:54 PM,Microsoft-Windows-Directory-Services-SAM,4,16962,Remote calls to the SAM database are being restricted using the default security descriptor: O:SYG:SYD:(A;;RC;;;BA). For more information please see http://go.microsoft.com/fwlink/?LinkId=787651.
1035,6/23/2025 6:19:54 PM,Microsoft-Windows-Wininit,4,14,"Credential Guard configuration: 0x0, 0"
1034,6/23/2025 6:19:52 PM,Microsoft-Windows-Ntfs,4,98,Volume \\?\Volume{1ba45877-b4cf-4e17-9412-317be10b8e00} (\Device\HarddiskVolume1) is healthy.  No action is needed.
1033,6/23/2025 6:19:51 PM,Microsoft-Windows-Ntfs,4,98,Volume H: (\Device\HarddiskVolume8) is healthy.  No action is needed.
1052,6/23/2025 6:22:48 PM,Microsoft-Windows-Kernel-General,4,12,The operating system started at system time ‎2025‎-‎06‎-‎24T01:22:48.500000000Z.
1054,6/23/2025 6:23:16 PM,EventLog,4,6009,Microsoft (R) Windows (R) 10.00. 18362  Multiprocessor Free.
1055,6/23/2025 6:23:16 PM,EventLog,4,6005,The Event log service was started.
1056,6/23/2025 6:23:16 PM,EventLog,4,6013,The system uptime is 27 seconds.
1077,6/23/2025 6:22:57 PM,Microsoft-Windows-Kernel-Processor-Power,4,55,Processor 5 in group 0 exposes the following power management capabilities: Idle state type: ACPI Idle (LPI) States (3 state(s)) Performance state type: ACPI Collaborative Processor Performance Control Nominal Frequency (MHz): 3294 Maximum performance percentage: 170 Minimum performance percentage: 33 Minimum throttle percentage: 12
1076,6/23/2025 6:22:57 PM,Microsoft-Windows-Kernel-Processor-Power,4,55,Processor 4 in group 0 exposes the following power management capabilities: Idle state type: ACPI Idle (LPI) States (3 state(s)) Performance state type: ACPI Collaborative Processor Performance Control Nominal Frequency (MHz): 3294 Maximum performance percentage: 170 Minimum performance percentage: 33 Minimum throttle percentage: 12
1075,6/23/2025 6:22:57 PM,Microsoft-Windows-Kernel-Processor-Power,4,55,Processor 3 in group 0 exposes the following power management capabilities: Idle state type: ACPI Idle (LPI) States (3 state(s)) Performance state type: ACPI Collaborative Processor Performance Control Nominal Frequency (MHz): 3294 Maximum performance percentage: 152 Minimum performance percentage: 33 Minimum throttle percentage: 12
1074,6/23/2025 6:22:57 PM,Microsoft-Windows-Kernel-Processor-Power,4,55,Processor 2 in group 0 exposes the following power management capabilities: Idle state type: ACPI Idle (LPI) States (3 state(s)) Performance state type: ACPI Collaborative Processor Performance Control Nominal Frequency (MHz): 3294 Maximum performance percentage: 152 Minimum performance percentage: 33 Minimum throttle percentage: 12
1073,6/23/2025 6:22:57 PM,Microsoft-Windows-Kernel-Processor-Power,4,55,Processor 1 in group 0 exposes the following power management capabilities: Idle state type: ACPI Idle (LPI) States (3 state(s)) Performance state type: ACPI Collaborative Processor Performance Control Nominal Frequency (MHz): 3294 Maximum performance percentage: 166 Minimum performance percentage: 33 Minimum throttle percentage: 12
1072,6/23/2025 6:22:57 PM,Microsoft-Windows-Kernel-Processor-Power,4,55,Processor 0 in group 0 exposes the following power management capabilities: Idle state type: ACPI Idle (LPI) States (3 state(s)) Performance state type: ACPI Collaborative Processor Performance Control Nominal Frequency (MHz): 3294 Maximum performance percentage: 166 Minimum performance percentage: 33 Minimum throttle percentage: 12
1070,6/23/2025 6:22:56 PM,Microsoft-Windows-FilterManager,4,6,"File System Filter 'npsvctrig' (10.0, ‎1977‎-‎09‎-‎12T08:19:34.000000000Z) has successfully loaded and registered with Filter Manager."
1069,6/23/2025 6:22:56 PM,Microsoft-Windows-FilterManager,4,6,"File System Filter 'FileCrypt' (10.0, ‎2011‎-‎10‎-‎30T08:56:49.000000000Z) has successfully loaded and registered with Filter Manager."
1068,6/23/2025 6:22:56 PM,Microsoft-Windows-Ntfs,4,98,Volume C: (\Device\HarddiskVolume4) is healthy.  No action is needed.
1032,6/23/2025 6:19:50 PM,Microsoft-Windows-Ntfs,4,98,Volume I: (\Device\HarddiskVolume11) is healthy.  No action is needed.
1067,6/23/2025 6:22:55 PM,Microsoft-Windows-FilterManager,4,6,"File System Filter 'WdFilter' (10.0, ‎2073‎-‎10‎-‎13T02:22:50.000000000Z) has successfully loaded and registered with Filter Manager."
1065,6/23/2025 6:22:55 PM,Microsoft-Windows-FilterManager,4,6,"File System Filter 'FileInfo' (10.0, ‎1989‎-‎07‎-‎12T18:15:12.000000000Z) has successfully loaded and registered with Filter Manager."
1064,6/23/2025 6:22:48 PM,Microsoft-Windows-Kernel-General,4,20,The leap second configuration has been updated. Reason: Leap second data initialized from registry during boot Leap seconds enabled: true New leap second count: 0 Old leap second count: 0
1063,6/23/2025 6:22:48 PM,Microsoft-Windows-Kernel-Boot,4,30,The firmware reported boot metrics.
1062,6/23/2025 6:22:48 PM,Microsoft-Windows-Kernel-Boot,4,32,The bootmgr spent 0 ms waiting for user input.
1061,6/23/2025 6:22:48 PM,Microsoft-Windows-Kernel-Boot,4,18,There are 0x1 boot options on this system.
1060,6/23/2025 6:22:48 PM,Microsoft-Windows-Kernel-Boot,4,27,The boot type was 0x0.
1059,6/23/2025 6:22:48 PM,Microsoft-Windows-Kernel-Boot,4,25,The boot menu policy was 0x1.
1058,6/23/2025 6:22:48 PM,Microsoft-Windows-Kernel-Boot,4,20,The last shutdown's success status was true. The last boot's success status was true.
1057,6/23/2025 6:22:48 PM,Microsoft-Windows-Kernel-Boot,4,153,Virtualization-based security (policies: 0) is disabled.
1066,6/23/2025 6:22:55 PM,Microsoft-Windows-FilterManager,4,6,"File System Filter 'Wof' (10.0, ‎2002‎-‎04‎-‎12T14:36:07.000000000Z) has successfully loaded and registered with Filter Manager."
1078,6/23/2025 6:22:57 PM,Microsoft-Windows-Kernel-Processor-Power,4,55,Processor 6 in group 0 exposes the following power management capabilities: Idle state type: ACPI Idle (LPI) States (3 state(s)) Performance state type: ACPI Collaborative Processor Performance Control Nominal Frequency (MHz): 3294 Maximum performance percentage: 148 Minimum performance percentage: 33 Minimum throttle percentage: 12
1031,6/23/2025 6:19:46 PM,Microsoft-Windows-Ntfs,4,98,Volume G: (\Device\HarddiskVolume7) is healthy.  No action is needed.
1029,6/23/2025 6:19:41 PM,Microsoft-Windows-Kernel-Power,4,521,Active battery count change.
1003,6/23/2025 6:19:31 PM,Microsoft-Windows-Kernel-Boot,4,32,The bootmgr spent 0 ms waiting for user input.
1002,6/23/2025 6:19:31 PM,Microsoft-Windows-Kernel-Boot,4,18,There are 0x1 boot options on this system.
1001,6/23/2025 6:19:31 PM,Microsoft-Windows-Kernel-Boot,4,27,The boot type was 0x0.
1000,6/23/2025 6:19:31 PM,Microsoft-Windows-Kernel-Boot,4,25,The boot menu policy was 0x1.
999,6/23/2025 6:19:31 PM,Microsoft-Windows-Kernel-Boot,4,20,The last shutdown's success status was true. The last boot's success status was false.
998,6/23/2025 6:19:31 PM,Microsoft-Windows-Kernel-Boot,4,153,Virtualization-based security (policies: 0) is disabled.
997,6/23/2025 6:19:59 PM,EventLog,4,6013,The system uptime is 27 seconds.
996,6/23/2025 6:19:59 PM,EventLog,4,6005,The Event log service was started.
995,6/23/2025 6:19:59 PM,EventLog,4,6009,Microsoft (R) Windows (R) 10.00. 18362  Multiprocessor Free.
993,6/23/2025 6:19:31 PM,Microsoft-Windows-Kernel-General,4,12,The operating system started at system time ‎2025‎-‎06‎-‎24T01:19:31.500000000Z.
992,6/23/2025 6:15:04 PM,Microsoft-Windows-Winlogon,4,7001,User Logon Notification for Customer Experience Improvement Program
991,6/23/2025 6:15:04 PM,TPM,4,18,This event triggers the Trusted Platform Module (TPM) provisioning/status check to run.
990,6/23/2025 6:15:03 PM,Microsoft-Windows-FilterManager,4,6,"File System Filter 'storqosflt' (10.0, ‎2084‎-‎07‎-‎23T22:29:44.000000000Z) has successfully loaded and registered with Filter Manager."
989,6/23/2025 6:15:03 PM,Microsoft-Windows-FilterManager,4,6,"File System Filter 'CldFlt' (10.0, ‎1976‎-‎11‎-‎19T00:44:15.000000000Z) has successfully loaded and registered with Filter Manager."
988,6/23/2025 6:15:03 PM,Microsoft-Windows-FilterManager,4,1,"File System Filter 'CldFlt' (Version 10.0, ‎1976‎-‎11‎-‎19T00:44:15.000000000Z) unloaded successfully."
798,6/23/2025 1:48:55 PM,Microsoft-Windows-Winlogon,4,7001,User Logon Notification for Customer Experience Improvement Program
986,6/23/2025 6:15:03 PM,Microsoft-Windows-FilterManager,4,6,"File System Filter 'luafv' (10.0, ‎1974‎-‎08‎-‎09T06:33:30.000000000Z) has successfully loaded and registered with Filter Manager."
985,6/23/2025 6:15:03 PM,Microsoft-Windows-FilterManager,4,6,"File System Filter 'wcifs' (10.0, ‎2021‎-‎10‎-‎19T06:10:02.000000000Z) has successfully loaded and registered with Filter Manager."
984,6/23/2025 6:15:03 PM,Microsoft-Windows-DHCPv6-Client,4,51046,DHCPv6 client service is started
1004,6/23/2025 6:19:31 PM,Microsoft-Windows-Kernel-Boot,4,30,The firmware reported boot metrics.
1005,6/23/2025 6:19:31 PM,Microsoft-Windows-Kernel-General,4,20,The leap second configuration has been updated. Reason: Leap second data initialized from registry during boot Leap seconds enabled: true New leap second count: 0 Old leap second count: 0
1006,6/23/2025 6:19:38 PM,Microsoft-Windows-FilterManager,4,6,"File System Filter 'FileInfo' (10.0, ‎1989‎-‎07‎-‎12T18:15:12.000000000Z) has successfully loaded and registered with Filter Manager."
1007,6/23/2025 6:19:38 PM,Microsoft-Windows-FilterManager,4,6,"File System Filter 'Wof' (10.0, ‎2002‎-‎04‎-‎12T14:36:07.000000000Z) has successfully loaded and registered with Filter Manager."
1028,6/23/2025 6:19:41 PM,Microsoft-Windows-Kernel-Processor-Power,4,55,Processor 15 in group 0 exposes the following power management capabilities: Idle state type: ACPI Idle (LPI) States (3 state(s)) Performance state type: ACPI Collaborative Processor Performance Control Nominal Frequency (MHz): 3294 Maximum performance percentage: 161 Minimum performance percentage: 33 Minimum throttle percentage: 12
1027,6/23/2025 6:19:41 PM,Microsoft-Windows-Kernel-Processor-Power,4,55,Processor 14 in group 0 exposes the following power management capabilities: Idle state type: ACPI Idle (LPI) States (3 state(s)) Performance state type: ACPI Collaborative Processor Performance Control Nominal Frequency (MHz): 3294 Maximum performance percentage: 161 Minimum performance percentage: 33 Minimum throttle percentage: 12
1026,6/23/2025 6:19:41 PM,Microsoft-Windows-Kernel-Processor-Power,4,55,Processor 13 in group 0 exposes the following power management capabilities: Idle state type: ACPI Idle (LPI) States (3 state(s)) Performance state type: ACPI Collaborative Processor Performance Control Nominal Frequency (MHz): 3294 Maximum performance percentage: 175 Minimum performance percentage: 33 Minimum throttle percentage: 12
1025,6/23/2025 6:19:41 PM,Microsoft-Windows-Kernel-Processor-Power,4,55,Processor 12 in group 0 exposes the following power management capabilities: Idle state type: ACPI Idle (LPI) States (3 state(s)) Performance state type: ACPI Collaborative Processor Performance Control Nominal Frequency (MHz): 3294 Maximum performance percentage: 175 Minimum performance percentage: 33 Minimum throttle percentage: 12
1024,6/23/2025 6:19:40 PM,Microsoft-Windows-Kernel-Processor-Power,4,55,Processor 11 in group 0 exposes the following power management capabilities: Idle state type: ACPI Idle (LPI) States (3 state(s)) Performance state type: ACPI Collaborative Processor Performance Control Nominal Frequency (MHz): 3294 Maximum performance percentage: 157 Minimum performance percentage: 33 Minimum throttle percentage: 12
1023,6/23/2025 6:19:40 PM,Microsoft-Windows-Kernel-Processor-Power,4,55,Processor 10 in group 0 exposes the following power management capabilities: Idle state type: ACPI Idle (LPI) States (3 state(s)) Performance state type: ACPI Collaborative Processor Performance Control Nominal Frequency (MHz): 3294 Maximum performance percentage: 157 Minimum performance percentage: 33 Minimum throttle percentage: 12
1022,6/23/2025 6:19:40 PM,Microsoft-Windows-Kernel-Processor-Power,4,55,Processor 9 in group 0 exposes the following power management capabilities: Idle state type: ACPI Idle (LPI) States (3 state(s)) Performance state type: ACPI Collaborative Processor Performance Control Nominal Frequency (MHz): 3294 Maximum performance percentage: 175 Minimum performance percentage: 33 Minimum throttle percentage: 12
1021,6/23/2025 6:19:40 PM,Microsoft-Windows-Kernel-Processor-Power,4,55,Processor 8 in group 0 exposes the following power management capabilities: Idle state type: ACPI Idle (LPI) States (3 state(s)) Performance state type: ACPI Collaborative Processor Performance Control Nominal Frequency (MHz): 3294 Maximum performance percentage: 175 Minimum performance percentage: 33 Minimum throttle percentage: 12
1020,6/23/2025 6:19:40 PM,Microsoft-Windows-Kernel-Processor-Power,4,55,Processor 7 in group 0 exposes the following power management capabilities: Idle state type: ACPI Idle (LPI) States (3 state(s)) Performance state type: ACPI Collaborative Processor Performance Control Nominal Frequency (MHz): 3294 Maximum performance percentage: 148 Minimum performance percentage: 33 Minimum throttle percentage: 12
1030,6/23/2025 6:19:41 PM,Microsoft-Windows-Kernel-Power,4,521,Active battery count change.
1019,6/23/2025 6:19:40 PM,Microsoft-Windows-Kernel-Processor-Power,4,55,Processor 6 in group 0 exposes the following power management capabilities: Idle state type: ACPI Idle (LPI) States (3 state(s)) Performance state type: ACPI Collaborative Processor Performance Control Nominal Frequency (MHz): 3294 Maximum performance percentage: 148 Minimum performance percentage: 33 Minimum throttle percentage: 12
1017,6/23/2025 6:19:40 PM,Microsoft-Windows-Kernel-Processor-Power,4,55,Processor 4 in group 0 exposes the following power management capabilities: Idle state type: ACPI Idle (LPI) States (3 state(s)) Performance state type: ACPI Collaborative Processor Performance Control Nominal Frequency (MHz): 3294 Maximum performance percentage: 170 Minimum performance percentage: 33 Minimum throttle percentage: 12
1016,6/23/2025 6:19:40 PM,Microsoft-Windows-Kernel-Processor-Power,4,55,Processor 3 in group 0 exposes the following power management capabilities: Idle state type: ACPI Idle (LPI) States (3 state(s)) Performance state type: ACPI Collaborative Processor Performance Control Nominal Frequency (MHz): 3294 Maximum performance percentage: 152 Minimum performance percentage: 33 Minimum throttle percentage: 12
1015,6/23/2025 6:19:40 PM,Microsoft-Windows-Kernel-Processor-Power,4,55,Processor 2 in group 0 exposes the following power management capabilities: Idle state type: ACPI Idle (LPI) States (3 state(s)) Performance state type: ACPI Collaborative Processor Performance Control Nominal Frequency (MHz): 3294 Maximum performance percentage: 152 Minimum performance percentage: 33 Minimum throttle percentage: 12
